[0.760s] Invoking command in '/home/tuantran/ros2_ws/build/tutorial_interfaces': CMAKE_PREFIX_PATH=/opt/ros/humble /usr/bin/cmake --build /home/tuantran/ros2_ws/build/tutorial_interfaces -- -j2 -l2
[1.411s] [35m[1mConsolidate compiler generated dependencies of target tutorial_interfaces__rosidl_generator_c[0m
[1.554s] [  2%] Built target tutorial_interfaces__cpp
[1.754s] [ 12%] Built target tutorial_interfaces__rosidl_generator_c
[1.931s] [35m[1mConsolidate compiler generated dependencies of target tutorial_interfaces__rosidl_typesupport_cpp[0m
[2.118s] [ 23%] Built target tutorial_interfaces__rosidl_typesupport_cpp
[2.132s] [ 23%] Built target ament_cmake_python_copy_tutorial_interfaces
[2.273s] [35m[1mConsolidate compiler generated dependencies of target tutorial_interfaces__rosidl_typesupport_fastrtps_c[0m
[2.334s] [35m[1mConsolidate compiler generated dependencies of target tutorial_interfaces__rosidl_typesupport_fastrtps_cpp[0m
[2.547s] [ 34%] Built target tutorial_interfaces__rosidl_typesupport_fastrtps_c
[2.593s] [ 44%] Built target tutorial_interfaces__rosidl_typesupport_fastrtps_cpp
[2.676s] [35m[1mConsolidate compiler generated dependencies of target tutorial_interfaces__rosidl_typesupport_introspection_c[0m
[2.745s] [35m[1mConsolidate compiler generated dependencies of target tutorial_interfaces__rosidl_typesupport_c[0m
[2.813s] [ 55%] Built target tutorial_interfaces__rosidl_typesupport_introspection_c
[2.897s] [ 65%] Built target tutorial_interfaces__rosidl_typesupport_c
[3.006s] [35m[1mConsolidate compiler generated dependencies of target tutorial_interfaces__rosidl_typesupport_introspection_cpp[0m
[3.208s] [ 76%] Built target tutorial_interfaces__rosidl_typesupport_introspection_cpp
[3.576s] [ 76%] Built target tutorial_interfaces
[3.841s] [ 78%] Built target tutorial_interfaces__py
[4.041s] [35m[1mConsolidate compiler generated dependencies of target tutorial_interfaces__rosidl_generator_py[0m
[4.347s] [ 87%] Built target tutorial_interfaces__rosidl_generator_py
[4.517s] [35m[1mConsolidate compiler generated dependencies of target tutorial_interfaces__rosidl_typesupport_fastrtps_c__pyext[0m
[4.677s] [ 91%] Built target tutorial_interfaces__rosidl_typesupport_fastrtps_c__pyext
[4.777s] [35m[1mConsolidate compiler generated dependencies of target tutorial_interfaces__rosidl_typesupport_introspection_c__pyext[0m
[4.958s] [ 95%] Built target tutorial_interfaces__rosidl_typesupport_introspection_c__pyext
[5.117s] [35m[1mConsolidate compiler generated dependencies of target tutorial_interfaces__rosidl_typesupport_c__pyext[0m
[5.290s] [100%] Built target tutorial_interfaces__rosidl_typesupport_c__pyext
[6.126s] running egg_info
[6.135s] writing tutorial_interfaces.egg-info/PKG-INFO
[6.137s] writing dependency_links to tutorial_interfaces.egg-info/dependency_links.txt
[6.140s] writing top-level names to tutorial_interfaces.egg-info/top_level.txt
[6.161s] reading manifest file 'tutorial_interfaces.egg-info/SOURCES.txt'
[6.174s] writing manifest file 'tutorial_interfaces.egg-info/SOURCES.txt'
[6.338s] [100%] Built target ament_cmake_python_build_tutorial_interfaces_egg
[6.498s] Invoked command in '/home/tuantran/ros2_ws/build/tutorial_interfaces' returned '0': CMAKE_PREFIX_PATH=/opt/ros/humble /usr/bin/cmake --build /home/tuantran/ros2_ws/build/tutorial_interfaces -- -j2 -l2
[7.638s] Invoking command in '/home/tuantran/ros2_ws/build/tutorial_interfaces': CMAKE_PREFIX_PATH=/opt/ros/humble /usr/bin/cmake --install /home/tuantran/ros2_ws/build/tutorial_interfaces
[7.748s] -- Install configuration: ""
[7.748s] -- Up-to-date: /home/tuantran/ros2_ws/install/tutorial_interfaces/share/ament_index/resource_index/rosidl_interfaces/tutorial_interfaces
[7.749s] -- Up-to-date: /home/tuantran/ros2_ws/install/tutorial_interfaces/include/tutorial_interfaces/tutorial_interfaces
[7.749s] -- Up-to-date: /home/tuantran/ros2_ws/install/tutorial_interfaces/include/tutorial_interfaces/tutorial_interfaces/srv
[7.749s] -- Up-to-date: /home/tuantran/ros2_ws/install/tutorial_interfaces/include/tutorial_interfaces/tutorial_interfaces/srv/add_three_ints.h
[7.749s] -- Up-to-date: /home/tuantran/ros2_ws/install/tutorial_interfaces/include/tutorial_interfaces/tutorial_interfaces/srv/detail
[7.757s] -- Up-to-date: /home/tuantran/ros2_ws/install/tutorial_interfaces/include/tutorial_interfaces/tutorial_interfaces/srv/detail/add_three_ints__type_support.h
[7.757s] -- Up-to-date: /home/tuantran/ros2_ws/install/tutorial_interfaces/include/tutorial_interfaces/tutorial_interfaces/srv/detail/add_three_ints__functions.c
[7.757s] -- Up-to-date: /home/tuantran/ros2_ws/install/tutorial_interfaces/include/tutorial_interfaces/tutorial_interfaces/srv/detail/add_three_ints__struct.h
[7.758s] -- Up-to-date: /home/tuantran/ros2_ws/install/tutorial_interfaces/include/tutorial_interfaces/tutorial_interfaces/srv/detail/add_three_ints__functions.h
[7.758s] -- Up-to-date: /home/tuantran/ros2_ws/install/tutorial_interfaces/include/tutorial_interfaces/tutorial_interfaces/msg
[7.758s] -- Up-to-date: /home/tuantran/ros2_ws/install/tutorial_interfaces/include/tutorial_interfaces/tutorial_interfaces/msg/num.h
[7.758s] -- Up-to-date: /home/tuantran/ros2_ws/install/tutorial_interfaces/include/tutorial_interfaces/tutorial_interfaces/msg/sphere.h
[7.759s] -- Up-to-date: /home/tuantran/ros2_ws/install/tutorial_interfaces/include/tutorial_interfaces/tutorial_interfaces/msg/rosidl_generator_c__visibility_control.h
[7.759s] -- Up-to-date: /home/tuantran/ros2_ws/install/tutorial_interfaces/include/tutorial_interfaces/tutorial_interfaces/msg/detail
[7.759s] -- Up-to-date: /home/tuantran/ros2_ws/install/tutorial_interfaces/include/tutorial_interfaces/tutorial_interfaces/msg/detail/num__functions.h
[7.759s] -- Up-to-date: /home/tuantran/ros2_ws/install/tutorial_interfaces/include/tutorial_interfaces/tutorial_interfaces/msg/detail/sphere__struct.h
[7.760s] -- Up-to-date: /home/tuantran/ros2_ws/install/tutorial_interfaces/include/tutorial_interfaces/tutorial_interfaces/msg/detail/sphere__type_support.h
[7.760s] -- Up-to-date: /home/tuantran/ros2_ws/install/tutorial_interfaces/include/tutorial_interfaces/tutorial_interfaces/msg/detail/sphere__functions.h
[7.762s] -- Up-to-date: /home/tuantran/ros2_ws/install/tutorial_interfaces/include/tutorial_interfaces/tutorial_interfaces/msg/detail/num__struct.h
[7.762s] -- Up-to-date: /home/tuantran/ros2_ws/install/tutorial_interfaces/include/tutorial_interfaces/tutorial_interfaces/msg/detail/num__type_support.h
[7.762s] -- Up-to-date: /home/tuantran/ros2_ws/install/tutorial_interfaces/include/tutorial_interfaces/tutorial_interfaces/msg/detail/sphere__functions.c
[7.762s] -- Up-to-date: /home/tuantran/ros2_ws/install/tutorial_interfaces/include/tutorial_interfaces/tutorial_interfaces/msg/detail/num__functions.c
[7.781s] -- Up-to-date: /home/tuantran/ros2_ws/install/tutorial_interfaces/share/tutorial_interfaces/environment/library_path.sh
[7.781s] -- Up-to-date: /home/tuantran/ros2_ws/install/tutorial_interfaces/share/tutorial_interfaces/environment/library_path.dsv
[7.782s] -- Up-to-date: /home/tuantran/ros2_ws/install/tutorial_interfaces/lib/libtutorial_interfaces__rosidl_generator_c.so
[7.782s] -- Up-to-date: /home/tuantran/ros2_ws/install/tutorial_interfaces/include/tutorial_interfaces/tutorial_interfaces
[7.782s] -- Up-to-date: /home/tuantran/ros2_ws/install/tutorial_interfaces/include/tutorial_interfaces/tutorial_interfaces/srv
[7.782s] -- Up-to-date: /home/tuantran/ros2_ws/install/tutorial_interfaces/include/tutorial_interfaces/tutorial_interfaces/srv/detail
[7.783s] -- Up-to-date: /home/tuantran/ros2_ws/install/tutorial_interfaces/include/tutorial_interfaces/tutorial_interfaces/srv/detail/add_three_ints__rosidl_typesupport_fastrtps_c.h
[7.783s] -- Up-to-date: /home/tuantran/ros2_ws/install/tutorial_interfaces/include/tutorial_interfaces/tutorial_interfaces/msg
[7.783s] -- Up-to-date: /home/tuantran/ros2_ws/install/tutorial_interfaces/include/tutorial_interfaces/tutorial_interfaces/msg/rosidl_typesupport_fastrtps_c__visibility_control.h
[7.783s] -- Up-to-date: /home/tuantran/ros2_ws/install/tutorial_interfaces/include/tutorial_interfaces/tutorial_interfaces/msg/detail
[7.784s] -- Up-to-date: /home/tuantran/ros2_ws/install/tutorial_interfaces/include/tutorial_interfaces/tutorial_interfaces/msg/detail/num__rosidl_typesupport_fastrtps_c.h
[7.784s] -- Up-to-date: /home/tuantran/ros2_ws/install/tutorial_interfaces/include/tutorial_interfaces/tutorial_interfaces/msg/detail/sphere__rosidl_typesupport_fastrtps_c.h
[7.784s] -- Up-to-date: /home/tuantran/ros2_ws/install/tutorial_interfaces/lib/libtutorial_interfaces__rosidl_typesupport_fastrtps_c.so
[7.789s] -- Up-to-date: /home/tuantran/ros2_ws/install/tutorial_interfaces/include/tutorial_interfaces/tutorial_interfaces
[7.789s] -- Up-to-date: /home/tuantran/ros2_ws/install/tutorial_interfaces/include/tutorial_interfaces/tutorial_interfaces/srv
[7.789s] -- Up-to-date: /home/tuantran/ros2_ws/install/tutorial_interfaces/include/tutorial_interfaces/tutorial_interfaces/srv/add_three_ints.hpp
[7.790s] -- Up-to-date: /home/tuantran/ros2_ws/install/tutorial_interfaces/include/tutorial_interfaces/tutorial_interfaces/srv/detail
[7.791s] -- Up-to-date: /home/tuantran/ros2_ws/install/tutorial_interfaces/include/tutorial_interfaces/tutorial_interfaces/srv/detail/add_three_ints__struct.hpp
[7.791s] -- Up-to-date: /home/tuantran/ros2_ws/install/tutorial_interfaces/include/tutorial_interfaces/tutorial_interfaces/srv/detail/add_three_ints__builder.hpp
[7.792s] -- Up-to-date: /home/tuantran/ros2_ws/install/tutorial_interfaces/include/tutorial_interfaces/tutorial_interfaces/srv/detail/add_three_ints__traits.hpp
[7.821s] -- Up-to-date: /home/tuantran/ros2_ws/install/tutorial_interfaces/include/tutorial_interfaces/tutorial_interfaces/msg
[7.831s] -- Up-to-date: /home/tuantran/ros2_ws/install/tutorial_interfaces/include/tutorial_interfaces/tutorial_interfaces/msg/sphere.hpp
[7.831s] -- Up-to-date: /home/tuantran/ros2_ws/install/tutorial_interfaces/include/tutorial_interfaces/tutorial_interfaces/msg/num.hpp
[7.832s] -- Up-to-date: /home/tuantran/ros2_ws/install/tutorial_interfaces/include/tutorial_interfaces/tutorial_interfaces/msg/detail
[7.832s] -- Up-to-date: /home/tuantran/ros2_ws/install/tutorial_interfaces/include/tutorial_interfaces/tutorial_interfaces/msg/detail/sphere__traits.hpp
[7.832s] -- Up-to-date: /home/tuantran/ros2_ws/install/tutorial_interfaces/include/tutorial_interfaces/tutorial_interfaces/msg/detail/sphere__struct.hpp
[7.833s] -- Up-to-date: /home/tuantran/ros2_ws/install/tutorial_interfaces/include/tutorial_interfaces/tutorial_interfaces/msg/detail/num__struct.hpp
[7.833s] -- Up-to-date: /home/tuantran/ros2_ws/install/tutorial_interfaces/include/tutorial_interfaces/tutorial_interfaces/msg/detail/num__builder.hpp
[7.833s] -- Up-to-date: /home/tuantran/ros2_ws/install/tutorial_interfaces/include/tutorial_interfaces/tutorial_interfaces/msg/detail/num__traits.hpp
[7.833s] -- Up-to-date: /home/tuantran/ros2_ws/install/tutorial_interfaces/include/tutorial_interfaces/tutorial_interfaces/msg/detail/sphere__builder.hpp
[7.834s] -- Up-to-date: /home/tuantran/ros2_ws/install/tutorial_interfaces/include/tutorial_interfaces/tutorial_interfaces
[7.834s] -- Up-to-date: /home/tuantran/ros2_ws/install/tutorial_interfaces/include/tutorial_interfaces/tutorial_interfaces/srv
[7.834s] -- Up-to-date: /home/tuantran/ros2_ws/install/tutorial_interfaces/include/tutorial_interfaces/tutorial_interfaces/srv/detail
[7.834s] -- Up-to-date: /home/tuantran/ros2_ws/install/tutorial_interfaces/include/tutorial_interfaces/tutorial_interfaces/srv/detail/dds_fastrtps
[7.835s] -- Up-to-date: /home/tuantran/ros2_ws/install/tutorial_interfaces/include/tutorial_interfaces/tutorial_interfaces/srv/detail/add_three_ints__rosidl_typesupport_fastrtps_cpp.hpp
[7.835s] -- Up-to-date: /home/tuantran/ros2_ws/install/tutorial_interfaces/include/tutorial_interfaces/tutorial_interfaces/msg
[7.835s] -- Up-to-date: /home/tuantran/ros2_ws/install/tutorial_interfaces/include/tutorial_interfaces/tutorial_interfaces/msg/rosidl_typesupport_fastrtps_cpp__visibility_control.h
[7.835s] -- Up-to-date: /home/tuantran/ros2_ws/install/tutorial_interfaces/include/tutorial_interfaces/tutorial_interfaces/msg/detail
[7.835s] -- Up-to-date: /home/tuantran/ros2_ws/install/tutorial_interfaces/include/tutorial_interfaces/tutorial_interfaces/msg/detail/dds_fastrtps
[7.836s] -- Up-to-date: /home/tuantran/ros2_ws/install/tutorial_interfaces/include/tutorial_interfaces/tutorial_interfaces/msg/detail/num__rosidl_typesupport_fastrtps_cpp.hpp
[7.836s] -- Up-to-date: /home/tuantran/ros2_ws/install/tutorial_interfaces/include/tutorial_interfaces/tutorial_interfaces/msg/detail/sphere__rosidl_typesupport_fastrtps_cpp.hpp
[7.836s] -- Up-to-date: /home/tuantran/ros2_ws/install/tutorial_interfaces/lib/libtutorial_interfaces__rosidl_typesupport_fastrtps_cpp.so
[7.836s] -- Up-to-date: /home/tuantran/ros2_ws/install/tutorial_interfaces/include/tutorial_interfaces/tutorial_interfaces
[7.849s] -- Up-to-date: /home/tuantran/ros2_ws/install/tutorial_interfaces/include/tutorial_interfaces/tutorial_interfaces/srv
[7.849s] -- Up-to-date: /home/tuantran/ros2_ws/install/tutorial_interfaces/include/tutorial_interfaces/tutorial_interfaces/srv/detail
[7.849s] -- Up-to-date: /home/tuantran/ros2_ws/install/tutorial_interfaces/include/tutorial_interfaces/tutorial_interfaces/srv/detail/add_three_ints__rosidl_typesupport_introspection_c.h
[7.850s] -- Up-to-date: /home/tuantran/ros2_ws/install/tutorial_interfaces/include/tutorial_interfaces/tutorial_interfaces/srv/detail/add_three_ints__type_support.c
[7.850s] -- Up-to-date: /home/tuantran/ros2_ws/install/tutorial_interfaces/include/tutorial_interfaces/tutorial_interfaces/msg
[7.851s] -- Up-to-date: /home/tuantran/ros2_ws/install/tutorial_interfaces/include/tutorial_interfaces/tutorial_interfaces/msg/rosidl_typesupport_introspection_c__visibility_control.h
[7.851s] -- Up-to-date: /home/tuantran/ros2_ws/install/tutorial_interfaces/include/tutorial_interfaces/tutorial_interfaces/msg/detail
[7.851s] -- Up-to-date: /home/tuantran/ros2_ws/install/tutorial_interfaces/include/tutorial_interfaces/tutorial_interfaces/msg/detail/num__rosidl_typesupport_introspection_c.h
[7.851s] -- Up-to-date: /home/tuantran/ros2_ws/install/tutorial_interfaces/include/tutorial_interfaces/tutorial_interfaces/msg/detail/sphere__type_support.c
[7.852s] -- Up-to-date: /home/tuantran/ros2_ws/install/tutorial_interfaces/include/tutorial_interfaces/tutorial_interfaces/msg/detail/num__type_support.c
[7.852s] -- Up-to-date: /home/tuantran/ros2_ws/install/tutorial_interfaces/include/tutorial_interfaces/tutorial_interfaces/msg/detail/sphere__rosidl_typesupport_introspection_c.h
[7.852s] -- Up-to-date: /home/tuantran/ros2_ws/install/tutorial_interfaces/lib/libtutorial_interfaces__rosidl_typesupport_introspection_c.so
[7.852s] -- Up-to-date: /home/tuantran/ros2_ws/install/tutorial_interfaces/lib/libtutorial_interfaces__rosidl_typesupport_c.so
[7.853s] -- Up-to-date: /home/tuantran/ros2_ws/install/tutorial_interfaces/include/tutorial_interfaces/tutorial_interfaces
[7.853s] -- Up-to-date: /home/tuantran/ros2_ws/install/tutorial_interfaces/include/tutorial_interfaces/tutorial_interfaces/srv
[7.853s] -- Up-to-date: /home/tuantran/ros2_ws/install/tutorial_interfaces/include/tutorial_interfaces/tutorial_interfaces/srv/detail
[7.853s] -- Up-to-date: /home/tuantran/ros2_ws/install/tutorial_interfaces/include/tutorial_interfaces/tutorial_interfaces/srv/detail/add_three_ints__rosidl_typesupport_introspection_cpp.hpp
[7.854s] -- Up-to-date: /home/tuantran/ros2_ws/install/tutorial_interfaces/include/tutorial_interfaces/tutorial_interfaces/srv/detail/add_three_ints__type_support.cpp
[7.854s] -- Up-to-date: /home/tuantran/ros2_ws/install/tutorial_interfaces/include/tutorial_interfaces/tutorial_interfaces/msg
[7.854s] -- Up-to-date: /home/tuantran/ros2_ws/install/tutorial_interfaces/include/tutorial_interfaces/tutorial_interfaces/msg/detail
[7.854s] -- Up-to-date: /home/tuantran/ros2_ws/install/tutorial_interfaces/include/tutorial_interfaces/tutorial_interfaces/msg/detail/sphere__rosidl_typesupport_introspection_cpp.hpp
[7.855s] -- Up-to-date: /home/tuantran/ros2_ws/install/tutorial_interfaces/include/tutorial_interfaces/tutorial_interfaces/msg/detail/num__type_support.cpp
[7.855s] -- Up-to-date: /home/tuantran/ros2_ws/install/tutorial_interfaces/include/tutorial_interfaces/tutorial_interfaces/msg/detail/num__rosidl_typesupport_introspection_cpp.hpp
[7.855s] -- Up-to-date: /home/tuantran/ros2_ws/install/tutorial_interfaces/include/tutorial_interfaces/tutorial_interfaces/msg/detail/sphere__type_support.cpp
[7.855s] -- Up-to-date: /home/tuantran/ros2_ws/install/tutorial_interfaces/lib/libtutorial_interfaces__rosidl_typesupport_introspection_cpp.so
[7.856s] -- Up-to-date: /home/tuantran/ros2_ws/install/tutorial_interfaces/lib/libtutorial_interfaces__rosidl_typesupport_cpp.so
[7.856s] -- Up-to-date: /home/tuantran/ros2_ws/install/tutorial_interfaces/share/tutorial_interfaces/environment/pythonpath.sh
[7.856s] -- Up-to-date: /home/tuantran/ros2_ws/install/tutorial_interfaces/share/tutorial_interfaces/environment/pythonpath.dsv
[7.856s] -- Up-to-date: /home/tuantran/ros2_ws/install/tutorial_interfaces/local/lib/python3.10/dist-packages/tutorial_interfaces-0.0.0-py3.10.egg-info
[7.862s] -- Installing: /home/tuantran/ros2_ws/install/tutorial_interfaces/local/lib/python3.10/dist-packages/tutorial_interfaces-0.0.0-py3.10.egg-info/PKG-INFO
[7.863s] -- Installing: /home/tuantran/ros2_ws/install/tutorial_interfaces/local/lib/python3.10/dist-packages/tutorial_interfaces-0.0.0-py3.10.egg-info/dependency_links.txt
[7.863s] -- Installing: /home/tuantran/ros2_ws/install/tutorial_interfaces/local/lib/python3.10/dist-packages/tutorial_interfaces-0.0.0-py3.10.egg-info/SOURCES.txt
[7.864s] -- Installing: /home/tuantran/ros2_ws/install/tutorial_interfaces/local/lib/python3.10/dist-packages/tutorial_interfaces-0.0.0-py3.10.egg-info/top_level.txt
[7.864s] -- Up-to-date: /home/tuantran/ros2_ws/install/tutorial_interfaces/local/lib/python3.10/dist-packages/tutorial_interfaces
[7.864s] -- Up-to-date: /home/tuantran/ros2_ws/install/tutorial_interfaces/local/lib/python3.10/dist-packages/tutorial_interfaces/libtutorial_interfaces__rosidl_generator_py.so
[7.873s] -- Up-to-date: /home/tuantran/ros2_ws/install/tutorial_interfaces/local/lib/python3.10/dist-packages/tutorial_interfaces/_tutorial_interfaces_s.ep.rosidl_typesupport_fastrtps_c.c
[7.873s] -- Up-to-date: /home/tuantran/ros2_ws/install/tutorial_interfaces/local/lib/python3.10/dist-packages/tutorial_interfaces/tutorial_interfaces_s__rosidl_typesupport_c.cpython-310-x86_64-linux-gnu.so
[7.873s] -- Up-to-date: /home/tuantran/ros2_ws/install/tutorial_interfaces/local/lib/python3.10/dist-packages/tutorial_interfaces/tutorial_interfaces_s__rosidl_typesupport_fastrtps_c.cpython-310-x86_64-linux-gnu.so
[7.874s] -- Up-to-date: /home/tuantran/ros2_ws/install/tutorial_interfaces/local/lib/python3.10/dist-packages/tutorial_interfaces/_tutorial_interfaces_s.ep.rosidl_typesupport_c.c
[7.874s] -- Up-to-date: /home/tuantran/ros2_ws/install/tutorial_interfaces/local/lib/python3.10/dist-packages/tutorial_interfaces/srv
[7.874s] -- Up-to-date: /home/tuantran/ros2_ws/install/tutorial_interfaces/local/lib/python3.10/dist-packages/tutorial_interfaces/srv/_add_three_ints_s.c
[7.874s] -- Up-to-date: /home/tuantran/ros2_ws/install/tutorial_interfaces/local/lib/python3.10/dist-packages/tutorial_interfaces/srv/_add_three_ints.py
[7.875s] -- Up-to-date: /home/tuantran/ros2_ws/install/tutorial_interfaces/local/lib/python3.10/dist-packages/tutorial_interfaces/srv/__init__.py
[7.875s] -- Up-to-date: /home/tuantran/ros2_ws/install/tutorial_interfaces/local/lib/python3.10/dist-packages/tutorial_interfaces/_tutorial_interfaces_s.ep.rosidl_typesupport_introspection_c.c
[7.875s] -- Up-to-date: /home/tuantran/ros2_ws/install/tutorial_interfaces/local/lib/python3.10/dist-packages/tutorial_interfaces/__init__.py
[7.875s] -- Up-to-date: /home/tuantran/ros2_ws/install/tutorial_interfaces/local/lib/python3.10/dist-packages/tutorial_interfaces/tutorial_interfaces_s__rosidl_typesupport_introspection_c.cpython-310-x86_64-linux-gnu.so
[7.876s] -- Up-to-date: /home/tuantran/ros2_ws/install/tutorial_interfaces/local/lib/python3.10/dist-packages/tutorial_interfaces/msg
[7.876s] -- Up-to-date: /home/tuantran/ros2_ws/install/tutorial_interfaces/local/lib/python3.10/dist-packages/tutorial_interfaces/msg/_num.py
[7.876s] -- Up-to-date: /home/tuantran/ros2_ws/install/tutorial_interfaces/local/lib/python3.10/dist-packages/tutorial_interfaces/msg/_sphere_s.c
[7.876s] -- Up-to-date: /home/tuantran/ros2_ws/install/tutorial_interfaces/local/lib/python3.10/dist-packages/tutorial_interfaces/msg/__init__.py
[7.885s] -- Up-to-date: /home/tuantran/ros2_ws/install/tutorial_interfaces/local/lib/python3.10/dist-packages/tutorial_interfaces/msg/_num_s.c
[7.885s] -- Up-to-date: /home/tuantran/ros2_ws/install/tutorial_interfaces/local/lib/python3.10/dist-packages/tutorial_interfaces/msg/_sphere.py
[8.171s] Listing '/home/tuantran/ros2_ws/install/tutorial_interfaces/local/lib/python3.10/dist-packages/tutorial_interfaces'...
[8.172s] Listing '/home/tuantran/ros2_ws/install/tutorial_interfaces/local/lib/python3.10/dist-packages/tutorial_interfaces/msg'...
[8.172s] Listing '/home/tuantran/ros2_ws/install/tutorial_interfaces/local/lib/python3.10/dist-packages/tutorial_interfaces/srv'...
[8.225s] -- Up-to-date: /home/tuantran/ros2_ws/install/tutorial_interfaces/local/lib/python3.10/dist-packages/tutorial_interfaces/tutorial_interfaces_s__rosidl_typesupport_fastrtps_c.cpython-310-x86_64-linux-gnu.so
[8.225s] -- Up-to-date: /home/tuantran/ros2_ws/install/tutorial_interfaces/local/lib/python3.10/dist-packages/tutorial_interfaces/tutorial_interfaces_s__rosidl_typesupport_introspection_c.cpython-310-x86_64-linux-gnu.so
[8.226s] -- Up-to-date: /home/tuantran/ros2_ws/install/tutorial_interfaces/local/lib/python3.10/dist-packages/tutorial_interfaces/tutorial_interfaces_s__rosidl_typesupport_c.cpython-310-x86_64-linux-gnu.so
[8.226s] -- Up-to-date: /home/tuantran/ros2_ws/install/tutorial_interfaces/lib/libtutorial_interfaces__rosidl_generator_py.so
[8.226s] -- Up-to-date: /home/tuantran/ros2_ws/install/tutorial_interfaces/share/tutorial_interfaces/msg/Num.idl
[8.227s] -- Up-to-date: /home/tuantran/ros2_ws/install/tutorial_interfaces/share/tutorial_interfaces/msg/Sphere.idl
[8.227s] -- Up-to-date: /home/tuantran/ros2_ws/install/tutorial_interfaces/share/tutorial_interfaces/srv/AddThreeInts.idl
[8.227s] -- Up-to-date: /home/tuantran/ros2_ws/install/tutorial_interfaces/share/tutorial_interfaces/msg/Num.msg
[8.227s] -- Up-to-date: /home/tuantran/ros2_ws/install/tutorial_interfaces/share/tutorial_interfaces/msg/Sphere.msg
[8.228s] -- Up-to-date: /home/tuantran/ros2_ws/install/tutorial_interfaces/share/tutorial_interfaces/srv/AddThreeInts.srv
[8.243s] -- Up-to-date: /home/tuantran/ros2_ws/install/tutorial_interfaces/share/tutorial_interfaces/srv/AddThreeInts_Request.msg
[8.243s] -- Up-to-date: /home/tuantran/ros2_ws/install/tutorial_interfaces/share/tutorial_interfaces/srv/AddThreeInts_Response.msg
[8.244s] -- Up-to-date: /home/tuantran/ros2_ws/install/tutorial_interfaces/share/ament_index/resource_index/package_run_dependencies/tutorial_interfaces
[8.244s] -- Up-to-date: /home/tuantran/ros2_ws/install/tutorial_interfaces/share/ament_index/resource_index/parent_prefix_path/tutorial_interfaces
[8.245s] -- Up-to-date: /home/tuantran/ros2_ws/install/tutorial_interfaces/share/tutorial_interfaces/environment/ament_prefix_path.sh
[8.246s] -- Up-to-date: /home/tuantran/ros2_ws/install/tutorial_interfaces/share/tutorial_interfaces/environment/ament_prefix_path.dsv
[8.246s] -- Up-to-date: /home/tuantran/ros2_ws/install/tutorial_interfaces/share/tutorial_interfaces/environment/path.sh
[8.247s] -- Up-to-date: /home/tuantran/ros2_ws/install/tutorial_interfaces/share/tutorial_interfaces/environment/path.dsv
[8.247s] -- Up-to-date: /home/tuantran/ros2_ws/install/tutorial_interfaces/share/tutorial_interfaces/local_setup.bash
[8.248s] -- Up-to-date: /home/tuantran/ros2_ws/install/tutorial_interfaces/share/tutorial_interfaces/local_setup.sh
[8.248s] -- Up-to-date: /home/tuantran/ros2_ws/install/tutorial_interfaces/share/tutorial_interfaces/local_setup.zsh
[8.257s] -- Up-to-date: /home/tuantran/ros2_ws/install/tutorial_interfaces/share/tutorial_interfaces/local_setup.dsv
[8.261s] -- Installing: /home/tuantran/ros2_ws/install/tutorial_interfaces/share/tutorial_interfaces/package.dsv
[8.263s] -- Up-to-date: /home/tuantran/ros2_ws/install/tutorial_interfaces/share/ament_index/resource_index/packages/tutorial_interfaces
[8.263s] -- Up-to-date: /home/tuantran/ros2_ws/install/tutorial_interfaces/share/tutorial_interfaces/cmake/export_tutorial_interfaces__rosidl_generator_cExport.cmake
[8.264s] -- Up-to-date: /home/tuantran/ros2_ws/install/tutorial_interfaces/share/tutorial_interfaces/cmake/export_tutorial_interfaces__rosidl_generator_cExport-noconfig.cmake
[8.264s] -- Up-to-date: /home/tuantran/ros2_ws/install/tutorial_interfaces/share/tutorial_interfaces/cmake/export_tutorial_interfaces__rosidl_typesupport_fastrtps_cExport.cmake
[8.264s] -- Up-to-date: /home/tuantran/ros2_ws/install/tutorial_interfaces/share/tutorial_interfaces/cmake/export_tutorial_interfaces__rosidl_typesupport_fastrtps_cExport-noconfig.cmake
[8.264s] -- Up-to-date: /home/tuantran/ros2_ws/install/tutorial_interfaces/share/tutorial_interfaces/cmake/export_tutorial_interfaces__rosidl_generator_cppExport.cmake
[8.265s] -- Up-to-date: /home/tuantran/ros2_ws/install/tutorial_interfaces/share/tutorial_interfaces/cmake/export_tutorial_interfaces__rosidl_typesupport_fastrtps_cppExport.cmake
[8.265s] -- Up-to-date: /home/tuantran/ros2_ws/install/tutorial_interfaces/share/tutorial_interfaces/cmake/export_tutorial_interfaces__rosidl_typesupport_fastrtps_cppExport-noconfig.cmake
[8.265s] -- Up-to-date: /home/tuantran/ros2_ws/install/tutorial_interfaces/share/tutorial_interfaces/cmake/tutorial_interfaces__rosidl_typesupport_introspection_cExport.cmake
[8.265s] -- Up-to-date: /home/tuantran/ros2_ws/install/tutorial_interfaces/share/tutorial_interfaces/cmake/tutorial_interfaces__rosidl_typesupport_introspection_cExport-noconfig.cmake
[8.279s] -- Up-to-date: /home/tuantran/ros2_ws/install/tutorial_interfaces/share/tutorial_interfaces/cmake/tutorial_interfaces__rosidl_typesupport_cExport.cmake
[8.280s] -- Up-to-date: /home/tuantran/ros2_ws/install/tutorial_interfaces/share/tutorial_interfaces/cmake/tutorial_interfaces__rosidl_typesupport_cExport-noconfig.cmake
[8.293s] -- Up-to-date: /home/tuantran/ros2_ws/install/tutorial_interfaces/share/tutorial_interfaces/cmake/tutorial_interfaces__rosidl_typesupport_introspection_cppExport.cmake
[8.293s] -- Up-to-date: /home/tuantran/ros2_ws/install/tutorial_interfaces/share/tutorial_interfaces/cmake/tutorial_interfaces__rosidl_typesupport_introspection_cppExport-noconfig.cmake
[8.294s] -- Up-to-date: /home/tuantran/ros2_ws/install/tutorial_interfaces/share/tutorial_interfaces/cmake/tutorial_interfaces__rosidl_typesupport_cppExport.cmake
[8.294s] -- Up-to-date: /home/tuantran/ros2_ws/install/tutorial_interfaces/share/tutorial_interfaces/cmake/tutorial_interfaces__rosidl_typesupport_cppExport-noconfig.cmake
[8.294s] -- Up-to-date: /home/tuantran/ros2_ws/install/tutorial_interfaces/share/tutorial_interfaces/cmake/export_tutorial_interfaces__rosidl_generator_pyExport.cmake
[8.294s] -- Up-to-date: /home/tuantran/ros2_ws/install/tutorial_interfaces/share/tutorial_interfaces/cmake/export_tutorial_interfaces__rosidl_generator_pyExport-noconfig.cmake
[8.295s] -- Up-to-date: /home/tuantran/ros2_ws/install/tutorial_interfaces/share/tutorial_interfaces/cmake/rosidl_cmake-extras.cmake
[8.295s] -- Up-to-date: /home/tuantran/ros2_ws/install/tutorial_interfaces/share/tutorial_interfaces/cmake/ament_cmake_export_dependencies-extras.cmake
[8.295s] -- Up-to-date: /home/tuantran/ros2_ws/install/tutorial_interfaces/share/tutorial_interfaces/cmake/ament_cmake_export_include_directories-extras.cmake
[8.296s] -- Up-to-date: /home/tuantran/ros2_ws/install/tutorial_interfaces/share/tutorial_interfaces/cmake/ament_cmake_export_libraries-extras.cmake
[8.296s] -- Up-to-date: /home/tuantran/ros2_ws/install/tutorial_interfaces/share/tutorial_interfaces/cmake/ament_cmake_export_targets-extras.cmake
[8.296s] -- Up-to-date: /home/tuantran/ros2_ws/install/tutorial_interfaces/share/tutorial_interfaces/cmake/rosidl_cmake_export_typesupport_targets-extras.cmake
[8.314s] -- Up-to-date: /home/tuantran/ros2_ws/install/tutorial_interfaces/share/tutorial_interfaces/cmake/rosidl_cmake_export_typesupport_libraries-extras.cmake
[8.314s] -- Up-to-date: /home/tuantran/ros2_ws/install/tutorial_interfaces/share/tutorial_interfaces/cmake/tutorial_interfacesConfig.cmake
[8.315s] -- Up-to-date: /home/tuantran/ros2_ws/install/tutorial_interfaces/share/tutorial_interfaces/cmake/tutorial_interfacesConfig-version.cmake
[8.315s] -- Up-to-date: /home/tuantran/ros2_ws/install/tutorial_interfaces/share/tutorial_interfaces/package.xml
[8.342s] Invoked command in '/home/tuantran/ros2_ws/build/tutorial_interfaces' returned '0': CMAKE_PREFIX_PATH=/opt/ros/humble /usr/bin/cmake --install /home/tuantran/ros2_ws/build/tutorial_interfaces
