[0.273s] Invoking command in '/home/tuantran/ros2_ws/build/examples_rclcpp_wait_set': CMAKE_PREFIX_PATH=/opt/ros/humble /usr/bin/cmake /home/tuantran/ros2_ws/src/examples/rclcpp/wait_set -DAMENT_CMAKE_SYMLINK_INSTALL=1 -DCMAKE_INSTALL_PREFIX=/home/tuantran/ros2_ws/install/examples_rclcpp_wait_set
[0.512s] -- The C compiler identification is GNU 11.4.0
[0.794s] -- The CXX compiler identification is GNU 11.4.0
[0.828s] -- Detecting C compiler ABI info
[1.073s] -- Detecting C compiler ABI info - done
[1.132s] -- Check for working C compiler: /usr/bin/cc - skipped
[1.134s] -- Detecting C compile features
[1.138s] -- Detecting C compile features - done
[1.156s] -- Detecting CXX compiler ABI info
[1.549s] -- Detecting CXX compiler ABI info - done
[1.602s] -- Check for working CXX compiler: /usr/bin/c++ - skipped
[1.604s] -- Detecting CXX compile features
[1.607s] -- Detecting CXX compile features - done
[1.616s] -- Found ament_cmake: 1.3.6 (/opt/ros/humble/share/ament_cmake/cmake)
[2.285s] -- Found Python3: /usr/bin/python3.10 (found version "3.10.12") found components: Interpreter 
[2.515s] -- Override CMake install command with custom implementation using symlinks instead of copying resources
[2.609s] -- Found example_interfaces: 0.9.3 (/opt/ros/humble/share/example_interfaces/cmake)
[2.776s] -- Found rosidl_generator_c: 3.1.5 (/opt/ros/humble/share/rosidl_generator_c/cmake)
[2.799s] -- Found rosidl_adapter: 3.1.5 (/opt/ros/humble/share/rosidl_adapter/cmake)
[2.843s] -- Found rosidl_generator_cpp: 3.1.5 (/opt/ros/humble/share/rosidl_generator_cpp/cmake)
[2.930s] -- Using all available rosidl_typesupport_c: rosidl_typesupport_fastrtps_c;rosidl_typesupport_introspection_c
[3.058s] -- Using all available rosidl_typesupport_cpp: rosidl_typesupport_fastrtps_cpp;rosidl_typesupport_introspection_cpp
[4.394s] -- Found rclcpp: 16.0.7 (/opt/ros/humble/share/rclcpp/cmake)
[4.814s] -- Found rmw_implementation_cmake: 6.1.1 (/opt/ros/humble/share/rmw_implementation_cmake/cmake)
[4.826s] -- Found rmw_fastrtps_cpp: 6.2.5 (/opt/ros/humble/share/rmw_fastrtps_cpp/cmake)
[5.296s] -- Found OpenSSL: /usr/lib/x86_64-linux-gnu/libcrypto.so (found version "3.0.2")  
[5.430s] -- Found FastRTPS: /opt/ros/humble/include  
[5.661s] -- Using RMW implementation 'rmw_fastrtps_cpp' as default
[5.704s] -- Looking for pthread.h
[5.996s] -- Looking for pthread.h - found
[6.015s] -- Performing Test CMAKE_HAVE_LIBC_PTHREAD
[6.407s] -- Performing Test CMAKE_HAVE_LIBC_PTHREAD - Success
[6.413s] -- Found Threads: TRUE  
[7.663s] -- Found rclcpp_components: 16.0.7 (/opt/ros/humble/share/rclcpp_components/cmake)
[8.216s] -- Found ament_lint_auto: 0.12.9 (/opt/ros/humble/share/ament_lint_auto/cmake)
[8.504s] -- Added test 'copyright' to check source files copyright and LICENSE
[8.512s] -- Added test 'cppcheck' to perform static code analysis on C / C++ code
[8.517s] -- Configured cppcheck include dirs: /home/tuantran/ros2_ws/src/examples/rclcpp/wait_set/include
[8.518s] -- Configured cppcheck exclude dirs and/or files: 
[8.525s] -- Added test 'cpplint' to check C / C++ code against the Google style
[8.526s] -- Configured cpplint exclude dirs and/or files: 
[8.531s] -- Added test 'lint_cmake' to check CMake code style
[8.539s] -- Added test 'uncrustify' to check C / C++ code style
[8.540s] -- Configured uncrustify additional arguments: 
[8.543s] -- Added test 'xmllint' to check XML markup files
[8.549s] -- Configuring done
[8.745s] -- Generating done
[8.759s] -- Build files have been written to: /home/tuantran/ros2_ws/build/examples_rclcpp_wait_set
[8.802s] Invoked command in '/home/tuantran/ros2_ws/build/examples_rclcpp_wait_set' returned '0': CMAKE_PREFIX_PATH=/opt/ros/humble /usr/bin/cmake /home/tuantran/ros2_ws/src/examples/rclcpp/wait_set -DAMENT_CMAKE_SYMLINK_INSTALL=1 -DCMAKE_INSTALL_PREFIX=/home/tuantran/ros2_ws/install/examples_rclcpp_wait_set
[8.804s] Invoking command in '/home/tuantran/ros2_ws/build/examples_rclcpp_wait_set': CMAKE_PREFIX_PATH=/opt/ros/humble /usr/bin/cmake --build /home/tuantran/ros2_ws/build/examples_rclcpp_wait_set -- -j2 -l2
[8.987s] [  4%] [32mBuilding CXX object CMakeFiles/talker.dir/src/talker.cpp.o[0m
[24.940s] [  8%] [32m[1mLinking CXX shared library libtalker.so[0m
[25.748s] [  8%] Built target talker
[25.811s] [ 12%] [32mBuilding CXX object CMakeFiles/wait_set_talker.dir/rclcpp_components/node_main_wait_set_talker.cpp.o[0m
[36.987s] [ 16%] [32m[1mLinking CXX executable wait_set_talker[0m
[37.485s] [ 16%] Built target wait_set_talker
[37.549s] [ 20%] [32mBuilding CXX object CMakeFiles/listener.dir/src/listener.cpp.o[0m
[70.069s] [ 25%] [32m[1mLinking CXX shared library liblistener.so[0m
[72.064s] [ 25%] Built target listener
[72.133s] [ 29%] [32mBuilding CXX object CMakeFiles/wait_set_listener.dir/rclcpp_components/node_main_wait_set_listener.cpp.o[0m
[83.381s] [ 33%] [32m[1mLinking CXX executable wait_set_listener[0m
[83.894s] [ 33%] Built target wait_set_listener
[83.964s] [ 37%] [32mBuilding CXX object CMakeFiles/wait_set.dir/src/wait_set.cpp.o[0m
[116.329s] [ 41%] [32m[1mLinking CXX executable wait_set[0m
[118.329s] [ 41%] Built target wait_set
[118.393s] [ 45%] [32mBuilding CXX object CMakeFiles/static_wait_set.dir/src/static_wait_set.cpp.o[0m
[148.514s] [ 50%] [32m[1mLinking CXX executable static_wait_set[0m
[150.392s] [ 50%] Built target static_wait_set
[150.462s] [ 54%] [32mBuilding CXX object CMakeFiles/thread_safe_wait_set.dir/src/thread_safe_wait_set.cpp.o[0m
[182.342s] [ 58%] [32m[1mLinking CXX executable thread_safe_wait_set[0m
[184.403s] [ 58%] Built target thread_safe_wait_set
[184.467s] [ 62%] [32mBuilding CXX object CMakeFiles/wait_set_topics_and_timer.dir/src/wait_set_topics_and_timer.cpp.o[0m
[216.316s] [ 66%] [32m[1mLinking CXX executable wait_set_topics_and_timer[0m
[218.211s] [ 66%] Built target wait_set_topics_and_timer
[218.274s] [ 70%] [32mBuilding CXX object CMakeFiles/wait_set_random_order.dir/src/wait_set_random_order.cpp.o[0m
[252.466s] [ 75%] [32m[1mLinking CXX executable wait_set_random_order[0m
[254.511s] [ 75%] Built target wait_set_random_order
[254.574s] [ 79%] [32mBuilding CXX object CMakeFiles/executor_random_order.dir/src/executor_random_order.cpp.o[0m
[286.062s] [ 83%] [32m[1mLinking CXX executable executor_random_order[0m
[287.850s] [ 83%] Built target executor_random_order
[287.913s] [ 87%] [32mBuilding CXX object CMakeFiles/wait_set_topics_with_different_rates.dir/src/wait_set_topics_with_different_rates.cpp.o[0m
[329.726s] [ 91%] [32m[1mLinking CXX executable wait_set_topics_with_different_rates[0m
[332.262s] [ 91%] Built target wait_set_topics_with_different_rates
[332.345s] [ 95%] [32mBuilding CXX object CMakeFiles/wait_set_composed.dir/src/wait_set_composed.cpp.o[0m
[345.694s] [100%] [32m[1mLinking CXX executable wait_set_composed[0m
[346.683s] [100%] Built target wait_set_composed
[346.716s] Invoked command in '/home/tuantran/ros2_ws/build/examples_rclcpp_wait_set' returned '0': CMAKE_PREFIX_PATH=/opt/ros/humble /usr/bin/cmake --build /home/tuantran/ros2_ws/build/examples_rclcpp_wait_set -- -j2 -l2
[346.905s] Invoking command in '/home/tuantran/ros2_ws/build/examples_rclcpp_wait_set': CMAKE_PREFIX_PATH=/opt/ros/humble /usr/bin/cmake --install /home/tuantran/ros2_ws/build/examples_rclcpp_wait_set
[346.934s] -- Install configuration: ""
[346.938s] -- Execute custom install script
[346.940s] -- Symlinking: /home/tuantran/ros2_ws/install/examples_rclcpp_wait_set/lib/examples_rclcpp_wait_set/wait_set_talker
[346.979s] -- Symlinking: /home/tuantran/ros2_ws/install/examples_rclcpp_wait_set/lib/examples_rclcpp_wait_set/wait_set_listener
[347.005s] -- Symlinking: /home/tuantran/ros2_ws/install/examples_rclcpp_wait_set/lib/libtalker.so
[347.038s] -- Symlinking: /home/tuantran/ros2_ws/install/examples_rclcpp_wait_set/lib/liblistener.so
[347.063s] -- Symlinking: /home/tuantran/ros2_ws/install/examples_rclcpp_wait_set/lib/examples_rclcpp_wait_set/wait_set
[347.089s] -- Symlinking: /home/tuantran/ros2_ws/install/examples_rclcpp_wait_set/lib/examples_rclcpp_wait_set/static_wait_set
[347.115s] -- Symlinking: /home/tuantran/ros2_ws/install/examples_rclcpp_wait_set/lib/examples_rclcpp_wait_set/thread_safe_wait_set
[347.156s] -- Symlinking: /home/tuantran/ros2_ws/install/examples_rclcpp_wait_set/lib/examples_rclcpp_wait_set/wait_set_topics_and_timer
[347.183s] -- Symlinking: /home/tuantran/ros2_ws/install/examples_rclcpp_wait_set/lib/examples_rclcpp_wait_set/wait_set_random_order
[347.210s] -- Symlinking: /home/tuantran/ros2_ws/install/examples_rclcpp_wait_set/lib/examples_rclcpp_wait_set/executor_random_order
[347.243s] -- Symlinking: /home/tuantran/ros2_ws/install/examples_rclcpp_wait_set/lib/examples_rclcpp_wait_set/wait_set_topics_with_different_rates
[347.273s] -- Symlinking: /home/tuantran/ros2_ws/install/examples_rclcpp_wait_set/lib/examples_rclcpp_wait_set/wait_set_composed
[347.300s] -- Symlinking: /home/tuantran/ros2_ws/install/examples_rclcpp_wait_set/share/ament_index/resource_index/package_run_dependencies/examples_rclcpp_wait_set
[347.328s] -- Symlinking: /home/tuantran/ros2_ws/install/examples_rclcpp_wait_set/share/ament_index/resource_index/parent_prefix_path/examples_rclcpp_wait_set
[347.360s] -- Symlinking: /home/tuantran/ros2_ws/install/examples_rclcpp_wait_set/share/examples_rclcpp_wait_set/environment/ament_prefix_path.sh
[347.387s] -- Symlinking: /home/tuantran/ros2_ws/install/examples_rclcpp_wait_set/share/examples_rclcpp_wait_set/environment/ament_prefix_path.dsv
[347.415s] -- Symlinking: /home/tuantran/ros2_ws/install/examples_rclcpp_wait_set/share/examples_rclcpp_wait_set/environment/path.sh
[347.448s] -- Symlinking: /home/tuantran/ros2_ws/install/examples_rclcpp_wait_set/share/examples_rclcpp_wait_set/environment/path.dsv
[347.476s] -- Symlinking: /home/tuantran/ros2_ws/install/examples_rclcpp_wait_set/share/examples_rclcpp_wait_set/local_setup.bash
[347.502s] -- Symlinking: /home/tuantran/ros2_ws/install/examples_rclcpp_wait_set/share/examples_rclcpp_wait_set/local_setup.sh
[347.529s] -- Symlinking: /home/tuantran/ros2_ws/install/examples_rclcpp_wait_set/share/examples_rclcpp_wait_set/local_setup.zsh
[347.574s] -- Symlinking: /home/tuantran/ros2_ws/install/examples_rclcpp_wait_set/share/examples_rclcpp_wait_set/local_setup.dsv
[347.604s] -- Symlinking: /home/tuantran/ros2_ws/install/examples_rclcpp_wait_set/share/examples_rclcpp_wait_set/package.dsv
[347.632s] -- Symlinking: /home/tuantran/ros2_ws/install/examples_rclcpp_wait_set/share/ament_index/resource_index/packages/examples_rclcpp_wait_set
[347.670s] -- Symlinking: /home/tuantran/ros2_ws/install/examples_rclcpp_wait_set/share/ament_index/resource_index/rclcpp_components/examples_rclcpp_wait_set
[347.701s] -- Symlinking: /home/tuantran/ros2_ws/install/examples_rclcpp_wait_set/share/examples_rclcpp_wait_set/cmake/examples_rclcpp_wait_setConfig.cmake
[347.727s] -- Symlinking: /home/tuantran/ros2_ws/install/examples_rclcpp_wait_set/share/examples_rclcpp_wait_set/cmake/examples_rclcpp_wait_setConfig-version.cmake
[347.758s] -- Symlinking: /home/tuantran/ros2_ws/install/examples_rclcpp_wait_set/share/examples_rclcpp_wait_set/package.xml
[347.788s] Invoked command in '/home/tuantran/ros2_ws/build/examples_rclcpp_wait_set' returned '0': CMAKE_PREFIX_PATH=/opt/ros/humble /usr/bin/cmake --install /home/tuantran/ros2_ws/build/examples_rclcpp_wait_set
