[0.194s] Invoking command in '/home/tuantran/ros2_ws/build/examples_rclcpp_minimal_composition': CMAKE_PREFIX_PATH=/opt/ros/humble /usr/bin/cmake /home/tuantran/ros2_ws/src/examples/rclcpp/composition/minimal_composition -DAMENT_CMAKE_SYMLINK_INSTALL=1 -DCMAKE_INSTALL_PREFIX=/home/tuantran/ros2_ws/install/examples_rclcpp_minimal_composition
[0.402s] -- The C compiler identification is GNU 11.4.0
[0.622s] -- The CXX compiler identification is GNU 11.4.0
[0.650s] -- Detecting C compiler ABI info
[0.873s] -- Detecting C compiler ABI info - done
[0.921s] -- Check for working C compiler: /usr/bin/cc - skipped
[0.923s] -- Detecting C compile features
[0.925s] -- Detecting C compile features - done
[0.940s] -- Detecting CXX compiler ABI info
[1.241s] -- Detecting CXX compiler ABI info - done
[1.291s] -- Check for working CXX compiler: /usr/bin/c++ - skipped
[1.293s] -- Detecting CXX compile features
[1.296s] -- Detecting CXX compile features - done
[1.304s] -- Found ament_cmake: 1.3.6 (/opt/ros/humble/share/ament_cmake/cmake)
[1.856s] -- Found Python3: /usr/bin/python3.10 (found version "3.10.12") found components: Interpreter 
[2.057s] -- Override CMake install command with custom implementation using symlinks instead of copying resources
[2.143s] -- Found rclcpp: 16.0.7 (/opt/ros/humble/share/rclcpp/cmake)
[2.321s] -- Found rosidl_generator_c: 3.1.5 (/opt/ros/humble/share/rosidl_generator_c/cmake)
[2.347s] -- Found rosidl_adapter: 3.1.5 (/opt/ros/humble/share/rosidl_adapter/cmake)
[2.389s] -- Found rosidl_generator_cpp: 3.1.5 (/opt/ros/humble/share/rosidl_generator_cpp/cmake)
[2.466s] -- Using all available rosidl_typesupport_c: rosidl_typesupport_fastrtps_c;rosidl_typesupport_introspection_c
[2.571s] -- Using all available rosidl_typesupport_cpp: rosidl_typesupport_fastrtps_cpp;rosidl_typesupport_introspection_cpp
[2.983s] -- Found rmw_implementation_cmake: 6.1.1 (/opt/ros/humble/share/rmw_implementation_cmake/cmake)
[2.993s] -- Found rmw_fastrtps_cpp: 6.2.5 (/opt/ros/humble/share/rmw_fastrtps_cpp/cmake)
[3.423s] -- Found OpenSSL: /usr/lib/x86_64-linux-gnu/libcrypto.so (found version "3.0.2")  
[3.536s] -- Found FastRTPS: /opt/ros/humble/include  
[3.748s] -- Using RMW implementation 'rmw_fastrtps_cpp' as default
[3.788s] -- Looking for pthread.h
[4.037s] -- Looking for pthread.h - found
[4.039s] -- Performing Test CMAKE_HAVE_LIBC_PTHREAD
[4.288s] -- Performing Test CMAKE_HAVE_LIBC_PTHREAD - Success
[4.293s] -- Found Threads: TRUE  
[5.485s] -- Found rclcpp_components: 16.0.7 (/opt/ros/humble/share/rclcpp_components/cmake)
[5.967s] -- Found ament_lint_auto: 0.12.9 (/opt/ros/humble/share/ament_lint_auto/cmake)
[6.252s] -- Added test 'copyright' to check source files copyright and LICENSE
[6.259s] -- Added test 'cppcheck' to perform static code analysis on C / C++ code
[6.262s] -- Configured cppcheck include dirs: /home/tuantran/ros2_ws/src/examples/rclcpp/composition/minimal_composition/include
[6.262s] -- Configured cppcheck exclude dirs and/or files: 
[6.267s] -- Added test 'cpplint' to check C / C++ code against the Google style
[6.267s] -- Configured cpplint exclude dirs and/or files: 
[6.271s] -- Added test 'lint_cmake' to check CMake code style
[6.276s] -- Added test 'uncrustify' to check C / C++ code style
[6.276s] -- Configured uncrustify additional arguments: 
[6.279s] -- Added test 'xmllint' to check XML markup files
[6.284s] -- Configuring done
[6.369s] -- Generating done
[6.380s] -- Build files have been written to: /home/tuantran/ros2_ws/build/examples_rclcpp_minimal_composition
[6.414s] Invoked command in '/home/tuantran/ros2_ws/build/examples_rclcpp_minimal_composition' returned '0': CMAKE_PREFIX_PATH=/opt/ros/humble /usr/bin/cmake /home/tuantran/ros2_ws/src/examples/rclcpp/composition/minimal_composition -DAMENT_CMAKE_SYMLINK_INSTALL=1 -DCMAKE_INSTALL_PREFIX=/home/tuantran/ros2_ws/install/examples_rclcpp_minimal_composition
[6.415s] Invoking command in '/home/tuantran/ros2_ws/build/examples_rclcpp_minimal_composition': CMAKE_PREFIX_PATH=/opt/ros/humble /usr/bin/cmake --build /home/tuantran/ros2_ws/build/examples_rclcpp_minimal_composition -- -j2 -l2
[6.583s] [ 11%] [32mBuilding CXX object CMakeFiles/composition_nodes.dir/src/publisher_node.cpp.o[0m
[22.132s] [ 22%] [32mBuilding CXX object CMakeFiles/composition_nodes.dir/src/subscriber_node.cpp.o[0m
[52.177s] [ 33%] [32m[1mLinking CXX shared library libcomposition_nodes.so[0m
[54.395s] [ 33%] Built target composition_nodes
[54.469s] [ 44%] [32mBuilding CXX object CMakeFiles/composition_publisher.dir/src/standalone_publisher.cpp.o[0m
[64.575s] [ 55%] [32m[1mLinking CXX executable composition_publisher[0m
[65.340s] [ 55%] Built target composition_publisher
[65.405s] [ 66%] [32mBuilding CXX object CMakeFiles/composition_subscriber.dir/src/standalone_subscriber.cpp.o[0m
[75.866s] [ 77%] [32m[1mLinking CXX executable composition_subscriber[0m
[76.596s] [ 77%] Built target composition_subscriber
[76.662s] [ 88%] [32mBuilding CXX object CMakeFiles/composition_composed.dir/src/composed.cpp.o[0m
[87.460s] [100%] [32m[1mLinking CXX executable composition_composed[0m
[88.234s] [100%] Built target composition_composed
[88.270s] Invoked command in '/home/tuantran/ros2_ws/build/examples_rclcpp_minimal_composition' returned '0': CMAKE_PREFIX_PATH=/opt/ros/humble /usr/bin/cmake --build /home/tuantran/ros2_ws/build/examples_rclcpp_minimal_composition -- -j2 -l2
[88.393s] Invoking command in '/home/tuantran/ros2_ws/build/examples_rclcpp_minimal_composition': CMAKE_PREFIX_PATH=/opt/ros/humble /usr/bin/cmake --install /home/tuantran/ros2_ws/build/examples_rclcpp_minimal_composition
[88.418s] -- Install configuration: ""
[88.420s] -- Execute custom install script
[88.422s] -- Symlinking: /home/tuantran/ros2_ws/install/examples_rclcpp_minimal_composition/share/examples_rclcpp_minimal_composition/environment/library_path.sh
[88.451s] -- Symlinking: /home/tuantran/ros2_ws/install/examples_rclcpp_minimal_composition/share/examples_rclcpp_minimal_composition/environment/library_path.dsv
[88.480s] -- Symlinking: /home/tuantran/ros2_ws/install/examples_rclcpp_minimal_composition/lib/libcomposition_nodes.so
[88.516s] -- Symlinking: /home/tuantran/ros2_ws/install/examples_rclcpp_minimal_composition/lib/examples_rclcpp_minimal_composition/composition_publisher
[88.548s] -- Symlinking: /home/tuantran/ros2_ws/install/examples_rclcpp_minimal_composition/lib/examples_rclcpp_minimal_composition/composition_subscriber
[88.575s] -- Symlinking: /home/tuantran/ros2_ws/install/examples_rclcpp_minimal_composition/lib/examples_rclcpp_minimal_composition/composition_composed
[88.604s] -- Symlinking: /home/tuantran/ros2_ws/install/examples_rclcpp_minimal_composition/share/ament_index/resource_index/package_run_dependencies/examples_rclcpp_minimal_composition
[88.632s] -- Symlinking: /home/tuantran/ros2_ws/install/examples_rclcpp_minimal_composition/share/ament_index/resource_index/parent_prefix_path/examples_rclcpp_minimal_composition
[88.666s] -- Symlinking: /home/tuantran/ros2_ws/install/examples_rclcpp_minimal_composition/share/examples_rclcpp_minimal_composition/environment/ament_prefix_path.sh
[88.696s] -- Symlinking: /home/tuantran/ros2_ws/install/examples_rclcpp_minimal_composition/share/examples_rclcpp_minimal_composition/environment/ament_prefix_path.dsv
[88.723s] -- Symlinking: /home/tuantran/ros2_ws/install/examples_rclcpp_minimal_composition/share/examples_rclcpp_minimal_composition/environment/path.sh
[88.755s] -- Symlinking: /home/tuantran/ros2_ws/install/examples_rclcpp_minimal_composition/share/examples_rclcpp_minimal_composition/environment/path.dsv
[88.783s] -- Symlinking: /home/tuantran/ros2_ws/install/examples_rclcpp_minimal_composition/share/examples_rclcpp_minimal_composition/local_setup.bash
[88.811s] -- Symlinking: /home/tuantran/ros2_ws/install/examples_rclcpp_minimal_composition/share/examples_rclcpp_minimal_composition/local_setup.sh
[88.840s] -- Symlinking: /home/tuantran/ros2_ws/install/examples_rclcpp_minimal_composition/share/examples_rclcpp_minimal_composition/local_setup.zsh
[88.870s] -- Symlinking: /home/tuantran/ros2_ws/install/examples_rclcpp_minimal_composition/share/examples_rclcpp_minimal_composition/local_setup.dsv
[88.901s] -- Symlinking: /home/tuantran/ros2_ws/install/examples_rclcpp_minimal_composition/share/examples_rclcpp_minimal_composition/package.dsv
[88.930s] -- Symlinking: /home/tuantran/ros2_ws/install/examples_rclcpp_minimal_composition/share/ament_index/resource_index/packages/examples_rclcpp_minimal_composition
[88.962s] -- Symlinking: /home/tuantran/ros2_ws/install/examples_rclcpp_minimal_composition/share/examples_rclcpp_minimal_composition/cmake/examples_rclcpp_minimal_compositionConfig.cmake
[88.991s] -- Symlinking: /home/tuantran/ros2_ws/install/examples_rclcpp_minimal_composition/share/examples_rclcpp_minimal_composition/cmake/examples_rclcpp_minimal_compositionConfig-version.cmake
[89.020s] -- Symlinking: /home/tuantran/ros2_ws/install/examples_rclcpp_minimal_composition/share/examples_rclcpp_minimal_composition/package.xml
[89.061s] Invoked command in '/home/tuantran/ros2_ws/build/examples_rclcpp_minimal_composition' returned '0': CMAKE_PREFIX_PATH=/opt/ros/humble /usr/bin/cmake --install /home/tuantran/ros2_ws/build/examples_rclcpp_minimal_composition
