[1.215s] Invoking command in '/home/tuantran/ros2_ws/build/polygon_base': CMAKE_PREFIX_PATH=${CMAKE_PREFIX_PATH}:/home/tuantran/ros2_ws/install/launch_testing_examples:/home/tuantran/ros2_ws/install/examples_rclpy_pointcloud_publisher:/home/tuantran/ros2_ws/install/examples_rclpy_minimal_subscriber:/home/tuantran/ros2_ws/install/examples_rclpy_minimal_service:/home/tuantran/ros2_ws/install/examples_rclpy_minimal_publisher:/home/tuantran/ros2_ws/install/examples_rclpy_minimal_client:/home/tuantran/ros2_ws/install/examples_rclpy_minimal_action_server:/home/tuantran/ros2_ws/install/examples_rclpy_minimal_action_client:/home/tuantran/ros2_ws/install/examples_rclpy_guard_conditions:/home/tuantran/ros2_ws/install/examples_rclpy_executors:/opt/ros/humble /usr/bin/cmake /home/tuantran/ros2_ws/src/polygon_base -DCMAKE_INSTALL_PREFIX=/home/tuantran/ros2_ws/install/polygon_base
[2.574s] -- The C compiler identification is GNU 11.4.0
[3.435s] -- The CXX compiler identification is GNU 11.4.0
[3.600s] -- Detecting C compiler ABI info
[4.736s] -- Detecting C compiler ABI info - done
[4.887s] -- Check for working C compiler: /usr/bin/cc - skipped
[4.896s] -- Detecting C compile features
[4.905s] -- Detecting C compile features - done
[4.961s] -- Detecting CXX compiler ABI info
[6.257s] -- Detecting CXX compiler ABI info - done
[6.332s] -- Check for working CXX compiler: /usr/bin/c++ - skipped
[6.333s] -- Detecting CXX compile features
[6.336s] -- Detecting CXX compile features - done
[6.359s] -- Found ament_cmake: 1.3.6 (/opt/ros/humble/share/ament_cmake/cmake)
[7.630s] -- Found Python3: /usr/bin/python3.10 (found version "3.10.12") found components: Interpreter 
[8.332s] -- Found pluginlib: 5.1.0 (/opt/ros/humble/share/pluginlib/cmake)
[8.984s] -- Found ament_lint_auto: 0.12.9 (/opt/ros/humble/share/ament_lint_auto/cmake)
[9.651s] -- Added test 'cppcheck' to perform static code analysis on C / C++ code
[9.653s] -- Configured cppcheck include dirs: $<BUILD_INTERFACE:/home/tuantran/ros2_ws/src/polygon_base/include>
[9.654s] -- Configured cppcheck exclude dirs and/or files: 
[9.669s] -- Added test 'lint_cmake' to check CMake code style
[9.676s] -- Added test 'uncrustify' to check C / C++ code style
[9.677s] -- Configured uncrustify additional arguments: 
[9.682s] -- Added test 'xmllint' to check XML markup files
[9.696s] -- Configuring done
[9.716s] -- Generating done
[9.722s] -- Build files have been written to: /home/tuantran/ros2_ws/build/polygon_base
[9.743s] Invoked command in '/home/tuantran/ros2_ws/build/polygon_base' returned '0': CMAKE_PREFIX_PATH=${CMAKE_PREFIX_PATH}:/home/tuantran/ros2_ws/install/launch_testing_examples:/home/tuantran/ros2_ws/install/examples_rclpy_pointcloud_publisher:/home/tuantran/ros2_ws/install/examples_rclpy_minimal_subscriber:/home/tuantran/ros2_ws/install/examples_rclpy_minimal_service:/home/tuantran/ros2_ws/install/examples_rclpy_minimal_publisher:/home/tuantran/ros2_ws/install/examples_rclpy_minimal_client:/home/tuantran/ros2_ws/install/examples_rclpy_minimal_action_server:/home/tuantran/ros2_ws/install/examples_rclpy_minimal_action_client:/home/tuantran/ros2_ws/install/examples_rclpy_guard_conditions:/home/tuantran/ros2_ws/install/examples_rclpy_executors:/opt/ros/humble /usr/bin/cmake /home/tuantran/ros2_ws/src/polygon_base -DCMAKE_INSTALL_PREFIX=/home/tuantran/ros2_ws/install/polygon_base
[9.745s] Invoking command in '/home/tuantran/ros2_ws/build/polygon_base': CMAKE_PREFIX_PATH=${CMAKE_PREFIX_PATH}:/home/tuantran/ros2_ws/install/launch_testing_examples:/home/tuantran/ros2_ws/install/examples_rclpy_pointcloud_publisher:/home/tuantran/ros2_ws/install/examples_rclpy_minimal_subscriber:/home/tuantran/ros2_ws/install/examples_rclpy_minimal_service:/home/tuantran/ros2_ws/install/examples_rclpy_minimal_publisher:/home/tuantran/ros2_ws/install/examples_rclpy_minimal_client:/home/tuantran/ros2_ws/install/examples_rclpy_minimal_action_server:/home/tuantran/ros2_ws/install/examples_rclpy_minimal_action_client:/home/tuantran/ros2_ws/install/examples_rclpy_guard_conditions:/home/tuantran/ros2_ws/install/examples_rclpy_executors:/opt/ros/humble /usr/bin/cmake --build /home/tuantran/ros2_ws/build/polygon_base -- -j2 -l2
[10.087s] [ 50%] [32mBuilding CXX object CMakeFiles/area_node.dir/src/area_node.cpp.o[0m
[10.295s] [100%] [32m[1mLinking CXX executable area_node[0m
[10.534s] [100%] Built target area_node
[10.583s] Invoked command in '/home/tuantran/ros2_ws/build/polygon_base' returned '0': CMAKE_PREFIX_PATH=${CMAKE_PREFIX_PATH}:/home/tuantran/ros2_ws/install/launch_testing_examples:/home/tuantran/ros2_ws/install/examples_rclpy_pointcloud_publisher:/home/tuantran/ros2_ws/install/examples_rclpy_minimal_subscriber:/home/tuantran/ros2_ws/install/examples_rclpy_minimal_service:/home/tuantran/ros2_ws/install/examples_rclpy_minimal_publisher:/home/tuantran/ros2_ws/install/examples_rclpy_minimal_client:/home/tuantran/ros2_ws/install/examples_rclpy_minimal_action_server:/home/tuantran/ros2_ws/install/examples_rclpy_minimal_action_client:/home/tuantran/ros2_ws/install/examples_rclpy_guard_conditions:/home/tuantran/ros2_ws/install/examples_rclpy_executors:/opt/ros/humble /usr/bin/cmake --build /home/tuantran/ros2_ws/build/polygon_base -- -j2 -l2
[10.742s] Invoking command in '/home/tuantran/ros2_ws/build/polygon_base': CMAKE_PREFIX_PATH=${CMAKE_PREFIX_PATH}:/home/tuantran/ros2_ws/install/launch_testing_examples:/home/tuantran/ros2_ws/install/examples_rclpy_pointcloud_publisher:/home/tuantran/ros2_ws/install/examples_rclpy_minimal_subscriber:/home/tuantran/ros2_ws/install/examples_rclpy_minimal_service:/home/tuantran/ros2_ws/install/examples_rclpy_minimal_publisher:/home/tuantran/ros2_ws/install/examples_rclpy_minimal_client:/home/tuantran/ros2_ws/install/examples_rclpy_minimal_action_server:/home/tuantran/ros2_ws/install/examples_rclpy_minimal_action_client:/home/tuantran/ros2_ws/install/examples_rclpy_guard_conditions:/home/tuantran/ros2_ws/install/examples_rclpy_executors:/opt/ros/humble /usr/bin/cmake --install /home/tuantran/ros2_ws/build/polygon_base
[10.767s] -- Install configuration: ""
[10.768s] -- Installing: /home/tuantran/ros2_ws/install/polygon_base/include
[10.769s] -- Installing: /home/tuantran/ros2_ws/install/polygon_base/include/polygon_base
[10.770s] -- Installing: /home/tuantran/ros2_ws/install/polygon_base/include/polygon_base/regular_polygon.hpp
[10.771s] -- Installing: /home/tuantran/ros2_ws/install/polygon_base/lib/polygon_base/area_node
[10.773s] -- Set runtime path of "/home/tuantran/ros2_ws/install/polygon_base/lib/polygon_base/area_node" to ""
[10.774s] -- Installing: /home/tuantran/ros2_ws/install/polygon_base/share/ament_index/resource_index/package_run_dependencies/polygon_base
[10.779s] -- Installing: /home/tuantran/ros2_ws/install/polygon_base/share/ament_index/resource_index/parent_prefix_path/polygon_base
[10.780s] -- Installing: /home/tuantran/ros2_ws/install/polygon_base/share/polygon_base/environment/ament_prefix_path.sh
[10.781s] -- Installing: /home/tuantran/ros2_ws/install/polygon_base/share/polygon_base/environment/ament_prefix_path.dsv
[10.782s] -- Installing: /home/tuantran/ros2_ws/install/polygon_base/share/polygon_base/environment/path.sh
[10.783s] -- Installing: /home/tuantran/ros2_ws/install/polygon_base/share/polygon_base/environment/path.dsv
[10.784s] -- Installing: /home/tuantran/ros2_ws/install/polygon_base/share/polygon_base/local_setup.bash
[10.786s] -- Installing: /home/tuantran/ros2_ws/install/polygon_base/share/polygon_base/local_setup.sh
[10.787s] -- Installing: /home/tuantran/ros2_ws/install/polygon_base/share/polygon_base/local_setup.zsh
[10.788s] -- Installing: /home/tuantran/ros2_ws/install/polygon_base/share/polygon_base/local_setup.dsv
[10.789s] -- Installing: /home/tuantran/ros2_ws/install/polygon_base/share/polygon_base/package.dsv
[10.790s] -- Installing: /home/tuantran/ros2_ws/install/polygon_base/share/ament_index/resource_index/packages/polygon_base
[10.791s] -- Installing: /home/tuantran/ros2_ws/install/polygon_base/share/polygon_base/cmake/ament_cmake_export_include_directories-extras.cmake
[10.792s] -- Installing: /home/tuantran/ros2_ws/install/polygon_base/share/polygon_base/cmake/polygon_baseConfig.cmake
[10.793s] -- Installing: /home/tuantran/ros2_ws/install/polygon_base/share/polygon_base/cmake/polygon_baseConfig-version.cmake
[10.794s] -- Installing: /home/tuantran/ros2_ws/install/polygon_base/share/polygon_base/package.xml
[10.805s] Invoked command in '/home/tuantran/ros2_ws/build/polygon_base' returned '0': CMAKE_PREFIX_PATH=${CMAKE_PREFIX_PATH}:/home/tuantran/ros2_ws/install/launch_testing_examples:/home/tuantran/ros2_ws/install/examples_rclpy_pointcloud_publisher:/home/tuantran/ros2_ws/install/examples_rclpy_minimal_subscriber:/home/tuantran/ros2_ws/install/examples_rclpy_minimal_service:/home/tuantran/ros2_ws/install/examples_rclpy_minimal_publisher:/home/tuantran/ros2_ws/install/examples_rclpy_minimal_client:/home/tuantran/ros2_ws/install/examples_rclpy_minimal_action_server:/home/tuantran/ros2_ws/install/examples_rclpy_minimal_action_client:/home/tuantran/ros2_ws/install/examples_rclpy_guard_conditions:/home/tuantran/ros2_ws/install/examples_rclpy_executors:/opt/ros/humble /usr/bin/cmake --install /home/tuantran/ros2_ws/build/polygon_base
