[1.083s] Invoking command in '/home/tuantran/ros2_ws/build/polygon_base': CMAKE_PREFIX_PATH=${CMAKE_PREFIX_PATH}:/home/tuantran/ros2_ws/install/launch_testing_examples:/home/tuantran/ros2_ws/install/examples_rclpy_pointcloud_publisher:/home/tuantran/ros2_ws/install/examples_rclpy_minimal_subscriber:/home/tuantran/ros2_ws/install/examples_rclpy_minimal_service:/home/tuantran/ros2_ws/install/examples_rclpy_minimal_publisher:/home/tuantran/ros2_ws/install/examples_rclpy_minimal_client:/home/tuantran/ros2_ws/install/examples_rclpy_minimal_action_server:/home/tuantran/ros2_ws/install/examples_rclpy_minimal_action_client:/home/tuantran/ros2_ws/install/examples_rclpy_guard_conditions:/home/tuantran/ros2_ws/install/examples_rclpy_executors:/opt/ros/humble /usr/bin/cmake --build /home/tuantran/ros2_ws/build/polygon_base -- -j2 -l2
[1.408s] [100%] Built target area_node
[1.606s] Invoked command in '/home/tuantran/ros2_ws/build/polygon_base' returned '0': CMAKE_PREFIX_PATH=${CMAKE_PREFIX_PATH}:/home/tuantran/ros2_ws/install/launch_testing_examples:/home/tuantran/ros2_ws/install/examples_rclpy_pointcloud_publisher:/home/tuantran/ros2_ws/install/examples_rclpy_minimal_subscriber:/home/tuantran/ros2_ws/install/examples_rclpy_minimal_service:/home/tuantran/ros2_ws/install/examples_rclpy_minimal_publisher:/home/tuantran/ros2_ws/install/examples_rclpy_minimal_client:/home/tuantran/ros2_ws/install/examples_rclpy_minimal_action_server:/home/tuantran/ros2_ws/install/examples_rclpy_minimal_action_client:/home/tuantran/ros2_ws/install/examples_rclpy_guard_conditions:/home/tuantran/ros2_ws/install/examples_rclpy_executors:/opt/ros/humble /usr/bin/cmake --build /home/tuantran/ros2_ws/build/polygon_base -- -j2 -l2
[1.998s] Invoking command in '/home/tuantran/ros2_ws/build/polygon_base': CMAKE_PREFIX_PATH=${CMAKE_PREFIX_PATH}:/home/tuantran/ros2_ws/install/launch_testing_examples:/home/tuantran/ros2_ws/install/examples_rclpy_pointcloud_publisher:/home/tuantran/ros2_ws/install/examples_rclpy_minimal_subscriber:/home/tuantran/ros2_ws/install/examples_rclpy_minimal_service:/home/tuantran/ros2_ws/install/examples_rclpy_minimal_publisher:/home/tuantran/ros2_ws/install/examples_rclpy_minimal_client:/home/tuantran/ros2_ws/install/examples_rclpy_minimal_action_server:/home/tuantran/ros2_ws/install/examples_rclpy_minimal_action_client:/home/tuantran/ros2_ws/install/examples_rclpy_guard_conditions:/home/tuantran/ros2_ws/install/examples_rclpy_executors:/opt/ros/humble /usr/bin/cmake --install /home/tuantran/ros2_ws/build/polygon_base
[2.023s] -- Install configuration: ""
[2.023s] -- Up-to-date: /home/tuantran/ros2_ws/install/polygon_base/include
[2.024s] -- Up-to-date: /home/tuantran/ros2_ws/install/polygon_base/include/polygon_base
[2.024s] -- Up-to-date: /home/tuantran/ros2_ws/install/polygon_base/include/polygon_base/regular_polygon.hpp
[2.026s] -- Up-to-date: /home/tuantran/ros2_ws/install/polygon_base/lib/polygon_base/area_node
[2.027s] -- Up-to-date: /home/tuantran/ros2_ws/install/polygon_base/share/ament_index/resource_index/package_run_dependencies/polygon_base
[2.027s] -- Up-to-date: /home/tuantran/ros2_ws/install/polygon_base/share/ament_index/resource_index/parent_prefix_path/polygon_base
[2.028s] -- Up-to-date: /home/tuantran/ros2_ws/install/polygon_base/share/polygon_base/environment/ament_prefix_path.sh
[2.029s] -- Up-to-date: /home/tuantran/ros2_ws/install/polygon_base/share/polygon_base/environment/ament_prefix_path.dsv
[2.030s] -- Up-to-date: /home/tuantran/ros2_ws/install/polygon_base/share/polygon_base/environment/path.sh
[2.031s] -- Up-to-date: /home/tuantran/ros2_ws/install/polygon_base/share/polygon_base/environment/path.dsv
[2.031s] -- Up-to-date: /home/tuantran/ros2_ws/install/polygon_base/share/polygon_base/local_setup.bash
[2.031s] -- Up-to-date: /home/tuantran/ros2_ws/install/polygon_base/share/polygon_base/local_setup.sh
[2.032s] -- Up-to-date: /home/tuantran/ros2_ws/install/polygon_base/share/polygon_base/local_setup.zsh
[2.032s] -- Up-to-date: /home/tuantran/ros2_ws/install/polygon_base/share/polygon_base/local_setup.dsv
[2.033s] -- Installing: /home/tuantran/ros2_ws/install/polygon_base/share/polygon_base/package.dsv
[2.034s] -- Up-to-date: /home/tuantran/ros2_ws/install/polygon_base/share/ament_index/resource_index/packages/polygon_base
[2.034s] -- Up-to-date: /home/tuantran/ros2_ws/install/polygon_base/share/polygon_base/cmake/ament_cmake_export_include_directories-extras.cmake
[2.035s] -- Up-to-date: /home/tuantran/ros2_ws/install/polygon_base/share/polygon_base/cmake/polygon_baseConfig.cmake
[2.035s] -- Up-to-date: /home/tuantran/ros2_ws/install/polygon_base/share/polygon_base/cmake/polygon_baseConfig-version.cmake
[2.036s] -- Up-to-date: /home/tuantran/ros2_ws/install/polygon_base/share/polygon_base/package.xml
[2.046s] Invoked command in '/home/tuantran/ros2_ws/build/polygon_base' returned '0': CMAKE_PREFIX_PATH=${CMAKE_PREFIX_PATH}:/home/tuantran/ros2_ws/install/launch_testing_examples:/home/tuantran/ros2_ws/install/examples_rclpy_pointcloud_publisher:/home/tuantran/ros2_ws/install/examples_rclpy_minimal_subscriber:/home/tuantran/ros2_ws/install/examples_rclpy_minimal_service:/home/tuantran/ros2_ws/install/examples_rclpy_minimal_publisher:/home/tuantran/ros2_ws/install/examples_rclpy_minimal_client:/home/tuantran/ros2_ws/install/examples_rclpy_minimal_action_server:/home/tuantran/ros2_ws/install/examples_rclpy_minimal_action_client:/home/tuantran/ros2_ws/install/examples_rclpy_guard_conditions:/home/tuantran/ros2_ws/install/examples_rclpy_executors:/opt/ros/humble /usr/bin/cmake --install /home/tuantran/ros2_ws/build/polygon_base
