[2.502s] Invoking command in '/home/tuantran/ros2_ws/build/examples_rclpy_guard_conditions': PYTHONPATH=/home/tuantran/ros2_ws/build/examples_rclpy_guard_conditions/prefix_override:/home/tuantran/ros2_ws/install/examples_rclpy_guard_conditions/lib/python3.10/site-packages:${PYTHONPATH} /usr/bin/python3 setup.py develop --editable --build-directory /home/tuantran/ros2_ws/build/examples_rclpy_guard_conditions/build --no-deps install_data
[3.538s] running develop
[3.539s] /usr/lib/python3/dist-packages/setuptools/command/easy_install.py:158: EasyInstallDeprecationWarning: easy_install command is deprecated. Use build and pip and other standards-based tools.
[3.539s]   warnings.warn(
[3.545s] /usr/lib/python3/dist-packages/setuptools/command/install.py:34: SetuptoolsDeprecationWarning: setup.py install is deprecated. Use build and pip and other standards-based tools.
[3.545s]   warnings.warn(
[4.287s] running egg_info
[4.287s] creating examples_rclpy_guard_conditions.egg-info
[4.288s] writing examples_rclpy_guard_conditions.egg-info/PKG-INFO
[4.289s] writing dependency_links to examples_rclpy_guard_conditions.egg-info/dependency_links.txt
[4.290s] writing entry points to examples_rclpy_guard_conditions.egg-info/entry_points.txt
[4.290s] writing requirements to examples_rclpy_guard_conditions.egg-info/requires.txt
[4.291s] writing top-level names to examples_rclpy_guard_conditions.egg-info/top_level.txt
[4.292s] writing manifest file 'examples_rclpy_guard_conditions.egg-info/SOURCES.txt'
[4.300s] reading manifest file 'examples_rclpy_guard_conditions.egg-info/SOURCES.txt'
[4.303s] writing manifest file 'examples_rclpy_guard_conditions.egg-info/SOURCES.txt'
[4.307s] running build_ext
[4.307s] Creating /home/tuantran/ros2_ws/install/examples_rclpy_guard_conditions/lib/python3.10/site-packages/examples-rclpy-guard-conditions.egg-link (link to .)
[4.310s] Installing trigger_guard_condition script to /home/tuantran/ros2_ws/install/examples_rclpy_guard_conditions/lib/examples_rclpy_guard_conditions
[4.311s] 
[4.311s] Installed /home/tuantran/ros2_ws/build/examples_rclpy_guard_conditions
[4.312s] running install_data
[4.312s] creating /home/tuantran/ros2_ws/install/examples_rclpy_guard_conditions/share/ament_index
[4.312s] creating /home/tuantran/ros2_ws/install/examples_rclpy_guard_conditions/share/ament_index/resource_index
[4.313s] creating /home/tuantran/ros2_ws/install/examples_rclpy_guard_conditions/share/ament_index/resource_index/packages
[4.313s] copying resource/examples_rclpy_guard_conditions -> /home/tuantran/ros2_ws/install/examples_rclpy_guard_conditions/share/ament_index/resource_index/packages
[4.314s] copying package.xml -> /home/tuantran/ros2_ws/install/examples_rclpy_guard_conditions/share/examples_rclpy_guard_conditions
[4.400s] Invoked command in '/home/tuantran/ros2_ws/build/examples_rclpy_guard_conditions' returned '0': PYTHONPATH=/home/tuantran/ros2_ws/build/examples_rclpy_guard_conditions/prefix_override:/home/tuantran/ros2_ws/install/examples_rclpy_guard_conditions/lib/python3.10/site-packages:${PYTHONPATH} /usr/bin/python3 setup.py develop --editable --build-directory /home/tuantran/ros2_ws/build/examples_rclpy_guard_conditions/build --no-deps install_data
