[4.569s] Invoking command in '/home/tuantran/ros2_ws/build/examples_rclpy_minimal_client': PYTHONPATH=/home/tuantran/ros2_ws/build/examples_rclpy_minimal_client/prefix_override:/home/tuantran/ros2_ws/install/examples_rclpy_minimal_client/lib/python3.10/site-packages:${PYTHONPATH} /usr/bin/python3 setup.py develop --uninstall --editable --build-directory /home/tuantran/ros2_ws/build/examples_rclpy_minimal_client/build
[5.931s] running develop
[5.932s] /usr/lib/python3/dist-packages/setuptools/command/easy_install.py:158: EasyInstallDeprecationWarning: easy_install command is deprecated. Use build and pip and other standards-based tools.
[5.932s]   warnings.warn(
[5.935s] /usr/lib/python3/dist-packages/setuptools/command/install.py:34: SetuptoolsDeprecationWarning: setup.py install is deprecated. Use build and pip and other standards-based tools.
[5.937s]   warnings.warn(
[6.796s] Removing /home/tuantran/ros2_ws/install/examples_rclpy_minimal_client/lib/python3.10/site-packages/examples-rclpy-minimal-client.egg-link (link to .)
[6.910s] Invoked command in '/home/tuantran/ros2_ws/build/examples_rclpy_minimal_client' returned '0': PYTHONPATH=/home/tuantran/ros2_ws/build/examples_rclpy_minimal_client/prefix_override:/home/tuantran/ros2_ws/install/examples_rclpy_minimal_client/lib/python3.10/site-packages:${PYTHONPATH} /usr/bin/python3 setup.py develop --uninstall --editable --build-directory /home/tuantran/ros2_ws/build/examples_rclpy_minimal_client/build
[6.912s] Invoking command in '/home/tuantran/ros2_ws/src/examples/rclpy/services/minimal_client': PYTHONPATH=/home/tuantran/ros2_ws/build/examples_rclpy_minimal_client/prefix_override:/home/tuantran/ros2_ws/install/examples_rclpy_minimal_client/lib/python3.10/site-packages:${PYTHONPATH} /usr/bin/python3 setup.py egg_info --egg-base ../../../../../build/examples_rclpy_minimal_client build --build-base /home/tuantran/ros2_ws/build/examples_rclpy_minimal_client/build install --record /home/tuantran/ros2_ws/build/examples_rclpy_minimal_client/install.log --single-version-externally-managed
[8.211s] running egg_info
[8.213s] writing ../../../../../build/examples_rclpy_minimal_client/examples_rclpy_minimal_client.egg-info/PKG-INFO
[8.215s] writing dependency_links to ../../../../../build/examples_rclpy_minimal_client/examples_rclpy_minimal_client.egg-info/dependency_links.txt
[8.216s] writing entry points to ../../../../../build/examples_rclpy_minimal_client/examples_rclpy_minimal_client.egg-info/entry_points.txt
[8.217s] writing requirements to ../../../../../build/examples_rclpy_minimal_client/examples_rclpy_minimal_client.egg-info/requires.txt
[8.218s] writing top-level names to ../../../../../build/examples_rclpy_minimal_client/examples_rclpy_minimal_client.egg-info/top_level.txt
[8.224s] reading manifest file '../../../../../build/examples_rclpy_minimal_client/examples_rclpy_minimal_client.egg-info/SOURCES.txt'
[8.229s] writing manifest file '../../../../../build/examples_rclpy_minimal_client/examples_rclpy_minimal_client.egg-info/SOURCES.txt'
[8.229s] running build
[8.230s] running build_py
[8.231s] creating /home/tuantran/ros2_ws/build/examples_rclpy_minimal_client/build
[8.237s] creating /home/tuantran/ros2_ws/build/examples_rclpy_minimal_client/build/lib
[8.237s] creating /home/tuantran/ros2_ws/build/examples_rclpy_minimal_client/build/lib/examples_rclpy_minimal_client
[8.238s] copying examples_rclpy_minimal_client/client_async_callback.py -> /home/tuantran/ros2_ws/build/examples_rclpy_minimal_client/build/lib/examples_rclpy_minimal_client
[8.240s] copying examples_rclpy_minimal_client/client_async.py -> /home/tuantran/ros2_ws/build/examples_rclpy_minimal_client/build/lib/examples_rclpy_minimal_client
[8.241s] copying examples_rclpy_minimal_client/__init__.py -> /home/tuantran/ros2_ws/build/examples_rclpy_minimal_client/build/lib/examples_rclpy_minimal_client
[8.242s] copying examples_rclpy_minimal_client/client.py -> /home/tuantran/ros2_ws/build/examples_rclpy_minimal_client/build/lib/examples_rclpy_minimal_client
[8.243s] copying examples_rclpy_minimal_client/client_async_member_function.py -> /home/tuantran/ros2_ws/build/examples_rclpy_minimal_client/build/lib/examples_rclpy_minimal_client
[8.244s] running install
[8.245s] /usr/lib/python3/dist-packages/setuptools/command/install.py:34: SetuptoolsDeprecationWarning: setup.py install is deprecated. Use build and pip and other standards-based tools.
[8.246s]   warnings.warn(
[8.247s] running install_lib
[8.251s] creating /home/tuantran/ros2_ws/install/examples_rclpy_minimal_client/lib/python3.10/site-packages/examples_rclpy_minimal_client
[8.252s] copying /home/tuantran/ros2_ws/build/examples_rclpy_minimal_client/build/lib/examples_rclpy_minimal_client/client_async_callback.py -> /home/tuantran/ros2_ws/install/examples_rclpy_minimal_client/lib/python3.10/site-packages/examples_rclpy_minimal_client
[8.253s] copying /home/tuantran/ros2_ws/build/examples_rclpy_minimal_client/build/lib/examples_rclpy_minimal_client/client_async.py -> /home/tuantran/ros2_ws/install/examples_rclpy_minimal_client/lib/python3.10/site-packages/examples_rclpy_minimal_client
[8.254s] copying /home/tuantran/ros2_ws/build/examples_rclpy_minimal_client/build/lib/examples_rclpy_minimal_client/__init__.py -> /home/tuantran/ros2_ws/install/examples_rclpy_minimal_client/lib/python3.10/site-packages/examples_rclpy_minimal_client
[8.255s] copying /home/tuantran/ros2_ws/build/examples_rclpy_minimal_client/build/lib/examples_rclpy_minimal_client/client.py -> /home/tuantran/ros2_ws/install/examples_rclpy_minimal_client/lib/python3.10/site-packages/examples_rclpy_minimal_client
[8.256s] copying /home/tuantran/ros2_ws/build/examples_rclpy_minimal_client/build/lib/examples_rclpy_minimal_client/client_async_member_function.py -> /home/tuantran/ros2_ws/install/examples_rclpy_minimal_client/lib/python3.10/site-packages/examples_rclpy_minimal_client
[8.260s] byte-compiling /home/tuantran/ros2_ws/install/examples_rclpy_minimal_client/lib/python3.10/site-packages/examples_rclpy_minimal_client/client_async_callback.py to client_async_callback.cpython-310.pyc
[8.262s] byte-compiling /home/tuantran/ros2_ws/install/examples_rclpy_minimal_client/lib/python3.10/site-packages/examples_rclpy_minimal_client/client_async.py to client_async.cpython-310.pyc
[8.265s] byte-compiling /home/tuantran/ros2_ws/install/examples_rclpy_minimal_client/lib/python3.10/site-packages/examples_rclpy_minimal_client/__init__.py to __init__.cpython-310.pyc
[8.266s] byte-compiling /home/tuantran/ros2_ws/install/examples_rclpy_minimal_client/lib/python3.10/site-packages/examples_rclpy_minimal_client/client.py to client.cpython-310.pyc
[8.271s] byte-compiling /home/tuantran/ros2_ws/install/examples_rclpy_minimal_client/lib/python3.10/site-packages/examples_rclpy_minimal_client/client_async_member_function.py to client_async_member_function.cpython-310.pyc
[8.275s] running install_data
[8.278s] running install_egg_info
[8.286s] Copying ../../../../../build/examples_rclpy_minimal_client/examples_rclpy_minimal_client.egg-info to /home/tuantran/ros2_ws/install/examples_rclpy_minimal_client/lib/python3.10/site-packages/examples_rclpy_minimal_client-0.15.1-py3.10.egg-info
[8.291s] running install_scripts
[8.394s] Installing client script to /home/tuantran/ros2_ws/install/examples_rclpy_minimal_client/lib/examples_rclpy_minimal_client
[8.395s] Installing client_async script to /home/tuantran/ros2_ws/install/examples_rclpy_minimal_client/lib/examples_rclpy_minimal_client
[8.396s] Installing client_async_callback script to /home/tuantran/ros2_ws/install/examples_rclpy_minimal_client/lib/examples_rclpy_minimal_client
[8.397s] Installing client_async_member_function script to /home/tuantran/ros2_ws/install/examples_rclpy_minimal_client/lib/examples_rclpy_minimal_client
[8.399s] writing list of installed files to '/home/tuantran/ros2_ws/build/examples_rclpy_minimal_client/install.log'
[8.483s] Invoked command in '/home/tuantran/ros2_ws/src/examples/rclpy/services/minimal_client' returned '0': PYTHONPATH=/home/tuantran/ros2_ws/build/examples_rclpy_minimal_client/prefix_override:/home/tuantran/ros2_ws/install/examples_rclpy_minimal_client/lib/python3.10/site-packages:${PYTHONPATH} /usr/bin/python3 setup.py egg_info --egg-base ../../../../../build/examples_rclpy_minimal_client build --build-base /home/tuantran/ros2_ws/build/examples_rclpy_minimal_client/build install --record /home/tuantran/ros2_ws/build/examples_rclpy_minimal_client/install.log --single-version-externally-managed
