[0.625s] Invoking command in '/home/tuantran/ros2_ws/build/cpp_parameters': CMAKE_PREFIX_PATH=${CMAKE_PREFIX_PATH}:/home/tuantran/ros2_ws/install/launch_testing_examples:/home/tuantran/ros2_ws/install/examples_rclpy_pointcloud_publisher:/home/tuantran/ros2_ws/install/examples_rclpy_minimal_subscriber:/home/tuantran/ros2_ws/install/examples_rclpy_minimal_service:/home/tuantran/ros2_ws/install/examples_rclpy_minimal_publisher:/home/tuantran/ros2_ws/install/examples_rclpy_minimal_client:/home/tuantran/ros2_ws/install/examples_rclpy_minimal_action_server:/home/tuantran/ros2_ws/install/examples_rclpy_minimal_action_client:/home/tuantran/ros2_ws/install/examples_rclpy_guard_conditions:/home/tuantran/ros2_ws/install/examples_rclpy_executors:/opt/ros/humble /usr/bin/cmake --build /home/tuantran/ros2_ws/build/cpp_parameters -- -j2 -l2
[1.113s] [100%] Built target minimal_param_node
[1.197s] Invoked command in '/home/tuantran/ros2_ws/build/cpp_parameters' returned '0': CMAKE_PREFIX_PATH=${CMAKE_PREFIX_PATH}:/home/tuantran/ros2_ws/install/launch_testing_examples:/home/tuantran/ros2_ws/install/examples_rclpy_pointcloud_publisher:/home/tuantran/ros2_ws/install/examples_rclpy_minimal_subscriber:/home/tuantran/ros2_ws/install/examples_rclpy_minimal_service:/home/tuantran/ros2_ws/install/examples_rclpy_minimal_publisher:/home/tuantran/ros2_ws/install/examples_rclpy_minimal_client:/home/tuantran/ros2_ws/install/examples_rclpy_minimal_action_server:/home/tuantran/ros2_ws/install/examples_rclpy_minimal_action_client:/home/tuantran/ros2_ws/install/examples_rclpy_guard_conditions:/home/tuantran/ros2_ws/install/examples_rclpy_executors:/opt/ros/humble /usr/bin/cmake --build /home/tuantran/ros2_ws/build/cpp_parameters -- -j2 -l2
[1.462s] Invoking command in '/home/tuantran/ros2_ws/build/cpp_parameters': CMAKE_PREFIX_PATH=${CMAKE_PREFIX_PATH}:/home/tuantran/ros2_ws/install/launch_testing_examples:/home/tuantran/ros2_ws/install/examples_rclpy_pointcloud_publisher:/home/tuantran/ros2_ws/install/examples_rclpy_minimal_subscriber:/home/tuantran/ros2_ws/install/examples_rclpy_minimal_service:/home/tuantran/ros2_ws/install/examples_rclpy_minimal_publisher:/home/tuantran/ros2_ws/install/examples_rclpy_minimal_client:/home/tuantran/ros2_ws/install/examples_rclpy_minimal_action_server:/home/tuantran/ros2_ws/install/examples_rclpy_minimal_action_client:/home/tuantran/ros2_ws/install/examples_rclpy_guard_conditions:/home/tuantran/ros2_ws/install/examples_rclpy_executors:/opt/ros/humble /usr/bin/cmake --install /home/tuantran/ros2_ws/build/cpp_parameters
[1.533s] -- Install configuration: ""
[1.539s] -- Up-to-date: /home/tuantran/ros2_ws/install/cpp_parameters/lib/cpp_parameters/minimal_param_node
[1.541s] -- Up-to-date: /home/tuantran/ros2_ws/install/cpp_parameters/share/cpp_parameters/launch
[1.543s] -- Up-to-date: /home/tuantran/ros2_ws/install/cpp_parameters/share/ament_index/resource_index/package_run_dependencies/cpp_parameters
[1.544s] -- Up-to-date: /home/tuantran/ros2_ws/install/cpp_parameters/share/ament_index/resource_index/parent_prefix_path/cpp_parameters
[1.545s] -- Up-to-date: /home/tuantran/ros2_ws/install/cpp_parameters/share/cpp_parameters/environment/ament_prefix_path.sh
[1.546s] -- Up-to-date: /home/tuantran/ros2_ws/install/cpp_parameters/share/cpp_parameters/environment/ament_prefix_path.dsv
[1.546s] -- Up-to-date: /home/tuantran/ros2_ws/install/cpp_parameters/share/cpp_parameters/environment/path.sh
[1.548s] -- Up-to-date: /home/tuantran/ros2_ws/install/cpp_parameters/share/cpp_parameters/environment/path.dsv
[1.549s] -- Up-to-date: /home/tuantran/ros2_ws/install/cpp_parameters/share/cpp_parameters/local_setup.bash
[1.550s] -- Up-to-date: /home/tuantran/ros2_ws/install/cpp_parameters/share/cpp_parameters/local_setup.sh
[1.553s] -- Up-to-date: /home/tuantran/ros2_ws/install/cpp_parameters/share/cpp_parameters/local_setup.zsh
[1.553s] -- Up-to-date: /home/tuantran/ros2_ws/install/cpp_parameters/share/cpp_parameters/local_setup.dsv
[1.554s] -- Installing: /home/tuantran/ros2_ws/install/cpp_parameters/share/cpp_parameters/package.dsv
[1.561s] -- Up-to-date: /home/tuantran/ros2_ws/install/cpp_parameters/share/ament_index/resource_index/packages/cpp_parameters
[1.562s] -- Up-to-date: /home/tuantran/ros2_ws/install/cpp_parameters/share/cpp_parameters/cmake/cpp_parametersConfig.cmake
[1.562s] -- Up-to-date: /home/tuantran/ros2_ws/install/cpp_parameters/share/cpp_parameters/cmake/cpp_parametersConfig-version.cmake
[1.563s] -- Up-to-date: /home/tuantran/ros2_ws/install/cpp_parameters/share/cpp_parameters/package.xml
[1.569s] Invoked command in '/home/tuantran/ros2_ws/build/cpp_parameters' returned '0': CMAKE_PREFIX_PATH=${CMAKE_PREFIX_PATH}:/home/tuantran/ros2_ws/install/launch_testing_examples:/home/tuantran/ros2_ws/install/examples_rclpy_pointcloud_publisher:/home/tuantran/ros2_ws/install/examples_rclpy_minimal_subscriber:/home/tuantran/ros2_ws/install/examples_rclpy_minimal_service:/home/tuantran/ros2_ws/install/examples_rclpy_minimal_publisher:/home/tuantran/ros2_ws/install/examples_rclpy_minimal_client:/home/tuantran/ros2_ws/install/examples_rclpy_minimal_action_server:/home/tuantran/ros2_ws/install/examples_rclpy_minimal_action_client:/home/tuantran/ros2_ws/install/examples_rclpy_guard_conditions:/home/tuantran/ros2_ws/install/examples_rclpy_executors:/opt/ros/humble /usr/bin/cmake --install /home/tuantran/ros2_ws/build/cpp_parameters
