[2.459s] Invoking command in '/home/tuantran/ros2_ws/build/examples_rclpy_minimal_client': PYTHONPATH=/home/tuantran/ros2_ws/build/examples_rclpy_minimal_client/prefix_override:/home/tuantran/ros2_ws/install/examples_rclpy_minimal_client/lib/python3.10/site-packages:${PYTHONPATH} /usr/bin/python3 setup.py develop --editable --build-directory /home/tuantran/ros2_ws/build/examples_rclpy_minimal_client/build --no-deps install_data
[3.353s] running develop
[3.354s] /usr/lib/python3/dist-packages/setuptools/command/easy_install.py:158: EasyInstallDeprecationWarning: easy_install command is deprecated. Use build and pip and other standards-based tools.
[3.354s]   warnings.warn(
[3.358s] /usr/lib/python3/dist-packages/setuptools/command/install.py:34: SetuptoolsDeprecationWarning: setup.py install is deprecated. Use build and pip and other standards-based tools.
[3.359s]   warnings.warn(
[3.973s] running egg_info
[3.974s] creating examples_rclpy_minimal_client.egg-info
[3.975s] writing examples_rclpy_minimal_client.egg-info/PKG-INFO
[3.976s] writing dependency_links to examples_rclpy_minimal_client.egg-info/dependency_links.txt
[3.977s] writing entry points to examples_rclpy_minimal_client.egg-info/entry_points.txt
[3.978s] writing requirements to examples_rclpy_minimal_client.egg-info/requires.txt
[3.978s] writing top-level names to examples_rclpy_minimal_client.egg-info/top_level.txt
[3.980s] writing manifest file 'examples_rclpy_minimal_client.egg-info/SOURCES.txt'
[3.986s] reading manifest file 'examples_rclpy_minimal_client.egg-info/SOURCES.txt'
[3.989s] writing manifest file 'examples_rclpy_minimal_client.egg-info/SOURCES.txt'
[3.993s] running build_ext
[3.995s] Creating /home/tuantran/ros2_ws/install/examples_rclpy_minimal_client/lib/python3.10/site-packages/examples-rclpy-minimal-client.egg-link (link to .)
[3.998s] Installing client script to /home/tuantran/ros2_ws/install/examples_rclpy_minimal_client/lib/examples_rclpy_minimal_client
[3.999s] Installing client_async script to /home/tuantran/ros2_ws/install/examples_rclpy_minimal_client/lib/examples_rclpy_minimal_client
[4.000s] Installing client_async_callback script to /home/tuantran/ros2_ws/install/examples_rclpy_minimal_client/lib/examples_rclpy_minimal_client
[4.001s] Installing client_async_member_function script to /home/tuantran/ros2_ws/install/examples_rclpy_minimal_client/lib/examples_rclpy_minimal_client
[4.002s] 
[4.002s] Installed /home/tuantran/ros2_ws/build/examples_rclpy_minimal_client
[4.003s] running install_data
[4.003s] creating /home/tuantran/ros2_ws/install/examples_rclpy_minimal_client/share/ament_index
[4.004s] creating /home/tuantran/ros2_ws/install/examples_rclpy_minimal_client/share/ament_index/resource_index
[4.004s] creating /home/tuantran/ros2_ws/install/examples_rclpy_minimal_client/share/ament_index/resource_index/packages
[4.005s] copying resource/examples_rclpy_minimal_client -> /home/tuantran/ros2_ws/install/examples_rclpy_minimal_client/share/ament_index/resource_index/packages
[4.006s] copying package.xml -> /home/tuantran/ros2_ws/install/examples_rclpy_minimal_client/share/examples_rclpy_minimal_client
[4.088s] Invoked command in '/home/tuantran/ros2_ws/build/examples_rclpy_minimal_client' returned '0': PYTHONPATH=/home/tuantran/ros2_ws/build/examples_rclpy_minimal_client/prefix_override:/home/tuantran/ros2_ws/install/examples_rclpy_minimal_client/lib/python3.10/site-packages:${PYTHONPATH} /usr/bin/python3 setup.py develop --editable --build-directory /home/tuantran/ros2_ws/build/examples_rclpy_minimal_client/build --no-deps install_data
