[0.290s] Invoking command in '/home/tuantran/ros2_ws/build/examples_rclcpp_minimal_timer': CMAKE_PREFIX_PATH=/opt/ros/humble /usr/bin/cmake /home/tuantran/ros2_ws/src/examples/rclcpp/timers/minimal_timer -DAMENT_CMAKE_SYMLINK_INSTALL=1 -DCMAKE_INSTALL_PREFIX=/home/tuantran/ros2_ws/install/examples_rclcpp_minimal_timer
[0.543s] -- The C compiler identification is GNU 11.4.0
[0.885s] -- The CXX compiler identification is GNU 11.4.0
[0.916s] -- Detecting C compiler ABI info
[1.219s] -- Detecting C compiler ABI info - done
[1.282s] -- Check for working C compiler: /usr/bin/cc - skipped
[1.284s] -- Detecting C compile features
[1.286s] -- Detecting C compile features - done
[1.302s] -- Detecting CXX compiler ABI info
[1.678s] -- Detecting CXX compiler ABI info - done
[1.731s] -- Check for working CXX compiler: /usr/bin/c++ - skipped
[1.734s] -- Detecting CXX compile features
[1.736s] -- Detecting CXX compile features - done
[1.743s] -- Found ament_cmake: 1.3.6 (/opt/ros/humble/share/ament_cmake/cmake)
[2.471s] -- Found Python3: /usr/bin/python3.10 (found version "3.10.12") found components: Interpreter 
[2.755s] -- Override CMake install command with custom implementation using symlinks instead of copying resources
[2.862s] -- Found rclcpp: 16.0.7 (/opt/ros/humble/share/rclcpp/cmake)
[3.101s] -- Found rosidl_generator_c: 3.1.5 (/opt/ros/humble/share/rosidl_generator_c/cmake)
[3.125s] -- Found rosidl_adapter: 3.1.5 (/opt/ros/humble/share/rosidl_adapter/cmake)
[3.186s] -- Found rosidl_generator_cpp: 3.1.5 (/opt/ros/humble/share/rosidl_generator_cpp/cmake)
[3.275s] -- Using all available rosidl_typesupport_c: rosidl_typesupport_fastrtps_c;rosidl_typesupport_introspection_c
[3.392s] -- Using all available rosidl_typesupport_cpp: rosidl_typesupport_fastrtps_cpp;rosidl_typesupport_introspection_cpp
[3.938s] -- Found rmw_implementation_cmake: 6.1.1 (/opt/ros/humble/share/rmw_implementation_cmake/cmake)
[3.949s] -- Found rmw_fastrtps_cpp: 6.2.5 (/opt/ros/humble/share/rmw_fastrtps_cpp/cmake)
[4.550s] -- Found OpenSSL: /usr/lib/x86_64-linux-gnu/libcrypto.so (found version "3.0.2")  
[4.694s] -- Found FastRTPS: /opt/ros/humble/include  
[4.976s] -- Using RMW implementation 'rmw_fastrtps_cpp' as default
[5.018s] -- Looking for pthread.h
[5.317s] -- Looking for pthread.h - found
[5.320s] -- Performing Test CMAKE_HAVE_LIBC_PTHREAD
[5.755s] -- Performing Test CMAKE_HAVE_LIBC_PTHREAD - Success
[5.760s] -- Found Threads: TRUE  
[7.207s] -- Found ament_lint_auto: 0.12.9 (/opt/ros/humble/share/ament_lint_auto/cmake)
[7.542s] -- Added test 'copyright' to check source files copyright and LICENSE
[7.546s] -- Added test 'cppcheck' to perform static code analysis on C / C++ code
[7.547s] -- Configured cppcheck include dirs: 
[7.547s] -- Configured cppcheck exclude dirs and/or files: 
[7.552s] -- Added test 'cpplint' to check C / C++ code against the Google style
[7.552s] -- Configured cpplint exclude dirs and/or files: 
[7.557s] -- Added test 'lint_cmake' to check CMake code style
[7.562s] -- Added test 'uncrustify' to check C / C++ code style
[7.562s] -- Configured uncrustify additional arguments: 
[7.565s] -- Added test 'xmllint' to check XML markup files
[7.573s] -- Configuring done
[7.636s] -- Generating done
[7.649s] -- Build files have been written to: /home/tuantran/ros2_ws/build/examples_rclcpp_minimal_timer
[7.681s] Invoked command in '/home/tuantran/ros2_ws/build/examples_rclcpp_minimal_timer' returned '0': CMAKE_PREFIX_PATH=/opt/ros/humble /usr/bin/cmake /home/tuantran/ros2_ws/src/examples/rclcpp/timers/minimal_timer -DAMENT_CMAKE_SYMLINK_INSTALL=1 -DCMAKE_INSTALL_PREFIX=/home/tuantran/ros2_ws/install/examples_rclcpp_minimal_timer
[7.682s] Invoking command in '/home/tuantran/ros2_ws/build/examples_rclcpp_minimal_timer': CMAKE_PREFIX_PATH=/opt/ros/humble /usr/bin/cmake --build /home/tuantran/ros2_ws/build/examples_rclcpp_minimal_timer -- -j2 -l2
[7.881s] [ 25%] [32mBuilding CXX object CMakeFiles/timer_lambda.dir/lambda.cpp.o[0m
[22.106s] [ 50%] [32m[1mLinking CXX executable timer_lambda[0m
[22.637s] [ 50%] Built target timer_lambda
[22.718s] [ 75%] [32mBuilding CXX object CMakeFiles/timer_member_function.dir/member_function.cpp.o[0m
[36.536s] [100%] [32m[1mLinking CXX executable timer_member_function[0m
[37.197s] [100%] Built target timer_member_function
[37.261s] Invoked command in '/home/tuantran/ros2_ws/build/examples_rclcpp_minimal_timer' returned '0': CMAKE_PREFIX_PATH=/opt/ros/humble /usr/bin/cmake --build /home/tuantran/ros2_ws/build/examples_rclcpp_minimal_timer -- -j2 -l2
[37.420s] Invoking command in '/home/tuantran/ros2_ws/build/examples_rclcpp_minimal_timer': CMAKE_PREFIX_PATH=/opt/ros/humble /usr/bin/cmake --install /home/tuantran/ros2_ws/build/examples_rclcpp_minimal_timer
[37.455s] -- Install configuration: ""
[37.459s] -- Execute custom install script
[37.461s] -- Symlinking: /home/tuantran/ros2_ws/install/examples_rclcpp_minimal_timer/lib/examples_rclcpp_minimal_timer/timer_lambda
[37.515s] -- Symlinking: /home/tuantran/ros2_ws/install/examples_rclcpp_minimal_timer/lib/examples_rclcpp_minimal_timer/timer_member_function
[37.556s] -- Symlinking: /home/tuantran/ros2_ws/install/examples_rclcpp_minimal_timer/share/ament_index/resource_index/package_run_dependencies/examples_rclcpp_minimal_timer
[37.597s] -- Symlinking: /home/tuantran/ros2_ws/install/examples_rclcpp_minimal_timer/share/ament_index/resource_index/parent_prefix_path/examples_rclcpp_minimal_timer
[37.637s] -- Symlinking: /home/tuantran/ros2_ws/install/examples_rclcpp_minimal_timer/share/examples_rclcpp_minimal_timer/environment/ament_prefix_path.sh
[37.673s] -- Symlinking: /home/tuantran/ros2_ws/install/examples_rclcpp_minimal_timer/share/examples_rclcpp_minimal_timer/environment/ament_prefix_path.dsv
[37.715s] -- Symlinking: /home/tuantran/ros2_ws/install/examples_rclcpp_minimal_timer/share/examples_rclcpp_minimal_timer/environment/path.sh
[37.743s] -- Symlinking: /home/tuantran/ros2_ws/install/examples_rclcpp_minimal_timer/share/examples_rclcpp_minimal_timer/environment/path.dsv
[37.772s] -- Symlinking: /home/tuantran/ros2_ws/install/examples_rclcpp_minimal_timer/share/examples_rclcpp_minimal_timer/local_setup.bash
[37.818s] -- Symlinking: /home/tuantran/ros2_ws/install/examples_rclcpp_minimal_timer/share/examples_rclcpp_minimal_timer/local_setup.sh
[37.847s] -- Symlinking: /home/tuantran/ros2_ws/install/examples_rclcpp_minimal_timer/share/examples_rclcpp_minimal_timer/local_setup.zsh
[37.875s] -- Symlinking: /home/tuantran/ros2_ws/install/examples_rclcpp_minimal_timer/share/examples_rclcpp_minimal_timer/local_setup.dsv
[37.918s] -- Symlinking: /home/tuantran/ros2_ws/install/examples_rclcpp_minimal_timer/share/examples_rclcpp_minimal_timer/package.dsv
[37.945s] -- Symlinking: /home/tuantran/ros2_ws/install/examples_rclcpp_minimal_timer/share/ament_index/resource_index/packages/examples_rclcpp_minimal_timer
[37.977s] -- Symlinking: /home/tuantran/ros2_ws/install/examples_rclcpp_minimal_timer/share/examples_rclcpp_minimal_timer/cmake/examples_rclcpp_minimal_timerConfig.cmake
[38.028s] -- Symlinking: /home/tuantran/ros2_ws/install/examples_rclcpp_minimal_timer/share/examples_rclcpp_minimal_timer/cmake/examples_rclcpp_minimal_timerConfig-version.cmake
[38.091s] -- Symlinking: /home/tuantran/ros2_ws/install/examples_rclcpp_minimal_timer/share/examples_rclcpp_minimal_timer/package.xml
[38.159s] Invoked command in '/home/tuantran/ros2_ws/build/examples_rclcpp_minimal_timer' returned '0': CMAKE_PREFIX_PATH=/opt/ros/humble /usr/bin/cmake --install /home/tuantran/ros2_ws/build/examples_rclcpp_minimal_timer
