[0.352s] Invoking command in '/home/tuantran/ros2_ws/build/cpp_pubsub': CMAKE_PREFIX_PATH=${CMAKE_PREFIX_PATH}:/home/tuantran/ros2_ws/install/launch_testing_examples:/home/tuantran/ros2_ws/install/examples_rclpy_pointcloud_publisher:/home/tuantran/ros2_ws/install/examples_rclpy_minimal_subscriber:/home/tuantran/ros2_ws/install/examples_rclpy_minimal_service:/home/tuantran/ros2_ws/install/examples_rclpy_minimal_publisher:/home/tuantran/ros2_ws/install/examples_rclpy_minimal_client:/home/tuantran/ros2_ws/install/examples_rclpy_minimal_action_server:/home/tuantran/ros2_ws/install/examples_rclpy_minimal_action_client:/home/tuantran/ros2_ws/install/examples_rclpy_guard_conditions:/home/tuantran/ros2_ws/install/examples_rclpy_executors:/opt/ros/humble /usr/bin/cmake --build /home/tuantran/ros2_ws/build/cpp_pubsub -- -j2 -l2
[0.536s] -- Found ament_cmake: 1.3.6 (/opt/ros/humble/share/ament_cmake/cmake)
[1.277s] -- Found rclcpp: 16.0.7 (/opt/ros/humble/share/rclcpp/cmake)
[1.429s] -- Found rosidl_generator_c: 3.1.5 (/opt/ros/humble/share/rosidl_generator_c/cmake)
[1.445s] -- Found rosidl_adapter: 3.1.5 (/opt/ros/humble/share/rosidl_adapter/cmake)
[1.485s] -- Found rosidl_generator_cpp: 3.1.5 (/opt/ros/humble/share/rosidl_generator_cpp/cmake)
[1.580s] -- Using all available rosidl_typesupport_c: rosidl_typesupport_fastrtps_c;rosidl_typesupport_introspection_c
[1.701s] -- Using all available rosidl_typesupport_cpp: rosidl_typesupport_fastrtps_cpp;rosidl_typesupport_introspection_cpp
[2.225s] -- Found rmw_implementation_cmake: 6.1.1 (/opt/ros/humble/share/rmw_implementation_cmake/cmake)
[2.251s] -- Found rmw_fastrtps_cpp: 6.2.5 (/opt/ros/humble/share/rmw_fastrtps_cpp/cmake)
[3.127s] -- Using RMW implementation 'rmw_fastrtps_cpp' as default
[4.947s] -- Found tutorial_interfaces: 0.0.0 (/home/tuantran/ros2_ws/install/tutorial_interfaces/share/tutorial_interfaces/cmake)
[6.194s] -- Found ament_lint_auto: 0.12.9 (/opt/ros/humble/share/ament_lint_auto/cmake)
[6.488s] -- Added test 'cppcheck' to perform static code analysis on C / C++ code
[6.488s] -- Configured cppcheck include dirs: 
[6.488s] -- Configured cppcheck exclude dirs and/or files: 
[6.491s] -- Added test 'lint_cmake' to check CMake code style
[6.494s] -- Added test 'uncrustify' to check C / C++ code style
[6.494s] -- Configured uncrustify additional arguments: 
[6.496s] -- Added test 'xmllint' to check XML markup files
[6.499s] -- Configuring done
[6.559s] -- Generating done
[6.569s] -- Build files have been written to: /home/tuantran/ros2_ws/build/cpp_pubsub
[6.673s] [35m[1mConsolidate compiler generated dependencies of target listener[0m
[6.675s] [35m[1mConsolidate compiler generated dependencies of target talker[0m
[6.833s] [ 25%] [32mBuilding CXX object CMakeFiles/talker.dir/src/publisher_member_function.cpp.o[0m
[6.837s] [ 50%] [32mBuilding CXX object CMakeFiles/listener.dir/src/subscriber_member_function.cpp.o[0m
[31.087s] [ 75%] [32m[1mLinking CXX executable talker[0m
[32.400s] [ 75%] Built target talker
[45.750s] [100%] [32m[1mLinking CXX executable listener[0m
[47.690s] [100%] Built target listener
[47.737s] Invoked command in '/home/tuantran/ros2_ws/build/cpp_pubsub' returned '0': CMAKE_PREFIX_PATH=${CMAKE_PREFIX_PATH}:/home/tuantran/ros2_ws/install/launch_testing_examples:/home/tuantran/ros2_ws/install/examples_rclpy_pointcloud_publisher:/home/tuantran/ros2_ws/install/examples_rclpy_minimal_subscriber:/home/tuantran/ros2_ws/install/examples_rclpy_minimal_service:/home/tuantran/ros2_ws/install/examples_rclpy_minimal_publisher:/home/tuantran/ros2_ws/install/examples_rclpy_minimal_client:/home/tuantran/ros2_ws/install/examples_rclpy_minimal_action_server:/home/tuantran/ros2_ws/install/examples_rclpy_minimal_action_client:/home/tuantran/ros2_ws/install/examples_rclpy_guard_conditions:/home/tuantran/ros2_ws/install/examples_rclpy_executors:/opt/ros/humble /usr/bin/cmake --build /home/tuantran/ros2_ws/build/cpp_pubsub -- -j2 -l2
[47.884s] Invoking command in '/home/tuantran/ros2_ws/build/cpp_pubsub': CMAKE_PREFIX_PATH=${CMAKE_PREFIX_PATH}:/home/tuantran/ros2_ws/install/launch_testing_examples:/home/tuantran/ros2_ws/install/examples_rclpy_pointcloud_publisher:/home/tuantran/ros2_ws/install/examples_rclpy_minimal_subscriber:/home/tuantran/ros2_ws/install/examples_rclpy_minimal_service:/home/tuantran/ros2_ws/install/examples_rclpy_minimal_publisher:/home/tuantran/ros2_ws/install/examples_rclpy_minimal_client:/home/tuantran/ros2_ws/install/examples_rclpy_minimal_action_server:/home/tuantran/ros2_ws/install/examples_rclpy_minimal_action_client:/home/tuantran/ros2_ws/install/examples_rclpy_guard_conditions:/home/tuantran/ros2_ws/install/examples_rclpy_executors:/opt/ros/humble /usr/bin/cmake --install /home/tuantran/ros2_ws/build/cpp_pubsub
[47.922s] -- Install configuration: ""
[47.930s] -- Installing: /home/tuantran/ros2_ws/install/cpp_pubsub/lib/cpp_pubsub/talker
[47.939s] -- Set runtime path of "/home/tuantran/ros2_ws/install/cpp_pubsub/lib/cpp_pubsub/talker" to ""
[47.941s] -- Installing: /home/tuantran/ros2_ws/install/cpp_pubsub/lib/cpp_pubsub/listener
[47.960s] -- Set runtime path of "/home/tuantran/ros2_ws/install/cpp_pubsub/lib/cpp_pubsub/listener" to ""
[47.961s] -- Installing: /home/tuantran/ros2_ws/install/cpp_pubsub/share/ament_index/resource_index/package_run_dependencies/cpp_pubsub
[47.962s] -- Installing: /home/tuantran/ros2_ws/install/cpp_pubsub/share/ament_index/resource_index/parent_prefix_path/cpp_pubsub
[47.963s] -- Up-to-date: /home/tuantran/ros2_ws/install/cpp_pubsub/share/cpp_pubsub/environment/ament_prefix_path.sh
[47.964s] -- Installing: /home/tuantran/ros2_ws/install/cpp_pubsub/share/cpp_pubsub/environment/ament_prefix_path.dsv
[47.966s] -- Up-to-date: /home/tuantran/ros2_ws/install/cpp_pubsub/share/cpp_pubsub/environment/path.sh
[47.966s] -- Installing: /home/tuantran/ros2_ws/install/cpp_pubsub/share/cpp_pubsub/environment/path.dsv
[47.968s] -- Up-to-date: /home/tuantran/ros2_ws/install/cpp_pubsub/share/cpp_pubsub/local_setup.bash
[47.968s] -- Up-to-date: /home/tuantran/ros2_ws/install/cpp_pubsub/share/cpp_pubsub/local_setup.sh
[47.969s] -- Up-to-date: /home/tuantran/ros2_ws/install/cpp_pubsub/share/cpp_pubsub/local_setup.zsh
[47.970s] -- Installing: /home/tuantran/ros2_ws/install/cpp_pubsub/share/cpp_pubsub/local_setup.dsv
[47.971s] -- Installing: /home/tuantran/ros2_ws/install/cpp_pubsub/share/cpp_pubsub/package.dsv
[47.980s] -- Up-to-date: /home/tuantran/ros2_ws/install/cpp_pubsub/share/ament_index/resource_index/packages/cpp_pubsub
[47.980s] -- Up-to-date: /home/tuantran/ros2_ws/install/cpp_pubsub/share/cpp_pubsub/cmake/cpp_pubsubConfig.cmake
[47.980s] -- Up-to-date: /home/tuantran/ros2_ws/install/cpp_pubsub/share/cpp_pubsub/cmake/cpp_pubsubConfig-version.cmake
[47.981s] -- Installing: /home/tuantran/ros2_ws/install/cpp_pubsub/share/cpp_pubsub/package.xml
[47.993s] Invoked command in '/home/tuantran/ros2_ws/build/cpp_pubsub' returned '0': CMAKE_PREFIX_PATH=${CMAKE_PREFIX_PATH}:/home/tuantran/ros2_ws/install/launch_testing_examples:/home/tuantran/ros2_ws/install/examples_rclpy_pointcloud_publisher:/home/tuantran/ros2_ws/install/examples_rclpy_minimal_subscriber:/home/tuantran/ros2_ws/install/examples_rclpy_minimal_service:/home/tuantran/ros2_ws/install/examples_rclpy_minimal_publisher:/home/tuantran/ros2_ws/install/examples_rclpy_minimal_client:/home/tuantran/ros2_ws/install/examples_rclpy_minimal_action_server:/home/tuantran/ros2_ws/install/examples_rclpy_minimal_action_client:/home/tuantran/ros2_ws/install/examples_rclpy_guard_conditions:/home/tuantran/ros2_ws/install/examples_rclpy_executors:/opt/ros/humble /usr/bin/cmake --install /home/tuantran/ros2_ws/build/cpp_pubsub
