[2.893s] Invoking command in '/home/tuantran/ros2_ws/build/examples_rclpy_minimal_service': PYTHONPATH=/home/tuantran/ros2_ws/build/examples_rclpy_minimal_service/prefix_override:/home/tuantran/ros2_ws/install/examples_rclpy_minimal_service/lib/python3.10/site-packages:${PYTHONPATH} /usr/bin/python3 setup.py develop --editable --build-directory /home/tuantran/ros2_ws/build/examples_rclpy_minimal_service/build --no-deps install_data
[4.077s] running develop
[4.078s] /usr/lib/python3/dist-packages/setuptools/command/easy_install.py:158: EasyInstallDeprecationWarning: easy_install command is deprecated. Use build and pip and other standards-based tools.
[4.079s]   warnings.warn(
[4.084s] /usr/lib/python3/dist-packages/setuptools/command/install.py:34: SetuptoolsDeprecationWarning: setup.py install is deprecated. Use build and pip and other standards-based tools.
[4.084s]   warnings.warn(
[5.084s] running egg_info
[5.084s] creating examples_rclpy_minimal_service.egg-info
[5.085s] writing examples_rclpy_minimal_service.egg-info/PKG-INFO
[5.085s] writing dependency_links to examples_rclpy_minimal_service.egg-info/dependency_links.txt
[5.085s] writing entry points to examples_rclpy_minimal_service.egg-info/entry_points.txt
[5.086s] writing requirements to examples_rclpy_minimal_service.egg-info/requires.txt
[5.086s] writing top-level names to examples_rclpy_minimal_service.egg-info/top_level.txt
[5.086s] writing manifest file 'examples_rclpy_minimal_service.egg-info/SOURCES.txt'
[5.103s] reading manifest file 'examples_rclpy_minimal_service.egg-info/SOURCES.txt'
[5.104s] writing manifest file 'examples_rclpy_minimal_service.egg-info/SOURCES.txt'
[5.115s] running build_ext
[5.116s] Creating /home/tuantran/ros2_ws/install/examples_rclpy_minimal_service/lib/python3.10/site-packages/examples-rclpy-minimal-service.egg-link (link to .)
[5.116s] Installing service script to /home/tuantran/ros2_ws/install/examples_rclpy_minimal_service/lib/examples_rclpy_minimal_service
[5.119s] Installing service_member_function script to /home/tuantran/ros2_ws/install/examples_rclpy_minimal_service/lib/examples_rclpy_minimal_service
[5.119s] 
[5.127s] Installed /home/tuantran/ros2_ws/build/examples_rclpy_minimal_service
[5.128s] running install_data
[5.128s] creating /home/tuantran/ros2_ws/install/examples_rclpy_minimal_service/share/ament_index
[5.128s] creating /home/tuantran/ros2_ws/install/examples_rclpy_minimal_service/share/ament_index/resource_index
[5.129s] creating /home/tuantran/ros2_ws/install/examples_rclpy_minimal_service/share/ament_index/resource_index/packages
[5.129s] copying resource/examples_rclpy_minimal_service -> /home/tuantran/ros2_ws/install/examples_rclpy_minimal_service/share/ament_index/resource_index/packages
[5.129s] copying package.xml -> /home/tuantran/ros2_ws/install/examples_rclpy_minimal_service/share/examples_rclpy_minimal_service
[5.352s] Invoked command in '/home/tuantran/ros2_ws/build/examples_rclpy_minimal_service' returned '0': PYTHONPATH=/home/tuantran/ros2_ws/build/examples_rclpy_minimal_service/prefix_override:/home/tuantran/ros2_ws/install/examples_rclpy_minimal_service/lib/python3.10/site-packages:${PYTHONPATH} /usr/bin/python3 setup.py develop --editable --build-directory /home/tuantran/ros2_ws/build/examples_rclpy_minimal_service/build --no-deps install_data
