[0.291s] Invoking command in '/home/tuantran/ros2_ws/build/cpp_pubsub': AMENT_PREFIX_PATH=/home/tuantran/ros2_ws/install/tutorial_interfaces:${AMENT_PREFIX_PATH} CMAKE_PREFIX_PATH=/home/tuantran/ros2_ws/install/tutorial_interfaces:/opt/ros/humble LD_LIBRARY_PATH=/home/tuantran/ros2_ws/install/tutorial_interfaces/lib:${LD_LIBRARY_PATH} PYTHONPATH=/home/tuantran/ros2_ws/install/tutorial_interfaces/local/lib/python3.10/dist-packages:${PYTHONPATH} /usr/bin/cmake --build /home/tuantran/ros2_ws/build/cpp_pubsub -- -j2 -l2
[0.609s] [ 50%] Built target talker
[0.623s] [100%] Built target listener
[0.687s] Invoked command in '/home/tuantran/ros2_ws/build/cpp_pubsub' returned '0': AMENT_PREFIX_PATH=/home/tuantran/ros2_ws/install/tutorial_interfaces:${AMENT_PREFIX_PATH} CMAKE_PREFIX_PATH=/home/tuantran/ros2_ws/install/tutorial_interfaces:/opt/ros/humble LD_LIBRARY_PATH=/home/tuantran/ros2_ws/install/tutorial_interfaces/lib:${LD_LIBRARY_PATH} PYTHONPATH=/home/tuantran/ros2_ws/install/tutorial_interfaces/local/lib/python3.10/dist-packages:${PYTHONPATH} /usr/bin/cmake --build /home/tuantran/ros2_ws/build/cpp_pubsub -- -j2 -l2
[0.842s] Invoking command in '/home/tuantran/ros2_ws/build/cpp_pubsub': AMENT_PREFIX_PATH=/home/tuantran/ros2_ws/install/tutorial_interfaces:${AMENT_PREFIX_PATH} CMAKE_PREFIX_PATH=/home/tuantran/ros2_ws/install/tutorial_interfaces:/opt/ros/humble LD_LIBRARY_PATH=/home/tuantran/ros2_ws/install/tutorial_interfaces/lib:${LD_LIBRARY_PATH} PYTHONPATH=/home/tuantran/ros2_ws/install/tutorial_interfaces/local/lib/python3.10/dist-packages:${PYTHONPATH} /usr/bin/cmake --install /home/tuantran/ros2_ws/build/cpp_pubsub
[0.892s] -- Install configuration: ""
[0.893s] -- Up-to-date: /home/tuantran/ros2_ws/install/cpp_pubsub/lib/cpp_pubsub/talker
[0.895s] -- Up-to-date: /home/tuantran/ros2_ws/install/cpp_pubsub/lib/cpp_pubsub/listener
[0.896s] -- Up-to-date: /home/tuantran/ros2_ws/install/cpp_pubsub/share/ament_index/resource_index/package_run_dependencies/cpp_pubsub
[0.896s] -- Up-to-date: /home/tuantran/ros2_ws/install/cpp_pubsub/share/ament_index/resource_index/parent_prefix_path/cpp_pubsub
[0.897s] -- Up-to-date: /home/tuantran/ros2_ws/install/cpp_pubsub/share/cpp_pubsub/environment/ament_prefix_path.sh
[0.897s] -- Up-to-date: /home/tuantran/ros2_ws/install/cpp_pubsub/share/cpp_pubsub/environment/ament_prefix_path.dsv
[0.897s] -- Up-to-date: /home/tuantran/ros2_ws/install/cpp_pubsub/share/cpp_pubsub/environment/path.sh
[0.898s] -- Up-to-date: /home/tuantran/ros2_ws/install/cpp_pubsub/share/cpp_pubsub/environment/path.dsv
[0.898s] -- Up-to-date: /home/tuantran/ros2_ws/install/cpp_pubsub/share/cpp_pubsub/local_setup.bash
[0.898s] -- Up-to-date: /home/tuantran/ros2_ws/install/cpp_pubsub/share/cpp_pubsub/local_setup.sh
[0.903s] -- Up-to-date: /home/tuantran/ros2_ws/install/cpp_pubsub/share/cpp_pubsub/local_setup.zsh
[0.904s] -- Up-to-date: /home/tuantran/ros2_ws/install/cpp_pubsub/share/cpp_pubsub/local_setup.dsv
[0.904s] -- Installing: /home/tuantran/ros2_ws/install/cpp_pubsub/share/cpp_pubsub/package.dsv
[0.904s] -- Up-to-date: /home/tuantran/ros2_ws/install/cpp_pubsub/share/ament_index/resource_index/packages/cpp_pubsub
[0.904s] -- Up-to-date: /home/tuantran/ros2_ws/install/cpp_pubsub/share/cpp_pubsub/cmake/cpp_pubsubConfig.cmake
[0.905s] -- Up-to-date: /home/tuantran/ros2_ws/install/cpp_pubsub/share/cpp_pubsub/cmake/cpp_pubsubConfig-version.cmake
[0.905s] -- Up-to-date: /home/tuantran/ros2_ws/install/cpp_pubsub/share/cpp_pubsub/package.xml
[0.918s] Invoked command in '/home/tuantran/ros2_ws/build/cpp_pubsub' returned '0': AMENT_PREFIX_PATH=/home/tuantran/ros2_ws/install/tutorial_interfaces:${AMENT_PREFIX_PATH} CMAKE_PREFIX_PATH=/home/tuantran/ros2_ws/install/tutorial_interfaces:/opt/ros/humble LD_LIBRARY_PATH=/home/tuantran/ros2_ws/install/tutorial_interfaces/lib:${LD_LIBRARY_PATH} PYTHONPATH=/home/tuantran/ros2_ws/install/tutorial_interfaces/local/lib/python3.10/dist-packages:${PYTHONPATH} /usr/bin/cmake --install /home/tuantran/ros2_ws/build/cpp_pubsub
