[0.928s] Invoking command in '/home/tuantran/ros2_ws/build/examples_rclcpp_minimal_client': CMAKE_PREFIX_PATH=${CMAKE_PREFIX_PATH}:/home/tuantran/ros2_ws/install/launch_testing_examples:/home/tuantran/ros2_ws/install/examples_rclpy_pointcloud_publisher:/home/tuantran/ros2_ws/install/examples_rclpy_minimal_subscriber:/home/tuantran/ros2_ws/install/examples_rclpy_minimal_service:/home/tuantran/ros2_ws/install/examples_rclpy_minimal_publisher:/home/tuantran/ros2_ws/install/examples_rclpy_minimal_client:/home/tuantran/ros2_ws/install/examples_rclpy_minimal_action_server:/home/tuantran/ros2_ws/install/examples_rclpy_minimal_action_client:/home/tuantran/ros2_ws/install/examples_rclpy_guard_conditions:/home/tuantran/ros2_ws/install/examples_rclpy_executors:/opt/ros/humble /usr/bin/cmake --build /home/tuantran/ros2_ws/build/examples_rclcpp_minimal_client -- -j2 -l2
[1.552s] [100%] Built target client_main
[1.659s] Invoked command in '/home/tuantran/ros2_ws/build/examples_rclcpp_minimal_client' returned '0': CMAKE_PREFIX_PATH=${CMAKE_PREFIX_PATH}:/home/tuantran/ros2_ws/install/launch_testing_examples:/home/tuantran/ros2_ws/install/examples_rclpy_pointcloud_publisher:/home/tuantran/ros2_ws/install/examples_rclpy_minimal_subscriber:/home/tuantran/ros2_ws/install/examples_rclpy_minimal_service:/home/tuantran/ros2_ws/install/examples_rclpy_minimal_publisher:/home/tuantran/ros2_ws/install/examples_rclpy_minimal_client:/home/tuantran/ros2_ws/install/examples_rclpy_minimal_action_server:/home/tuantran/ros2_ws/install/examples_rclpy_minimal_action_client:/home/tuantran/ros2_ws/install/examples_rclpy_guard_conditions:/home/tuantran/ros2_ws/install/examples_rclpy_executors:/opt/ros/humble /usr/bin/cmake --build /home/tuantran/ros2_ws/build/examples_rclcpp_minimal_client -- -j2 -l2
[1.782s] Invoking command in '/home/tuantran/ros2_ws/build/examples_rclcpp_minimal_client': CMAKE_PREFIX_PATH=${CMAKE_PREFIX_PATH}:/home/tuantran/ros2_ws/install/launch_testing_examples:/home/tuantran/ros2_ws/install/examples_rclpy_pointcloud_publisher:/home/tuantran/ros2_ws/install/examples_rclpy_minimal_subscriber:/home/tuantran/ros2_ws/install/examples_rclpy_minimal_service:/home/tuantran/ros2_ws/install/examples_rclpy_minimal_publisher:/home/tuantran/ros2_ws/install/examples_rclpy_minimal_client:/home/tuantran/ros2_ws/install/examples_rclpy_minimal_action_server:/home/tuantran/ros2_ws/install/examples_rclpy_minimal_action_client:/home/tuantran/ros2_ws/install/examples_rclpy_guard_conditions:/home/tuantran/ros2_ws/install/examples_rclpy_executors:/opt/ros/humble /usr/bin/cmake --install /home/tuantran/ros2_ws/build/examples_rclcpp_minimal_client
[1.808s] -- Install configuration: ""
[1.810s] -- Execute custom install script
[1.813s] -- Up-to-date symlink: /home/tuantran/ros2_ws/install/examples_rclcpp_minimal_client/lib/examples_rclcpp_minimal_client/client_main
[1.815s] -- Up-to-date symlink: /home/tuantran/ros2_ws/install/examples_rclcpp_minimal_client/share/ament_index/resource_index/package_run_dependencies/examples_rclcpp_minimal_client
[1.817s] -- Up-to-date symlink: /home/tuantran/ros2_ws/install/examples_rclcpp_minimal_client/share/ament_index/resource_index/parent_prefix_path/examples_rclcpp_minimal_client
[1.819s] -- Up-to-date symlink: /home/tuantran/ros2_ws/install/examples_rclcpp_minimal_client/share/examples_rclcpp_minimal_client/environment/ament_prefix_path.sh
[1.821s] -- Up-to-date symlink: /home/tuantran/ros2_ws/install/examples_rclcpp_minimal_client/share/examples_rclcpp_minimal_client/environment/ament_prefix_path.dsv
[1.823s] -- Up-to-date symlink: /home/tuantran/ros2_ws/install/examples_rclcpp_minimal_client/share/examples_rclcpp_minimal_client/environment/path.sh
[1.824s] -- Up-to-date symlink: /home/tuantran/ros2_ws/install/examples_rclcpp_minimal_client/share/examples_rclcpp_minimal_client/environment/path.dsv
[1.825s] -- Up-to-date symlink: /home/tuantran/ros2_ws/install/examples_rclcpp_minimal_client/share/examples_rclcpp_minimal_client/local_setup.bash
[1.827s] -- Up-to-date symlink: /home/tuantran/ros2_ws/install/examples_rclcpp_minimal_client/share/examples_rclcpp_minimal_client/local_setup.sh
[1.828s] -- Up-to-date symlink: /home/tuantran/ros2_ws/install/examples_rclcpp_minimal_client/share/examples_rclcpp_minimal_client/local_setup.zsh
[1.830s] -- Up-to-date symlink: /home/tuantran/ros2_ws/install/examples_rclcpp_minimal_client/share/examples_rclcpp_minimal_client/local_setup.dsv
[1.832s] -- Symlinking: /home/tuantran/ros2_ws/install/examples_rclcpp_minimal_client/share/examples_rclcpp_minimal_client/package.dsv
[1.866s] -- Up-to-date symlink: /home/tuantran/ros2_ws/install/examples_rclcpp_minimal_client/share/ament_index/resource_index/packages/examples_rclcpp_minimal_client
[1.867s] -- Up-to-date symlink: /home/tuantran/ros2_ws/install/examples_rclcpp_minimal_client/share/examples_rclcpp_minimal_client/cmake/examples_rclcpp_minimal_clientConfig.cmake
[1.867s] -- Up-to-date symlink: /home/tuantran/ros2_ws/install/examples_rclcpp_minimal_client/share/examples_rclcpp_minimal_client/cmake/examples_rclcpp_minimal_clientConfig-version.cmake
[1.868s] -- Up-to-date symlink: /home/tuantran/ros2_ws/install/examples_rclcpp_minimal_client/share/examples_rclcpp_minimal_client/package.xml
[1.876s] Invoked command in '/home/tuantran/ros2_ws/build/examples_rclcpp_minimal_client' returned '0': CMAKE_PREFIX_PATH=${CMAKE_PREFIX_PATH}:/home/tuantran/ros2_ws/install/launch_testing_examples:/home/tuantran/ros2_ws/install/examples_rclpy_pointcloud_publisher:/home/tuantran/ros2_ws/install/examples_rclpy_minimal_subscriber:/home/tuantran/ros2_ws/install/examples_rclpy_minimal_service:/home/tuantran/ros2_ws/install/examples_rclpy_minimal_publisher:/home/tuantran/ros2_ws/install/examples_rclpy_minimal_client:/home/tuantran/ros2_ws/install/examples_rclpy_minimal_action_server:/home/tuantran/ros2_ws/install/examples_rclpy_minimal_action_client:/home/tuantran/ros2_ws/install/examples_rclpy_guard_conditions:/home/tuantran/ros2_ws/install/examples_rclpy_executors:/opt/ros/humble /usr/bin/cmake --install /home/tuantran/ros2_ws/build/examples_rclcpp_minimal_client
