[0.236s] Invoking command in '/home/tuantran/ros2_ws/build/examples_rclcpp_cbg_executor': CMAKE_PREFIX_PATH=/opt/ros/humble /usr/bin/cmake /home/tuantran/ros2_ws/src/examples/rclcpp/executors/cbg_executor -DAMENT_CMAKE_SYMLINK_INSTALL=1 -DCMAKE_INSTALL_PREFIX=/home/tuantran/ros2_ws/install/examples_rclcpp_cbg_executor
[0.559s] -- The C compiler identification is GNU 11.4.0
[1.106s] -- The CXX compiler identification is GNU 11.4.0
[1.195s] -- Detecting C compiler ABI info
[1.587s] -- Detecting C compiler ABI info - done
[1.678s] -- Check for working C compiler: /usr/bin/cc - skipped
[1.679s] -- Detecting C compile features
[1.681s] -- Detecting C compile features - done
[1.701s] -- Detecting CXX compiler ABI info
[2.150s] -- Detecting CXX compiler ABI info - done
[2.235s] -- Check for working CXX compiler: /usr/bin/c++ - skipped
[2.235s] -- Detecting CXX compile features
[2.236s] -- Detecting CXX compile features - done
[2.287s] -- Found ament_cmake: 1.3.6 (/opt/ros/humble/share/ament_cmake/cmake)
[3.614s] -- Found Python3: /usr/bin/python3.10 (found version "3.10.12") found components: Interpreter 
[4.122s] -- Override CMake install command with custom implementation using symlinks instead of copying resources
[4.425s] -- Found rclcpp: 16.0.7 (/opt/ros/humble/share/rclcpp/cmake)
[4.823s] -- Found rosidl_generator_c: 3.1.5 (/opt/ros/humble/share/rosidl_generator_c/cmake)
[4.901s] -- Found rosidl_adapter: 3.1.5 (/opt/ros/humble/share/rosidl_adapter/cmake)
[5.057s] -- Found rosidl_generator_cpp: 3.1.5 (/opt/ros/humble/share/rosidl_generator_cpp/cmake)
[5.237s] -- Using all available rosidl_typesupport_c: rosidl_typesupport_fastrtps_c;rosidl_typesupport_introspection_c
[5.461s] -- Using all available rosidl_typesupport_cpp: rosidl_typesupport_fastrtps_cpp;rosidl_typesupport_introspection_cpp
[6.004s] -- Found rmw_implementation_cmake: 6.1.1 (/opt/ros/humble/share/rmw_implementation_cmake/cmake)
[6.017s] -- Found rmw_fastrtps_cpp: 6.2.5 (/opt/ros/humble/share/rmw_fastrtps_cpp/cmake)
[6.805s] -- Found OpenSSL: /usr/lib/x86_64-linux-gnu/libcrypto.so (found version "3.0.2")  
[6.920s] -- Found FastRTPS: /opt/ros/humble/include  
[7.347s] -- Using RMW implementation 'rmw_fastrtps_cpp' as default
[7.474s] -- Looking for pthread.h
[7.791s] -- Looking for pthread.h - found
[7.793s] -- Performing Test CMAKE_HAVE_LIBC_PTHREAD
[8.200s] -- Performing Test CMAKE_HAVE_LIBC_PTHREAD - Success
[8.205s] -- Found Threads: TRUE  
[10.028s] -- Found ament_lint_auto: 0.12.9 (/opt/ros/humble/share/ament_lint_auto/cmake)
[10.340s] -- Added test 'copyright' to check source files copyright and LICENSE
[10.348s] -- Added test 'cppcheck' to perform static code analysis on C / C++ code
[10.364s] -- Configured cppcheck include dirs: /home/tuantran/ros2_ws/src/examples/rclcpp/executors/cbg_executor/include
[10.365s] -- Configured cppcheck exclude dirs and/or files: 
[10.365s] -- Added test 'cpplint' to check C / C++ code against the Google style
[10.366s] -- Configured cpplint exclude dirs and/or files: 
[10.366s] -- Added test 'lint_cmake' to check CMake code style
[10.366s] -- Added test 'uncrustify' to check C / C++ code style
[10.366s] -- Configured uncrustify additional arguments: 
[10.368s] -- Added test 'xmllint' to check XML markup files
[10.378s] -- Configuring done
[10.450s] -- Generating done
[10.461s] -- Build files have been written to: /home/tuantran/ros2_ws/build/examples_rclcpp_cbg_executor
[10.492s] Invoked command in '/home/tuantran/ros2_ws/build/examples_rclcpp_cbg_executor' returned '0': CMAKE_PREFIX_PATH=/opt/ros/humble /usr/bin/cmake /home/tuantran/ros2_ws/src/examples/rclcpp/executors/cbg_executor -DAMENT_CMAKE_SYMLINK_INSTALL=1 -DCMAKE_INSTALL_PREFIX=/home/tuantran/ros2_ws/install/examples_rclcpp_cbg_executor
[10.497s] Invoking command in '/home/tuantran/ros2_ws/build/examples_rclcpp_cbg_executor': CMAKE_PREFIX_PATH=/opt/ros/humble /usr/bin/cmake --build /home/tuantran/ros2_ws/build/examples_rclcpp_cbg_executor -- -j2 -l2
[10.675s] [ 10%] [32mBuilding CXX object CMakeFiles/ping.dir/src/ping.cpp.o[0m
[10.757s] [ 20%] [32mBuilding CXX object CMakeFiles/pong.dir/src/pong.cpp.o[0m
[26.436s] [ 30%] [32mBuilding CXX object CMakeFiles/ping.dir/src/examples_rclcpp_cbg_executor/ping_node.cpp.o[0m
[27.127s] [ 40%] [32mBuilding CXX object CMakeFiles/pong.dir/src/examples_rclcpp_cbg_executor/pong_node.cpp.o[0m
[77.089s] [ 50%] [32m[1mLinking CXX executable pong[0m
[77.526s] [ 60%] [32m[1mLinking CXX executable ping[0m
[80.219s] [ 60%] Built target pong
[80.364s] [ 60%] Built target ping
[80.442s] [ 70%] [32mBuilding CXX object CMakeFiles/ping_pong.dir/src/ping_pong.cpp.o[0m
[91.761s] [ 80%] [32mBuilding CXX object CMakeFiles/ping_pong.dir/src/examples_rclcpp_cbg_executor/ping_node.cpp.o[0m
[122.982s] [ 90%] [32mBuilding CXX object CMakeFiles/ping_pong.dir/src/examples_rclcpp_cbg_executor/pong_node.cpp.o[0m
[153.952s] [100%] [32m[1mLinking CXX executable ping_pong[0m
[156.776s] [100%] Built target ping_pong
[156.812s] Invoked command in '/home/tuantran/ros2_ws/build/examples_rclcpp_cbg_executor' returned '0': CMAKE_PREFIX_PATH=/opt/ros/humble /usr/bin/cmake --build /home/tuantran/ros2_ws/build/examples_rclcpp_cbg_executor -- -j2 -l2
[156.915s] Invoking command in '/home/tuantran/ros2_ws/build/examples_rclcpp_cbg_executor': CMAKE_PREFIX_PATH=/opt/ros/humble /usr/bin/cmake --install /home/tuantran/ros2_ws/build/examples_rclcpp_cbg_executor
[156.944s] -- Install configuration: ""
[156.947s] -- Execute custom install script
[156.949s] -- Symlinking: /home/tuantran/ros2_ws/install/examples_rclcpp_cbg_executor/lib/examples_rclcpp_cbg_executor/ping
[156.976s] -- Symlinking: /home/tuantran/ros2_ws/install/examples_rclcpp_cbg_executor/lib/examples_rclcpp_cbg_executor/pong
[157.010s] -- Symlinking: /home/tuantran/ros2_ws/install/examples_rclcpp_cbg_executor/lib/examples_rclcpp_cbg_executor/ping_pong
[157.040s] -- Symlinking: /home/tuantran/ros2_ws/install/examples_rclcpp_cbg_executor/include/examples_rclcpp_cbg_executor/ping_node.hpp
[157.068s] -- Symlinking: /home/tuantran/ros2_ws/install/examples_rclcpp_cbg_executor/include/examples_rclcpp_cbg_executor/pong_node.hpp
[157.098s] -- Symlinking: /home/tuantran/ros2_ws/install/examples_rclcpp_cbg_executor/share/ament_index/resource_index/package_run_dependencies/examples_rclcpp_cbg_executor
[157.125s] -- Symlinking: /home/tuantran/ros2_ws/install/examples_rclcpp_cbg_executor/share/ament_index/resource_index/parent_prefix_path/examples_rclcpp_cbg_executor
[157.152s] -- Symlinking: /home/tuantran/ros2_ws/install/examples_rclcpp_cbg_executor/share/examples_rclcpp_cbg_executor/environment/ament_prefix_path.sh
[157.183s] -- Symlinking: /home/tuantran/ros2_ws/install/examples_rclcpp_cbg_executor/share/examples_rclcpp_cbg_executor/environment/ament_prefix_path.dsv
[157.210s] -- Symlinking: /home/tuantran/ros2_ws/install/examples_rclcpp_cbg_executor/share/examples_rclcpp_cbg_executor/environment/path.sh
[157.237s] -- Symlinking: /home/tuantran/ros2_ws/install/examples_rclcpp_cbg_executor/share/examples_rclcpp_cbg_executor/environment/path.dsv
[157.264s] -- Symlinking: /home/tuantran/ros2_ws/install/examples_rclcpp_cbg_executor/share/examples_rclcpp_cbg_executor/local_setup.bash
[157.291s] -- Symlinking: /home/tuantran/ros2_ws/install/examples_rclcpp_cbg_executor/share/examples_rclcpp_cbg_executor/local_setup.sh
[157.320s] -- Symlinking: /home/tuantran/ros2_ws/install/examples_rclcpp_cbg_executor/share/examples_rclcpp_cbg_executor/local_setup.zsh
[157.347s] -- Symlinking: /home/tuantran/ros2_ws/install/examples_rclcpp_cbg_executor/share/examples_rclcpp_cbg_executor/local_setup.dsv
[157.376s] -- Symlinking: /home/tuantran/ros2_ws/install/examples_rclcpp_cbg_executor/share/examples_rclcpp_cbg_executor/package.dsv
[157.424s] -- Symlinking: /home/tuantran/ros2_ws/install/examples_rclcpp_cbg_executor/share/ament_index/resource_index/packages/examples_rclcpp_cbg_executor
[157.453s] -- Symlinking: /home/tuantran/ros2_ws/install/examples_rclcpp_cbg_executor/share/examples_rclcpp_cbg_executor/cmake/ament_cmake_export_dependencies-extras.cmake
[157.479s] -- Symlinking: /home/tuantran/ros2_ws/install/examples_rclcpp_cbg_executor/share/examples_rclcpp_cbg_executor/cmake/examples_rclcpp_cbg_executorConfig.cmake
[157.511s] -- Symlinking: /home/tuantran/ros2_ws/install/examples_rclcpp_cbg_executor/share/examples_rclcpp_cbg_executor/cmake/examples_rclcpp_cbg_executorConfig-version.cmake
[157.545s] -- Symlinking: /home/tuantran/ros2_ws/install/examples_rclcpp_cbg_executor/share/examples_rclcpp_cbg_executor/package.xml
[157.578s] Invoked command in '/home/tuantran/ros2_ws/build/examples_rclcpp_cbg_executor' returned '0': CMAKE_PREFIX_PATH=/opt/ros/humble /usr/bin/cmake --install /home/tuantran/ros2_ws/build/examples_rclcpp_cbg_executor
