[4.054s] Invoking command in '/home/tuantran/ros2_ws/src/examples/rclpy/services/minimal_client': PYTHONPATH=/home/tuantran/ros2_ws/build/examples_rclpy_minimal_client/prefix_override:/home/tuantran/ros2_ws/install/examples_rclpy_minimal_client/lib/python3.10/site-packages:${PYTHONPATH} /usr/bin/python3 setup.py egg_info --egg-base ../../../../../build/examples_rclpy_minimal_client build --build-base /home/tuantran/ros2_ws/build/examples_rclpy_minimal_client/build install --record /home/tuantran/ros2_ws/build/examples_rclpy_minimal_client/install.log --single-version-externally-managed
[5.611s] running egg_info
[5.615s] writing ../../../../../build/examples_rclpy_minimal_client/examples_rclpy_minimal_client.egg-info/PKG-INFO
[5.617s] writing dependency_links to ../../../../../build/examples_rclpy_minimal_client/examples_rclpy_minimal_client.egg-info/dependency_links.txt
[5.620s] writing entry points to ../../../../../build/examples_rclpy_minimal_client/examples_rclpy_minimal_client.egg-info/entry_points.txt
[5.621s] writing requirements to ../../../../../build/examples_rclpy_minimal_client/examples_rclpy_minimal_client.egg-info/requires.txt
[5.622s] writing top-level names to ../../../../../build/examples_rclpy_minimal_client/examples_rclpy_minimal_client.egg-info/top_level.txt
[5.632s] reading manifest file '../../../../../build/examples_rclpy_minimal_client/examples_rclpy_minimal_client.egg-info/SOURCES.txt'
[5.640s] writing manifest file '../../../../../build/examples_rclpy_minimal_client/examples_rclpy_minimal_client.egg-info/SOURCES.txt'
[5.644s] running build
[5.648s] running build_py
[5.652s] running install
[5.653s] /usr/lib/python3/dist-packages/setuptools/command/install.py:34: SetuptoolsDeprecationWarning: setup.py install is deprecated. Use build and pip and other standards-based tools.
[5.653s]   warnings.warn(
[5.654s] running install_lib
[5.665s] running install_data
[5.667s] running install_egg_info
[5.678s] removing '/home/tuantran/ros2_ws/install/examples_rclpy_minimal_client/lib/python3.10/site-packages/examples_rclpy_minimal_client-0.15.1-py3.10.egg-info' (and everything under it)
[5.680s] Copying ../../../../../build/examples_rclpy_minimal_client/examples_rclpy_minimal_client.egg-info to /home/tuantran/ros2_ws/install/examples_rclpy_minimal_client/lib/python3.10/site-packages/examples_rclpy_minimal_client-0.15.1-py3.10.egg-info
[5.687s] running install_scripts
[5.843s] Installing client script to /home/tuantran/ros2_ws/install/examples_rclpy_minimal_client/lib/examples_rclpy_minimal_client
[5.844s] Installing client_async script to /home/tuantran/ros2_ws/install/examples_rclpy_minimal_client/lib/examples_rclpy_minimal_client
[5.845s] Installing client_async_callback script to /home/tuantran/ros2_ws/install/examples_rclpy_minimal_client/lib/examples_rclpy_minimal_client
[5.846s] Installing client_async_member_function script to /home/tuantran/ros2_ws/install/examples_rclpy_minimal_client/lib/examples_rclpy_minimal_client
[5.848s] writing list of installed files to '/home/tuantran/ros2_ws/build/examples_rclpy_minimal_client/install.log'
[5.996s] Invoked command in '/home/tuantran/ros2_ws/src/examples/rclpy/services/minimal_client' returned '0': PYTHONPATH=/home/tuantran/ros2_ws/build/examples_rclpy_minimal_client/prefix_override:/home/tuantran/ros2_ws/install/examples_rclpy_minimal_client/lib/python3.10/site-packages:${PYTHONPATH} /usr/bin/python3 setup.py egg_info --egg-base ../../../../../build/examples_rclpy_minimal_client build --build-base /home/tuantran/ros2_ws/build/examples_rclpy_minimal_client/build install --record /home/tuantran/ros2_ws/build/examples_rclpy_minimal_client/install.log --single-version-externally-managed
