[0.183s] Invoking command in '/home/tuantran/ros2_ws/build/examples_rclcpp_minimal_publisher': CMAKE_PREFIX_PATH=/opt/ros/humble /usr/bin/cmake /home/tuantran/ros2_ws/src/examples/rclcpp/topics/minimal_publisher -DAMENT_CMAKE_SYMLINK_INSTALL=1 -DCMAKE_INSTALL_PREFIX=/home/tuantran/ros2_ws/install/examples_rclcpp_minimal_publisher
[0.398s] -- The C compiler identification is GNU 11.4.0
[0.652s] -- The CXX compiler identification is GNU 11.4.0
[0.682s] -- Detecting C compiler ABI info
[0.912s] -- Detecting C compiler ABI info - done
[0.960s] -- Check for working C compiler: /usr/bin/cc - skipped
[0.961s] -- Detecting C compile features
[0.963s] -- Detecting C compile features - done
[0.978s] -- Detecting CXX compiler ABI info
[1.268s] -- Detecting CXX compiler ABI info - done
[1.318s] -- Check for working CXX compiler: /usr/bin/c++ - skipped
[1.319s] -- Detecting CXX compile features
[1.322s] -- Detecting CXX compile features - done
[1.329s] -- Found ament_cmake: 1.3.6 (/opt/ros/humble/share/ament_cmake/cmake)
[1.896s] -- Found Python3: /usr/bin/python3.10 (found version "3.10.12") found components: Interpreter 
[2.110s] -- Override CMake install command with custom implementation using symlinks instead of copying resources
[2.196s] -- Found rclcpp: 16.0.7 (/opt/ros/humble/share/rclcpp/cmake)
[2.399s] -- Found rosidl_generator_c: 3.1.5 (/opt/ros/humble/share/rosidl_generator_c/cmake)
[2.420s] -- Found rosidl_adapter: 3.1.5 (/opt/ros/humble/share/rosidl_adapter/cmake)
[2.461s] -- Found rosidl_generator_cpp: 3.1.5 (/opt/ros/humble/share/rosidl_generator_cpp/cmake)
[2.532s] -- Using all available rosidl_typesupport_c: rosidl_typesupport_fastrtps_c;rosidl_typesupport_introspection_c
[2.638s] -- Using all available rosidl_typesupport_cpp: rosidl_typesupport_fastrtps_cpp;rosidl_typesupport_introspection_cpp
[3.049s] -- Found rmw_implementation_cmake: 6.1.1 (/opt/ros/humble/share/rmw_implementation_cmake/cmake)
[3.058s] -- Found rmw_fastrtps_cpp: 6.2.5 (/opt/ros/humble/share/rmw_fastrtps_cpp/cmake)
[3.485s] -- Found OpenSSL: /usr/lib/x86_64-linux-gnu/libcrypto.so (found version "3.0.2")  
[3.603s] -- Found FastRTPS: /opt/ros/humble/include  
[3.820s] -- Using RMW implementation 'rmw_fastrtps_cpp' as default
[3.858s] -- Looking for pthread.h
[4.108s] -- Looking for pthread.h - found
[4.110s] -- Performing Test CMAKE_HAVE_LIBC_PTHREAD
[4.370s] -- Performing Test CMAKE_HAVE_LIBC_PTHREAD - Success
[4.375s] -- Found Threads: TRUE  
[5.627s] -- Found ament_lint_auto: 0.12.9 (/opt/ros/humble/share/ament_lint_auto/cmake)
[5.930s] -- Added test 'copyright' to check source files copyright and LICENSE
[5.935s] -- Added test 'cppcheck' to perform static code analysis on C / C++ code
[5.936s] -- Configured cppcheck include dirs: 
[5.937s] -- Configured cppcheck exclude dirs and/or files: 
[5.940s] -- Added test 'cpplint' to check C / C++ code against the Google style
[5.941s] -- Configured cpplint exclude dirs and/or files: 
[5.944s] -- Added test 'lint_cmake' to check CMake code style
[5.948s] -- Added test 'uncrustify' to check C / C++ code style
[5.948s] -- Configured uncrustify additional arguments: 
[5.950s] -- Added test 'xmllint' to check XML markup files
[5.956s] -- Configuring done
[6.057s] -- Generating done
[6.068s] -- Build files have been written to: /home/tuantran/ros2_ws/build/examples_rclcpp_minimal_publisher
[6.097s] Invoked command in '/home/tuantran/ros2_ws/build/examples_rclcpp_minimal_publisher' returned '0': CMAKE_PREFIX_PATH=/opt/ros/humble /usr/bin/cmake /home/tuantran/ros2_ws/src/examples/rclcpp/topics/minimal_publisher -DAMENT_CMAKE_SYMLINK_INSTALL=1 -DCMAKE_INSTALL_PREFIX=/home/tuantran/ros2_ws/install/examples_rclcpp_minimal_publisher
[6.101s] Invoking command in '/home/tuantran/ros2_ws/build/examples_rclcpp_minimal_publisher': CMAKE_PREFIX_PATH=/opt/ros/humble /usr/bin/cmake --build /home/tuantran/ros2_ws/build/examples_rclcpp_minimal_publisher -- -j2 -l2
[6.266s] [  8%] [32mBuilding CXX object CMakeFiles/publisher_lambda.dir/lambda.cpp.o[0m
[21.209s] [ 16%] [32m[1mLinking CXX executable publisher_lambda[0m
[22.013s] [ 16%] Built target publisher_lambda
[22.078s] [ 25%] [32mBuilding CXX object CMakeFiles/publisher_member_function.dir/member_function.cpp.o[0m
[38.843s] [ 33%] [32m[1mLinking CXX executable publisher_member_function[0m
[39.663s] [ 33%] Built target publisher_member_function
[39.731s] [ 41%] [32mBuilding CXX object CMakeFiles/publisher_member_function_with_type_adapter.dir/member_function_with_type_adapter.cpp.o[0m
[54.889s] [ 50%] [32m[1mLinking CXX executable publisher_member_function_with_type_adapter[0m
[55.688s] [ 50%] Built target publisher_member_function_with_type_adapter
[55.751s] [ 58%] [32mBuilding CXX object CMakeFiles/publisher_member_function_with_unique_network_flow_endpoints.dir/member_function_with_unique_network_flow_endpoints.cpp.o[0m
[71.506s] [ 66%] [32m[1mLinking CXX executable publisher_member_function_with_unique_network_flow_endpoints[0m
[72.309s] [ 66%] Built target publisher_member_function_with_unique_network_flow_endpoints
[72.374s] [ 75%] [32mBuilding CXX object CMakeFiles/publisher_wait_for_all_acked.dir/member_function_with_wait_for_all_acked.cpp.o[0m
[89.507s] [ 83%] [32m[1mLinking CXX executable publisher_wait_for_all_acked[0m
[90.338s] [ 83%] Built target publisher_wait_for_all_acked
[90.406s] [ 91%] [32mBuilding CXX object CMakeFiles/publisher_not_composable.dir/not_composable.cpp.o[0m
[107.693s] [100%] [32m[1mLinking CXX executable publisher_not_composable[0m
[108.636s] [100%] Built target publisher_not_composable
[108.688s] Invoked command in '/home/tuantran/ros2_ws/build/examples_rclcpp_minimal_publisher' returned '0': CMAKE_PREFIX_PATH=/opt/ros/humble /usr/bin/cmake --build /home/tuantran/ros2_ws/build/examples_rclcpp_minimal_publisher -- -j2 -l2
[108.849s] Invoking command in '/home/tuantran/ros2_ws/build/examples_rclcpp_minimal_publisher': CMAKE_PREFIX_PATH=/opt/ros/humble /usr/bin/cmake --install /home/tuantran/ros2_ws/build/examples_rclcpp_minimal_publisher
[108.873s] -- Install configuration: ""
[108.876s] -- Execute custom install script
[108.878s] -- Symlinking: /home/tuantran/ros2_ws/install/examples_rclcpp_minimal_publisher/lib/examples_rclcpp_minimal_publisher/publisher_lambda
[108.918s] -- Symlinking: /home/tuantran/ros2_ws/install/examples_rclcpp_minimal_publisher/lib/examples_rclcpp_minimal_publisher/publisher_member_function
[108.960s] -- Symlinking: /home/tuantran/ros2_ws/install/examples_rclcpp_minimal_publisher/lib/examples_rclcpp_minimal_publisher/publisher_member_function_with_type_adapter
[108.988s] -- Symlinking: /home/tuantran/ros2_ws/install/examples_rclcpp_minimal_publisher/lib/examples_rclcpp_minimal_publisher/publisher_member_function_with_unique_network_flow_endpoints
[109.033s] -- Symlinking: /home/tuantran/ros2_ws/install/examples_rclcpp_minimal_publisher/lib/examples_rclcpp_minimal_publisher/publisher_wait_for_all_acked
[109.062s] -- Symlinking: /home/tuantran/ros2_ws/install/examples_rclcpp_minimal_publisher/lib/examples_rclcpp_minimal_publisher/publisher_not_composable
[109.117s] -- Symlinking: /home/tuantran/ros2_ws/install/examples_rclcpp_minimal_publisher/share/ament_index/resource_index/package_run_dependencies/examples_rclcpp_minimal_publisher
[109.153s] -- Symlinking: /home/tuantran/ros2_ws/install/examples_rclcpp_minimal_publisher/share/ament_index/resource_index/parent_prefix_path/examples_rclcpp_minimal_publisher
[109.189s] -- Symlinking: /home/tuantran/ros2_ws/install/examples_rclcpp_minimal_publisher/share/examples_rclcpp_minimal_publisher/environment/ament_prefix_path.sh
[109.233s] -- Symlinking: /home/tuantran/ros2_ws/install/examples_rclcpp_minimal_publisher/share/examples_rclcpp_minimal_publisher/environment/ament_prefix_path.dsv
[109.266s] -- Symlinking: /home/tuantran/ros2_ws/install/examples_rclcpp_minimal_publisher/share/examples_rclcpp_minimal_publisher/environment/path.sh
[109.296s] -- Symlinking: /home/tuantran/ros2_ws/install/examples_rclcpp_minimal_publisher/share/examples_rclcpp_minimal_publisher/environment/path.dsv
[109.370s] -- Symlinking: /home/tuantran/ros2_ws/install/examples_rclcpp_minimal_publisher/share/examples_rclcpp_minimal_publisher/local_setup.bash
[109.426s] -- Symlinking: /home/tuantran/ros2_ws/install/examples_rclcpp_minimal_publisher/share/examples_rclcpp_minimal_publisher/local_setup.sh
[109.467s] -- Symlinking: /home/tuantran/ros2_ws/install/examples_rclcpp_minimal_publisher/share/examples_rclcpp_minimal_publisher/local_setup.zsh
[109.498s] -- Symlinking: /home/tuantran/ros2_ws/install/examples_rclcpp_minimal_publisher/share/examples_rclcpp_minimal_publisher/local_setup.dsv
[109.546s] -- Symlinking: /home/tuantran/ros2_ws/install/examples_rclcpp_minimal_publisher/share/examples_rclcpp_minimal_publisher/package.dsv
[109.578s] -- Symlinking: /home/tuantran/ros2_ws/install/examples_rclcpp_minimal_publisher/share/ament_index/resource_index/packages/examples_rclcpp_minimal_publisher
[109.624s] -- Symlinking: /home/tuantran/ros2_ws/install/examples_rclcpp_minimal_publisher/share/examples_rclcpp_minimal_publisher/cmake/examples_rclcpp_minimal_publisherConfig.cmake
[109.656s] -- Symlinking: /home/tuantran/ros2_ws/install/examples_rclcpp_minimal_publisher/share/examples_rclcpp_minimal_publisher/cmake/examples_rclcpp_minimal_publisherConfig-version.cmake
[109.688s] -- Symlinking: /home/tuantran/ros2_ws/install/examples_rclcpp_minimal_publisher/share/examples_rclcpp_minimal_publisher/package.xml
[109.728s] Invoked command in '/home/tuantran/ros2_ws/build/examples_rclcpp_minimal_publisher' returned '0': CMAKE_PREFIX_PATH=/opt/ros/humble /usr/bin/cmake --install /home/tuantran/ros2_ws/build/examples_rclcpp_minimal_publisher
