[3.741s] Invoking command in '/home/tuantran/ros2_ws/src/examples/rclpy/services/minimal_service': PYTHONPATH=/home/tuantran/ros2_ws/build/examples_rclpy_minimal_service/prefix_override:/home/tuantran/ros2_ws/install/examples_rclpy_minimal_service/lib/python3.10/site-packages:${PYTHONPATH} /usr/bin/python3 setup.py egg_info --egg-base ../../../../../build/examples_rclpy_minimal_service build --build-base /home/tuantran/ros2_ws/build/examples_rclpy_minimal_service/build install --record /home/tuantran/ros2_ws/build/examples_rclpy_minimal_service/install.log --single-version-externally-managed
[5.083s] running egg_info
[5.086s] writing ../../../../../build/examples_rclpy_minimal_service/examples_rclpy_minimal_service.egg-info/PKG-INFO
[5.087s] writing dependency_links to ../../../../../build/examples_rclpy_minimal_service/examples_rclpy_minimal_service.egg-info/dependency_links.txt
[5.088s] writing entry points to ../../../../../build/examples_rclpy_minimal_service/examples_rclpy_minimal_service.egg-info/entry_points.txt
[5.090s] writing requirements to ../../../../../build/examples_rclpy_minimal_service/examples_rclpy_minimal_service.egg-info/requires.txt
[5.091s] writing top-level names to ../../../../../build/examples_rclpy_minimal_service/examples_rclpy_minimal_service.egg-info/top_level.txt
[5.098s] reading manifest file '../../../../../build/examples_rclpy_minimal_service/examples_rclpy_minimal_service.egg-info/SOURCES.txt'
[5.103s] writing manifest file '../../../../../build/examples_rclpy_minimal_service/examples_rclpy_minimal_service.egg-info/SOURCES.txt'
[5.104s] running build
[5.105s] running build_py
[5.107s] running install
[5.108s] /usr/lib/python3/dist-packages/setuptools/command/install.py:34: SetuptoolsDeprecationWarning: setup.py install is deprecated. Use build and pip and other standards-based tools.
[5.109s]   warnings.warn(
[5.110s] running install_lib
[5.117s] running install_data
[5.119s] running install_egg_info
[5.125s] removing '/home/tuantran/ros2_ws/install/examples_rclpy_minimal_service/lib/python3.10/site-packages/examples_rclpy_minimal_service-0.15.1-py3.10.egg-info' (and everything under it)
[5.127s] Copying ../../../../../build/examples_rclpy_minimal_service/examples_rclpy_minimal_service.egg-info to /home/tuantran/ros2_ws/install/examples_rclpy_minimal_service/lib/python3.10/site-packages/examples_rclpy_minimal_service-0.15.1-py3.10.egg-info
[5.131s] running install_scripts
[5.231s] Installing service script to /home/tuantran/ros2_ws/install/examples_rclpy_minimal_service/lib/examples_rclpy_minimal_service
[5.232s] Installing service_member_function script to /home/tuantran/ros2_ws/install/examples_rclpy_minimal_service/lib/examples_rclpy_minimal_service
[5.234s] writing list of installed files to '/home/tuantran/ros2_ws/build/examples_rclpy_minimal_service/install.log'
[5.319s] Invoked command in '/home/tuantran/ros2_ws/src/examples/rclpy/services/minimal_service' returned '0': PYTHONPATH=/home/tuantran/ros2_ws/build/examples_rclpy_minimal_service/prefix_override:/home/tuantran/ros2_ws/install/examples_rclpy_minimal_service/lib/python3.10/site-packages:${PYTHONPATH} /usr/bin/python3 setup.py egg_info --egg-base ../../../../../build/examples_rclpy_minimal_service build --build-base /home/tuantran/ros2_ws/build/examples_rclpy_minimal_service/build install --record /home/tuantran/ros2_ws/build/examples_rclpy_minimal_service/install.log --single-version-externally-managed
