[0.961s] Invoking command in '/home/tuantran/ros2_ws/build/cpp_srvcli': CMAKE_PREFIX_PATH=${CMAKE_PREFIX_PATH}:/home/tuantran/ros2_ws/install/launch_testing_examples:/home/tuantran/ros2_ws/install/examples_rclpy_pointcloud_publisher:/home/tuantran/ros2_ws/install/examples_rclpy_minimal_subscriber:/home/tuantran/ros2_ws/install/examples_rclpy_minimal_service:/home/tuantran/ros2_ws/install/examples_rclpy_minimal_publisher:/home/tuantran/ros2_ws/install/examples_rclpy_minimal_client:/home/tuantran/ros2_ws/install/examples_rclpy_minimal_action_server:/home/tuantran/ros2_ws/install/examples_rclpy_minimal_action_client:/home/tuantran/ros2_ws/install/examples_rclpy_guard_conditions:/home/tuantran/ros2_ws/install/examples_rclpy_executors:/opt/ros/humble /usr/bin/cmake /home/tuantran/ros2_ws/src/cpp_srvcli -DCMAKE_INSTALL_PREFIX=/home/tuantran/ros2_ws/install/cpp_srvcli
[1.472s] -- The C compiler identification is GNU 11.4.0
[2.455s] -- The CXX compiler identification is GNU 11.4.0
[2.578s] -- Detecting C compiler ABI info
[3.538s] -- Detecting C compiler ABI info - done
[3.706s] -- Check for working C compiler: /usr/bin/cc - skipped
[3.708s] -- Detecting C compile features
[3.712s] -- Detecting C compile features - done
[3.742s] -- Detecting CXX compiler ABI info
[5.109s] -- Detecting CXX compiler ABI info - done
[5.406s] -- Check for working CXX compiler: /usr/bin/c++ - skipped
[5.408s] -- Detecting CXX compile features
[5.436s] -- Detecting CXX compile features - done
[5.449s] -- Found ament_cmake: 1.3.6 (/opt/ros/humble/share/ament_cmake/cmake)
[8.262s] -- Found Python3: /usr/bin/python3.10 (found version "3.10.12") found components: Interpreter 
[9.540s] -- Found rclcpp: 16.0.7 (/opt/ros/humble/share/rclcpp/cmake)
[10.100s] -- Found rosidl_generator_c: 3.1.5 (/opt/ros/humble/share/rosidl_generator_c/cmake)
[10.191s] -- Found rosidl_adapter: 3.1.5 (/opt/ros/humble/share/rosidl_adapter/cmake)
[10.386s] -- Found rosidl_generator_cpp: 3.1.5 (/opt/ros/humble/share/rosidl_generator_cpp/cmake)
[10.543s] -- Using all available rosidl_typesupport_c: rosidl_typesupport_fastrtps_c;rosidl_typesupport_introspection_c
[10.784s] -- Using all available rosidl_typesupport_cpp: rosidl_typesupport_fastrtps_cpp;rosidl_typesupport_introspection_cpp
[12.120s] -- Found rmw_implementation_cmake: 6.1.1 (/opt/ros/humble/share/rmw_implementation_cmake/cmake)
[12.162s] -- Found rmw_fastrtps_cpp: 6.2.5 (/opt/ros/humble/share/rmw_fastrtps_cpp/cmake)
[13.350s] -- Found OpenSSL: /usr/lib/x86_64-linux-gnu/libcrypto.so (found version "3.0.2")  
[13.606s] -- Found FastRTPS: /opt/ros/humble/include  
[14.251s] -- Using RMW implementation 'rmw_fastrtps_cpp' as default
[14.389s] -- Looking for pthread.h
[14.953s] -- Looking for pthread.h - found
[14.955s] -- Performing Test CMAKE_HAVE_LIBC_PTHREAD
[15.489s] -- Performing Test CMAKE_HAVE_LIBC_PTHREAD - Success
[15.494s] -- Found Threads: TRUE  
[18.667s] [31mCMake Error at CMakeLists.txt:11 (find_package):
[18.667s]   By not providing "Findtutorial_interfaces.cmake" in CMAKE_MODULE_PATH this
[18.667s]   project has asked CMake to find a package configuration file provided by
[18.668s]   "tutorial_interfaces", but CMake did not find one.
[18.668s] 
[18.669s]   Could not find a package configuration file provided by
[18.670s]   "tutorial_interfaces" with any of the following names:
[18.670s] 
[18.670s]     tutorial_interfacesConfig.cmake
[18.671s]     tutorial_interfaces-config.cmake
[18.671s] 
[18.671s]   Add the installation prefix of "tutorial_interfaces" to CMAKE_PREFIX_PATH
[18.671s]   or set "tutorial_interfaces_DIR" to a directory containing one of the above
[18.671s]   files.  If "tutorial_interfaces" provides a separate development package or
[18.672s]   SDK, be sure it has been installed.
[18.672s] 
[18.672s] [0m
[18.672s] -- Configuring incomplete, errors occurred!
[18.673s] See also "/home/tuantran/ros2_ws/build/cpp_srvcli/CMakeFiles/CMakeOutput.log".
[18.737s] Invoked command in '/home/tuantran/ros2_ws/build/cpp_srvcli' returned '1': CMAKE_PREFIX_PATH=${CMAKE_PREFIX_PATH}:/home/tuantran/ros2_ws/install/launch_testing_examples:/home/tuantran/ros2_ws/install/examples_rclpy_pointcloud_publisher:/home/tuantran/ros2_ws/install/examples_rclpy_minimal_subscriber:/home/tuantran/ros2_ws/install/examples_rclpy_minimal_service:/home/tuantran/ros2_ws/install/examples_rclpy_minimal_publisher:/home/tuantran/ros2_ws/install/examples_rclpy_minimal_client:/home/tuantran/ros2_ws/install/examples_rclpy_minimal_action_server:/home/tuantran/ros2_ws/install/examples_rclpy_minimal_action_client:/home/tuantran/ros2_ws/install/examples_rclpy_guard_conditions:/home/tuantran/ros2_ws/install/examples_rclpy_executors:/opt/ros/humble /usr/bin/cmake /home/tuantran/ros2_ws/src/cpp_srvcli -DCMAKE_INSTALL_PREFIX=/home/tuantran/ros2_ws/install/cpp_srvcli
