[0.237s] Invoking command in '/home/tuantran/ros2_ws/build/cpp_pubsub': CMAKE_PREFIX_PATH=/opt/ros/humble /usr/bin/cmake --build /home/tuantran/ros2_ws/build/cpp_pubsub -- -j2 -l2
[0.466s] [ 50%] Built target talker
[0.480s] [100%] Built target listener
[0.524s] Invoked command in '/home/tuantran/ros2_ws/build/cpp_pubsub' returned '0': CMAKE_PREFIX_PATH=/opt/ros/humble /usr/bin/cmake --build /home/tuantran/ros2_ws/build/cpp_pubsub -- -j2 -l2
[0.675s] Invoking command in '/home/tuantran/ros2_ws/build/cpp_pubsub': CMAKE_PREFIX_PATH=/opt/ros/humble /usr/bin/cmake --install /home/tuantran/ros2_ws/build/cpp_pubsub
[0.697s] -- Install configuration: ""
[0.702s] -- Up-to-date: /home/tuantran/ros2_ws/install/cpp_pubsub/lib/cpp_pubsub/talker
[0.705s] -- Up-to-date: /home/tuantran/ros2_ws/install/cpp_pubsub/lib/cpp_pubsub/listener
[0.708s] -- Up-to-date: /home/tuantran/ros2_ws/install/cpp_pubsub/share/ament_index/resource_index/package_run_dependencies/cpp_pubsub
[0.710s] -- Up-to-date: /home/tuantran/ros2_ws/install/cpp_pubsub/share/ament_index/resource_index/parent_prefix_path/cpp_pubsub
[0.712s] -- Up-to-date: /home/tuantran/ros2_ws/install/cpp_pubsub/share/cpp_pubsub/environment/ament_prefix_path.sh
[0.715s] -- Up-to-date: /home/tuantran/ros2_ws/install/cpp_pubsub/share/cpp_pubsub/environment/ament_prefix_path.dsv
[0.717s] -- Up-to-date: /home/tuantran/ros2_ws/install/cpp_pubsub/share/cpp_pubsub/environment/path.sh
[0.717s] -- Up-to-date: /home/tuantran/ros2_ws/install/cpp_pubsub/share/cpp_pubsub/environment/path.dsv
[0.718s] -- Up-to-date: /home/tuantran/ros2_ws/install/cpp_pubsub/share/cpp_pubsub/local_setup.bash
[0.718s] -- Up-to-date: /home/tuantran/ros2_ws/install/cpp_pubsub/share/cpp_pubsub/local_setup.sh
[0.719s] -- Up-to-date: /home/tuantran/ros2_ws/install/cpp_pubsub/share/cpp_pubsub/local_setup.zsh
[0.719s] -- Up-to-date: /home/tuantran/ros2_ws/install/cpp_pubsub/share/cpp_pubsub/local_setup.dsv
[0.720s] -- Installing: /home/tuantran/ros2_ws/install/cpp_pubsub/share/cpp_pubsub/package.dsv
[0.721s] -- Up-to-date: /home/tuantran/ros2_ws/install/cpp_pubsub/share/ament_index/resource_index/packages/cpp_pubsub
[0.722s] -- Up-to-date: /home/tuantran/ros2_ws/install/cpp_pubsub/share/cpp_pubsub/cmake/cpp_pubsubConfig.cmake
[0.722s] -- Up-to-date: /home/tuantran/ros2_ws/install/cpp_pubsub/share/cpp_pubsub/cmake/cpp_pubsubConfig-version.cmake
[0.723s] -- Up-to-date: /home/tuantran/ros2_ws/install/cpp_pubsub/share/cpp_pubsub/package.xml
[0.735s] Invoked command in '/home/tuantran/ros2_ws/build/cpp_pubsub' returned '0': CMAKE_PREFIX_PATH=/opt/ros/humble /usr/bin/cmake --install /home/tuantran/ros2_ws/build/cpp_pubsub
