[0.321s] Invoking command in '/home/tuantran/ros2_ws/build/cpp_parameters': CMAKE_PREFIX_PATH=${CMAKE_PREFIX_PATH}:/home/tuantran/ros2_ws/install/launch_testing_examples:/home/tuantran/ros2_ws/install/examples_rclpy_pointcloud_publisher:/home/tuantran/ros2_ws/install/examples_rclpy_minimal_subscriber:/home/tuantran/ros2_ws/install/examples_rclpy_minimal_service:/home/tuantran/ros2_ws/install/examples_rclpy_minimal_publisher:/home/tuantran/ros2_ws/install/examples_rclpy_minimal_client:/home/tuantran/ros2_ws/install/examples_rclpy_minimal_action_server:/home/tuantran/ros2_ws/install/examples_rclpy_minimal_action_client:/home/tuantran/ros2_ws/install/examples_rclpy_guard_conditions:/home/tuantran/ros2_ws/install/examples_rclpy_executors:/opt/ros/humble /usr/bin/cmake --build /home/tuantran/ros2_ws/build/cpp_parameters -- -j2 -l2
[0.446s] -- Found ament_cmake: 1.3.6 (/opt/ros/humble/share/ament_cmake/cmake)
[1.128s] -- Found rclcpp: 16.0.7 (/opt/ros/humble/share/rclcpp/cmake)
[1.336s] -- Found rosidl_generator_c: 3.1.5 (/opt/ros/humble/share/rosidl_generator_c/cmake)
[1.368s] -- Found rosidl_adapter: 3.1.5 (/opt/ros/humble/share/rosidl_adapter/cmake)
[1.400s] -- Found rosidl_generator_cpp: 3.1.5 (/opt/ros/humble/share/rosidl_generator_cpp/cmake)
[1.475s] -- Using all available rosidl_typesupport_c: rosidl_typesupport_fastrtps_c;rosidl_typesupport_introspection_c
[1.570s] -- Using all available rosidl_typesupport_cpp: rosidl_typesupport_fastrtps_cpp;rosidl_typesupport_introspection_cpp
[1.971s] -- Found rmw_implementation_cmake: 6.1.1 (/opt/ros/humble/share/rmw_implementation_cmake/cmake)
[1.982s] -- Found rmw_fastrtps_cpp: 6.2.5 (/opt/ros/humble/share/rmw_fastrtps_cpp/cmake)
[2.579s] -- Using RMW implementation 'rmw_fastrtps_cpp' as default
[3.770s] -- Found ament_lint_auto: 0.12.9 (/opt/ros/humble/share/ament_lint_auto/cmake)
[4.038s] -- Added test 'cppcheck' to perform static code analysis on C / C++ code
[4.038s] -- Configured cppcheck include dirs: 
[4.038s] -- Configured cppcheck exclude dirs and/or files: 
[4.040s] -- Added test 'flake8' to check Python code syntax and style conventions
[4.042s] -- Added test 'lint_cmake' to check CMake code style
[4.043s] -- Added test 'pep257' to check Python code against some of the docstring style conventions in PEP 257
[4.046s] -- Added test 'uncrustify' to check C / C++ code style
[4.047s] -- Configured uncrustify additional arguments: 
[4.048s] -- Added test 'xmllint' to check XML markup files
[4.051s] -- Configuring done
[4.099s] -- Generating done
[4.120s] -- Build files have been written to: /home/tuantran/ros2_ws/build/cpp_parameters
[4.239s] [35m[1mConsolidate compiler generated dependencies of target minimal_param_node[0m
[4.368s] [ 50%] [32m[1mLinking CXX executable minimal_param_node[0m
[5.163s] [100%] Built target minimal_param_node
[5.233s] Invoked command in '/home/tuantran/ros2_ws/build/cpp_parameters' returned '0': CMAKE_PREFIX_PATH=${CMAKE_PREFIX_PATH}:/home/tuantran/ros2_ws/install/launch_testing_examples:/home/tuantran/ros2_ws/install/examples_rclpy_pointcloud_publisher:/home/tuantran/ros2_ws/install/examples_rclpy_minimal_subscriber:/home/tuantran/ros2_ws/install/examples_rclpy_minimal_service:/home/tuantran/ros2_ws/install/examples_rclpy_minimal_publisher:/home/tuantran/ros2_ws/install/examples_rclpy_minimal_client:/home/tuantran/ros2_ws/install/examples_rclpy_minimal_action_server:/home/tuantran/ros2_ws/install/examples_rclpy_minimal_action_client:/home/tuantran/ros2_ws/install/examples_rclpy_guard_conditions:/home/tuantran/ros2_ws/install/examples_rclpy_executors:/opt/ros/humble /usr/bin/cmake --build /home/tuantran/ros2_ws/build/cpp_parameters -- -j2 -l2
[5.508s] Invoking command in '/home/tuantran/ros2_ws/build/cpp_parameters': CMAKE_PREFIX_PATH=${CMAKE_PREFIX_PATH}:/home/tuantran/ros2_ws/install/launch_testing_examples:/home/tuantran/ros2_ws/install/examples_rclpy_pointcloud_publisher:/home/tuantran/ros2_ws/install/examples_rclpy_minimal_subscriber:/home/tuantran/ros2_ws/install/examples_rclpy_minimal_service:/home/tuantran/ros2_ws/install/examples_rclpy_minimal_publisher:/home/tuantran/ros2_ws/install/examples_rclpy_minimal_client:/home/tuantran/ros2_ws/install/examples_rclpy_minimal_action_server:/home/tuantran/ros2_ws/install/examples_rclpy_minimal_action_client:/home/tuantran/ros2_ws/install/examples_rclpy_guard_conditions:/home/tuantran/ros2_ws/install/examples_rclpy_executors:/opt/ros/humble /usr/bin/cmake --install /home/tuantran/ros2_ws/build/cpp_parameters
[5.577s] -- Install configuration: ""
[5.578s] -- Installing: /home/tuantran/ros2_ws/install/cpp_parameters/lib/cpp_parameters/minimal_param_node
[5.582s] -- Set runtime path of "/home/tuantran/ros2_ws/install/cpp_parameters/lib/cpp_parameters/minimal_param_node" to ""
[5.582s] -- Up-to-date: /home/tuantran/ros2_ws/install/cpp_parameters/share/cpp_parameters/launch
[5.583s] -- Up-to-date: /home/tuantran/ros2_ws/install/cpp_parameters/share/ament_index/resource_index/package_run_dependencies/cpp_parameters
[5.585s] -- Up-to-date: /home/tuantran/ros2_ws/install/cpp_parameters/share/ament_index/resource_index/parent_prefix_path/cpp_parameters
[5.585s] -- Up-to-date: /home/tuantran/ros2_ws/install/cpp_parameters/share/cpp_parameters/environment/ament_prefix_path.sh
[5.586s] -- Installing: /home/tuantran/ros2_ws/install/cpp_parameters/share/cpp_parameters/environment/ament_prefix_path.dsv
[5.592s] -- Up-to-date: /home/tuantran/ros2_ws/install/cpp_parameters/share/cpp_parameters/environment/path.sh
[5.592s] -- Installing: /home/tuantran/ros2_ws/install/cpp_parameters/share/cpp_parameters/environment/path.dsv
[5.593s] -- Up-to-date: /home/tuantran/ros2_ws/install/cpp_parameters/share/cpp_parameters/local_setup.bash
[5.598s] -- Up-to-date: /home/tuantran/ros2_ws/install/cpp_parameters/share/cpp_parameters/local_setup.sh
[5.598s] -- Up-to-date: /home/tuantran/ros2_ws/install/cpp_parameters/share/cpp_parameters/local_setup.zsh
[5.599s] -- Installing: /home/tuantran/ros2_ws/install/cpp_parameters/share/cpp_parameters/local_setup.dsv
[5.621s] -- Installing: /home/tuantran/ros2_ws/install/cpp_parameters/share/cpp_parameters/package.dsv
[5.621s] -- Up-to-date: /home/tuantran/ros2_ws/install/cpp_parameters/share/ament_index/resource_index/packages/cpp_parameters
[5.621s] -- Up-to-date: /home/tuantran/ros2_ws/install/cpp_parameters/share/cpp_parameters/cmake/cpp_parametersConfig.cmake
[5.622s] -- Up-to-date: /home/tuantran/ros2_ws/install/cpp_parameters/share/cpp_parameters/cmake/cpp_parametersConfig-version.cmake
[5.622s] -- Up-to-date: /home/tuantran/ros2_ws/install/cpp_parameters/share/cpp_parameters/package.xml
[5.623s] Invoked command in '/home/tuantran/ros2_ws/build/cpp_parameters' returned '0': CMAKE_PREFIX_PATH=${CMAKE_PREFIX_PATH}:/home/tuantran/ros2_ws/install/launch_testing_examples:/home/tuantran/ros2_ws/install/examples_rclpy_pointcloud_publisher:/home/tuantran/ros2_ws/install/examples_rclpy_minimal_subscriber:/home/tuantran/ros2_ws/install/examples_rclpy_minimal_service:/home/tuantran/ros2_ws/install/examples_rclpy_minimal_publisher:/home/tuantran/ros2_ws/install/examples_rclpy_minimal_client:/home/tuantran/ros2_ws/install/examples_rclpy_minimal_action_server:/home/tuantran/ros2_ws/install/examples_rclpy_minimal_action_client:/home/tuantran/ros2_ws/install/examples_rclpy_guard_conditions:/home/tuantran/ros2_ws/install/examples_rclpy_executors:/opt/ros/humble /usr/bin/cmake --install /home/tuantran/ros2_ws/build/cpp_parameters
