[0.337s] Invoking command in '/home/tuantran/ros2_ws/build/polygon_plugins': AMENT_PREFIX_PATH=/home/tuantran/ros2_ws/install/polygon_base:${AMENT_PREFIX_PATH} CMAKE_PREFIX_PATH=/home/tuantran/ros2_ws/install/polygon_base:/home/tuantran/ros2_ws/install/cpp_pubsub:/home/tuantran/ros2_ws/install/tutorial_interfaces:/home/tuantran/ros2_ws/install/turtlesim:/home/tuantran/ros2_ws/install/my_package:/home/tuantran/ros2_ws/install/examples_rclcpp_wait_set:/home/tuantran/ros2_ws/install/examples_rclcpp_multithreaded_executor:/home/tuantran/ros2_ws/install/examples_rclcpp_minimal_timer:/home/tuantran/ros2_ws/install/examples_rclcpp_minimal_subscriber:/home/tuantran/ros2_ws/install/examples_rclcpp_minimal_service:/home/tuantran/ros2_ws/install/examples_rclcpp_minimal_publisher:/home/tuantran/ros2_ws/install/examples_rclcpp_minimal_composition:/home/tuantran/ros2_ws/install/examples_rclcpp_minimal_client:/home/tuantran/ros2_ws/install/examples_rclcpp_minimal_action_server:/home/tuantran/ros2_ws/install/examples_rclcpp_minimal_action_client:/home/tuantran/ros2_ws/install/examples_rclcpp_cbg_executor:/home/tuantran/ros2_ws/install/examples_rclcpp_async_client:/home/tuantran/ros2_ws/install/cpp_srvcli:/home/tuantran/ros2_ws/install/cpp_parameters:/home/tuantran/ros2_ws/install/launch_testing_examples:/home/tuantran/ros2_ws/install/examples_rclpy_pointcloud_publisher:/home/tuantran/ros2_ws/install/examples_rclpy_minimal_subscriber:/home/tuantran/ros2_ws/install/examples_rclpy_minimal_service:/home/tuantran/ros2_ws/install/examples_rclpy_minimal_publisher:/home/tuantran/ros2_ws/install/examples_rclpy_minimal_client:/home/tuantran/ros2_ws/install/examples_rclpy_minimal_action_server:/home/tuantran/ros2_ws/install/examples_rclpy_minimal_action_client:/home/tuantran/ros2_ws/install/examples_rclpy_guard_conditions:/home/tuantran/ros2_ws/install/examples_rclpy_executors:/opt/ros/humble /usr/bin/cmake /home/tuantran/ros2_ws/src/polygon_plugins -DCMAKE_INSTALL_PREFIX=/home/tuantran/ros2_ws/install/polygon_plugins
[0.588s] -- The C compiler identification is GNU 11.4.0
[0.981s] -- The CXX compiler identification is GNU 11.4.0
[1.036s] -- Detecting C compiler ABI info
[1.439s] -- Detecting C compiler ABI info - done
[1.506s] -- Check for working C compiler: /usr/bin/cc - skipped
[1.508s] -- Detecting C compile features
[1.514s] -- Detecting C compile features - done
[1.537s] -- Detecting CXX compiler ABI info
[2.486s] -- Detecting CXX compiler ABI info - done
[2.704s] -- Check for working CXX compiler: /usr/bin/c++ - skipped
[2.707s] -- Detecting CXX compile features
[2.711s] -- Detecting CXX compile features - done
[2.726s] -- Found ament_cmake: 1.3.6 (/opt/ros/humble/share/ament_cmake/cmake)
[3.751s] -- Found Python3: /usr/bin/python3.10 (found version "3.10.12") found components: Interpreter 
[4.121s] -- Found ament_cmake_ros: 0.10.0 (/opt/ros/humble/share/ament_cmake_ros/cmake)
[4.169s] -- Found polygon_base: 0.0.0 (/home/tuantran/ros2_ws/install/polygon_base/share/polygon_base/cmake)
[4.197s] -- Found pluginlib: 5.1.0 (/opt/ros/humble/share/pluginlib/cmake)
[4.516s] -- Found ament_lint_auto: 0.12.9 (/opt/ros/humble/share/ament_lint_auto/cmake)
[4.943s] -- Added test 'cppcheck' to perform static code analysis on C / C++ code
[4.944s] -- Configured cppcheck include dirs: $<BUILD_INTERFACE:/home/tuantran/ros2_ws/src/polygon_plugins/include>
[4.945s] -- Configured cppcheck exclude dirs and/or files: 
[4.950s] -- Added test 'lint_cmake' to check CMake code style
[4.957s] -- Added test 'uncrustify' to check C / C++ code style
[4.957s] -- Configured uncrustify additional arguments: 
[4.963s] -- Added test 'xmllint' to check XML markup files
[4.979s] -- Configuring done
[5.040s] -- Generating done
[5.069s] -- Build files have been written to: /home/tuantran/ros2_ws/build/polygon_plugins
[5.099s] Invoked command in '/home/tuantran/ros2_ws/build/polygon_plugins' returned '0': AMENT_PREFIX_PATH=/home/tuantran/ros2_ws/install/polygon_base:${AMENT_PREFIX_PATH} CMAKE_PREFIX_PATH=/home/tuantran/ros2_ws/install/polygon_base:/home/tuantran/ros2_ws/install/cpp_pubsub:/home/tuantran/ros2_ws/install/tutorial_interfaces:/home/tuantran/ros2_ws/install/turtlesim:/home/tuantran/ros2_ws/install/my_package:/home/tuantran/ros2_ws/install/examples_rclcpp_wait_set:/home/tuantran/ros2_ws/install/examples_rclcpp_multithreaded_executor:/home/tuantran/ros2_ws/install/examples_rclcpp_minimal_timer:/home/tuantran/ros2_ws/install/examples_rclcpp_minimal_subscriber:/home/tuantran/ros2_ws/install/examples_rclcpp_minimal_service:/home/tuantran/ros2_ws/install/examples_rclcpp_minimal_publisher:/home/tuantran/ros2_ws/install/examples_rclcpp_minimal_composition:/home/tuantran/ros2_ws/install/examples_rclcpp_minimal_client:/home/tuantran/ros2_ws/install/examples_rclcpp_minimal_action_server:/home/tuantran/ros2_ws/install/examples_rclcpp_minimal_action_client:/home/tuantran/ros2_ws/install/examples_rclcpp_cbg_executor:/home/tuantran/ros2_ws/install/examples_rclcpp_async_client:/home/tuantran/ros2_ws/install/cpp_srvcli:/home/tuantran/ros2_ws/install/cpp_parameters:/home/tuantran/ros2_ws/install/launch_testing_examples:/home/tuantran/ros2_ws/install/examples_rclpy_pointcloud_publisher:/home/tuantran/ros2_ws/install/examples_rclpy_minimal_subscriber:/home/tuantran/ros2_ws/install/examples_rclpy_minimal_service:/home/tuantran/ros2_ws/install/examples_rclpy_minimal_publisher:/home/tuantran/ros2_ws/install/examples_rclpy_minimal_client:/home/tuantran/ros2_ws/install/examples_rclpy_minimal_action_server:/home/tuantran/ros2_ws/install/examples_rclpy_minimal_action_client:/home/tuantran/ros2_ws/install/examples_rclpy_guard_conditions:/home/tuantran/ros2_ws/install/examples_rclpy_executors:/opt/ros/humble /usr/bin/cmake /home/tuantran/ros2_ws/src/polygon_plugins -DCMAKE_INSTALL_PREFIX=/home/tuantran/ros2_ws/install/polygon_plugins
[5.103s] Invoking command in '/home/tuantran/ros2_ws/build/polygon_plugins': AMENT_PREFIX_PATH=/home/tuantran/ros2_ws/install/polygon_base:${AMENT_PREFIX_PATH} CMAKE_PREFIX_PATH=/home/tuantran/ros2_ws/install/polygon_base:/home/tuantran/ros2_ws/install/cpp_pubsub:/home/tuantran/ros2_ws/install/tutorial_interfaces:/home/tuantran/ros2_ws/install/turtlesim:/home/tuantran/ros2_ws/install/my_package:/home/tuantran/ros2_ws/install/examples_rclcpp_wait_set:/home/tuantran/ros2_ws/install/examples_rclcpp_multithreaded_executor:/home/tuantran/ros2_ws/install/examples_rclcpp_minimal_timer:/home/tuantran/ros2_ws/install/examples_rclcpp_minimal_subscriber:/home/tuantran/ros2_ws/install/examples_rclcpp_minimal_service:/home/tuantran/ros2_ws/install/examples_rclcpp_minimal_publisher:/home/tuantran/ros2_ws/install/examples_rclcpp_minimal_composition:/home/tuantran/ros2_ws/install/examples_rclcpp_minimal_client:/home/tuantran/ros2_ws/install/examples_rclcpp_minimal_action_server:/home/tuantran/ros2_ws/install/examples_rclcpp_minimal_action_client:/home/tuantran/ros2_ws/install/examples_rclcpp_cbg_executor:/home/tuantran/ros2_ws/install/examples_rclcpp_async_client:/home/tuantran/ros2_ws/install/cpp_srvcli:/home/tuantran/ros2_ws/install/cpp_parameters:/home/tuantran/ros2_ws/install/launch_testing_examples:/home/tuantran/ros2_ws/install/examples_rclpy_pointcloud_publisher:/home/tuantran/ros2_ws/install/examples_rclpy_minimal_subscriber:/home/tuantran/ros2_ws/install/examples_rclpy_minimal_service:/home/tuantran/ros2_ws/install/examples_rclpy_minimal_publisher:/home/tuantran/ros2_ws/install/examples_rclpy_minimal_client:/home/tuantran/ros2_ws/install/examples_rclpy_minimal_action_server:/home/tuantran/ros2_ws/install/examples_rclpy_minimal_action_client:/home/tuantran/ros2_ws/install/examples_rclpy_guard_conditions:/home/tuantran/ros2_ws/install/examples_rclpy_executors:/opt/ros/humble /usr/bin/cmake --build /home/tuantran/ros2_ws/build/polygon_plugins -- -j2 -l2
[5.573s] [ 50%] [32mBuilding CXX object CMakeFiles/polygon_plugins.dir/src/polygon_plugins.cpp.o[0m
[5.735s] [100%] [32m[1mLinking CXX shared library libpolygon_plugins.so[0m
[6.070s] [100%] Built target polygon_plugins
[6.147s] Invoked command in '/home/tuantran/ros2_ws/build/polygon_plugins' returned '0': AMENT_PREFIX_PATH=/home/tuantran/ros2_ws/install/polygon_base:${AMENT_PREFIX_PATH} CMAKE_PREFIX_PATH=/home/tuantran/ros2_ws/install/polygon_base:/home/tuantran/ros2_ws/install/cpp_pubsub:/home/tuantran/ros2_ws/install/tutorial_interfaces:/home/tuantran/ros2_ws/install/turtlesim:/home/tuantran/ros2_ws/install/my_package:/home/tuantran/ros2_ws/install/examples_rclcpp_wait_set:/home/tuantran/ros2_ws/install/examples_rclcpp_multithreaded_executor:/home/tuantran/ros2_ws/install/examples_rclcpp_minimal_timer:/home/tuantran/ros2_ws/install/examples_rclcpp_minimal_subscriber:/home/tuantran/ros2_ws/install/examples_rclcpp_minimal_service:/home/tuantran/ros2_ws/install/examples_rclcpp_minimal_publisher:/home/tuantran/ros2_ws/install/examples_rclcpp_minimal_composition:/home/tuantran/ros2_ws/install/examples_rclcpp_minimal_client:/home/tuantran/ros2_ws/install/examples_rclcpp_minimal_action_server:/home/tuantran/ros2_ws/install/examples_rclcpp_minimal_action_client:/home/tuantran/ros2_ws/install/examples_rclcpp_cbg_executor:/home/tuantran/ros2_ws/install/examples_rclcpp_async_client:/home/tuantran/ros2_ws/install/cpp_srvcli:/home/tuantran/ros2_ws/install/cpp_parameters:/home/tuantran/ros2_ws/install/launch_testing_examples:/home/tuantran/ros2_ws/install/examples_rclpy_pointcloud_publisher:/home/tuantran/ros2_ws/install/examples_rclpy_minimal_subscriber:/home/tuantran/ros2_ws/install/examples_rclpy_minimal_service:/home/tuantran/ros2_ws/install/examples_rclpy_minimal_publisher:/home/tuantran/ros2_ws/install/examples_rclpy_minimal_client:/home/tuantran/ros2_ws/install/examples_rclpy_minimal_action_server:/home/tuantran/ros2_ws/install/examples_rclpy_minimal_action_client:/home/tuantran/ros2_ws/install/examples_rclpy_guard_conditions:/home/tuantran/ros2_ws/install/examples_rclpy_executors:/opt/ros/humble /usr/bin/cmake --build /home/tuantran/ros2_ws/build/polygon_plugins -- -j2 -l2
[6.250s] Invoking command in '/home/tuantran/ros2_ws/build/polygon_plugins': AMENT_PREFIX_PATH=/home/tuantran/ros2_ws/install/polygon_base:${AMENT_PREFIX_PATH} CMAKE_PREFIX_PATH=/home/tuantran/ros2_ws/install/polygon_base:/home/tuantran/ros2_ws/install/cpp_pubsub:/home/tuantran/ros2_ws/install/tutorial_interfaces:/home/tuantran/ros2_ws/install/turtlesim:/home/tuantran/ros2_ws/install/my_package:/home/tuantran/ros2_ws/install/examples_rclcpp_wait_set:/home/tuantran/ros2_ws/install/examples_rclcpp_multithreaded_executor:/home/tuantran/ros2_ws/install/examples_rclcpp_minimal_timer:/home/tuantran/ros2_ws/install/examples_rclcpp_minimal_subscriber:/home/tuantran/ros2_ws/install/examples_rclcpp_minimal_service:/home/tuantran/ros2_ws/install/examples_rclcpp_minimal_publisher:/home/tuantran/ros2_ws/install/examples_rclcpp_minimal_composition:/home/tuantran/ros2_ws/install/examples_rclcpp_minimal_client:/home/tuantran/ros2_ws/install/examples_rclcpp_minimal_action_server:/home/tuantran/ros2_ws/install/examples_rclcpp_minimal_action_client:/home/tuantran/ros2_ws/install/examples_rclcpp_cbg_executor:/home/tuantran/ros2_ws/install/examples_rclcpp_async_client:/home/tuantran/ros2_ws/install/cpp_srvcli:/home/tuantran/ros2_ws/install/cpp_parameters:/home/tuantran/ros2_ws/install/launch_testing_examples:/home/tuantran/ros2_ws/install/examples_rclpy_pointcloud_publisher:/home/tuantran/ros2_ws/install/examples_rclpy_minimal_subscriber:/home/tuantran/ros2_ws/install/examples_rclpy_minimal_service:/home/tuantran/ros2_ws/install/examples_rclpy_minimal_publisher:/home/tuantran/ros2_ws/install/examples_rclpy_minimal_client:/home/tuantran/ros2_ws/install/examples_rclpy_minimal_action_server:/home/tuantran/ros2_ws/install/examples_rclpy_minimal_action_client:/home/tuantran/ros2_ws/install/examples_rclpy_guard_conditions:/home/tuantran/ros2_ws/install/examples_rclpy_executors:/opt/ros/humble /usr/bin/cmake --install /home/tuantran/ros2_ws/build/polygon_plugins
[6.282s] -- Install configuration: ""
[6.284s] -- Installing: /home/tuantran/ros2_ws/install/polygon_plugins/include
[6.288s] -- Installing: /home/tuantran/ros2_ws/install/polygon_plugins/include/polygon_plugins
[6.291s] -- Installing: /home/tuantran/ros2_ws/install/polygon_plugins/include/polygon_plugins/visibility_control.h
[6.292s] -- Installing: /home/tuantran/ros2_ws/install/polygon_plugins/include/polygon_plugins/polygon_plugins.hpp
[6.293s] -- Installing: /home/tuantran/ros2_ws/install/polygon_plugins/lib/libpolygon_plugins.so
[6.299s] -- Set runtime path of "/home/tuantran/ros2_ws/install/polygon_plugins/lib/libpolygon_plugins.so" to ""
[6.301s] -- Installing: /home/tuantran/ros2_ws/install/polygon_plugins/share/polygon_plugins/environment/library_path.sh
[6.302s] -- Installing: /home/tuantran/ros2_ws/install/polygon_plugins/share/polygon_plugins/environment/library_path.dsv
[6.306s] -- Installing: /home/tuantran/ros2_ws/install/polygon_plugins/share/ament_index/resource_index/package_run_dependencies/polygon_plugins
[6.314s] -- Installing: /home/tuantran/ros2_ws/install/polygon_plugins/share/ament_index/resource_index/parent_prefix_path/polygon_plugins
[6.319s] -- Installing: /home/tuantran/ros2_ws/install/polygon_plugins/share/polygon_plugins/environment/ament_prefix_path.sh
[6.320s] -- Installing: /home/tuantran/ros2_ws/install/polygon_plugins/share/polygon_plugins/environment/ament_prefix_path.dsv
[6.321s] -- Installing: /home/tuantran/ros2_ws/install/polygon_plugins/share/polygon_plugins/environment/path.sh
[6.322s] -- Installing: /home/tuantran/ros2_ws/install/polygon_plugins/share/polygon_plugins/environment/path.dsv
[6.324s] -- Installing: /home/tuantran/ros2_ws/install/polygon_plugins/share/polygon_plugins/local_setup.bash
[6.325s] -- Installing: /home/tuantran/ros2_ws/install/polygon_plugins/share/polygon_plugins/local_setup.sh
[6.326s] -- Installing: /home/tuantran/ros2_ws/install/polygon_plugins/share/polygon_plugins/local_setup.zsh
[6.327s] -- Installing: /home/tuantran/ros2_ws/install/polygon_plugins/share/polygon_plugins/local_setup.dsv
[6.328s] -- Installing: /home/tuantran/ros2_ws/install/polygon_plugins/share/polygon_plugins/package.dsv
[6.329s] -- Installing: /home/tuantran/ros2_ws/install/polygon_plugins/share/ament_index/resource_index/packages/polygon_plugins
[6.330s] -- Installing: /home/tuantran/ros2_ws/install/polygon_plugins/share/polygon_plugins/cmake/export_polygon_pluginsExport.cmake
[6.332s] -- Installing: /home/tuantran/ros2_ws/install/polygon_plugins/share/polygon_plugins/cmake/export_polygon_pluginsExport-noconfig.cmake
[6.333s] -- Installing: /home/tuantran/ros2_ws/install/polygon_plugins/share/polygon_plugins/cmake/ament_cmake_export_include_directories-extras.cmake
[6.334s] -- Installing: /home/tuantran/ros2_ws/install/polygon_plugins/share/polygon_plugins/cmake/ament_cmake_export_libraries-extras.cmake
[6.335s] -- Installing: /home/tuantran/ros2_ws/install/polygon_plugins/share/polygon_plugins/cmake/ament_cmake_export_targets-extras.cmake
[6.336s] -- Installing: /home/tuantran/ros2_ws/install/polygon_plugins/share/polygon_plugins/cmake/polygon_pluginsConfig.cmake
[6.337s] -- Installing: /home/tuantran/ros2_ws/install/polygon_plugins/share/polygon_plugins/cmake/polygon_pluginsConfig-version.cmake
[6.338s] -- Installing: /home/tuantran/ros2_ws/install/polygon_plugins/share/polygon_plugins/package.xml
[6.344s] Invoked command in '/home/tuantran/ros2_ws/build/polygon_plugins' returned '0': AMENT_PREFIX_PATH=/home/tuantran/ros2_ws/install/polygon_base:${AMENT_PREFIX_PATH} CMAKE_PREFIX_PATH=/home/tuantran/ros2_ws/install/polygon_base:/home/tuantran/ros2_ws/install/cpp_pubsub:/home/tuantran/ros2_ws/install/tutorial_interfaces:/home/tuantran/ros2_ws/install/turtlesim:/home/tuantran/ros2_ws/install/my_package:/home/tuantran/ros2_ws/install/examples_rclcpp_wait_set:/home/tuantran/ros2_ws/install/examples_rclcpp_multithreaded_executor:/home/tuantran/ros2_ws/install/examples_rclcpp_minimal_timer:/home/tuantran/ros2_ws/install/examples_rclcpp_minimal_subscriber:/home/tuantran/ros2_ws/install/examples_rclcpp_minimal_service:/home/tuantran/ros2_ws/install/examples_rclcpp_minimal_publisher:/home/tuantran/ros2_ws/install/examples_rclcpp_minimal_composition:/home/tuantran/ros2_ws/install/examples_rclcpp_minimal_client:/home/tuantran/ros2_ws/install/examples_rclcpp_minimal_action_server:/home/tuantran/ros2_ws/install/examples_rclcpp_minimal_action_client:/home/tuantran/ros2_ws/install/examples_rclcpp_cbg_executor:/home/tuantran/ros2_ws/install/examples_rclcpp_async_client:/home/tuantran/ros2_ws/install/cpp_srvcli:/home/tuantran/ros2_ws/install/cpp_parameters:/home/tuantran/ros2_ws/install/launch_testing_examples:/home/tuantran/ros2_ws/install/examples_rclpy_pointcloud_publisher:/home/tuantran/ros2_ws/install/examples_rclpy_minimal_subscriber:/home/tuantran/ros2_ws/install/examples_rclpy_minimal_service:/home/tuantran/ros2_ws/install/examples_rclpy_minimal_publisher:/home/tuantran/ros2_ws/install/examples_rclpy_minimal_client:/home/tuantran/ros2_ws/install/examples_rclpy_minimal_action_server:/home/tuantran/ros2_ws/install/examples_rclpy_minimal_action_client:/home/tuantran/ros2_ws/install/examples_rclpy_guard_conditions:/home/tuantran/ros2_ws/install/examples_rclpy_executors:/opt/ros/humble /usr/bin/cmake --install /home/tuantran/ros2_ws/build/polygon_plugins
