[0.940s] Invoking command in '/home/tuantran/ros2_ws/build/polygon_base': CMAKE_PREFIX_PATH=${CMAKE_PREFIX_PATH}:/home/tuantran/ros2_ws/install/launch_testing_examples:/home/tuantran/ros2_ws/install/examples_rclpy_pointcloud_publisher:/home/tuantran/ros2_ws/install/examples_rclpy_minimal_subscriber:/home/tuantran/ros2_ws/install/examples_rclpy_minimal_service:/home/tuantran/ros2_ws/install/examples_rclpy_minimal_publisher:/home/tuantran/ros2_ws/install/examples_rclpy_minimal_client:/home/tuantran/ros2_ws/install/examples_rclpy_minimal_action_server:/home/tuantran/ros2_ws/install/examples_rclpy_minimal_action_client:/home/tuantran/ros2_ws/install/examples_rclpy_guard_conditions:/home/tuantran/ros2_ws/install/examples_rclpy_executors:/opt/ros/humble /usr/bin/cmake --build /home/tuantran/ros2_ws/build/polygon_base -- -j2 -l2
[1.354s] [35m[1mConsolidate compiler generated dependencies of target area_node[0m
[1.485s] [100%] Built target area_node
[1.555s] Invoked command in '/home/tuantran/ros2_ws/build/polygon_base' returned '0': CMAKE_PREFIX_PATH=${CMAKE_PREFIX_PATH}:/home/tuantran/ros2_ws/install/launch_testing_examples:/home/tuantran/ros2_ws/install/examples_rclpy_pointcloud_publisher:/home/tuantran/ros2_ws/install/examples_rclpy_minimal_subscriber:/home/tuantran/ros2_ws/install/examples_rclpy_minimal_service:/home/tuantran/ros2_ws/install/examples_rclpy_minimal_publisher:/home/tuantran/ros2_ws/install/examples_rclpy_minimal_client:/home/tuantran/ros2_ws/install/examples_rclpy_minimal_action_server:/home/tuantran/ros2_ws/install/examples_rclpy_minimal_action_client:/home/tuantran/ros2_ws/install/examples_rclpy_guard_conditions:/home/tuantran/ros2_ws/install/examples_rclpy_executors:/opt/ros/humble /usr/bin/cmake --build /home/tuantran/ros2_ws/build/polygon_base -- -j2 -l2
[1.854s] Invoking command in '/home/tuantran/ros2_ws/build/polygon_base': CMAKE_PREFIX_PATH=${CMAKE_PREFIX_PATH}:/home/tuantran/ros2_ws/install/launch_testing_examples:/home/tuantran/ros2_ws/install/examples_rclpy_pointcloud_publisher:/home/tuantran/ros2_ws/install/examples_rclpy_minimal_subscriber:/home/tuantran/ros2_ws/install/examples_rclpy_minimal_service:/home/tuantran/ros2_ws/install/examples_rclpy_minimal_publisher:/home/tuantran/ros2_ws/install/examples_rclpy_minimal_client:/home/tuantran/ros2_ws/install/examples_rclpy_minimal_action_server:/home/tuantran/ros2_ws/install/examples_rclpy_minimal_action_client:/home/tuantran/ros2_ws/install/examples_rclpy_guard_conditions:/home/tuantran/ros2_ws/install/examples_rclpy_executors:/opt/ros/humble /usr/bin/cmake --install /home/tuantran/ros2_ws/build/polygon_base
[1.902s] -- Install configuration: ""
[1.902s] -- Up-to-date: /home/tuantran/ros2_ws/install/polygon_base/include
[1.903s] -- Up-to-date: /home/tuantran/ros2_ws/install/polygon_base/include/polygon_base
[1.903s] -- Up-to-date: /home/tuantran/ros2_ws/install/polygon_base/include/polygon_base/regular_polygon.hpp
[1.907s] -- Up-to-date: /home/tuantran/ros2_ws/install/polygon_base/lib/polygon_base/area_node
[1.908s] -- Up-to-date: /home/tuantran/ros2_ws/install/polygon_base/share/ament_index/resource_index/package_run_dependencies/polygon_base
[1.909s] -- Up-to-date: /home/tuantran/ros2_ws/install/polygon_base/share/ament_index/resource_index/parent_prefix_path/polygon_base
[1.911s] -- Up-to-date: /home/tuantran/ros2_ws/install/polygon_base/share/polygon_base/environment/ament_prefix_path.sh
[1.912s] -- Up-to-date: /home/tuantran/ros2_ws/install/polygon_base/share/polygon_base/environment/ament_prefix_path.dsv
[1.912s] -- Up-to-date: /home/tuantran/ros2_ws/install/polygon_base/share/polygon_base/environment/path.sh
[1.913s] -- Up-to-date: /home/tuantran/ros2_ws/install/polygon_base/share/polygon_base/environment/path.dsv
[1.914s] -- Up-to-date: /home/tuantran/ros2_ws/install/polygon_base/share/polygon_base/local_setup.bash
[1.915s] -- Up-to-date: /home/tuantran/ros2_ws/install/polygon_base/share/polygon_base/local_setup.sh
[1.916s] -- Up-to-date: /home/tuantran/ros2_ws/install/polygon_base/share/polygon_base/local_setup.zsh
[1.917s] -- Up-to-date: /home/tuantran/ros2_ws/install/polygon_base/share/polygon_base/local_setup.dsv
[1.920s] -- Installing: /home/tuantran/ros2_ws/install/polygon_base/share/polygon_base/package.dsv
[1.924s] -- Up-to-date: /home/tuantran/ros2_ws/install/polygon_base/share/ament_index/resource_index/packages/polygon_base
[1.926s] -- Up-to-date: /home/tuantran/ros2_ws/install/polygon_base/share/polygon_base/cmake/ament_cmake_export_include_directories-extras.cmake
[1.927s] -- Up-to-date: /home/tuantran/ros2_ws/install/polygon_base/share/polygon_base/cmake/polygon_baseConfig.cmake
[1.927s] -- Up-to-date: /home/tuantran/ros2_ws/install/polygon_base/share/polygon_base/cmake/polygon_baseConfig-version.cmake
[1.928s] -- Up-to-date: /home/tuantran/ros2_ws/install/polygon_base/share/polygon_base/package.xml
[1.939s] Invoked command in '/home/tuantran/ros2_ws/build/polygon_base' returned '0': CMAKE_PREFIX_PATH=${CMAKE_PREFIX_PATH}:/home/tuantran/ros2_ws/install/launch_testing_examples:/home/tuantran/ros2_ws/install/examples_rclpy_pointcloud_publisher:/home/tuantran/ros2_ws/install/examples_rclpy_minimal_subscriber:/home/tuantran/ros2_ws/install/examples_rclpy_minimal_service:/home/tuantran/ros2_ws/install/examples_rclpy_minimal_publisher:/home/tuantran/ros2_ws/install/examples_rclpy_minimal_client:/home/tuantran/ros2_ws/install/examples_rclpy_minimal_action_server:/home/tuantran/ros2_ws/install/examples_rclpy_minimal_action_client:/home/tuantran/ros2_ws/install/examples_rclpy_guard_conditions:/home/tuantran/ros2_ws/install/examples_rclpy_executors:/opt/ros/humble /usr/bin/cmake --install /home/tuantran/ros2_ws/build/polygon_base
