[0.520s] Invoking command in '/home/tuantran/ros2_ws/build/cpp_srvcli': CMAKE_PREFIX_PATH=/opt/ros/humble /usr/bin/cmake --build /home/tuantran/ros2_ws/build/cpp_srvcli -- -j2 -l2
[0.828s] -- Found ament_cmake: 1.3.6 (/opt/ros/humble/share/ament_cmake/cmake)
[2.964s] -- Found rclcpp: 16.0.7 (/opt/ros/humble/share/rclcpp/cmake)
[3.505s] -- Found rosidl_generator_c: 3.1.5 (/opt/ros/humble/share/rosidl_generator_c/cmake)
[3.561s] -- Found rosidl_adapter: 3.1.5 (/opt/ros/humble/share/rosidl_adapter/cmake)
[3.687s] -- Found rosidl_generator_cpp: 3.1.5 (/opt/ros/humble/share/rosidl_generator_cpp/cmake)
[3.855s] -- Using all available rosidl_typesupport_c: rosidl_typesupport_fastrtps_c;rosidl_typesupport_introspection_c
[4.185s] -- Using all available rosidl_typesupport_cpp: rosidl_typesupport_fastrtps_cpp;rosidl_typesupport_introspection_cpp
[5.610s] -- Found rmw_implementation_cmake: 6.1.1 (/opt/ros/humble/share/rmw_implementation_cmake/cmake)
[5.625s] -- Found rmw_fastrtps_cpp: 6.2.5 (/opt/ros/humble/share/rmw_fastrtps_cpp/cmake)
[7.056s] -- Using RMW implementation 'rmw_fastrtps_cpp' as default
[9.687s] -- Configuring incomplete, errors occurred!
[9.688s] See also "/home/tuantran/ros2_ws/build/cpp_srvcli/CMakeFiles/CMakeOutput.log".
[9.693s] [31mCMake Error at CMakeLists.txt:11 (find_package):
[9.693s]   By not providing "Findtutorial_interfaces.cmake" in CMAKE_MODULE_PATH this
[9.693s]   project has asked CMake to find a package configuration file provided by
[9.694s]   "tutorial_interfaces", but CMake did not find one.
[9.694s] 
[9.694s]   Could not find a package configuration file provided by
[9.695s]   "tutorial_interfaces" with any of the following names:
[9.695s] 
[9.695s]     tutorial_interfacesConfig.cmake
[9.706s]     tutorial_interfaces-config.cmake
[9.706s] 
[9.707s]   Add the installation prefix of "tutorial_interfaces" to CMAKE_PREFIX_PATH
[9.707s]   or set "tutorial_interfaces_DIR" to a directory containing one of the above
[9.707s]   files.  If "tutorial_interfaces" provides a separate development package or
[9.708s]   SDK, be sure it has been installed.
[9.708s] 
[9.709s] [0m
[9.754s] gmake: *** [Makefile:308: cmake_check_build_system] Error 1
[10.154s] Invoked command in '/home/tuantran/ros2_ws/build/cpp_srvcli' returned '2': CMAKE_PREFIX_PATH=/opt/ros/humble /usr/bin/cmake --build /home/tuantran/ros2_ws/build/cpp_srvcli -- -j2 -l2
