[0.358s] Invoking command in '/home/tuantran/ros2_ws/build/cpp_pubsub': CMAKE_PREFIX_PATH=/opt/ros/humble /usr/bin/cmake --build /home/tuantran/ros2_ws/build/cpp_pubsub -- -j2 -l2
[0.521s] -- Found ament_cmake: 1.3.6 (/opt/ros/humble/share/ament_cmake/cmake)
[1.475s] -- Found rclcpp: 16.0.7 (/opt/ros/humble/share/rclcpp/cmake)
[1.883s] -- Found rosidl_generator_c: 3.1.5 (/opt/ros/humble/share/rosidl_generator_c/cmake)
[1.909s] -- Found rosidl_adapter: 3.1.5 (/opt/ros/humble/share/rosidl_adapter/cmake)
[2.007s] -- Found rosidl_generator_cpp: 3.1.5 (/opt/ros/humble/share/rosidl_generator_cpp/cmake)
[2.232s] -- Using all available rosidl_typesupport_c: rosidl_typesupport_fastrtps_c;rosidl_typesupport_introspection_c
[2.456s] -- Using all available rosidl_typesupport_cpp: rosidl_typesupport_fastrtps_cpp;rosidl_typesupport_introspection_cpp
[3.456s] -- Found rmw_implementation_cmake: 6.1.1 (/opt/ros/humble/share/rmw_implementation_cmake/cmake)
[3.476s] -- Found rmw_fastrtps_cpp: 6.2.5 (/opt/ros/humble/share/rmw_fastrtps_cpp/cmake)
[4.523s] -- Using RMW implementation 'rmw_fastrtps_cpp' as default
[6.852s] -- Found ament_lint_auto: 0.12.9 (/opt/ros/humble/share/ament_lint_auto/cmake)
[7.310s] [31mCMake Error at CMakeLists.txt:36 (install):
[7.311s]   install TARGETS given target "talker" which does not exist.
[7.311s] 
[7.311s] [0m
[7.354s] -- Added test 'cppcheck' to perform static code analysis on C / C++ code
[7.358s] -- Configured cppcheck include dirs: 
[7.358s] -- Configured cppcheck exclude dirs and/or files: 
[7.373s] -- Added test 'lint_cmake' to check CMake code style
[7.382s] -- Added test 'uncrustify' to check C / C++ code style
[7.383s] -- Configured uncrustify additional arguments: 
[7.384s] -- Added test 'xmllint' to check XML markup files
[7.393s] -- Configuring incomplete, errors occurred!
[7.393s] See also "/home/tuantran/ros2_ws/build/cpp_pubsub/CMakeFiles/CMakeOutput.log".
[7.459s] gmake: *** [Makefile:308: cmake_check_build_system] Error 1
[7.475s] Invoked command in '/home/tuantran/ros2_ws/build/cpp_pubsub' returned '2': CMAKE_PREFIX_PATH=/opt/ros/humble /usr/bin/cmake --build /home/tuantran/ros2_ws/build/cpp_pubsub -- -j2 -l2
