[0.403s] Invoking command in '/home/tuantran/ros2_ws/build/cpp_srvcli': CMAKE_PREFIX_PATH=${CMAKE_PREFIX_PATH}:/home/tuantran/ros2_ws/install/launch_testing_examples:/home/tuantran/ros2_ws/install/examples_rclpy_pointcloud_publisher:/home/tuantran/ros2_ws/install/examples_rclpy_minimal_subscriber:/home/tuantran/ros2_ws/install/examples_rclpy_minimal_service:/home/tuantran/ros2_ws/install/examples_rclpy_minimal_publisher:/home/tuantran/ros2_ws/install/examples_rclpy_minimal_client:/home/tuantran/ros2_ws/install/examples_rclpy_minimal_action_server:/home/tuantran/ros2_ws/install/examples_rclpy_minimal_action_client:/home/tuantran/ros2_ws/install/examples_rclpy_guard_conditions:/home/tuantran/ros2_ws/install/examples_rclpy_executors:/opt/ros/humble /usr/bin/cmake --build /home/tuantran/ros2_ws/build/cpp_srvcli -- -j2 -l2
[0.729s] [35m[1mConsolidate compiler generated dependencies of target client[0m
[0.739s] [35m[1mConsolidate compiler generated dependencies of target server[0m
[0.905s] [ 50%] Built target client
[0.938s] [100%] Built target server
[1.018s] Invoked command in '/home/tuantran/ros2_ws/build/cpp_srvcli' returned '0': CMAKE_PREFIX_PATH=${CMAKE_PREFIX_PATH}:/home/tuantran/ros2_ws/install/launch_testing_examples:/home/tuantran/ros2_ws/install/examples_rclpy_pointcloud_publisher:/home/tuantran/ros2_ws/install/examples_rclpy_minimal_subscriber:/home/tuantran/ros2_ws/install/examples_rclpy_minimal_service:/home/tuantran/ros2_ws/install/examples_rclpy_minimal_publisher:/home/tuantran/ros2_ws/install/examples_rclpy_minimal_client:/home/tuantran/ros2_ws/install/examples_rclpy_minimal_action_server:/home/tuantran/ros2_ws/install/examples_rclpy_minimal_action_client:/home/tuantran/ros2_ws/install/examples_rclpy_guard_conditions:/home/tuantran/ros2_ws/install/examples_rclpy_executors:/opt/ros/humble /usr/bin/cmake --build /home/tuantran/ros2_ws/build/cpp_srvcli -- -j2 -l2
[1.407s] Invoking command in '/home/tuantran/ros2_ws/build/cpp_srvcli': CMAKE_PREFIX_PATH=${CMAKE_PREFIX_PATH}:/home/tuantran/ros2_ws/install/launch_testing_examples:/home/tuantran/ros2_ws/install/examples_rclpy_pointcloud_publisher:/home/tuantran/ros2_ws/install/examples_rclpy_minimal_subscriber:/home/tuantran/ros2_ws/install/examples_rclpy_minimal_service:/home/tuantran/ros2_ws/install/examples_rclpy_minimal_publisher:/home/tuantran/ros2_ws/install/examples_rclpy_minimal_client:/home/tuantran/ros2_ws/install/examples_rclpy_minimal_action_server:/home/tuantran/ros2_ws/install/examples_rclpy_minimal_action_client:/home/tuantran/ros2_ws/install/examples_rclpy_guard_conditions:/home/tuantran/ros2_ws/install/examples_rclpy_executors:/opt/ros/humble /usr/bin/cmake --install /home/tuantran/ros2_ws/build/cpp_srvcli
[1.500s] -- Install configuration: ""
[1.501s] -- Up-to-date: /home/tuantran/ros2_ws/install/cpp_srvcli/lib/cpp_srvcli/server
[1.502s] -- Up-to-date: /home/tuantran/ros2_ws/install/cpp_srvcli/lib/cpp_srvcli/client
[1.503s] -- Up-to-date: /home/tuantran/ros2_ws/install/cpp_srvcli/share/ament_index/resource_index/package_run_dependencies/cpp_srvcli
[1.504s] -- Up-to-date: /home/tuantran/ros2_ws/install/cpp_srvcli/share/ament_index/resource_index/parent_prefix_path/cpp_srvcli
[1.504s] -- Up-to-date: /home/tuantran/ros2_ws/install/cpp_srvcli/share/cpp_srvcli/environment/ament_prefix_path.sh
[1.505s] -- Up-to-date: /home/tuantran/ros2_ws/install/cpp_srvcli/share/cpp_srvcli/environment/ament_prefix_path.dsv
[1.506s] -- Up-to-date: /home/tuantran/ros2_ws/install/cpp_srvcli/share/cpp_srvcli/environment/path.sh
[1.506s] -- Up-to-date: /home/tuantran/ros2_ws/install/cpp_srvcli/share/cpp_srvcli/environment/path.dsv
[1.507s] -- Up-to-date: /home/tuantran/ros2_ws/install/cpp_srvcli/share/cpp_srvcli/local_setup.bash
[1.512s] -- Up-to-date: /home/tuantran/ros2_ws/install/cpp_srvcli/share/cpp_srvcli/local_setup.sh
[1.513s] -- Up-to-date: /home/tuantran/ros2_ws/install/cpp_srvcli/share/cpp_srvcli/local_setup.zsh
[1.513s] -- Up-to-date: /home/tuantran/ros2_ws/install/cpp_srvcli/share/cpp_srvcli/local_setup.dsv
[1.514s] -- Installing: /home/tuantran/ros2_ws/install/cpp_srvcli/share/cpp_srvcli/package.dsv
[1.526s] -- Up-to-date: /home/tuantran/ros2_ws/install/cpp_srvcli/share/ament_index/resource_index/packages/cpp_srvcli
[1.526s] -- Up-to-date: /home/tuantran/ros2_ws/install/cpp_srvcli/share/cpp_srvcli/cmake/cpp_srvcliConfig.cmake
[1.526s] -- Up-to-date: /home/tuantran/ros2_ws/install/cpp_srvcli/share/cpp_srvcli/cmake/cpp_srvcliConfig-version.cmake
[1.527s] -- Up-to-date: /home/tuantran/ros2_ws/install/cpp_srvcli/share/cpp_srvcli/package.xml
[1.527s] Invoked command in '/home/tuantran/ros2_ws/build/cpp_srvcli' returned '0': CMAKE_PREFIX_PATH=${CMAKE_PREFIX_PATH}:/home/tuantran/ros2_ws/install/launch_testing_examples:/home/tuantran/ros2_ws/install/examples_rclpy_pointcloud_publisher:/home/tuantran/ros2_ws/install/examples_rclpy_minimal_subscriber:/home/tuantran/ros2_ws/install/examples_rclpy_minimal_service:/home/tuantran/ros2_ws/install/examples_rclpy_minimal_publisher:/home/tuantran/ros2_ws/install/examples_rclpy_minimal_client:/home/tuantran/ros2_ws/install/examples_rclpy_minimal_action_server:/home/tuantran/ros2_ws/install/examples_rclpy_minimal_action_client:/home/tuantran/ros2_ws/install/examples_rclpy_guard_conditions:/home/tuantran/ros2_ws/install/examples_rclpy_executors:/opt/ros/humble /usr/bin/cmake --install /home/tuantran/ros2_ws/build/cpp_srvcli
