[3.915s] Invoking command in '/home/tuantran/ros2_ws/build/examples_rclpy_pointcloud_publisher': PYTHONPATH=/home/tuantran/ros2_ws/build/examples_rclpy_pointcloud_publisher/prefix_override:/home/tuantran/ros2_ws/install/examples_rclpy_pointcloud_publisher/lib/python3.10/site-packages:${PYTHONPATH} /usr/bin/python3 setup.py develop --editable --build-directory /home/tuantran/ros2_ws/build/examples_rclpy_pointcloud_publisher/build --no-deps install_data
[5.265s] running develop
[5.266s] /usr/lib/python3/dist-packages/setuptools/command/easy_install.py:158: EasyInstallDeprecationWarning: easy_install command is deprecated. Use build and pip and other standards-based tools.
[5.266s]   warnings.warn(
[5.273s] /usr/lib/python3/dist-packages/setuptools/command/install.py:34: SetuptoolsDeprecationWarning: setup.py install is deprecated. Use build and pip and other standards-based tools.
[5.273s]   warnings.warn(
[6.125s] running egg_info
[6.128s] creating examples_rclpy_pointcloud_publisher.egg-info
[6.130s] writing examples_rclpy_pointcloud_publisher.egg-info/PKG-INFO
[6.131s] writing dependency_links to examples_rclpy_pointcloud_publisher.egg-info/dependency_links.txt
[6.132s] writing entry points to examples_rclpy_pointcloud_publisher.egg-info/entry_points.txt
[6.133s] writing requirements to examples_rclpy_pointcloud_publisher.egg-info/requires.txt
[6.133s] writing top-level names to examples_rclpy_pointcloud_publisher.egg-info/top_level.txt
[6.135s] writing manifest file 'examples_rclpy_pointcloud_publisher.egg-info/SOURCES.txt'
[6.142s] reading manifest file 'examples_rclpy_pointcloud_publisher.egg-info/SOURCES.txt'
[6.153s] writing manifest file 'examples_rclpy_pointcloud_publisher.egg-info/SOURCES.txt'
[6.166s] running build_ext
[6.166s] Creating /home/tuantran/ros2_ws/install/examples_rclpy_pointcloud_publisher/lib/python3.10/site-packages/examples-rclpy-pointcloud-publisher.egg-link (link to .)
[6.167s] Installing pointcloud_publisher script to /home/tuantran/ros2_ws/install/examples_rclpy_pointcloud_publisher/lib/examples_rclpy_pointcloud_publisher
[6.167s] 
[6.168s] Installed /home/tuantran/ros2_ws/build/examples_rclpy_pointcloud_publisher
[6.168s] running install_data
[6.169s] creating /home/tuantran/ros2_ws/install/examples_rclpy_pointcloud_publisher/share/ament_index
[6.169s] creating /home/tuantran/ros2_ws/install/examples_rclpy_pointcloud_publisher/share/ament_index/resource_index
[6.170s] creating /home/tuantran/ros2_ws/install/examples_rclpy_pointcloud_publisher/share/ament_index/resource_index/packages
[6.170s] copying resource/examples_rclpy_pointcloud_publisher -> /home/tuantran/ros2_ws/install/examples_rclpy_pointcloud_publisher/share/ament_index/resource_index/packages
[6.171s] copying package.xml -> /home/tuantran/ros2_ws/install/examples_rclpy_pointcloud_publisher/share/examples_rclpy_pointcloud_publisher
[6.289s] Invoked command in '/home/tuantran/ros2_ws/build/examples_rclpy_pointcloud_publisher' returned '0': PYTHONPATH=/home/tuantran/ros2_ws/build/examples_rclpy_pointcloud_publisher/prefix_override:/home/tuantran/ros2_ws/install/examples_rclpy_pointcloud_publisher/lib/python3.10/site-packages:${PYTHONPATH} /usr/bin/python3 setup.py develop --editable --build-directory /home/tuantran/ros2_ws/build/examples_rclpy_pointcloud_publisher/build --no-deps install_data
