[2.957s] Invoking command in '/home/tuantran/ros2_ws/build/examples_rclpy_minimal_action_client': PYTHONPATH=/home/tuantran/ros2_ws/build/examples_rclpy_minimal_action_client/prefix_override:/home/tuantran/ros2_ws/install/examples_rclpy_minimal_action_client/lib/python3.10/site-packages:${PYTHONPATH} /usr/bin/python3 setup.py develop --editable --build-directory /home/tuantran/ros2_ws/build/examples_rclpy_minimal_action_client/build --no-deps install_data
[3.949s] running develop
[3.951s] /usr/lib/python3/dist-packages/setuptools/command/easy_install.py:158: EasyInstallDeprecationWarning: easy_install command is deprecated. Use build and pip and other standards-based tools.
[3.951s]   warnings.warn(
[3.956s] /usr/lib/python3/dist-packages/setuptools/command/install.py:34: SetuptoolsDeprecationWarning: setup.py install is deprecated. Use build and pip and other standards-based tools.
[3.956s]   warnings.warn(
[4.612s] running egg_info
[4.612s] creating examples_rclpy_minimal_action_client.egg-info
[4.614s] writing examples_rclpy_minimal_action_client.egg-info/PKG-INFO
[4.615s] writing dependency_links to examples_rclpy_minimal_action_client.egg-info/dependency_links.txt
[4.616s] writing entry points to examples_rclpy_minimal_action_client.egg-info/entry_points.txt
[4.617s] writing requirements to examples_rclpy_minimal_action_client.egg-info/requires.txt
[4.619s] writing top-level names to examples_rclpy_minimal_action_client.egg-info/top_level.txt
[4.620s] writing manifest file 'examples_rclpy_minimal_action_client.egg-info/SOURCES.txt'
[4.627s] reading manifest file 'examples_rclpy_minimal_action_client.egg-info/SOURCES.txt'
[4.630s] writing manifest file 'examples_rclpy_minimal_action_client.egg-info/SOURCES.txt'
[4.635s] running build_ext
[4.636s] Creating /home/tuantran/ros2_ws/install/examples_rclpy_minimal_action_client/lib/python3.10/site-packages/examples-rclpy-minimal-action-client.egg-link (link to .)
[4.639s] Installing client script to /home/tuantran/ros2_ws/install/examples_rclpy_minimal_action_client/lib/examples_rclpy_minimal_action_client
[4.640s] Installing client_asyncio script to /home/tuantran/ros2_ws/install/examples_rclpy_minimal_action_client/lib/examples_rclpy_minimal_action_client
[4.640s] Installing client_cancel script to /home/tuantran/ros2_ws/install/examples_rclpy_minimal_action_client/lib/examples_rclpy_minimal_action_client
[4.641s] Installing client_not_composable script to /home/tuantran/ros2_ws/install/examples_rclpy_minimal_action_client/lib/examples_rclpy_minimal_action_client
[4.642s] 
[4.643s] Installed /home/tuantran/ros2_ws/build/examples_rclpy_minimal_action_client
[4.643s] running install_data
[4.644s] creating /home/tuantran/ros2_ws/install/examples_rclpy_minimal_action_client/share/ament_index
[4.645s] creating /home/tuantran/ros2_ws/install/examples_rclpy_minimal_action_client/share/ament_index/resource_index
[4.645s] creating /home/tuantran/ros2_ws/install/examples_rclpy_minimal_action_client/share/ament_index/resource_index/packages
[4.646s] copying resource/examples_rclpy_minimal_action_client -> /home/tuantran/ros2_ws/install/examples_rclpy_minimal_action_client/share/ament_index/resource_index/packages
[4.647s] copying package.xml -> /home/tuantran/ros2_ws/install/examples_rclpy_minimal_action_client/share/examples_rclpy_minimal_action_client
[4.735s] Invoked command in '/home/tuantran/ros2_ws/build/examples_rclpy_minimal_action_client' returned '0': PYTHONPATH=/home/tuantran/ros2_ws/build/examples_rclpy_minimal_action_client/prefix_override:/home/tuantran/ros2_ws/install/examples_rclpy_minimal_action_client/lib/python3.10/site-packages:${PYTHONPATH} /usr/bin/python3 setup.py develop --editable --build-directory /home/tuantran/ros2_ws/build/examples_rclpy_minimal_action_client/build --no-deps install_data
