[0.398s] Invoking command in '/home/tuantran/ros2_ws/build/cpp_parameters': CMAKE_PREFIX_PATH=/opt/ros/humble /usr/bin/cmake /home/tuantran/ros2_ws/src/cpp_parameters -DCMAKE_INSTALL_PREFIX=/home/tuantran/ros2_ws/install/cpp_parameters
[0.902s] -- The C compiler identification is GNU 11.4.0
[1.406s] -- The CXX compiler identification is GNU 11.4.0
[1.485s] -- Detecting C compiler ABI info
[1.958s] -- Detecting C compiler ABI info - done
[2.082s] -- Check for working C compiler: /usr/bin/cc - skipped
[2.086s] -- Detecting C compile features
[2.090s] -- Detecting C compile features - done
[2.131s] -- Detecting CXX compiler ABI info
[2.704s] -- Detecting CXX compiler ABI info - done
[2.842s] -- Check for working CXX compiler: /usr/bin/c++ - skipped
[2.850s] -- Detecting CXX compile features
[2.853s] -- Detecting CXX compile features - done
[2.887s] -- Found ament_cmake: 1.3.6 (/opt/ros/humble/share/ament_cmake/cmake)
[3.854s] -- Found Python3: /usr/bin/python3.10 (found version "3.10.12") found components: Interpreter 
[4.283s] -- Found rclcpp: 16.0.7 (/opt/ros/humble/share/rclcpp/cmake)
[4.597s] -- Found rosidl_generator_c: 3.1.5 (/opt/ros/humble/share/rosidl_generator_c/cmake)
[4.627s] -- Found rosidl_adapter: 3.1.5 (/opt/ros/humble/share/rosidl_adapter/cmake)
[4.736s] -- Found rosidl_generator_cpp: 3.1.5 (/opt/ros/humble/share/rosidl_generator_cpp/cmake)
[4.891s] -- Using all available rosidl_typesupport_c: rosidl_typesupport_fastrtps_c;rosidl_typesupport_introspection_c
[5.152s] -- Using all available rosidl_typesupport_cpp: rosidl_typesupport_fastrtps_cpp;rosidl_typesupport_introspection_cpp
[5.912s] -- Found rmw_implementation_cmake: 6.1.1 (/opt/ros/humble/share/rmw_implementation_cmake/cmake)
[5.959s] -- Found rmw_fastrtps_cpp: 6.2.5 (/opt/ros/humble/share/rmw_fastrtps_cpp/cmake)
[6.770s] -- Found OpenSSL: /usr/lib/x86_64-linux-gnu/libcrypto.so (found version "3.0.2")  
[7.045s] -- Found FastRTPS: /opt/ros/humble/include  
[7.572s] -- Using RMW implementation 'rmw_fastrtps_cpp' as default
[7.692s] -- Looking for pthread.h
[8.556s] -- Looking for pthread.h - found
[8.558s] -- Performing Test CMAKE_HAVE_LIBC_PTHREAD
[9.276s] -- Performing Test CMAKE_HAVE_LIBC_PTHREAD - Success
[9.282s] -- Found Threads: TRUE  
[11.534s] -- Found ament_lint_auto: 0.12.9 (/opt/ros/humble/share/ament_lint_auto/cmake)
[12.038s] -- Added test 'cppcheck' to perform static code analysis on C / C++ code
[12.038s] -- Configured cppcheck include dirs: 
[12.039s] -- Configured cppcheck exclude dirs and/or files: 
[12.053s] -- Added test 'lint_cmake' to check CMake code style
[12.060s] -- Added test 'uncrustify' to check C / C++ code style
[12.060s] -- Configured uncrustify additional arguments: 
[12.065s] -- Added test 'xmllint' to check XML markup files
[12.072s] -- Configuring done
[12.107s] -- Generating done
[12.123s] -- Build files have been written to: /home/tuantran/ros2_ws/build/cpp_parameters
[12.171s] Invoked command in '/home/tuantran/ros2_ws/build/cpp_parameters' returned '0': CMAKE_PREFIX_PATH=/opt/ros/humble /usr/bin/cmake /home/tuantran/ros2_ws/src/cpp_parameters -DCMAKE_INSTALL_PREFIX=/home/tuantran/ros2_ws/install/cpp_parameters
[12.206s] Invoking command in '/home/tuantran/ros2_ws/build/cpp_parameters': CMAKE_PREFIX_PATH=/opt/ros/humble /usr/bin/cmake --build /home/tuantran/ros2_ws/build/cpp_parameters -- -j2 -l2
[12.538s] Invoked command in '/home/tuantran/ros2_ws/build/cpp_parameters' returned '0': CMAKE_PREFIX_PATH=/opt/ros/humble /usr/bin/cmake --build /home/tuantran/ros2_ws/build/cpp_parameters -- -j2 -l2
[12.785s] Invoking command in '/home/tuantran/ros2_ws/build/cpp_parameters': CMAKE_PREFIX_PATH=/opt/ros/humble /usr/bin/cmake --install /home/tuantran/ros2_ws/build/cpp_parameters
[12.829s] -- Install configuration: ""
[12.830s] -- Installing: /home/tuantran/ros2_ws/install/cpp_parameters/share/ament_index/resource_index/package_run_dependencies/cpp_parameters
[12.833s] -- Installing: /home/tuantran/ros2_ws/install/cpp_parameters/share/ament_index/resource_index/parent_prefix_path/cpp_parameters
[12.835s] -- Installing: /home/tuantran/ros2_ws/install/cpp_parameters/share/cpp_parameters/environment/ament_prefix_path.sh
[12.838s] -- Installing: /home/tuantran/ros2_ws/install/cpp_parameters/share/cpp_parameters/environment/ament_prefix_path.dsv
[12.838s] -- Installing: /home/tuantran/ros2_ws/install/cpp_parameters/share/cpp_parameters/environment/path.sh
[12.839s] -- Installing: /home/tuantran/ros2_ws/install/cpp_parameters/share/cpp_parameters/environment/path.dsv
[12.840s] -- Installing: /home/tuantran/ros2_ws/install/cpp_parameters/share/cpp_parameters/local_setup.bash
[12.840s] -- Installing: /home/tuantran/ros2_ws/install/cpp_parameters/share/cpp_parameters/local_setup.sh
[12.846s] -- Installing: /home/tuantran/ros2_ws/install/cpp_parameters/share/cpp_parameters/local_setup.zsh
[12.847s] -- Installing: /home/tuantran/ros2_ws/install/cpp_parameters/share/cpp_parameters/local_setup.dsv
[12.847s] -- Installing: /home/tuantran/ros2_ws/install/cpp_parameters/share/cpp_parameters/package.dsv
[12.847s] -- Installing: /home/tuantran/ros2_ws/install/cpp_parameters/share/ament_index/resource_index/packages/cpp_parameters
[12.848s] -- Installing: /home/tuantran/ros2_ws/install/cpp_parameters/share/cpp_parameters/cmake/cpp_parametersConfig.cmake
[12.848s] -- Installing: /home/tuantran/ros2_ws/install/cpp_parameters/share/cpp_parameters/cmake/cpp_parametersConfig-version.cmake
[12.848s] -- Installing: /home/tuantran/ros2_ws/install/cpp_parameters/share/cpp_parameters/package.xml
[12.868s] Invoked command in '/home/tuantran/ros2_ws/build/cpp_parameters' returned '0': CMAKE_PREFIX_PATH=/opt/ros/humble /usr/bin/cmake --install /home/tuantran/ros2_ws/build/cpp_parameters
