[0.344s] Invoking command in '/home/tuantran/ros2_ws/build/cpp_parameters': CMAKE_PREFIX_PATH=${CMAKE_PREFIX_PATH}:/home/tuantran/ros2_ws/install/launch_testing_examples:/home/tuantran/ros2_ws/install/examples_rclpy_pointcloud_publisher:/home/tuantran/ros2_ws/install/examples_rclpy_minimal_subscriber:/home/tuantran/ros2_ws/install/examples_rclpy_minimal_service:/home/tuantran/ros2_ws/install/examples_rclpy_minimal_publisher:/home/tuantran/ros2_ws/install/examples_rclpy_minimal_client:/home/tuantran/ros2_ws/install/examples_rclpy_minimal_action_server:/home/tuantran/ros2_ws/install/examples_rclpy_minimal_action_client:/home/tuantran/ros2_ws/install/examples_rclpy_guard_conditions:/home/tuantran/ros2_ws/install/examples_rclpy_executors:/opt/ros/humble /usr/bin/cmake --build /home/tuantran/ros2_ws/build/cpp_parameters -- -j2 -l2
[0.625s] [100%] Built target minimal_param_node
[0.691s] Invoked command in '/home/tuantran/ros2_ws/build/cpp_parameters' returned '0': CMAKE_PREFIX_PATH=${CMAKE_PREFIX_PATH}:/home/tuantran/ros2_ws/install/launch_testing_examples:/home/tuantran/ros2_ws/install/examples_rclpy_pointcloud_publisher:/home/tuantran/ros2_ws/install/examples_rclpy_minimal_subscriber:/home/tuantran/ros2_ws/install/examples_rclpy_minimal_service:/home/tuantran/ros2_ws/install/examples_rclpy_minimal_publisher:/home/tuantran/ros2_ws/install/examples_rclpy_minimal_client:/home/tuantran/ros2_ws/install/examples_rclpy_minimal_action_server:/home/tuantran/ros2_ws/install/examples_rclpy_minimal_action_client:/home/tuantran/ros2_ws/install/examples_rclpy_guard_conditions:/home/tuantran/ros2_ws/install/examples_rclpy_executors:/opt/ros/humble /usr/bin/cmake --build /home/tuantran/ros2_ws/build/cpp_parameters -- -j2 -l2
[0.946s] Invoking command in '/home/tuantran/ros2_ws/build/cpp_parameters': CMAKE_PREFIX_PATH=${CMAKE_PREFIX_PATH}:/home/tuantran/ros2_ws/install/launch_testing_examples:/home/tuantran/ros2_ws/install/examples_rclpy_pointcloud_publisher:/home/tuantran/ros2_ws/install/examples_rclpy_minimal_subscriber:/home/tuantran/ros2_ws/install/examples_rclpy_minimal_service:/home/tuantran/ros2_ws/install/examples_rclpy_minimal_publisher:/home/tuantran/ros2_ws/install/examples_rclpy_minimal_client:/home/tuantran/ros2_ws/install/examples_rclpy_minimal_action_server:/home/tuantran/ros2_ws/install/examples_rclpy_minimal_action_client:/home/tuantran/ros2_ws/install/examples_rclpy_guard_conditions:/home/tuantran/ros2_ws/install/examples_rclpy_executors:/opt/ros/humble /usr/bin/cmake --install /home/tuantran/ros2_ws/build/cpp_parameters
[0.981s] -- Install configuration: ""
[0.986s] -- Up-to-date: /home/tuantran/ros2_ws/install/cpp_parameters/share/cpp_parameters/launch
[0.989s] -- Up-to-date: /home/tuantran/ros2_ws/install/cpp_parameters/share/ament_index/resource_index/package_run_dependencies/cpp_parameters
[0.992s] -- Up-to-date: /home/tuantran/ros2_ws/install/cpp_parameters/share/ament_index/resource_index/parent_prefix_path/cpp_parameters
[0.996s] -- Up-to-date: /home/tuantran/ros2_ws/install/cpp_parameters/share/cpp_parameters/environment/ament_prefix_path.sh
[0.997s] -- Up-to-date: /home/tuantran/ros2_ws/install/cpp_parameters/share/cpp_parameters/environment/ament_prefix_path.dsv
[0.999s] -- Up-to-date: /home/tuantran/ros2_ws/install/cpp_parameters/share/cpp_parameters/environment/path.sh
[1.015s] -- Up-to-date: /home/tuantran/ros2_ws/install/cpp_parameters/share/cpp_parameters/environment/path.dsv
[1.017s] -- Up-to-date: /home/tuantran/ros2_ws/install/cpp_parameters/share/cpp_parameters/local_setup.bash
[1.024s] -- Up-to-date: /home/tuantran/ros2_ws/install/cpp_parameters/share/cpp_parameters/local_setup.sh
[1.024s] -- Up-to-date: /home/tuantran/ros2_ws/install/cpp_parameters/share/cpp_parameters/local_setup.zsh
[1.025s] -- Up-to-date: /home/tuantran/ros2_ws/install/cpp_parameters/share/cpp_parameters/local_setup.dsv
[1.026s] -- Installing: /home/tuantran/ros2_ws/install/cpp_parameters/share/cpp_parameters/package.dsv
[1.027s] -- Up-to-date: /home/tuantran/ros2_ws/install/cpp_parameters/share/ament_index/resource_index/packages/cpp_parameters
[1.028s] -- Up-to-date: /home/tuantran/ros2_ws/install/cpp_parameters/share/cpp_parameters/cmake/cpp_parametersConfig.cmake
[1.028s] -- Up-to-date: /home/tuantran/ros2_ws/install/cpp_parameters/share/cpp_parameters/cmake/cpp_parametersConfig-version.cmake
[1.029s] -- Up-to-date: /home/tuantran/ros2_ws/install/cpp_parameters/share/cpp_parameters/package.xml
[1.043s] Invoked command in '/home/tuantran/ros2_ws/build/cpp_parameters' returned '0': CMAKE_PREFIX_PATH=${CMAKE_PREFIX_PATH}:/home/tuantran/ros2_ws/install/launch_testing_examples:/home/tuantran/ros2_ws/install/examples_rclpy_pointcloud_publisher:/home/tuantran/ros2_ws/install/examples_rclpy_minimal_subscriber:/home/tuantran/ros2_ws/install/examples_rclpy_minimal_service:/home/tuantran/ros2_ws/install/examples_rclpy_minimal_publisher:/home/tuantran/ros2_ws/install/examples_rclpy_minimal_client:/home/tuantran/ros2_ws/install/examples_rclpy_minimal_action_server:/home/tuantran/ros2_ws/install/examples_rclpy_minimal_action_client:/home/tuantran/ros2_ws/install/examples_rclpy_guard_conditions:/home/tuantran/ros2_ws/install/examples_rclpy_executors:/opt/ros/humble /usr/bin/cmake --install /home/tuantran/ros2_ws/build/cpp_parameters
