[0.445s] Invoking command in '/home/tuantran/ros2_ws/build/examples_rclcpp_async_client': CMAKE_PREFIX_PATH=/opt/ros/humble /usr/bin/cmake /home/tuantran/ros2_ws/src/examples/rclcpp/services/async_client -DAMENT_CMAKE_SYMLINK_INSTALL=1 -DCMAKE_INSTALL_PREFIX=/home/tuantran/ros2_ws/install/examples_rclcpp_async_client
[0.755s] -- The C compiler identification is GNU 11.4.0
[1.454s] -- The CXX compiler identification is GNU 11.4.0
[1.570s] -- Detecting C compiler ABI info
[2.080s] -- Detecting C compiler ABI info - done
[2.150s] -- Check for working C compiler: /usr/bin/cc - skipped
[2.152s] -- Detecting C compile features
[2.157s] -- Detecting C compile features - done
[2.183s] -- Detecting CXX compiler ABI info
[2.850s] -- Detecting CXX compiler ABI info - done
[2.966s] -- Check for working CXX compiler: /usr/bin/c++ - skipped
[2.968s] -- Detecting CXX compile features
[2.971s] -- Detecting CXX compile features - done
[2.994s] -- Found ament_cmake: 1.3.6 (/opt/ros/humble/share/ament_cmake/cmake)
[4.322s] -- Found Python3: /usr/bin/python3.10 (found version "3.10.12") found components: Interpreter 
[4.918s] -- Override CMake install command with custom implementation using symlinks instead of copying resources
[5.162s] -- Found example_interfaces: 0.9.3 (/opt/ros/humble/share/example_interfaces/cmake)
[5.530s] -- Found rosidl_generator_c: 3.1.5 (/opt/ros/humble/share/rosidl_generator_c/cmake)
[5.577s] -- Found rosidl_adapter: 3.1.5 (/opt/ros/humble/share/rosidl_adapter/cmake)
[5.650s] -- Found rosidl_generator_cpp: 3.1.5 (/opt/ros/humble/share/rosidl_generator_cpp/cmake)
[5.793s] -- Using all available rosidl_typesupport_c: rosidl_typesupport_fastrtps_c;rosidl_typesupport_introspection_c
[5.903s] -- Using all available rosidl_typesupport_cpp: rosidl_typesupport_fastrtps_cpp;rosidl_typesupport_introspection_cpp
[7.768s] -- Found rclcpp: 16.0.7 (/opt/ros/humble/share/rclcpp/cmake)
[8.163s] -- Found rmw_implementation_cmake: 6.1.1 (/opt/ros/humble/share/rmw_implementation_cmake/cmake)
[8.179s] -- Found rmw_fastrtps_cpp: 6.2.5 (/opt/ros/humble/share/rmw_fastrtps_cpp/cmake)
[8.671s] -- Found OpenSSL: /usr/lib/x86_64-linux-gnu/libcrypto.so (found version "3.0.2")  
[8.791s] -- Found FastRTPS: /opt/ros/humble/include  
[9.046s] -- Using RMW implementation 'rmw_fastrtps_cpp' as default
[9.127s] -- Looking for pthread.h
[9.654s] -- Looking for pthread.h - found
[9.655s] -- Performing Test CMAKE_HAVE_LIBC_PTHREAD
[10.093s] -- Performing Test CMAKE_HAVE_LIBC_PTHREAD - Success
[10.098s] -- Found Threads: TRUE  
[11.734s] -- Found ament_lint_auto: 0.12.9 (/opt/ros/humble/share/ament_lint_auto/cmake)
[12.299s] -- Added test 'copyright' to check source files copyright and LICENSE
[12.311s] -- Added test 'cppcheck' to perform static code analysis on C / C++ code
[12.311s] -- Configured cppcheck include dirs: 
[12.312s] -- Configured cppcheck exclude dirs and/or files: 
[12.314s] -- Added test 'cpplint' to check C / C++ code against the Google style
[12.314s] -- Configured cpplint exclude dirs and/or files: 
[12.320s] -- Added test 'lint_cmake' to check CMake code style
[12.323s] -- Added test 'uncrustify' to check C / C++ code style
[12.323s] -- Configured uncrustify additional arguments: 
[12.325s] -- Added test 'xmllint' to check XML markup files
[12.339s] -- Configuring done
[12.440s] -- Generating done
[12.450s] -- Build files have been written to: /home/tuantran/ros2_ws/build/examples_rclcpp_async_client
[12.483s] Invoked command in '/home/tuantran/ros2_ws/build/examples_rclcpp_async_client' returned '0': CMAKE_PREFIX_PATH=/opt/ros/humble /usr/bin/cmake /home/tuantran/ros2_ws/src/examples/rclcpp/services/async_client -DAMENT_CMAKE_SYMLINK_INSTALL=1 -DCMAKE_INSTALL_PREFIX=/home/tuantran/ros2_ws/install/examples_rclcpp_async_client
[12.484s] Invoking command in '/home/tuantran/ros2_ws/build/examples_rclcpp_async_client': CMAKE_PREFIX_PATH=/opt/ros/humble /usr/bin/cmake --build /home/tuantran/ros2_ws/build/examples_rclcpp_async_client -- -j2 -l2
[12.644s] [ 50%] [32mBuilding CXX object CMakeFiles/client_main.dir/main.cpp.o[0m
[33.442s] [100%] [32m[1mLinking CXX executable client_main[0m
[34.893s] [100%] Built target client_main
[34.964s] Invoked command in '/home/tuantran/ros2_ws/build/examples_rclcpp_async_client' returned '0': CMAKE_PREFIX_PATH=/opt/ros/humble /usr/bin/cmake --build /home/tuantran/ros2_ws/build/examples_rclcpp_async_client -- -j2 -l2
[35.309s] Invoking command in '/home/tuantran/ros2_ws/build/examples_rclcpp_async_client': CMAKE_PREFIX_PATH=/opt/ros/humble /usr/bin/cmake --install /home/tuantran/ros2_ws/build/examples_rclcpp_async_client
[35.346s] -- Install configuration: ""
[35.353s] -- Execute custom install script
[35.355s] -- Symlinking: /home/tuantran/ros2_ws/install/examples_rclcpp_async_client/lib/examples_rclcpp_async_client/client_main
[35.396s] -- Symlinking: /home/tuantran/ros2_ws/install/examples_rclcpp_async_client/share/ament_index/resource_index/package_run_dependencies/examples_rclcpp_async_client
[35.432s] -- Symlinking: /home/tuantran/ros2_ws/install/examples_rclcpp_async_client/share/ament_index/resource_index/parent_prefix_path/examples_rclcpp_async_client
[35.474s] -- Symlinking: /home/tuantran/ros2_ws/install/examples_rclcpp_async_client/share/examples_rclcpp_async_client/environment/ament_prefix_path.sh
[35.508s] -- Symlinking: /home/tuantran/ros2_ws/install/examples_rclcpp_async_client/share/examples_rclcpp_async_client/environment/ament_prefix_path.dsv
[35.539s] -- Symlinking: /home/tuantran/ros2_ws/install/examples_rclcpp_async_client/share/examples_rclcpp_async_client/environment/path.sh
[35.570s] -- Symlinking: /home/tuantran/ros2_ws/install/examples_rclcpp_async_client/share/examples_rclcpp_async_client/environment/path.dsv
[35.600s] -- Symlinking: /home/tuantran/ros2_ws/install/examples_rclcpp_async_client/share/examples_rclcpp_async_client/local_setup.bash
[35.633s] -- Symlinking: /home/tuantran/ros2_ws/install/examples_rclcpp_async_client/share/examples_rclcpp_async_client/local_setup.sh
[35.666s] -- Symlinking: /home/tuantran/ros2_ws/install/examples_rclcpp_async_client/share/examples_rclcpp_async_client/local_setup.zsh
[35.698s] -- Symlinking: /home/tuantran/ros2_ws/install/examples_rclcpp_async_client/share/examples_rclcpp_async_client/local_setup.dsv
[35.758s] -- Symlinking: /home/tuantran/ros2_ws/install/examples_rclcpp_async_client/share/examples_rclcpp_async_client/package.dsv
[35.820s] -- Symlinking: /home/tuantran/ros2_ws/install/examples_rclcpp_async_client/share/ament_index/resource_index/packages/examples_rclcpp_async_client
[35.869s] -- Symlinking: /home/tuantran/ros2_ws/install/examples_rclcpp_async_client/share/examples_rclcpp_async_client/cmake/examples_rclcpp_async_clientConfig.cmake
[35.898s] -- Symlinking: /home/tuantran/ros2_ws/install/examples_rclcpp_async_client/share/examples_rclcpp_async_client/cmake/examples_rclcpp_async_clientConfig-version.cmake
[35.959s] -- Symlinking: /home/tuantran/ros2_ws/install/examples_rclcpp_async_client/share/examples_rclcpp_async_client/package.xml
[35.993s] Invoked command in '/home/tuantran/ros2_ws/build/examples_rclcpp_async_client' returned '0': CMAKE_PREFIX_PATH=/opt/ros/humble /usr/bin/cmake --install /home/tuantran/ros2_ws/build/examples_rclcpp_async_client
