[0.346s] Invoking command in '/home/tuantran/ros2_ws/build/cpp_pubsub': CMAKE_PREFIX_PATH=/opt/ros/humble /usr/bin/cmake --build /home/tuantran/ros2_ws/build/cpp_pubsub -- -j2 -l2
[0.485s] -- Found ament_cmake: 1.3.6 (/opt/ros/humble/share/ament_cmake/cmake)
[1.108s] -- Found rclcpp: 16.0.7 (/opt/ros/humble/share/rclcpp/cmake)
[1.289s] -- Found rosidl_generator_c: 3.1.5 (/opt/ros/humble/share/rosidl_generator_c/cmake)
[1.307s] -- Found rosidl_adapter: 3.1.5 (/opt/ros/humble/share/rosidl_adapter/cmake)
[1.368s] -- Found rosidl_generator_cpp: 3.1.5 (/opt/ros/humble/share/rosidl_generator_cpp/cmake)
[1.439s] -- Using all available rosidl_typesupport_c: rosidl_typesupport_fastrtps_c;rosidl_typesupport_introspection_c
[1.573s] -- Using all available rosidl_typesupport_cpp: rosidl_typesupport_fastrtps_cpp;rosidl_typesupport_introspection_cpp
[2.034s] -- Found rmw_implementation_cmake: 6.1.1 (/opt/ros/humble/share/rmw_implementation_cmake/cmake)
[2.044s] -- Found rmw_fastrtps_cpp: 6.2.5 (/opt/ros/humble/share/rmw_fastrtps_cpp/cmake)
[2.707s] -- Using RMW implementation 'rmw_fastrtps_cpp' as default
[4.067s] -- Found ament_lint_auto: 0.12.9 (/opt/ros/humble/share/ament_lint_auto/cmake)
[4.359s] -- Added test 'cppcheck' to perform static code analysis on C / C++ code
[4.359s] -- Configured cppcheck include dirs: 
[4.360s] -- Configured cppcheck exclude dirs and/or files: 
[4.373s] -- Added test 'lint_cmake' to check CMake code style
[4.379s] -- Added test 'uncrustify' to check C / C++ code style
[4.380s] -- Configured uncrustify additional arguments: 
[4.380s] -- Added test 'xmllint' to check XML markup files
[4.392s] -- Configuring done
[4.443s] -- Generating done
[4.453s] -- Build files have been written to: /home/tuantran/ros2_ws/build/cpp_pubsub
[4.579s] [35m[1mConsolidate compiler generated dependencies of target listener[0m
[4.580s] [35m[1mConsolidate compiler generated dependencies of target talker[0m
[4.780s] [ 50%] Built target talker
[4.788s] [100%] Built target listener
[4.854s] Invoked command in '/home/tuantran/ros2_ws/build/cpp_pubsub' returned '0': CMAKE_PREFIX_PATH=/opt/ros/humble /usr/bin/cmake --build /home/tuantran/ros2_ws/build/cpp_pubsub -- -j2 -l2
[5.169s] Invoking command in '/home/tuantran/ros2_ws/build/cpp_pubsub': CMAKE_PREFIX_PATH=/opt/ros/humble /usr/bin/cmake --install /home/tuantran/ros2_ws/build/cpp_pubsub
[5.213s] -- Install configuration: ""
[5.220s] -- Up-to-date: /home/tuantran/ros2_ws/install/cpp_pubsub/lib/cpp_pubsub/talker
[5.220s] -- Up-to-date: /home/tuantran/ros2_ws/install/cpp_pubsub/lib/cpp_pubsub/listener
[5.221s] -- Up-to-date: /home/tuantran/ros2_ws/install/cpp_pubsub/share/ament_index/resource_index/package_run_dependencies/cpp_pubsub
[5.221s] -- Installing: /home/tuantran/ros2_ws/install/cpp_pubsub/share/ament_index/resource_index/parent_prefix_path/cpp_pubsub
[5.222s] -- Up-to-date: /home/tuantran/ros2_ws/install/cpp_pubsub/share/cpp_pubsub/environment/ament_prefix_path.sh
[5.228s] -- Installing: /home/tuantran/ros2_ws/install/cpp_pubsub/share/cpp_pubsub/environment/ament_prefix_path.dsv
[5.229s] -- Up-to-date: /home/tuantran/ros2_ws/install/cpp_pubsub/share/cpp_pubsub/environment/path.sh
[5.229s] -- Installing: /home/tuantran/ros2_ws/install/cpp_pubsub/share/cpp_pubsub/environment/path.dsv
[5.229s] -- Up-to-date: /home/tuantran/ros2_ws/install/cpp_pubsub/share/cpp_pubsub/local_setup.bash
[5.230s] -- Up-to-date: /home/tuantran/ros2_ws/install/cpp_pubsub/share/cpp_pubsub/local_setup.sh
[5.230s] -- Up-to-date: /home/tuantran/ros2_ws/install/cpp_pubsub/share/cpp_pubsub/local_setup.zsh
[5.230s] -- Installing: /home/tuantran/ros2_ws/install/cpp_pubsub/share/cpp_pubsub/local_setup.dsv
[5.231s] -- Installing: /home/tuantran/ros2_ws/install/cpp_pubsub/share/cpp_pubsub/package.dsv
[5.231s] -- Up-to-date: /home/tuantran/ros2_ws/install/cpp_pubsub/share/ament_index/resource_index/packages/cpp_pubsub
[5.232s] -- Up-to-date: /home/tuantran/ros2_ws/install/cpp_pubsub/share/cpp_pubsub/cmake/cpp_pubsubConfig.cmake
[5.233s] -- Up-to-date: /home/tuantran/ros2_ws/install/cpp_pubsub/share/cpp_pubsub/cmake/cpp_pubsubConfig-version.cmake
[5.234s] -- Up-to-date: /home/tuantran/ros2_ws/install/cpp_pubsub/share/cpp_pubsub/package.xml
[5.241s] Invoked command in '/home/tuantran/ros2_ws/build/cpp_pubsub' returned '0': CMAKE_PREFIX_PATH=/opt/ros/humble /usr/bin/cmake --install /home/tuantran/ros2_ws/build/cpp_pubsub
