[0.309s] Invoking command in '/home/tuantran/ros2_ws/build/cpp_parameters': CMAKE_PREFIX_PATH=${CMAKE_PREFIX_PATH}:/home/tuantran/ros2_ws/install/launch_testing_examples:/home/tuantran/ros2_ws/install/examples_rclpy_pointcloud_publisher:/home/tuantran/ros2_ws/install/examples_rclpy_minimal_subscriber:/home/tuantran/ros2_ws/install/examples_rclpy_minimal_service:/home/tuantran/ros2_ws/install/examples_rclpy_minimal_publisher:/home/tuantran/ros2_ws/install/examples_rclpy_minimal_client:/home/tuantran/ros2_ws/install/examples_rclpy_minimal_action_server:/home/tuantran/ros2_ws/install/examples_rclpy_minimal_action_client:/home/tuantran/ros2_ws/install/examples_rclpy_guard_conditions:/home/tuantran/ros2_ws/install/examples_rclpy_executors:/opt/ros/humble /usr/bin/cmake --build /home/tuantran/ros2_ws/build/cpp_parameters -- -j2 -l2
[0.571s] [100%] Built target minimal_param_node
[0.634s] Invoked command in '/home/tuantran/ros2_ws/build/cpp_parameters' returned '0': CMAKE_PREFIX_PATH=${CMAKE_PREFIX_PATH}:/home/tuantran/ros2_ws/install/launch_testing_examples:/home/tuantran/ros2_ws/install/examples_rclpy_pointcloud_publisher:/home/tuantran/ros2_ws/install/examples_rclpy_minimal_subscriber:/home/tuantran/ros2_ws/install/examples_rclpy_minimal_service:/home/tuantran/ros2_ws/install/examples_rclpy_minimal_publisher:/home/tuantran/ros2_ws/install/examples_rclpy_minimal_client:/home/tuantran/ros2_ws/install/examples_rclpy_minimal_action_server:/home/tuantran/ros2_ws/install/examples_rclpy_minimal_action_client:/home/tuantran/ros2_ws/install/examples_rclpy_guard_conditions:/home/tuantran/ros2_ws/install/examples_rclpy_executors:/opt/ros/humble /usr/bin/cmake --build /home/tuantran/ros2_ws/build/cpp_parameters -- -j2 -l2
[0.904s] Invoking command in '/home/tuantran/ros2_ws/build/cpp_parameters': CMAKE_PREFIX_PATH=${CMAKE_PREFIX_PATH}:/home/tuantran/ros2_ws/install/launch_testing_examples:/home/tuantran/ros2_ws/install/examples_rclpy_pointcloud_publisher:/home/tuantran/ros2_ws/install/examples_rclpy_minimal_subscriber:/home/tuantran/ros2_ws/install/examples_rclpy_minimal_service:/home/tuantran/ros2_ws/install/examples_rclpy_minimal_publisher:/home/tuantran/ros2_ws/install/examples_rclpy_minimal_client:/home/tuantran/ros2_ws/install/examples_rclpy_minimal_action_server:/home/tuantran/ros2_ws/install/examples_rclpy_minimal_action_client:/home/tuantran/ros2_ws/install/examples_rclpy_guard_conditions:/home/tuantran/ros2_ws/install/examples_rclpy_executors:/opt/ros/humble /usr/bin/cmake --install /home/tuantran/ros2_ws/build/cpp_parameters
[0.953s] -- Install configuration: ""
[0.982s] -- Up-to-date: /home/tuantran/ros2_ws/install/cpp_parameters/lib/cpp_parameters/minimal_param_node
[0.982s] -- Up-to-date: /home/tuantran/ros2_ws/install/cpp_parameters/share/ament_index/resource_index/package_run_dependencies/cpp_parameters
[0.983s] -- Up-to-date: /home/tuantran/ros2_ws/install/cpp_parameters/share/ament_index/resource_index/parent_prefix_path/cpp_parameters
[0.983s] -- Up-to-date: /home/tuantran/ros2_ws/install/cpp_parameters/share/cpp_parameters/environment/ament_prefix_path.sh
[0.983s] -- Up-to-date: /home/tuantran/ros2_ws/install/cpp_parameters/share/cpp_parameters/environment/ament_prefix_path.dsv
[0.983s] -- Up-to-date: /home/tuantran/ros2_ws/install/cpp_parameters/share/cpp_parameters/environment/path.sh
[0.984s] -- Up-to-date: /home/tuantran/ros2_ws/install/cpp_parameters/share/cpp_parameters/environment/path.dsv
[0.984s] -- Up-to-date: /home/tuantran/ros2_ws/install/cpp_parameters/share/cpp_parameters/local_setup.bash
[0.984s] -- Up-to-date: /home/tuantran/ros2_ws/install/cpp_parameters/share/cpp_parameters/local_setup.sh
[0.984s] -- Up-to-date: /home/tuantran/ros2_ws/install/cpp_parameters/share/cpp_parameters/local_setup.zsh
[0.985s] -- Up-to-date: /home/tuantran/ros2_ws/install/cpp_parameters/share/cpp_parameters/local_setup.dsv
[0.985s] -- Installing: /home/tuantran/ros2_ws/install/cpp_parameters/share/cpp_parameters/package.dsv
[0.986s] -- Up-to-date: /home/tuantran/ros2_ws/install/cpp_parameters/share/ament_index/resource_index/packages/cpp_parameters
[0.987s] -- Up-to-date: /home/tuantran/ros2_ws/install/cpp_parameters/share/cpp_parameters/cmake/cpp_parametersConfig.cmake
[0.987s] -- Up-to-date: /home/tuantran/ros2_ws/install/cpp_parameters/share/cpp_parameters/cmake/cpp_parametersConfig-version.cmake
[0.988s] -- Up-to-date: /home/tuantran/ros2_ws/install/cpp_parameters/share/cpp_parameters/package.xml
[1.011s] Invoked command in '/home/tuantran/ros2_ws/build/cpp_parameters' returned '0': CMAKE_PREFIX_PATH=${CMAKE_PREFIX_PATH}:/home/tuantran/ros2_ws/install/launch_testing_examples:/home/tuantran/ros2_ws/install/examples_rclpy_pointcloud_publisher:/home/tuantran/ros2_ws/install/examples_rclpy_minimal_subscriber:/home/tuantran/ros2_ws/install/examples_rclpy_minimal_service:/home/tuantran/ros2_ws/install/examples_rclpy_minimal_publisher:/home/tuantran/ros2_ws/install/examples_rclpy_minimal_client:/home/tuantran/ros2_ws/install/examples_rclpy_minimal_action_server:/home/tuantran/ros2_ws/install/examples_rclpy_minimal_action_client:/home/tuantran/ros2_ws/install/examples_rclpy_guard_conditions:/home/tuantran/ros2_ws/install/examples_rclpy_executors:/opt/ros/humble /usr/bin/cmake --install /home/tuantran/ros2_ws/build/cpp_parameters
