[0.387s] Invoking command in '/home/tuantran/ros2_ws/build/cpp_srvcli': CMAKE_PREFIX_PATH=${CMAKE_PREFIX_PATH}:/home/tuantran/ros2_ws/install/launch_testing_examples:/home/tuantran/ros2_ws/install/examples_rclpy_pointcloud_publisher:/home/tuantran/ros2_ws/install/examples_rclpy_minimal_subscriber:/home/tuantran/ros2_ws/install/examples_rclpy_minimal_service:/home/tuantran/ros2_ws/install/examples_rclpy_minimal_publisher:/home/tuantran/ros2_ws/install/examples_rclpy_minimal_client:/home/tuantran/ros2_ws/install/examples_rclpy_minimal_action_server:/home/tuantran/ros2_ws/install/examples_rclpy_minimal_action_client:/home/tuantran/ros2_ws/install/examples_rclpy_guard_conditions:/home/tuantran/ros2_ws/install/examples_rclpy_executors:/opt/ros/humble /usr/bin/cmake --build /home/tuantran/ros2_ws/build/cpp_srvcli -- -j2 -l2
[0.600s] -- Found ament_cmake: 1.3.6 (/opt/ros/humble/share/ament_cmake/cmake)
[1.467s] -- Found rclcpp: 16.0.7 (/opt/ros/humble/share/rclcpp/cmake)
[1.693s] -- Found rosidl_generator_c: 3.1.5 (/opt/ros/humble/share/rosidl_generator_c/cmake)
[1.711s] -- Found rosidl_adapter: 3.1.5 (/opt/ros/humble/share/rosidl_adapter/cmake)
[1.753s] -- Found rosidl_generator_cpp: 3.1.5 (/opt/ros/humble/share/rosidl_generator_cpp/cmake)
[1.827s] -- Using all available rosidl_typesupport_c: rosidl_typesupport_fastrtps_c;rosidl_typesupport_introspection_c
[1.940s] -- Using all available rosidl_typesupport_cpp: rosidl_typesupport_fastrtps_cpp;rosidl_typesupport_introspection_cpp
[2.344s] -- Found rmw_implementation_cmake: 6.1.1 (/opt/ros/humble/share/rmw_implementation_cmake/cmake)
[2.378s] -- Found rmw_fastrtps_cpp: 6.2.5 (/opt/ros/humble/share/rmw_fastrtps_cpp/cmake)
[3.191s] -- Using RMW implementation 'rmw_fastrtps_cpp' as default
[4.594s] -- Found tutorial_interfaces: 0.0.0 (/home/tuantran/ros2_ws/install/tutorial_interfaces/share/tutorial_interfaces/cmake)
[5.682s] -- Found ament_lint_auto: 0.12.9 (/opt/ros/humble/share/ament_lint_auto/cmake)
[6.113s] -- Added test 'cppcheck' to perform static code analysis on C / C++ code
[6.114s] -- Configured cppcheck include dirs: 
[6.114s] -- Configured cppcheck exclude dirs and/or files: 
[6.116s] -- Added test 'lint_cmake' to check CMake code style
[6.120s] -- Added test 'uncrustify' to check C / C++ code style
[6.120s] -- Configured uncrustify additional arguments: 
[6.121s] -- Added test 'xmllint' to check XML markup files
[6.124s] -- Configuring done
[6.222s] -- Generating done
[6.232s] -- Build files have been written to: /home/tuantran/ros2_ws/build/cpp_srvcli
[6.365s] [35m[1mConsolidate compiler generated dependencies of target server[0m
[6.502s] [ 25%] [32mBuilding CXX object CMakeFiles/server.dir/src/add_two_ints_server.cpp.o[0m
[19.364s] [ 50%] [32m[1mLinking CXX executable server[0m
[19.923s] [ 50%] Built target server
[19.962s] [35m[1mConsolidate compiler generated dependencies of target client[0m
[20.036s] [ 75%] [32mBuilding CXX object CMakeFiles/client.dir/src/add_two_ints_client.cpp.o[0m
[31.510s] [100%] [32m[1mLinking CXX executable client[0m
[32.098s] [100%] Built target client
[32.137s] Invoked command in '/home/tuantran/ros2_ws/build/cpp_srvcli' returned '0': CMAKE_PREFIX_PATH=${CMAKE_PREFIX_PATH}:/home/tuantran/ros2_ws/install/launch_testing_examples:/home/tuantran/ros2_ws/install/examples_rclpy_pointcloud_publisher:/home/tuantran/ros2_ws/install/examples_rclpy_minimal_subscriber:/home/tuantran/ros2_ws/install/examples_rclpy_minimal_service:/home/tuantran/ros2_ws/install/examples_rclpy_minimal_publisher:/home/tuantran/ros2_ws/install/examples_rclpy_minimal_client:/home/tuantran/ros2_ws/install/examples_rclpy_minimal_action_server:/home/tuantran/ros2_ws/install/examples_rclpy_minimal_action_client:/home/tuantran/ros2_ws/install/examples_rclpy_guard_conditions:/home/tuantran/ros2_ws/install/examples_rclpy_executors:/opt/ros/humble /usr/bin/cmake --build /home/tuantran/ros2_ws/build/cpp_srvcli -- -j2 -l2
[32.259s] Invoking command in '/home/tuantran/ros2_ws/build/cpp_srvcli': CMAKE_PREFIX_PATH=${CMAKE_PREFIX_PATH}:/home/tuantran/ros2_ws/install/launch_testing_examples:/home/tuantran/ros2_ws/install/examples_rclpy_pointcloud_publisher:/home/tuantran/ros2_ws/install/examples_rclpy_minimal_subscriber:/home/tuantran/ros2_ws/install/examples_rclpy_minimal_service:/home/tuantran/ros2_ws/install/examples_rclpy_minimal_publisher:/home/tuantran/ros2_ws/install/examples_rclpy_minimal_client:/home/tuantran/ros2_ws/install/examples_rclpy_minimal_action_server:/home/tuantran/ros2_ws/install/examples_rclpy_minimal_action_client:/home/tuantran/ros2_ws/install/examples_rclpy_guard_conditions:/home/tuantran/ros2_ws/install/examples_rclpy_executors:/opt/ros/humble /usr/bin/cmake --install /home/tuantran/ros2_ws/build/cpp_srvcli
[32.291s] -- Install configuration: ""
[32.293s] -- Installing: /home/tuantran/ros2_ws/install/cpp_srvcli/lib/cpp_srvcli/server
[32.298s] -- Set runtime path of "/home/tuantran/ros2_ws/install/cpp_srvcli/lib/cpp_srvcli/server" to ""
[32.300s] -- Installing: /home/tuantran/ros2_ws/install/cpp_srvcli/lib/cpp_srvcli/client
[32.305s] -- Set runtime path of "/home/tuantran/ros2_ws/install/cpp_srvcli/lib/cpp_srvcli/client" to ""
[32.307s] -- Up-to-date: /home/tuantran/ros2_ws/install/cpp_srvcli/share/ament_index/resource_index/package_run_dependencies/cpp_srvcli
[32.307s] -- Installing: /home/tuantran/ros2_ws/install/cpp_srvcli/share/ament_index/resource_index/parent_prefix_path/cpp_srvcli
[32.308s] -- Up-to-date: /home/tuantran/ros2_ws/install/cpp_srvcli/share/cpp_srvcli/environment/ament_prefix_path.sh
[32.308s] -- Installing: /home/tuantran/ros2_ws/install/cpp_srvcli/share/cpp_srvcli/environment/ament_prefix_path.dsv
[32.310s] -- Up-to-date: /home/tuantran/ros2_ws/install/cpp_srvcli/share/cpp_srvcli/environment/path.sh
[32.310s] -- Installing: /home/tuantran/ros2_ws/install/cpp_srvcli/share/cpp_srvcli/environment/path.dsv
[32.311s] -- Up-to-date: /home/tuantran/ros2_ws/install/cpp_srvcli/share/cpp_srvcli/local_setup.bash
[32.311s] -- Up-to-date: /home/tuantran/ros2_ws/install/cpp_srvcli/share/cpp_srvcli/local_setup.sh
[32.311s] -- Up-to-date: /home/tuantran/ros2_ws/install/cpp_srvcli/share/cpp_srvcli/local_setup.zsh
[32.317s] -- Installing: /home/tuantran/ros2_ws/install/cpp_srvcli/share/cpp_srvcli/local_setup.dsv
[32.318s] -- Installing: /home/tuantran/ros2_ws/install/cpp_srvcli/share/cpp_srvcli/package.dsv
[32.319s] -- Up-to-date: /home/tuantran/ros2_ws/install/cpp_srvcli/share/ament_index/resource_index/packages/cpp_srvcli
[32.319s] -- Up-to-date: /home/tuantran/ros2_ws/install/cpp_srvcli/share/cpp_srvcli/cmake/cpp_srvcliConfig.cmake
[32.320s] -- Up-to-date: /home/tuantran/ros2_ws/install/cpp_srvcli/share/cpp_srvcli/cmake/cpp_srvcliConfig-version.cmake
[32.320s] -- Up-to-date: /home/tuantran/ros2_ws/install/cpp_srvcli/share/cpp_srvcli/package.xml
[32.326s] Invoked command in '/home/tuantran/ros2_ws/build/cpp_srvcli' returned '0': CMAKE_PREFIX_PATH=${CMAKE_PREFIX_PATH}:/home/tuantran/ros2_ws/install/launch_testing_examples:/home/tuantran/ros2_ws/install/examples_rclpy_pointcloud_publisher:/home/tuantran/ros2_ws/install/examples_rclpy_minimal_subscriber:/home/tuantran/ros2_ws/install/examples_rclpy_minimal_service:/home/tuantran/ros2_ws/install/examples_rclpy_minimal_publisher:/home/tuantran/ros2_ws/install/examples_rclpy_minimal_client:/home/tuantran/ros2_ws/install/examples_rclpy_minimal_action_server:/home/tuantran/ros2_ws/install/examples_rclpy_minimal_action_client:/home/tuantran/ros2_ws/install/examples_rclpy_guard_conditions:/home/tuantran/ros2_ws/install/examples_rclpy_executors:/opt/ros/humble /usr/bin/cmake --install /home/tuantran/ros2_ws/build/cpp_srvcli
