[2.529s] Invoking command in '/home/tuantran/ros2_ws/build/examples_rclpy_minimal_action_server': PYTHONPATH=/home/tuantran/ros2_ws/build/examples_rclpy_minimal_action_server/prefix_override:/home/tuantran/ros2_ws/install/examples_rclpy_minimal_action_server/lib/python3.10/site-packages:${PYTHONPATH} /usr/bin/python3 setup.py develop --editable --build-directory /home/tuantran/ros2_ws/build/examples_rclpy_minimal_action_server/build --no-deps install_data
[3.482s] running develop
[3.484s] /usr/lib/python3/dist-packages/setuptools/command/easy_install.py:158: EasyInstallDeprecationWarning: easy_install command is deprecated. Use build and pip and other standards-based tools.
[3.484s]   warnings.warn(
[3.489s] /usr/lib/python3/dist-packages/setuptools/command/install.py:34: SetuptoolsDeprecationWarning: setup.py install is deprecated. Use build and pip and other standards-based tools.
[3.489s]   warnings.warn(
[4.123s] running egg_info
[4.124s] creating examples_rclpy_minimal_action_server.egg-info
[4.125s] writing examples_rclpy_minimal_action_server.egg-info/PKG-INFO
[4.126s] writing dependency_links to examples_rclpy_minimal_action_server.egg-info/dependency_links.txt
[4.127s] writing entry points to examples_rclpy_minimal_action_server.egg-info/entry_points.txt
[4.128s] writing requirements to examples_rclpy_minimal_action_server.egg-info/requires.txt
[4.128s] writing top-level names to examples_rclpy_minimal_action_server.egg-info/top_level.txt
[4.129s] writing manifest file 'examples_rclpy_minimal_action_server.egg-info/SOURCES.txt'
[4.137s] reading manifest file 'examples_rclpy_minimal_action_server.egg-info/SOURCES.txt'
[4.139s] writing manifest file 'examples_rclpy_minimal_action_server.egg-info/SOURCES.txt'
[4.145s] running build_ext
[4.146s] Creating /home/tuantran/ros2_ws/install/examples_rclpy_minimal_action_server/lib/python3.10/site-packages/examples-rclpy-minimal-action-server.egg-link (link to .)
[4.149s] Installing server script to /home/tuantran/ros2_ws/install/examples_rclpy_minimal_action_server/lib/examples_rclpy_minimal_action_server
[4.150s] Installing server_defer script to /home/tuantran/ros2_ws/install/examples_rclpy_minimal_action_server/lib/examples_rclpy_minimal_action_server
[4.151s] Installing server_not_composable script to /home/tuantran/ros2_ws/install/examples_rclpy_minimal_action_server/lib/examples_rclpy_minimal_action_server
[4.152s] Installing server_queue_goals script to /home/tuantran/ros2_ws/install/examples_rclpy_minimal_action_server/lib/examples_rclpy_minimal_action_server
[4.152s] Installing server_single_goal script to /home/tuantran/ros2_ws/install/examples_rclpy_minimal_action_server/lib/examples_rclpy_minimal_action_server
[4.153s] 
[4.154s] Installed /home/tuantran/ros2_ws/build/examples_rclpy_minimal_action_server
[4.154s] running install_data
[4.155s] creating /home/tuantran/ros2_ws/install/examples_rclpy_minimal_action_server/share/ament_index
[4.156s] creating /home/tuantran/ros2_ws/install/examples_rclpy_minimal_action_server/share/ament_index/resource_index
[4.156s] creating /home/tuantran/ros2_ws/install/examples_rclpy_minimal_action_server/share/ament_index/resource_index/packages
[4.157s] copying resource/examples_rclpy_minimal_action_server -> /home/tuantran/ros2_ws/install/examples_rclpy_minimal_action_server/share/ament_index/resource_index/packages
[4.158s] copying package.xml -> /home/tuantran/ros2_ws/install/examples_rclpy_minimal_action_server/share/examples_rclpy_minimal_action_server
[4.242s] Invoked command in '/home/tuantran/ros2_ws/build/examples_rclpy_minimal_action_server' returned '0': PYTHONPATH=/home/tuantran/ros2_ws/build/examples_rclpy_minimal_action_server/prefix_override:/home/tuantran/ros2_ws/install/examples_rclpy_minimal_action_server/lib/python3.10/site-packages:${PYTHONPATH} /usr/bin/python3 setup.py develop --editable --build-directory /home/tuantran/ros2_ws/build/examples_rclpy_minimal_action_server/build --no-deps install_data
