[0.228s] Invoking command in '/home/tuantran/ros2_ws/build/examples_rclcpp_multithreaded_executor': CMAKE_PREFIX_PATH=/opt/ros/humble /usr/bin/cmake /home/tuantran/ros2_ws/src/examples/rclcpp/executors/multithreaded_executor -DAMENT_CMAKE_SYMLINK_INSTALL=1 -DCMAKE_INSTALL_PREFIX=/home/tuantran/ros2_ws/install/examples_rclcpp_multithreaded_executor
[0.468s] -- The C compiler identification is GNU 11.4.0
[0.745s] -- The CXX compiler identification is GNU 11.4.0
[0.775s] -- Detecting C compiler ABI info
[1.120s] -- Detecting C compiler ABI info - done
[1.188s] -- Check for working C compiler: /usr/bin/cc - skipped
[1.190s] -- Detecting C compile features
[1.192s] -- Detecting C compile features - done
[1.207s] -- Detecting CXX compiler ABI info
[1.659s] -- Detecting CXX compiler ABI info - done
[1.710s] -- Check for working CXX compiler: /usr/bin/c++ - skipped
[1.712s] -- Detecting CXX compile features
[1.715s] -- Detecting CXX compile features - done
[1.730s] -- Found ament_cmake: 1.3.6 (/opt/ros/humble/share/ament_cmake/cmake)
[2.387s] -- Found Python3: /usr/bin/python3.10 (found version "3.10.12") found components: Interpreter 
[2.665s] -- Override CMake install command with custom implementation using symlinks instead of copying resources
[2.765s] -- Found rclcpp: 16.0.7 (/opt/ros/humble/share/rclcpp/cmake)
[3.002s] -- Found rosidl_generator_c: 3.1.5 (/opt/ros/humble/share/rosidl_generator_c/cmake)
[3.030s] -- Found rosidl_adapter: 3.1.5 (/opt/ros/humble/share/rosidl_adapter/cmake)
[3.085s] -- Found rosidl_generator_cpp: 3.1.5 (/opt/ros/humble/share/rosidl_generator_cpp/cmake)
[3.165s] -- Using all available rosidl_typesupport_c: rosidl_typesupport_fastrtps_c;rosidl_typesupport_introspection_c
[3.285s] -- Using all available rosidl_typesupport_cpp: rosidl_typesupport_fastrtps_cpp;rosidl_typesupport_introspection_cpp
[3.934s] -- Found rmw_implementation_cmake: 6.1.1 (/opt/ros/humble/share/rmw_implementation_cmake/cmake)
[3.979s] -- Found rmw_fastrtps_cpp: 6.2.5 (/opt/ros/humble/share/rmw_fastrtps_cpp/cmake)
[4.556s] -- Found OpenSSL: /usr/lib/x86_64-linux-gnu/libcrypto.so (found version "3.0.2")  
[4.686s] -- Found FastRTPS: /opt/ros/humble/include  
[4.961s] -- Using RMW implementation 'rmw_fastrtps_cpp' as default
[5.004s] -- Looking for pthread.h
[5.383s] -- Looking for pthread.h - found
[5.387s] -- Performing Test CMAKE_HAVE_LIBC_PTHREAD
[5.828s] -- Performing Test CMAKE_HAVE_LIBC_PTHREAD - Success
[5.835s] -- Found Threads: TRUE  
[7.533s] -- Found ament_lint_auto: 0.12.9 (/opt/ros/humble/share/ament_lint_auto/cmake)
[7.817s] -- Added test 'copyright' to check source files copyright and LICENSE
[7.821s] -- Added test 'cppcheck' to perform static code analysis on C / C++ code
[7.821s] -- Configured cppcheck include dirs: 
[7.821s] -- Configured cppcheck exclude dirs and/or files: 
[7.824s] -- Added test 'cpplint' to check C / C++ code against the Google style
[7.824s] -- Configured cpplint exclude dirs and/or files: 
[7.826s] -- Added test 'lint_cmake' to check CMake code style
[7.829s] -- Added test 'uncrustify' to check C / C++ code style
[7.830s] -- Configured uncrustify additional arguments: 
[7.831s] -- Added test 'xmllint' to check XML markup files
[7.836s] -- Configuring done
[7.874s] -- Generating done
[7.884s] -- Build files have been written to: /home/tuantran/ros2_ws/build/examples_rclcpp_multithreaded_executor
[7.911s] Invoked command in '/home/tuantran/ros2_ws/build/examples_rclcpp_multithreaded_executor' returned '0': CMAKE_PREFIX_PATH=/opt/ros/humble /usr/bin/cmake /home/tuantran/ros2_ws/src/examples/rclcpp/executors/multithreaded_executor -DAMENT_CMAKE_SYMLINK_INSTALL=1 -DCMAKE_INSTALL_PREFIX=/home/tuantran/ros2_ws/install/examples_rclcpp_multithreaded_executor
[7.915s] Invoking command in '/home/tuantran/ros2_ws/build/examples_rclcpp_multithreaded_executor': CMAKE_PREFIX_PATH=/opt/ros/humble /usr/bin/cmake --build /home/tuantran/ros2_ws/build/examples_rclcpp_multithreaded_executor -- -j2 -l2
[8.082s] [ 50%] [32mBuilding CXX object CMakeFiles/multithreaded_executor.dir/multithreaded_executor.cpp.o[0m
[46.641s] [100%] [32m[1mLinking CXX executable multithreaded_executor[0m
[48.560s] [100%] Built target multithreaded_executor
[48.607s] Invoked command in '/home/tuantran/ros2_ws/build/examples_rclcpp_multithreaded_executor' returned '0': CMAKE_PREFIX_PATH=/opt/ros/humble /usr/bin/cmake --build /home/tuantran/ros2_ws/build/examples_rclcpp_multithreaded_executor -- -j2 -l2
[48.706s] Invoking command in '/home/tuantran/ros2_ws/build/examples_rclcpp_multithreaded_executor': CMAKE_PREFIX_PATH=/opt/ros/humble /usr/bin/cmake --install /home/tuantran/ros2_ws/build/examples_rclcpp_multithreaded_executor
[48.730s] -- Install configuration: ""
[48.732s] -- Execute custom install script
[48.734s] -- Symlinking: /home/tuantran/ros2_ws/install/examples_rclcpp_multithreaded_executor/lib/examples_rclcpp_multithreaded_executor/multithreaded_executor
[48.762s] -- Symlinking: /home/tuantran/ros2_ws/install/examples_rclcpp_multithreaded_executor/share/ament_index/resource_index/package_run_dependencies/examples_rclcpp_multithreaded_executor
[48.789s] -- Symlinking: /home/tuantran/ros2_ws/install/examples_rclcpp_multithreaded_executor/share/ament_index/resource_index/parent_prefix_path/examples_rclcpp_multithreaded_executor
[48.816s] -- Symlinking: /home/tuantran/ros2_ws/install/examples_rclcpp_multithreaded_executor/share/examples_rclcpp_multithreaded_executor/environment/ament_prefix_path.sh
[48.844s] -- Symlinking: /home/tuantran/ros2_ws/install/examples_rclcpp_multithreaded_executor/share/examples_rclcpp_multithreaded_executor/environment/ament_prefix_path.dsv
[48.870s] -- Symlinking: /home/tuantran/ros2_ws/install/examples_rclcpp_multithreaded_executor/share/examples_rclcpp_multithreaded_executor/environment/path.sh
[48.903s] -- Symlinking: /home/tuantran/ros2_ws/install/examples_rclcpp_multithreaded_executor/share/examples_rclcpp_multithreaded_executor/environment/path.dsv
[48.931s] -- Symlinking: /home/tuantran/ros2_ws/install/examples_rclcpp_multithreaded_executor/share/examples_rclcpp_multithreaded_executor/local_setup.bash
[48.959s] -- Symlinking: /home/tuantran/ros2_ws/install/examples_rclcpp_multithreaded_executor/share/examples_rclcpp_multithreaded_executor/local_setup.sh
[48.991s] -- Symlinking: /home/tuantran/ros2_ws/install/examples_rclcpp_multithreaded_executor/share/examples_rclcpp_multithreaded_executor/local_setup.zsh
[49.025s] -- Symlinking: /home/tuantran/ros2_ws/install/examples_rclcpp_multithreaded_executor/share/examples_rclcpp_multithreaded_executor/local_setup.dsv
[49.056s] -- Symlinking: /home/tuantran/ros2_ws/install/examples_rclcpp_multithreaded_executor/share/examples_rclcpp_multithreaded_executor/package.dsv
[49.085s] -- Symlinking: /home/tuantran/ros2_ws/install/examples_rclcpp_multithreaded_executor/share/ament_index/resource_index/packages/examples_rclcpp_multithreaded_executor
[49.114s] -- Symlinking: /home/tuantran/ros2_ws/install/examples_rclcpp_multithreaded_executor/share/examples_rclcpp_multithreaded_executor/cmake/examples_rclcpp_multithreaded_executorConfig.cmake
[49.148s] -- Symlinking: /home/tuantran/ros2_ws/install/examples_rclcpp_multithreaded_executor/share/examples_rclcpp_multithreaded_executor/cmake/examples_rclcpp_multithreaded_executorConfig-version.cmake
[49.176s] -- Symlinking: /home/tuantran/ros2_ws/install/examples_rclcpp_multithreaded_executor/share/examples_rclcpp_multithreaded_executor/package.xml
[49.212s] Invoked command in '/home/tuantran/ros2_ws/build/examples_rclcpp_multithreaded_executor' returned '0': CMAKE_PREFIX_PATH=/opt/ros/humble /usr/bin/cmake --install /home/tuantran/ros2_ws/build/examples_rclcpp_multithreaded_executor
