[0.199s] Invoking command in '/home/tuantran/ros2_ws/build/examples_rclcpp_minimal_action_server': CMAKE_PREFIX_PATH=/opt/ros/humble /usr/bin/cmake /home/tuantran/ros2_ws/src/examples/rclcpp/actions/minimal_action_server -DAMENT_CMAKE_SYMLINK_INSTALL=1 -DCMAKE_INSTALL_PREFIX=/home/tuantran/ros2_ws/install/examples_rclcpp_minimal_action_server
[0.464s] -- The C compiler identification is GNU 11.4.0
[0.703s] -- The CXX compiler identification is GNU 11.4.0
[0.736s] -- Detecting C compiler ABI info
[0.984s] -- Detecting C compiler ABI info - done
[1.043s] -- Check for working C compiler: /usr/bin/cc - skipped
[1.046s] -- Detecting C compile features
[1.050s] -- Detecting C compile features - done
[1.069s] -- Detecting CXX compiler ABI info
[1.376s] -- Detecting CXX compiler ABI info - done
[1.441s] -- Check for working CXX compiler: /usr/bin/c++ - skipped
[1.443s] -- Detecting CXX compile features
[1.446s] -- Detecting CXX compile features - done
[1.471s] -- Found ament_cmake: 1.3.6 (/opt/ros/humble/share/ament_cmake/cmake)
[2.157s] -- Found Python3: /usr/bin/python3.10 (found version "3.10.12") found components: Interpreter 
[2.439s] -- Override CMake install command with custom implementation using symlinks instead of copying resources
[2.550s] -- Found example_interfaces: 0.9.3 (/opt/ros/humble/share/example_interfaces/cmake)
[2.748s] -- Found rosidl_generator_c: 3.1.5 (/opt/ros/humble/share/rosidl_generator_c/cmake)
[2.777s] -- Found rosidl_adapter: 3.1.5 (/opt/ros/humble/share/rosidl_adapter/cmake)
[2.821s] -- Found rosidl_generator_cpp: 3.1.5 (/opt/ros/humble/share/rosidl_generator_cpp/cmake)
[2.908s] -- Using all available rosidl_typesupport_c: rosidl_typesupport_fastrtps_c;rosidl_typesupport_introspection_c
[3.027s] -- Using all available rosidl_typesupport_cpp: rosidl_typesupport_fastrtps_cpp;rosidl_typesupport_introspection_cpp
[4.281s] -- Found rclcpp: 16.0.7 (/opt/ros/humble/share/rclcpp/cmake)
[4.669s] -- Found rmw_implementation_cmake: 6.1.1 (/opt/ros/humble/share/rmw_implementation_cmake/cmake)
[4.681s] -- Found rmw_fastrtps_cpp: 6.2.5 (/opt/ros/humble/share/rmw_fastrtps_cpp/cmake)
[5.179s] -- Found OpenSSL: /usr/lib/x86_64-linux-gnu/libcrypto.so (found version "3.0.2")  
[5.297s] -- Found FastRTPS: /opt/ros/humble/include  
[5.536s] -- Using RMW implementation 'rmw_fastrtps_cpp' as default
[5.594s] -- Looking for pthread.h
[5.869s] -- Looking for pthread.h - found
[5.870s] -- Performing Test CMAKE_HAVE_LIBC_PTHREAD
[6.131s] -- Performing Test CMAKE_HAVE_LIBC_PTHREAD - Success
[6.136s] -- Found Threads: TRUE  
[7.432s] -- Found rclcpp_action: 16.0.7 (/opt/ros/humble/share/rclcpp_action/cmake)
[7.692s] -- Found ament_lint_auto: 0.12.9 (/opt/ros/humble/share/ament_lint_auto/cmake)
[8.076s] -- Added test 'copyright' to check source files copyright and LICENSE
[8.082s] -- Added test 'cppcheck' to perform static code analysis on C / C++ code
[8.084s] -- Configured cppcheck include dirs: 
[8.084s] -- Configured cppcheck exclude dirs and/or files: 
[8.089s] -- Added test 'cpplint' to check C / C++ code against the Google style
[8.090s] -- Configured cpplint exclude dirs and/or files: 
[8.096s] -- Added test 'lint_cmake' to check CMake code style
[8.100s] -- Added test 'uncrustify' to check C / C++ code style
[8.101s] -- Configured uncrustify additional arguments: 
[8.104s] -- Added test 'xmllint' to check XML markup files
[8.114s] -- Configuring done
[8.176s] -- Generating done
[8.189s] -- Build files have been written to: /home/tuantran/ros2_ws/build/examples_rclcpp_minimal_action_server
[8.224s] Invoked command in '/home/tuantran/ros2_ws/build/examples_rclcpp_minimal_action_server' returned '0': CMAKE_PREFIX_PATH=/opt/ros/humble /usr/bin/cmake /home/tuantran/ros2_ws/src/examples/rclcpp/actions/minimal_action_server -DAMENT_CMAKE_SYMLINK_INSTALL=1 -DCMAKE_INSTALL_PREFIX=/home/tuantran/ros2_ws/install/examples_rclcpp_minimal_action_server
[8.225s] Invoking command in '/home/tuantran/ros2_ws/build/examples_rclcpp_minimal_action_server': CMAKE_PREFIX_PATH=/opt/ros/humble /usr/bin/cmake --build /home/tuantran/ros2_ws/build/examples_rclcpp_minimal_action_server -- -j2 -l2
[8.413s] [ 25%] [32mBuilding CXX object CMakeFiles/action_server_member_functions.dir/member_functions.cpp.o[0m
[22.868s] [ 50%] [32m[1mLinking CXX executable action_server_member_functions[0m
[23.651s] [ 50%] Built target action_server_member_functions
[23.734s] [ 75%] [32mBuilding CXX object CMakeFiles/action_server_not_composable.dir/not_composable.cpp.o[0m
[39.023s] [100%] [32m[1mLinking CXX executable action_server_not_composable[0m
[40.274s] [100%] Built target action_server_not_composable
[40.341s] Invoked command in '/home/tuantran/ros2_ws/build/examples_rclcpp_minimal_action_server' returned '0': CMAKE_PREFIX_PATH=/opt/ros/humble /usr/bin/cmake --build /home/tuantran/ros2_ws/build/examples_rclcpp_minimal_action_server -- -j2 -l2
[40.557s] Invoking command in '/home/tuantran/ros2_ws/build/examples_rclcpp_minimal_action_server': CMAKE_PREFIX_PATH=/opt/ros/humble /usr/bin/cmake --install /home/tuantran/ros2_ws/build/examples_rclcpp_minimal_action_server
[40.603s] -- Install configuration: ""
[40.607s] -- Execute custom install script
[40.607s] -- Symlinking: /home/tuantran/ros2_ws/install/examples_rclcpp_minimal_action_server/lib/examples_rclcpp_minimal_action_server/action_server_not_composable
[40.665s] -- Symlinking: /home/tuantran/ros2_ws/install/examples_rclcpp_minimal_action_server/lib/examples_rclcpp_minimal_action_server/action_server_member_functions
[40.726s] -- Symlinking: /home/tuantran/ros2_ws/install/examples_rclcpp_minimal_action_server/share/ament_index/resource_index/package_run_dependencies/examples_rclcpp_minimal_action_server
[40.786s] -- Symlinking: /home/tuantran/ros2_ws/install/examples_rclcpp_minimal_action_server/share/ament_index/resource_index/parent_prefix_path/examples_rclcpp_minimal_action_server
[40.887s] -- Symlinking: /home/tuantran/ros2_ws/install/examples_rclcpp_minimal_action_server/share/examples_rclcpp_minimal_action_server/environment/ament_prefix_path.sh
[40.921s] -- Symlinking: /home/tuantran/ros2_ws/install/examples_rclcpp_minimal_action_server/share/examples_rclcpp_minimal_action_server/environment/ament_prefix_path.dsv
[40.984s] -- Symlinking: /home/tuantran/ros2_ws/install/examples_rclcpp_minimal_action_server/share/examples_rclcpp_minimal_action_server/environment/path.sh
[41.051s] -- Symlinking: /home/tuantran/ros2_ws/install/examples_rclcpp_minimal_action_server/share/examples_rclcpp_minimal_action_server/environment/path.dsv
[41.112s] -- Symlinking: /home/tuantran/ros2_ws/install/examples_rclcpp_minimal_action_server/share/examples_rclcpp_minimal_action_server/local_setup.bash
[41.169s] -- Symlinking: /home/tuantran/ros2_ws/install/examples_rclcpp_minimal_action_server/share/examples_rclcpp_minimal_action_server/local_setup.sh
[41.215s] -- Symlinking: /home/tuantran/ros2_ws/install/examples_rclcpp_minimal_action_server/share/examples_rclcpp_minimal_action_server/local_setup.zsh
[41.237s] -- Symlinking: /home/tuantran/ros2_ws/install/examples_rclcpp_minimal_action_server/share/examples_rclcpp_minimal_action_server/local_setup.dsv
[41.265s] -- Symlinking: /home/tuantran/ros2_ws/install/examples_rclcpp_minimal_action_server/share/examples_rclcpp_minimal_action_server/package.dsv
[41.293s] -- Symlinking: /home/tuantran/ros2_ws/install/examples_rclcpp_minimal_action_server/share/ament_index/resource_index/packages/examples_rclcpp_minimal_action_server
[41.320s] -- Symlinking: /home/tuantran/ros2_ws/install/examples_rclcpp_minimal_action_server/share/examples_rclcpp_minimal_action_server/cmake/examples_rclcpp_minimal_action_serverConfig.cmake
[41.347s] -- Symlinking: /home/tuantran/ros2_ws/install/examples_rclcpp_minimal_action_server/share/examples_rclcpp_minimal_action_server/cmake/examples_rclcpp_minimal_action_serverConfig-version.cmake
[41.374s] -- Symlinking: /home/tuantran/ros2_ws/install/examples_rclcpp_minimal_action_server/share/examples_rclcpp_minimal_action_server/package.xml
[41.419s] Invoked command in '/home/tuantran/ros2_ws/build/examples_rclcpp_minimal_action_server' returned '0': CMAKE_PREFIX_PATH=/opt/ros/humble /usr/bin/cmake --install /home/tuantran/ros2_ws/build/examples_rclcpp_minimal_action_server
