[0.283s] Invoking command in '/home/tuantran/ros2_ws/build/cpp_pubsub': CMAKE_PREFIX_PATH=${CMAKE_PREFIX_PATH}:/home/tuantran/ros2_ws/install/launch_testing_examples:/home/tuantran/ros2_ws/install/examples_rclpy_pointcloud_publisher:/home/tuantran/ros2_ws/install/examples_rclpy_minimal_subscriber:/home/tuantran/ros2_ws/install/examples_rclpy_minimal_service:/home/tuantran/ros2_ws/install/examples_rclpy_minimal_publisher:/home/tuantran/ros2_ws/install/examples_rclpy_minimal_client:/home/tuantran/ros2_ws/install/examples_rclpy_minimal_action_server:/home/tuantran/ros2_ws/install/examples_rclpy_minimal_action_client:/home/tuantran/ros2_ws/install/examples_rclpy_guard_conditions:/home/tuantran/ros2_ws/install/examples_rclpy_executors:/opt/ros/humble /usr/bin/cmake /home/tuantran/ros2_ws/src/cpp_pubsub -DCMAKE_INSTALL_PREFIX=/home/tuantran/ros2_ws/install/cpp_pubsub
[0.337s] -- Found ament_cmake: 1.3.6 (/opt/ros/humble/share/ament_cmake/cmake)
[0.969s] -- Found rclcpp: 16.0.7 (/opt/ros/humble/share/rclcpp/cmake)
[1.115s] -- Found rosidl_generator_c: 3.1.5 (/opt/ros/humble/share/rosidl_generator_c/cmake)
[1.128s] -- Found rosidl_adapter: 3.1.5 (/opt/ros/humble/share/rosidl_adapter/cmake)
[1.166s] -- Found rosidl_generator_cpp: 3.1.5 (/opt/ros/humble/share/rosidl_generator_cpp/cmake)
[1.232s] -- Using all available rosidl_typesupport_c: rosidl_typesupport_fastrtps_c;rosidl_typesupport_introspection_c
[1.326s] -- Using all available rosidl_typesupport_cpp: rosidl_typesupport_fastrtps_cpp;rosidl_typesupport_introspection_cpp
[1.764s] -- Found rmw_implementation_cmake: 6.1.1 (/opt/ros/humble/share/rmw_implementation_cmake/cmake)
[1.775s] -- Found rmw_fastrtps_cpp: 6.2.5 (/opt/ros/humble/share/rmw_fastrtps_cpp/cmake)
[2.609s] -- Using RMW implementation 'rmw_fastrtps_cpp' as default
[3.971s] -- Found ament_lint_auto: 0.12.9 (/opt/ros/humble/share/ament_lint_auto/cmake)
[4.309s] -- Added test 'cppcheck' to perform static code analysis on C / C++ code
[4.311s] -- Configured cppcheck include dirs: 
[4.312s] -- Configured cppcheck exclude dirs and/or files: 
[4.314s] -- Added test 'lint_cmake' to check CMake code style
[4.317s] -- Added test 'uncrustify' to check C / C++ code style
[4.317s] -- Configured uncrustify additional arguments: 
[4.323s] -- Added test 'xmllint' to check XML markup files
[4.323s] -- Configuring done
[4.372s] -- Generating done
[4.382s] -- Build files have been written to: /home/tuantran/ros2_ws/build/cpp_pubsub
[4.420s] Invoked command in '/home/tuantran/ros2_ws/build/cpp_pubsub' returned '0': CMAKE_PREFIX_PATH=${CMAKE_PREFIX_PATH}:/home/tuantran/ros2_ws/install/launch_testing_examples:/home/tuantran/ros2_ws/install/examples_rclpy_pointcloud_publisher:/home/tuantran/ros2_ws/install/examples_rclpy_minimal_subscriber:/home/tuantran/ros2_ws/install/examples_rclpy_minimal_service:/home/tuantran/ros2_ws/install/examples_rclpy_minimal_publisher:/home/tuantran/ros2_ws/install/examples_rclpy_minimal_client:/home/tuantran/ros2_ws/install/examples_rclpy_minimal_action_server:/home/tuantran/ros2_ws/install/examples_rclpy_minimal_action_client:/home/tuantran/ros2_ws/install/examples_rclpy_guard_conditions:/home/tuantran/ros2_ws/install/examples_rclpy_executors:/opt/ros/humble /usr/bin/cmake /home/tuantran/ros2_ws/src/cpp_pubsub -DCMAKE_INSTALL_PREFIX=/home/tuantran/ros2_ws/install/cpp_pubsub
[4.422s] Invoking command in '/home/tuantran/ros2_ws/build/cpp_pubsub': CMAKE_PREFIX_PATH=${CMAKE_PREFIX_PATH}:/home/tuantran/ros2_ws/install/launch_testing_examples:/home/tuantran/ros2_ws/install/examples_rclpy_pointcloud_publisher:/home/tuantran/ros2_ws/install/examples_rclpy_minimal_subscriber:/home/tuantran/ros2_ws/install/examples_rclpy_minimal_service:/home/tuantran/ros2_ws/install/examples_rclpy_minimal_publisher:/home/tuantran/ros2_ws/install/examples_rclpy_minimal_client:/home/tuantran/ros2_ws/install/examples_rclpy_minimal_action_server:/home/tuantran/ros2_ws/install/examples_rclpy_minimal_action_client:/home/tuantran/ros2_ws/install/examples_rclpy_guard_conditions:/home/tuantran/ros2_ws/install/examples_rclpy_executors:/opt/ros/humble /usr/bin/cmake --build /home/tuantran/ros2_ws/build/cpp_pubsub -- -j2 -l2
[4.689s] [ 25%] [32mBuilding CXX object CMakeFiles/talker.dir/src/publisher_member_function.cpp.o[0m
[22.224s] [ 50%] [32m[1mLinking CXX executable talker[0m
[23.515s] [ 50%] Built target talker
[23.631s] [ 75%] [32mBuilding CXX object CMakeFiles/listener.dir/src/subscriber_member_function.cpp.o[0m
[56.881s] [100%] [32m[1mLinking CXX executable listener[0m
[58.639s] [100%] Built target listener
[58.691s] Invoked command in '/home/tuantran/ros2_ws/build/cpp_pubsub' returned '0': CMAKE_PREFIX_PATH=${CMAKE_PREFIX_PATH}:/home/tuantran/ros2_ws/install/launch_testing_examples:/home/tuantran/ros2_ws/install/examples_rclpy_pointcloud_publisher:/home/tuantran/ros2_ws/install/examples_rclpy_minimal_subscriber:/home/tuantran/ros2_ws/install/examples_rclpy_minimal_service:/home/tuantran/ros2_ws/install/examples_rclpy_minimal_publisher:/home/tuantran/ros2_ws/install/examples_rclpy_minimal_client:/home/tuantran/ros2_ws/install/examples_rclpy_minimal_action_server:/home/tuantran/ros2_ws/install/examples_rclpy_minimal_action_client:/home/tuantran/ros2_ws/install/examples_rclpy_guard_conditions:/home/tuantran/ros2_ws/install/examples_rclpy_executors:/opt/ros/humble /usr/bin/cmake --build /home/tuantran/ros2_ws/build/cpp_pubsub -- -j2 -l2
[58.829s] Invoking command in '/home/tuantran/ros2_ws/build/cpp_pubsub': CMAKE_PREFIX_PATH=${CMAKE_PREFIX_PATH}:/home/tuantran/ros2_ws/install/launch_testing_examples:/home/tuantran/ros2_ws/install/examples_rclpy_pointcloud_publisher:/home/tuantran/ros2_ws/install/examples_rclpy_minimal_subscriber:/home/tuantran/ros2_ws/install/examples_rclpy_minimal_service:/home/tuantran/ros2_ws/install/examples_rclpy_minimal_publisher:/home/tuantran/ros2_ws/install/examples_rclpy_minimal_client:/home/tuantran/ros2_ws/install/examples_rclpy_minimal_action_server:/home/tuantran/ros2_ws/install/examples_rclpy_minimal_action_client:/home/tuantran/ros2_ws/install/examples_rclpy_guard_conditions:/home/tuantran/ros2_ws/install/examples_rclpy_executors:/opt/ros/humble /usr/bin/cmake --install /home/tuantran/ros2_ws/build/cpp_pubsub
[58.864s] -- Install configuration: ""
[58.869s] -- Installing: /home/tuantran/ros2_ws/install/cpp_pubsub/lib/cpp_pubsub/talker
[58.879s] -- Set runtime path of "/home/tuantran/ros2_ws/install/cpp_pubsub/lib/cpp_pubsub/talker" to ""
[58.880s] -- Up-to-date: /home/tuantran/ros2_ws/install/cpp_pubsub/lib/cpp_pubsub/talker
[58.881s] -- Installing: /home/tuantran/ros2_ws/install/cpp_pubsub/lib/cpp_pubsub/listener
[58.907s] -- Set runtime path of "/home/tuantran/ros2_ws/install/cpp_pubsub/lib/cpp_pubsub/listener" to ""
[58.908s] -- Installing: /home/tuantran/ros2_ws/install/cpp_pubsub/share/ament_index/resource_index/package_run_dependencies/cpp_pubsub
[58.908s] -- Installing: /home/tuantran/ros2_ws/install/cpp_pubsub/share/ament_index/resource_index/parent_prefix_path/cpp_pubsub
[58.909s] -- Installing: /home/tuantran/ros2_ws/install/cpp_pubsub/share/cpp_pubsub/environment/ament_prefix_path.sh
[58.910s] -- Installing: /home/tuantran/ros2_ws/install/cpp_pubsub/share/cpp_pubsub/environment/ament_prefix_path.dsv
[58.911s] -- Installing: /home/tuantran/ros2_ws/install/cpp_pubsub/share/cpp_pubsub/environment/path.sh
[58.912s] -- Installing: /home/tuantran/ros2_ws/install/cpp_pubsub/share/cpp_pubsub/environment/path.dsv
[58.914s] -- Installing: /home/tuantran/ros2_ws/install/cpp_pubsub/share/cpp_pubsub/local_setup.bash
[58.915s] -- Installing: /home/tuantran/ros2_ws/install/cpp_pubsub/share/cpp_pubsub/local_setup.sh
[58.917s] -- Installing: /home/tuantran/ros2_ws/install/cpp_pubsub/share/cpp_pubsub/local_setup.zsh
[58.922s] -- Installing: /home/tuantran/ros2_ws/install/cpp_pubsub/share/cpp_pubsub/local_setup.dsv
[58.922s] -- Installing: /home/tuantran/ros2_ws/install/cpp_pubsub/share/cpp_pubsub/package.dsv
[58.923s] -- Installing: /home/tuantran/ros2_ws/install/cpp_pubsub/share/ament_index/resource_index/packages/cpp_pubsub
[58.923s] -- Installing: /home/tuantran/ros2_ws/install/cpp_pubsub/share/cpp_pubsub/cmake/cpp_pubsubConfig.cmake
[58.923s] -- Installing: /home/tuantran/ros2_ws/install/cpp_pubsub/share/cpp_pubsub/cmake/cpp_pubsubConfig-version.cmake
[58.923s] -- Installing: /home/tuantran/ros2_ws/install/cpp_pubsub/share/cpp_pubsub/package.xml
[58.926s] Invoked command in '/home/tuantran/ros2_ws/build/cpp_pubsub' returned '0': CMAKE_PREFIX_PATH=${CMAKE_PREFIX_PATH}:/home/tuantran/ros2_ws/install/launch_testing_examples:/home/tuantran/ros2_ws/install/examples_rclpy_pointcloud_publisher:/home/tuantran/ros2_ws/install/examples_rclpy_minimal_subscriber:/home/tuantran/ros2_ws/install/examples_rclpy_minimal_service:/home/tuantran/ros2_ws/install/examples_rclpy_minimal_publisher:/home/tuantran/ros2_ws/install/examples_rclpy_minimal_client:/home/tuantran/ros2_ws/install/examples_rclpy_minimal_action_server:/home/tuantran/ros2_ws/install/examples_rclpy_minimal_action_client:/home/tuantran/ros2_ws/install/examples_rclpy_guard_conditions:/home/tuantran/ros2_ws/install/examples_rclpy_executors:/opt/ros/humble /usr/bin/cmake --install /home/tuantran/ros2_ws/build/cpp_pubsub
