[0.318s] Invoking command in '/home/tuantran/ros2_ws/build/cpp_srvcli': CMAKE_PREFIX_PATH=${CMAKE_PREFIX_PATH}:/home/tuantran/ros2_ws/install/launch_testing_examples:/home/tuantran/ros2_ws/install/examples_rclpy_pointcloud_publisher:/home/tuantran/ros2_ws/install/examples_rclpy_minimal_subscriber:/home/tuantran/ros2_ws/install/examples_rclpy_minimal_service:/home/tuantran/ros2_ws/install/examples_rclpy_minimal_publisher:/home/tuantran/ros2_ws/install/examples_rclpy_minimal_client:/home/tuantran/ros2_ws/install/examples_rclpy_minimal_action_server:/home/tuantran/ros2_ws/install/examples_rclpy_minimal_action_client:/home/tuantran/ros2_ws/install/examples_rclpy_guard_conditions:/home/tuantran/ros2_ws/install/examples_rclpy_executors:/opt/ros/humble /usr/bin/cmake --build /home/tuantran/ros2_ws/build/cpp_srvcli -- -j2 -l2
[0.497s] [35m[1mConsolidate compiler generated dependencies of target server[0m
[0.607s] [ 50%] Built target server
[0.691s] [35m[1mConsolidate compiler generated dependencies of target client[0m
[0.789s] [100%] Built target client
[0.831s] Invoked command in '/home/tuantran/ros2_ws/build/cpp_srvcli' returned '0': CMAKE_PREFIX_PATH=${CMAKE_PREFIX_PATH}:/home/tuantran/ros2_ws/install/launch_testing_examples:/home/tuantran/ros2_ws/install/examples_rclpy_pointcloud_publisher:/home/tuantran/ros2_ws/install/examples_rclpy_minimal_subscriber:/home/tuantran/ros2_ws/install/examples_rclpy_minimal_service:/home/tuantran/ros2_ws/install/examples_rclpy_minimal_publisher:/home/tuantran/ros2_ws/install/examples_rclpy_minimal_client:/home/tuantran/ros2_ws/install/examples_rclpy_minimal_action_server:/home/tuantran/ros2_ws/install/examples_rclpy_minimal_action_client:/home/tuantran/ros2_ws/install/examples_rclpy_guard_conditions:/home/tuantran/ros2_ws/install/examples_rclpy_executors:/opt/ros/humble /usr/bin/cmake --build /home/tuantran/ros2_ws/build/cpp_srvcli -- -j2 -l2
[1.032s] Invoking command in '/home/tuantran/ros2_ws/build/cpp_srvcli': CMAKE_PREFIX_PATH=${CMAKE_PREFIX_PATH}:/home/tuantran/ros2_ws/install/launch_testing_examples:/home/tuantran/ros2_ws/install/examples_rclpy_pointcloud_publisher:/home/tuantran/ros2_ws/install/examples_rclpy_minimal_subscriber:/home/tuantran/ros2_ws/install/examples_rclpy_minimal_service:/home/tuantran/ros2_ws/install/examples_rclpy_minimal_publisher:/home/tuantran/ros2_ws/install/examples_rclpy_minimal_client:/home/tuantran/ros2_ws/install/examples_rclpy_minimal_action_server:/home/tuantran/ros2_ws/install/examples_rclpy_minimal_action_client:/home/tuantran/ros2_ws/install/examples_rclpy_guard_conditions:/home/tuantran/ros2_ws/install/examples_rclpy_executors:/opt/ros/humble /usr/bin/cmake --install /home/tuantran/ros2_ws/build/cpp_srvcli
[1.084s] -- Install configuration: ""
[1.088s] -- Up-to-date: /home/tuantran/ros2_ws/install/cpp_srvcli/lib/cpp_srvcli/server
[1.091s] -- Up-to-date: /home/tuantran/ros2_ws/install/cpp_srvcli/lib/cpp_srvcli/client
[1.095s] -- Up-to-date: /home/tuantran/ros2_ws/install/cpp_srvcli/share/ament_index/resource_index/package_run_dependencies/cpp_srvcli
[1.099s] -- Up-to-date: /home/tuantran/ros2_ws/install/cpp_srvcli/share/ament_index/resource_index/parent_prefix_path/cpp_srvcli
[1.105s] -- Up-to-date: /home/tuantran/ros2_ws/install/cpp_srvcli/share/cpp_srvcli/environment/ament_prefix_path.sh
[1.110s] -- Up-to-date: /home/tuantran/ros2_ws/install/cpp_srvcli/share/cpp_srvcli/environment/ament_prefix_path.dsv
[1.115s] -- Up-to-date: /home/tuantran/ros2_ws/install/cpp_srvcli/share/cpp_srvcli/environment/path.sh
[1.119s] -- Up-to-date: /home/tuantran/ros2_ws/install/cpp_srvcli/share/cpp_srvcli/environment/path.dsv
[1.121s] -- Up-to-date: /home/tuantran/ros2_ws/install/cpp_srvcli/share/cpp_srvcli/local_setup.bash
[1.124s] -- Up-to-date: /home/tuantran/ros2_ws/install/cpp_srvcli/share/cpp_srvcli/local_setup.sh
[1.128s] -- Up-to-date: /home/tuantran/ros2_ws/install/cpp_srvcli/share/cpp_srvcli/local_setup.zsh
[1.130s] -- Up-to-date: /home/tuantran/ros2_ws/install/cpp_srvcli/share/cpp_srvcli/local_setup.dsv
[1.133s] -- Installing: /home/tuantran/ros2_ws/install/cpp_srvcli/share/cpp_srvcli/package.dsv
[1.138s] -- Up-to-date: /home/tuantran/ros2_ws/install/cpp_srvcli/share/ament_index/resource_index/packages/cpp_srvcli
[1.139s] -- Up-to-date: /home/tuantran/ros2_ws/install/cpp_srvcli/share/cpp_srvcli/cmake/cpp_srvcliConfig.cmake
[1.142s] -- Up-to-date: /home/tuantran/ros2_ws/install/cpp_srvcli/share/cpp_srvcli/cmake/cpp_srvcliConfig-version.cmake
[1.143s] -- Up-to-date: /home/tuantran/ros2_ws/install/cpp_srvcli/share/cpp_srvcli/package.xml
[1.164s] Invoked command in '/home/tuantran/ros2_ws/build/cpp_srvcli' returned '0': CMAKE_PREFIX_PATH=${CMAKE_PREFIX_PATH}:/home/tuantran/ros2_ws/install/launch_testing_examples:/home/tuantran/ros2_ws/install/examples_rclpy_pointcloud_publisher:/home/tuantran/ros2_ws/install/examples_rclpy_minimal_subscriber:/home/tuantran/ros2_ws/install/examples_rclpy_minimal_service:/home/tuantran/ros2_ws/install/examples_rclpy_minimal_publisher:/home/tuantran/ros2_ws/install/examples_rclpy_minimal_client:/home/tuantran/ros2_ws/install/examples_rclpy_minimal_action_server:/home/tuantran/ros2_ws/install/examples_rclpy_minimal_action_client:/home/tuantran/ros2_ws/install/examples_rclpy_guard_conditions:/home/tuantran/ros2_ws/install/examples_rclpy_executors:/opt/ros/humble /usr/bin/cmake --install /home/tuantran/ros2_ws/build/cpp_srvcli
