[0.296s] Invoking command in '/home/tuantran/ros2_ws/build/cpp_srvcli': CMAKE_PREFIX_PATH=${CMAKE_PREFIX_PATH}:/home/tuantran/ros2_ws/install/launch_testing_examples:/home/tuantran/ros2_ws/install/examples_rclpy_pointcloud_publisher:/home/tuantran/ros2_ws/install/examples_rclpy_minimal_subscriber:/home/tuantran/ros2_ws/install/examples_rclpy_minimal_service:/home/tuantran/ros2_ws/install/examples_rclpy_minimal_publisher:/home/tuantran/ros2_ws/install/examples_rclpy_minimal_client:/home/tuantran/ros2_ws/install/examples_rclpy_minimal_action_server:/home/tuantran/ros2_ws/install/examples_rclpy_minimal_action_client:/home/tuantran/ros2_ws/install/examples_rclpy_guard_conditions:/home/tuantran/ros2_ws/install/examples_rclpy_executors:/opt/ros/humble /usr/bin/cmake /home/tuantran/ros2_ws/src/cpp_srvcli -DCMAKE_INSTALL_PREFIX=/home/tuantran/ros2_ws/install/cpp_srvcli
[0.693s] -- The C compiler identification is GNU 11.4.0
[1.086s] -- The CXX compiler identification is GNU 11.4.0
[1.138s] -- Detecting C compiler ABI info
[1.537s] -- Detecting C compiler ABI info - done
[1.600s] -- Check for working C compiler: /usr/bin/cc - skipped
[1.602s] -- Detecting C compile features
[1.606s] -- Detecting C compile features - done
[1.625s] -- Detecting CXX compiler ABI info
[2.050s] -- Detecting CXX compiler ABI info - done
[2.101s] -- Check for working CXX compiler: /usr/bin/c++ - skipped
[2.103s] -- Detecting CXX compile features
[2.106s] -- Detecting CXX compile features - done
[2.165s] -- Found ament_cmake: 1.3.6 (/opt/ros/humble/share/ament_cmake/cmake)
[3.217s] -- Found Python3: /usr/bin/python3.10 (found version "3.10.12") found components: Interpreter 
[3.958s] -- Found rclcpp: 16.0.7 (/opt/ros/humble/share/rclcpp/cmake)
[4.337s] -- Found rosidl_generator_c: 3.1.5 (/opt/ros/humble/share/rosidl_generator_c/cmake)
[4.389s] -- Found rosidl_adapter: 3.1.5 (/opt/ros/humble/share/rosidl_adapter/cmake)
[4.499s] -- Found rosidl_generator_cpp: 3.1.5 (/opt/ros/humble/share/rosidl_generator_cpp/cmake)
[4.629s] -- Using all available rosidl_typesupport_c: rosidl_typesupport_fastrtps_c;rosidl_typesupport_introspection_c
[4.797s] -- Using all available rosidl_typesupport_cpp: rosidl_typesupport_fastrtps_cpp;rosidl_typesupport_introspection_cpp
[5.515s] -- Found rmw_implementation_cmake: 6.1.1 (/opt/ros/humble/share/rmw_implementation_cmake/cmake)
[5.547s] -- Found rmw_fastrtps_cpp: 6.2.5 (/opt/ros/humble/share/rmw_fastrtps_cpp/cmake)
[6.237s] -- Found OpenSSL: /usr/lib/x86_64-linux-gnu/libcrypto.so (found version "3.0.2")  
[6.402s] -- Found FastRTPS: /opt/ros/humble/include  
[6.754s] -- Using RMW implementation 'rmw_fastrtps_cpp' as default
[6.904s] -- Looking for pthread.h
[7.415s] -- Looking for pthread.h - found
[7.423s] -- Performing Test CMAKE_HAVE_LIBC_PTHREAD
[7.976s] -- Performing Test CMAKE_HAVE_LIBC_PTHREAD - Success
[7.993s] -- Found Threads: TRUE  
[10.005s] -- Found example_interfaces: 0.9.3 (/opt/ros/humble/share/example_interfaces/cmake)
[11.701s] -- Found ament_lint_auto: 0.12.9 (/opt/ros/humble/share/ament_lint_auto/cmake)
[12.445s] -- Added test 'cppcheck' to perform static code analysis on C / C++ code
[12.448s] -- Configured cppcheck include dirs: 
[12.448s] -- Configured cppcheck exclude dirs and/or files: 
[12.461s] -- Added test 'lint_cmake' to check CMake code style
[12.476s] -- Added test 'uncrustify' to check C / C++ code style
[12.476s] -- Configured uncrustify additional arguments: 
[12.478s] -- Added test 'xmllint' to check XML markup files
[12.492s] -- Configuring done
[12.575s] -- Generating done
[12.592s] -- Build files have been written to: /home/tuantran/ros2_ws/build/cpp_srvcli
[12.659s] Invoked command in '/home/tuantran/ros2_ws/build/cpp_srvcli' returned '0': CMAKE_PREFIX_PATH=${CMAKE_PREFIX_PATH}:/home/tuantran/ros2_ws/install/launch_testing_examples:/home/tuantran/ros2_ws/install/examples_rclpy_pointcloud_publisher:/home/tuantran/ros2_ws/install/examples_rclpy_minimal_subscriber:/home/tuantran/ros2_ws/install/examples_rclpy_minimal_service:/home/tuantran/ros2_ws/install/examples_rclpy_minimal_publisher:/home/tuantran/ros2_ws/install/examples_rclpy_minimal_client:/home/tuantran/ros2_ws/install/examples_rclpy_minimal_action_server:/home/tuantran/ros2_ws/install/examples_rclpy_minimal_action_client:/home/tuantran/ros2_ws/install/examples_rclpy_guard_conditions:/home/tuantran/ros2_ws/install/examples_rclpy_executors:/opt/ros/humble /usr/bin/cmake /home/tuantran/ros2_ws/src/cpp_srvcli -DCMAKE_INSTALL_PREFIX=/home/tuantran/ros2_ws/install/cpp_srvcli
[12.667s] Invoking command in '/home/tuantran/ros2_ws/build/cpp_srvcli': CMAKE_PREFIX_PATH=${CMAKE_PREFIX_PATH}:/home/tuantran/ros2_ws/install/launch_testing_examples:/home/tuantran/ros2_ws/install/examples_rclpy_pointcloud_publisher:/home/tuantran/ros2_ws/install/examples_rclpy_minimal_subscriber:/home/tuantran/ros2_ws/install/examples_rclpy_minimal_service:/home/tuantran/ros2_ws/install/examples_rclpy_minimal_publisher:/home/tuantran/ros2_ws/install/examples_rclpy_minimal_client:/home/tuantran/ros2_ws/install/examples_rclpy_minimal_action_server:/home/tuantran/ros2_ws/install/examples_rclpy_minimal_action_client:/home/tuantran/ros2_ws/install/examples_rclpy_guard_conditions:/home/tuantran/ros2_ws/install/examples_rclpy_executors:/opt/ros/humble /usr/bin/cmake --build /home/tuantran/ros2_ws/build/cpp_srvcli -- -j2 -l2
[12.991s] [ 25%] [32mBuilding CXX object CMakeFiles/server.dir/src/add_two_ints_server.cpp.o[0m
[27.970s] [ 50%] [32m[1mLinking CXX executable server[0m
[28.672s] [ 50%] Built target server
[28.750s] [ 75%] [32mBuilding CXX object CMakeFiles/client.dir/src/add_two_ints_client.cpp.o[0m
[40.278s] [100%] [32m[1mLinking CXX executable client[0m
[41.102s] [100%] Built target client
[41.141s] Invoked command in '/home/tuantran/ros2_ws/build/cpp_srvcli' returned '0': CMAKE_PREFIX_PATH=${CMAKE_PREFIX_PATH}:/home/tuantran/ros2_ws/install/launch_testing_examples:/home/tuantran/ros2_ws/install/examples_rclpy_pointcloud_publisher:/home/tuantran/ros2_ws/install/examples_rclpy_minimal_subscriber:/home/tuantran/ros2_ws/install/examples_rclpy_minimal_service:/home/tuantran/ros2_ws/install/examples_rclpy_minimal_publisher:/home/tuantran/ros2_ws/install/examples_rclpy_minimal_client:/home/tuantran/ros2_ws/install/examples_rclpy_minimal_action_server:/home/tuantran/ros2_ws/install/examples_rclpy_minimal_action_client:/home/tuantran/ros2_ws/install/examples_rclpy_guard_conditions:/home/tuantran/ros2_ws/install/examples_rclpy_executors:/opt/ros/humble /usr/bin/cmake --build /home/tuantran/ros2_ws/build/cpp_srvcli -- -j2 -l2
[41.296s] Invoking command in '/home/tuantran/ros2_ws/build/cpp_srvcli': CMAKE_PREFIX_PATH=${CMAKE_PREFIX_PATH}:/home/tuantran/ros2_ws/install/launch_testing_examples:/home/tuantran/ros2_ws/install/examples_rclpy_pointcloud_publisher:/home/tuantran/ros2_ws/install/examples_rclpy_minimal_subscriber:/home/tuantran/ros2_ws/install/examples_rclpy_minimal_service:/home/tuantran/ros2_ws/install/examples_rclpy_minimal_publisher:/home/tuantran/ros2_ws/install/examples_rclpy_minimal_client:/home/tuantran/ros2_ws/install/examples_rclpy_minimal_action_server:/home/tuantran/ros2_ws/install/examples_rclpy_minimal_action_client:/home/tuantran/ros2_ws/install/examples_rclpy_guard_conditions:/home/tuantran/ros2_ws/install/examples_rclpy_executors:/opt/ros/humble /usr/bin/cmake --install /home/tuantran/ros2_ws/build/cpp_srvcli
[41.335s] -- Install configuration: ""
[41.337s] -- Installing: /home/tuantran/ros2_ws/install/cpp_srvcli/lib/cpp_srvcli/server
[41.340s] -- Set runtime path of "/home/tuantran/ros2_ws/install/cpp_srvcli/lib/cpp_srvcli/server" to ""
[41.341s] -- Installing: /home/tuantran/ros2_ws/install/cpp_srvcli/lib/cpp_srvcli/client
[41.348s] -- Set runtime path of "/home/tuantran/ros2_ws/install/cpp_srvcli/lib/cpp_srvcli/client" to ""
[41.352s] -- Installing: /home/tuantran/ros2_ws/install/cpp_srvcli/share/ament_index/resource_index/package_run_dependencies/cpp_srvcli
[41.353s] -- Installing: /home/tuantran/ros2_ws/install/cpp_srvcli/share/ament_index/resource_index/parent_prefix_path/cpp_srvcli
[41.354s] -- Installing: /home/tuantran/ros2_ws/install/cpp_srvcli/share/cpp_srvcli/environment/ament_prefix_path.sh
[41.354s] -- Installing: /home/tuantran/ros2_ws/install/cpp_srvcli/share/cpp_srvcli/environment/ament_prefix_path.dsv
[41.355s] -- Installing: /home/tuantran/ros2_ws/install/cpp_srvcli/share/cpp_srvcli/environment/path.sh
[41.356s] -- Installing: /home/tuantran/ros2_ws/install/cpp_srvcli/share/cpp_srvcli/environment/path.dsv
[41.357s] -- Installing: /home/tuantran/ros2_ws/install/cpp_srvcli/share/cpp_srvcli/local_setup.bash
[41.358s] -- Installing: /home/tuantran/ros2_ws/install/cpp_srvcli/share/cpp_srvcli/local_setup.sh
[41.359s] -- Installing: /home/tuantran/ros2_ws/install/cpp_srvcli/share/cpp_srvcli/local_setup.zsh
[41.364s] -- Installing: /home/tuantran/ros2_ws/install/cpp_srvcli/share/cpp_srvcli/local_setup.dsv
[41.365s] -- Installing: /home/tuantran/ros2_ws/install/cpp_srvcli/share/cpp_srvcli/package.dsv
[41.365s] -- Installing: /home/tuantran/ros2_ws/install/cpp_srvcli/share/ament_index/resource_index/packages/cpp_srvcli
[41.365s] -- Installing: /home/tuantran/ros2_ws/install/cpp_srvcli/share/cpp_srvcli/cmake/cpp_srvcliConfig.cmake
[41.365s] -- Installing: /home/tuantran/ros2_ws/install/cpp_srvcli/share/cpp_srvcli/cmake/cpp_srvcliConfig-version.cmake
[41.366s] -- Installing: /home/tuantran/ros2_ws/install/cpp_srvcli/share/cpp_srvcli/package.xml
[41.399s] Invoked command in '/home/tuantran/ros2_ws/build/cpp_srvcli' returned '0': CMAKE_PREFIX_PATH=${CMAKE_PREFIX_PATH}:/home/tuantran/ros2_ws/install/launch_testing_examples:/home/tuantran/ros2_ws/install/examples_rclpy_pointcloud_publisher:/home/tuantran/ros2_ws/install/examples_rclpy_minimal_subscriber:/home/tuantran/ros2_ws/install/examples_rclpy_minimal_service:/home/tuantran/ros2_ws/install/examples_rclpy_minimal_publisher:/home/tuantran/ros2_ws/install/examples_rclpy_minimal_client:/home/tuantran/ros2_ws/install/examples_rclpy_minimal_action_server:/home/tuantran/ros2_ws/install/examples_rclpy_minimal_action_client:/home/tuantran/ros2_ws/install/examples_rclpy_guard_conditions:/home/tuantran/ros2_ws/install/examples_rclpy_executors:/opt/ros/humble /usr/bin/cmake --install /home/tuantran/ros2_ws/build/cpp_srvcli
