[3.871s] Invoking command in '/home/tuantran/ros2_ws/src/examples/rclpy/guard_conditions': PYTHONPATH=/home/tuantran/ros2_ws/build/examples_rclpy_guard_conditions/prefix_override:/home/tuantran/ros2_ws/install/examples_rclpy_guard_conditions/lib/python3.10/site-packages:${PYTHONPATH} /usr/bin/python3 setup.py egg_info --egg-base ../../../../build/examples_rclpy_guard_conditions build --build-base /home/tuantran/ros2_ws/build/examples_rclpy_guard_conditions/build install --record /home/tuantran/ros2_ws/build/examples_rclpy_guard_conditions/install.log --single-version-externally-managed
[5.897s] running egg_info
[5.906s] writing ../../../../build/examples_rclpy_guard_conditions/examples_rclpy_guard_conditions.egg-info/PKG-INFO
[5.906s] writing dependency_links to ../../../../build/examples_rclpy_guard_conditions/examples_rclpy_guard_conditions.egg-info/dependency_links.txt
[5.906s] writing entry points to ../../../../build/examples_rclpy_guard_conditions/examples_rclpy_guard_conditions.egg-info/entry_points.txt
[5.906s] writing requirements to ../../../../build/examples_rclpy_guard_conditions/examples_rclpy_guard_conditions.egg-info/requires.txt
[5.907s] writing top-level names to ../../../../build/examples_rclpy_guard_conditions/examples_rclpy_guard_conditions.egg-info/top_level.txt
[5.910s] reading manifest file '../../../../build/examples_rclpy_guard_conditions/examples_rclpy_guard_conditions.egg-info/SOURCES.txt'
[5.912s] writing manifest file '../../../../build/examples_rclpy_guard_conditions/examples_rclpy_guard_conditions.egg-info/SOURCES.txt'
[5.913s] running build
[5.913s] running build_py
[5.914s] running install
[5.915s] /usr/lib/python3/dist-packages/setuptools/command/install.py:34: SetuptoolsDeprecationWarning: setup.py install is deprecated. Use build and pip and other standards-based tools.
[5.916s]   warnings.warn(
[5.916s] running install_lib
[5.928s] running install_data
[5.929s] running install_egg_info
[5.958s] removing '/home/tuantran/ros2_ws/install/examples_rclpy_guard_conditions/lib/python3.10/site-packages/examples_rclpy_guard_conditions-0.15.1-py3.10.egg-info' (and everything under it)
[5.958s] Copying ../../../../build/examples_rclpy_guard_conditions/examples_rclpy_guard_conditions.egg-info to /home/tuantran/ros2_ws/install/examples_rclpy_guard_conditions/lib/python3.10/site-packages/examples_rclpy_guard_conditions-0.15.1-py3.10.egg-info
[5.958s] running install_scripts
[6.152s] Installing trigger_guard_condition script to /home/tuantran/ros2_ws/install/examples_rclpy_guard_conditions/lib/examples_rclpy_guard_conditions
[6.153s] writing list of installed files to '/home/tuantran/ros2_ws/build/examples_rclpy_guard_conditions/install.log'
[6.424s] Invoked command in '/home/tuantran/ros2_ws/src/examples/rclpy/guard_conditions' returned '0': PYTHONPATH=/home/tuantran/ros2_ws/build/examples_rclpy_guard_conditions/prefix_override:/home/tuantran/ros2_ws/install/examples_rclpy_guard_conditions/lib/python3.10/site-packages:${PYTHONPATH} /usr/bin/python3 setup.py egg_info --egg-base ../../../../build/examples_rclpy_guard_conditions build --build-base /home/tuantran/ros2_ws/build/examples_rclpy_guard_conditions/build install --record /home/tuantran/ros2_ws/build/examples_rclpy_guard_conditions/install.log --single-version-externally-managed
