[3.168s] Invoking command in '/home/tuantran/ros2_ws/src/examples/rclpy/topics/pointcloud_publisher': PYTHONPATH=/home/tuantran/ros2_ws/build/examples_rclpy_pointcloud_publisher/prefix_override:/home/tuantran/ros2_ws/install/examples_rclpy_pointcloud_publisher/lib/python3.10/site-packages:${PYTHONPATH} /usr/bin/python3 setup.py egg_info --egg-base ../../../../../build/examples_rclpy_pointcloud_publisher build --build-base /home/tuantran/ros2_ws/build/examples_rclpy_pointcloud_publisher/build install --record /home/tuantran/ros2_ws/build/examples_rclpy_pointcloud_publisher/install.log --single-version-externally-managed
[4.120s] running egg_info
[4.123s] writing ../../../../../build/examples_rclpy_pointcloud_publisher/examples_rclpy_pointcloud_publisher.egg-info/PKG-INFO
[4.124s] writing dependency_links to ../../../../../build/examples_rclpy_pointcloud_publisher/examples_rclpy_pointcloud_publisher.egg-info/dependency_links.txt
[4.125s] writing entry points to ../../../../../build/examples_rclpy_pointcloud_publisher/examples_rclpy_pointcloud_publisher.egg-info/entry_points.txt
[4.125s] writing requirements to ../../../../../build/examples_rclpy_pointcloud_publisher/examples_rclpy_pointcloud_publisher.egg-info/requires.txt
[4.126s] writing top-level names to ../../../../../build/examples_rclpy_pointcloud_publisher/examples_rclpy_pointcloud_publisher.egg-info/top_level.txt
[4.131s] reading manifest file '../../../../../build/examples_rclpy_pointcloud_publisher/examples_rclpy_pointcloud_publisher.egg-info/SOURCES.txt'
[4.135s] writing manifest file '../../../../../build/examples_rclpy_pointcloud_publisher/examples_rclpy_pointcloud_publisher.egg-info/SOURCES.txt'
[4.136s] running build
[4.136s] running build_py
[4.137s] running install
[4.138s] /usr/lib/python3/dist-packages/setuptools/command/install.py:34: SetuptoolsDeprecationWarning: setup.py install is deprecated. Use build and pip and other standards-based tools.
[4.138s]   warnings.warn(
[4.139s] running install_lib
[4.143s] running install_data
[4.145s] running install_egg_info
[4.151s] removing '/home/tuantran/ros2_ws/install/examples_rclpy_pointcloud_publisher/lib/python3.10/site-packages/examples_rclpy_pointcloud_publisher-0.15.1-py3.10.egg-info' (and everything under it)
[4.152s] Copying ../../../../../build/examples_rclpy_pointcloud_publisher/examples_rclpy_pointcloud_publisher.egg-info to /home/tuantran/ros2_ws/install/examples_rclpy_pointcloud_publisher/lib/python3.10/site-packages/examples_rclpy_pointcloud_publisher-0.15.1-py3.10.egg-info
[4.154s] running install_scripts
[4.228s] Installing pointcloud_publisher script to /home/tuantran/ros2_ws/install/examples_rclpy_pointcloud_publisher/lib/examples_rclpy_pointcloud_publisher
[4.229s] writing list of installed files to '/home/tuantran/ros2_ws/build/examples_rclpy_pointcloud_publisher/install.log'
[4.308s] Invoked command in '/home/tuantran/ros2_ws/src/examples/rclpy/topics/pointcloud_publisher' returned '0': PYTHONPATH=/home/tuantran/ros2_ws/build/examples_rclpy_pointcloud_publisher/prefix_override:/home/tuantran/ros2_ws/install/examples_rclpy_pointcloud_publisher/lib/python3.10/site-packages:${PYTHONPATH} /usr/bin/python3 setup.py egg_info --egg-base ../../../../../build/examples_rclpy_pointcloud_publisher build --build-base /home/tuantran/ros2_ws/build/examples_rclpy_pointcloud_publisher/build install --record /home/tuantran/ros2_ws/build/examples_rclpy_pointcloud_publisher/install.log --single-version-externally-managed
