[0.289s] Invoking command in '/home/tuantran/ros2_ws/build/my_package': CMAKE_PREFIX_PATH=${CMAKE_PREFIX_PATH}:/home/tuantran/ros2_ws/install/launch_testing_examples:/home/tuantran/ros2_ws/install/examples_rclpy_pointcloud_publisher:/home/tuantran/ros2_ws/install/examples_rclpy_minimal_subscriber:/home/tuantran/ros2_ws/install/examples_rclpy_minimal_service:/home/tuantran/ros2_ws/install/examples_rclpy_minimal_publisher:/home/tuantran/ros2_ws/install/examples_rclpy_minimal_client:/home/tuantran/ros2_ws/install/examples_rclpy_minimal_action_server:/home/tuantran/ros2_ws/install/examples_rclpy_minimal_action_client:/home/tuantran/ros2_ws/install/examples_rclpy_guard_conditions:/home/tuantran/ros2_ws/install/examples_rclpy_executors:/opt/ros/humble /usr/bin/cmake --build /home/tuantran/ros2_ws/build/my_package -- -j2 -l2
[0.422s] [35m[1mConsolidate compiler generated dependencies of target my_node[0m
[0.469s] [100%] Built target my_node
[0.512s] Invoked command in '/home/tuantran/ros2_ws/build/my_package' returned '0': CMAKE_PREFIX_PATH=${CMAKE_PREFIX_PATH}:/home/tuantran/ros2_ws/install/launch_testing_examples:/home/tuantran/ros2_ws/install/examples_rclpy_pointcloud_publisher:/home/tuantran/ros2_ws/install/examples_rclpy_minimal_subscriber:/home/tuantran/ros2_ws/install/examples_rclpy_minimal_service:/home/tuantran/ros2_ws/install/examples_rclpy_minimal_publisher:/home/tuantran/ros2_ws/install/examples_rclpy_minimal_client:/home/tuantran/ros2_ws/install/examples_rclpy_minimal_action_server:/home/tuantran/ros2_ws/install/examples_rclpy_minimal_action_client:/home/tuantran/ros2_ws/install/examples_rclpy_guard_conditions:/home/tuantran/ros2_ws/install/examples_rclpy_executors:/opt/ros/humble /usr/bin/cmake --build /home/tuantran/ros2_ws/build/my_package -- -j2 -l2
[0.630s] Invoking command in '/home/tuantran/ros2_ws/build/my_package': CMAKE_PREFIX_PATH=${CMAKE_PREFIX_PATH}:/home/tuantran/ros2_ws/install/launch_testing_examples:/home/tuantran/ros2_ws/install/examples_rclpy_pointcloud_publisher:/home/tuantran/ros2_ws/install/examples_rclpy_minimal_subscriber:/home/tuantran/ros2_ws/install/examples_rclpy_minimal_service:/home/tuantran/ros2_ws/install/examples_rclpy_minimal_publisher:/home/tuantran/ros2_ws/install/examples_rclpy_minimal_client:/home/tuantran/ros2_ws/install/examples_rclpy_minimal_action_server:/home/tuantran/ros2_ws/install/examples_rclpy_minimal_action_client:/home/tuantran/ros2_ws/install/examples_rclpy_guard_conditions:/home/tuantran/ros2_ws/install/examples_rclpy_executors:/opt/ros/humble /usr/bin/cmake --install /home/tuantran/ros2_ws/build/my_package
[0.662s] -- Install configuration: ""
[0.664s] -- Up-to-date: /home/tuantran/ros2_ws/install/my_package/lib/my_package/my_node
[0.665s] -- Up-to-date: /home/tuantran/ros2_ws/install/my_package/share/ament_index/resource_index/package_run_dependencies/my_package
[0.665s] -- Up-to-date: /home/tuantran/ros2_ws/install/my_package/share/ament_index/resource_index/parent_prefix_path/my_package
[0.666s] -- Up-to-date: /home/tuantran/ros2_ws/install/my_package/share/my_package/environment/ament_prefix_path.sh
[0.666s] -- Up-to-date: /home/tuantran/ros2_ws/install/my_package/share/my_package/environment/ament_prefix_path.dsv
[0.666s] -- Up-to-date: /home/tuantran/ros2_ws/install/my_package/share/my_package/environment/path.sh
[0.667s] -- Up-to-date: /home/tuantran/ros2_ws/install/my_package/share/my_package/environment/path.dsv
[0.668s] -- Up-to-date: /home/tuantran/ros2_ws/install/my_package/share/my_package/local_setup.bash
[0.668s] -- Up-to-date: /home/tuantran/ros2_ws/install/my_package/share/my_package/local_setup.sh
[0.668s] -- Up-to-date: /home/tuantran/ros2_ws/install/my_package/share/my_package/local_setup.zsh
[0.668s] -- Up-to-date: /home/tuantran/ros2_ws/install/my_package/share/my_package/local_setup.dsv
[0.669s] -- Installing: /home/tuantran/ros2_ws/install/my_package/share/my_package/package.dsv
[0.669s] -- Up-to-date: /home/tuantran/ros2_ws/install/my_package/share/ament_index/resource_index/packages/my_package
[0.670s] -- Up-to-date: /home/tuantran/ros2_ws/install/my_package/share/my_package/cmake/my_packageConfig.cmake
[0.670s] -- Up-to-date: /home/tuantran/ros2_ws/install/my_package/share/my_package/cmake/my_packageConfig-version.cmake
[0.671s] -- Up-to-date: /home/tuantran/ros2_ws/install/my_package/share/my_package/package.xml
[0.676s] Invoked command in '/home/tuantran/ros2_ws/build/my_package' returned '0': CMAKE_PREFIX_PATH=${CMAKE_PREFIX_PATH}:/home/tuantran/ros2_ws/install/launch_testing_examples:/home/tuantran/ros2_ws/install/examples_rclpy_pointcloud_publisher:/home/tuantran/ros2_ws/install/examples_rclpy_minimal_subscriber:/home/tuantran/ros2_ws/install/examples_rclpy_minimal_service:/home/tuantran/ros2_ws/install/examples_rclpy_minimal_publisher:/home/tuantran/ros2_ws/install/examples_rclpy_minimal_client:/home/tuantran/ros2_ws/install/examples_rclpy_minimal_action_server:/home/tuantran/ros2_ws/install/examples_rclpy_minimal_action_client:/home/tuantran/ros2_ws/install/examples_rclpy_guard_conditions:/home/tuantran/ros2_ws/install/examples_rclpy_executors:/opt/ros/humble /usr/bin/cmake --install /home/tuantran/ros2_ws/build/my_package
