[0.971s] Invoking command in '/home/tuantran/ros2_ws/src/build/cpp_pubsub': CMAKE_PREFIX_PATH=${CMAKE_PREFIX_PATH}:/home/tuantran/ros2_ws/install/launch_testing_examples:/home/tuantran/ros2_ws/install/examples_rclpy_pointcloud_publisher:/home/tuantran/ros2_ws/install/examples_rclpy_minimal_subscriber:/home/tuantran/ros2_ws/install/examples_rclpy_minimal_service:/home/tuantran/ros2_ws/install/examples_rclpy_minimal_publisher:/home/tuantran/ros2_ws/install/examples_rclpy_minimal_client:/home/tuantran/ros2_ws/install/examples_rclpy_minimal_action_server:/home/tuantran/ros2_ws/install/examples_rclpy_minimal_action_client:/home/tuantran/ros2_ws/install/examples_rclpy_guard_conditions:/home/tuantran/ros2_ws/install/examples_rclpy_executors:/opt/ros/humble /usr/bin/cmake /home/tuantran/ros2_ws/src/cpp_pubsub -DCMAKE_INSTALL_PREFIX=/home/tuantran/ros2_ws/src/install/cpp_pubsub
[2.177s] -- The C compiler identification is GNU 11.4.0
[3.045s] -- The CXX compiler identification is GNU 11.4.0
[3.121s] -- Detecting C compiler ABI info
[3.615s] -- Detecting C compiler ABI info - done
[3.728s] -- Check for working C compiler: /usr/bin/cc - skipped
[3.732s] -- Detecting C compile features
[3.737s] -- Detecting C compile features - done
[3.761s] -- Detecting CXX compiler ABI info
[4.670s] -- Detecting CXX compiler ABI info - done
[4.814s] -- Check for working CXX compiler: /usr/bin/c++ - skipped
[4.814s] -- Detecting CXX compile features
[4.815s] -- Detecting CXX compile features - done
[4.869s] -- Found ament_cmake: 1.3.6 (/opt/ros/humble/share/ament_cmake/cmake)
[6.797s] -- Found Python3: /usr/bin/python3.10 (found version "3.10.12") found components: Interpreter 
[8.081s] -- Found rclcpp: 16.0.7 (/opt/ros/humble/share/rclcpp/cmake)
[8.597s] -- Found rosidl_generator_c: 3.1.5 (/opt/ros/humble/share/rosidl_generator_c/cmake)
[8.654s] -- Found rosidl_adapter: 3.1.5 (/opt/ros/humble/share/rosidl_adapter/cmake)
[8.762s] -- Found rosidl_generator_cpp: 3.1.5 (/opt/ros/humble/share/rosidl_generator_cpp/cmake)
[8.878s] -- Using all available rosidl_typesupport_c: rosidl_typesupport_fastrtps_c;rosidl_typesupport_introspection_c
[9.026s] -- Using all available rosidl_typesupport_cpp: rosidl_typesupport_fastrtps_cpp;rosidl_typesupport_introspection_cpp
[9.624s] -- Found rmw_implementation_cmake: 6.1.1 (/opt/ros/humble/share/rmw_implementation_cmake/cmake)
[9.652s] -- Found rmw_fastrtps_cpp: 6.2.5 (/opt/ros/humble/share/rmw_fastrtps_cpp/cmake)
[10.385s] -- Found OpenSSL: /usr/lib/x86_64-linux-gnu/libcrypto.so (found version "3.0.2")  
[10.827s] -- Found FastRTPS: /opt/ros/humble/include  
[11.650s] -- Using RMW implementation 'rmw_fastrtps_cpp' as default
[11.967s] -- Looking for pthread.h
[12.760s] -- Looking for pthread.h - found
[12.768s] -- Performing Test CMAKE_HAVE_LIBC_PTHREAD
[13.629s] -- Performing Test CMAKE_HAVE_LIBC_PTHREAD - Success
[13.641s] -- Found Threads: TRUE  
[18.223s] -- Found ament_lint_auto: 0.12.9 (/opt/ros/humble/share/ament_lint_auto/cmake)
[19.819s] [31mCMake Error at CMakeLists.txt:30 (install):
[19.819s]   install TARGETS given target "listener" which does not exist.
[19.820s] 
[19.821s] [0m
[19.886s] -- Added test 'cppcheck' to perform static code analysis on C / C++ code
[19.893s] -- Configured cppcheck include dirs: 
[19.897s] -- Configured cppcheck exclude dirs and/or files: 
[19.919s] -- Added test 'lint_cmake' to check CMake code style
[19.946s] -- Added test 'uncrustify' to check C / C++ code style
[19.946s] -- Configured uncrustify additional arguments: 
[19.958s] -- Added test 'xmllint' to check XML markup files
[19.998s] -- Configuring incomplete, errors occurred!
[19.999s] See also "/home/tuantran/ros2_ws/src/build/cpp_pubsub/CMakeFiles/CMakeOutput.log".
[20.157s] Invoked command in '/home/tuantran/ros2_ws/src/build/cpp_pubsub' returned '1': CMAKE_PREFIX_PATH=${CMAKE_PREFIX_PATH}:/home/tuantran/ros2_ws/install/launch_testing_examples:/home/tuantran/ros2_ws/install/examples_rclpy_pointcloud_publisher:/home/tuantran/ros2_ws/install/examples_rclpy_minimal_subscriber:/home/tuantran/ros2_ws/install/examples_rclpy_minimal_service:/home/tuantran/ros2_ws/install/examples_rclpy_minimal_publisher:/home/tuantran/ros2_ws/install/examples_rclpy_minimal_client:/home/tuantran/ros2_ws/install/examples_rclpy_minimal_action_server:/home/tuantran/ros2_ws/install/examples_rclpy_minimal_action_client:/home/tuantran/ros2_ws/install/examples_rclpy_guard_conditions:/home/tuantran/ros2_ws/install/examples_rclpy_executors:/opt/ros/humble /usr/bin/cmake /home/tuantran/ros2_ws/src/cpp_pubsub -DCMAKE_INSTALL_PREFIX=/home/tuantran/ros2_ws/src/install/cpp_pubsub
