[0.334s] Invoking command in '/home/tuantran/ros2_ws/build/examples_rclcpp_wait_set': CMAKE_PREFIX_PATH=${CMAKE_PREFIX_PATH}:/home/tuantran/ros2_ws/install/launch_testing_examples:/home/tuantran/ros2_ws/install/examples_rclpy_pointcloud_publisher:/home/tuantran/ros2_ws/install/examples_rclpy_minimal_subscriber:/home/tuantran/ros2_ws/install/examples_rclpy_minimal_service:/home/tuantran/ros2_ws/install/examples_rclpy_minimal_publisher:/home/tuantran/ros2_ws/install/examples_rclpy_minimal_client:/home/tuantran/ros2_ws/install/examples_rclpy_minimal_action_server:/home/tuantran/ros2_ws/install/examples_rclpy_minimal_action_client:/home/tuantran/ros2_ws/install/examples_rclpy_guard_conditions:/home/tuantran/ros2_ws/install/examples_rclpy_executors:/opt/ros/humble /usr/bin/cmake /home/tuantran/ros2_ws/src/examples/rclcpp/wait_set -DCMAKE_INSTALL_PREFIX=/home/tuantran/ros2_ws/install/examples_rclcpp_wait_set
[0.385s] -- Found ament_cmake: 1.3.6 (/opt/ros/humble/share/ament_cmake/cmake)
[1.170s] -- Override CMake install command with custom implementation using symlinks instead of copying resources
[1.209s] -- Found example_interfaces: 0.9.3 (/opt/ros/humble/share/example_interfaces/cmake)
[1.357s] -- Found rosidl_generator_c: 3.1.5 (/opt/ros/humble/share/rosidl_generator_c/cmake)
[1.370s] -- Found rosidl_adapter: 3.1.5 (/opt/ros/humble/share/rosidl_adapter/cmake)
[1.415s] -- Found rosidl_generator_cpp: 3.1.5 (/opt/ros/humble/share/rosidl_generator_cpp/cmake)
[1.489s] -- Using all available rosidl_typesupport_c: rosidl_typesupport_fastrtps_c;rosidl_typesupport_introspection_c
[1.619s] -- Using all available rosidl_typesupport_cpp: rosidl_typesupport_fastrtps_cpp;rosidl_typesupport_introspection_cpp
[3.014s] -- Found rclcpp: 16.0.7 (/opt/ros/humble/share/rclcpp/cmake)
[3.379s] -- Found rmw_implementation_cmake: 6.1.1 (/opt/ros/humble/share/rmw_implementation_cmake/cmake)
[3.389s] -- Found rmw_fastrtps_cpp: 6.2.5 (/opt/ros/humble/share/rmw_fastrtps_cpp/cmake)
[4.219s] -- Using RMW implementation 'rmw_fastrtps_cpp' as default
[5.849s] -- Found rclcpp_components: 16.0.7 (/opt/ros/humble/share/rclcpp_components/cmake)
[6.585s] -- Found ament_lint_auto: 0.12.9 (/opt/ros/humble/share/ament_lint_auto/cmake)
[6.930s] -- Added test 'copyright' to check source files copyright and LICENSE
[6.936s] -- Added test 'cppcheck' to perform static code analysis on C / C++ code
[6.945s] -- Configured cppcheck include dirs: /home/tuantran/ros2_ws/src/examples/rclcpp/wait_set/include
[6.946s] -- Configured cppcheck exclude dirs and/or files: 
[6.953s] -- Added test 'cpplint' to check C / C++ code against the Google style
[6.953s] -- Configured cpplint exclude dirs and/or files: 
[6.961s] -- Added test 'lint_cmake' to check CMake code style
[6.970s] -- Added test 'uncrustify' to check C / C++ code style
[6.971s] -- Configured uncrustify additional arguments: 
[6.973s] -- Added test 'xmllint' to check XML markup files
[6.977s] -- Configuring done
[7.232s] -- Generating done
[7.257s] -- Build files have been written to: /home/tuantran/ros2_ws/build/examples_rclcpp_wait_set
[7.301s] Invoked command in '/home/tuantran/ros2_ws/build/examples_rclcpp_wait_set' returned '0': CMAKE_PREFIX_PATH=${CMAKE_PREFIX_PATH}:/home/tuantran/ros2_ws/install/launch_testing_examples:/home/tuantran/ros2_ws/install/examples_rclpy_pointcloud_publisher:/home/tuantran/ros2_ws/install/examples_rclpy_minimal_subscriber:/home/tuantran/ros2_ws/install/examples_rclpy_minimal_service:/home/tuantran/ros2_ws/install/examples_rclpy_minimal_publisher:/home/tuantran/ros2_ws/install/examples_rclpy_minimal_client:/home/tuantran/ros2_ws/install/examples_rclpy_minimal_action_server:/home/tuantran/ros2_ws/install/examples_rclpy_minimal_action_client:/home/tuantran/ros2_ws/install/examples_rclpy_guard_conditions:/home/tuantran/ros2_ws/install/examples_rclpy_executors:/opt/ros/humble /usr/bin/cmake /home/tuantran/ros2_ws/src/examples/rclcpp/wait_set -DCMAKE_INSTALL_PREFIX=/home/tuantran/ros2_ws/install/examples_rclcpp_wait_set
[7.304s] Invoking command in '/home/tuantran/ros2_ws/build/examples_rclcpp_wait_set': CMAKE_PREFIX_PATH=${CMAKE_PREFIX_PATH}:/home/tuantran/ros2_ws/install/launch_testing_examples:/home/tuantran/ros2_ws/install/examples_rclpy_pointcloud_publisher:/home/tuantran/ros2_ws/install/examples_rclpy_minimal_subscriber:/home/tuantran/ros2_ws/install/examples_rclpy_minimal_service:/home/tuantran/ros2_ws/install/examples_rclpy_minimal_publisher:/home/tuantran/ros2_ws/install/examples_rclpy_minimal_client:/home/tuantran/ros2_ws/install/examples_rclpy_minimal_action_server:/home/tuantran/ros2_ws/install/examples_rclpy_minimal_action_client:/home/tuantran/ros2_ws/install/examples_rclpy_guard_conditions:/home/tuantran/ros2_ws/install/examples_rclpy_executors:/opt/ros/humble /usr/bin/cmake --build /home/tuantran/ros2_ws/build/examples_rclcpp_wait_set -- -j2 -l2
[7.497s] [35m[1mConsolidate compiler generated dependencies of target talker[0m
[7.551s] [35m[1mConsolidate compiler generated dependencies of target wait_set_talker[0m
[7.634s] [  8%] Built target talker
[7.689s] [ 16%] Built target wait_set_talker
[7.717s] [35m[1mConsolidate compiler generated dependencies of target listener[0m
[7.788s] [35m[1mConsolidate compiler generated dependencies of target wait_set_listener[0m
[7.905s] [ 25%] Built target listener
[7.952s] [ 33%] Built target wait_set_listener
[7.961s] [35m[1mConsolidate compiler generated dependencies of target wait_set[0m
[8.046s] [35m[1mConsolidate compiler generated dependencies of target static_wait_set[0m
[8.118s] [ 41%] Built target wait_set
[8.172s] [ 50%] Built target static_wait_set
[8.213s] [35m[1mConsolidate compiler generated dependencies of target wait_set_topics_and_timer[0m
[8.215s] [35m[1mConsolidate compiler generated dependencies of target thread_safe_wait_set[0m
[8.338s] [ 58%] Built target wait_set_topics_and_timer
[8.379s] [ 66%] Built target thread_safe_wait_set
[8.419s] [35m[1mConsolidate compiler generated dependencies of target wait_set_random_order[0m
[8.465s] [35m[1mConsolidate compiler generated dependencies of target executor_random_order[0m
[8.582s] [ 75%] Built target wait_set_random_order
[8.617s] [ 83%] Built target executor_random_order
[8.621s] [35m[1mConsolidate compiler generated dependencies of target wait_set_topics_with_different_rates[0m
[8.712s] [ 91%] Built target wait_set_topics_with_different_rates
[8.727s] [35m[1mConsolidate compiler generated dependencies of target wait_set_composed[0m
[8.804s] [100%] Built target wait_set_composed
[8.854s] Invoked command in '/home/tuantran/ros2_ws/build/examples_rclcpp_wait_set' returned '0': CMAKE_PREFIX_PATH=${CMAKE_PREFIX_PATH}:/home/tuantran/ros2_ws/install/launch_testing_examples:/home/tuantran/ros2_ws/install/examples_rclpy_pointcloud_publisher:/home/tuantran/ros2_ws/install/examples_rclpy_minimal_subscriber:/home/tuantran/ros2_ws/install/examples_rclpy_minimal_service:/home/tuantran/ros2_ws/install/examples_rclpy_minimal_publisher:/home/tuantran/ros2_ws/install/examples_rclpy_minimal_client:/home/tuantran/ros2_ws/install/examples_rclpy_minimal_action_server:/home/tuantran/ros2_ws/install/examples_rclpy_minimal_action_client:/home/tuantran/ros2_ws/install/examples_rclpy_guard_conditions:/home/tuantran/ros2_ws/install/examples_rclpy_executors:/opt/ros/humble /usr/bin/cmake --build /home/tuantran/ros2_ws/build/examples_rclcpp_wait_set -- -j2 -l2
[9.124s] Invoking command in '/home/tuantran/ros2_ws/build/examples_rclcpp_wait_set': CMAKE_PREFIX_PATH=${CMAKE_PREFIX_PATH}:/home/tuantran/ros2_ws/install/launch_testing_examples:/home/tuantran/ros2_ws/install/examples_rclpy_pointcloud_publisher:/home/tuantran/ros2_ws/install/examples_rclpy_minimal_subscriber:/home/tuantran/ros2_ws/install/examples_rclpy_minimal_service:/home/tuantran/ros2_ws/install/examples_rclpy_minimal_publisher:/home/tuantran/ros2_ws/install/examples_rclpy_minimal_client:/home/tuantran/ros2_ws/install/examples_rclpy_minimal_action_server:/home/tuantran/ros2_ws/install/examples_rclpy_minimal_action_client:/home/tuantran/ros2_ws/install/examples_rclpy_guard_conditions:/home/tuantran/ros2_ws/install/examples_rclpy_executors:/opt/ros/humble /usr/bin/cmake --install /home/tuantran/ros2_ws/build/examples_rclcpp_wait_set
[9.170s] -- Install configuration: ""
[9.174s] -- Execute custom install script
[9.177s] -- Up-to-date symlink: /home/tuantran/ros2_ws/install/examples_rclcpp_wait_set/lib/examples_rclcpp_wait_set/wait_set_talker
[9.179s] -- Up-to-date symlink: /home/tuantran/ros2_ws/install/examples_rclcpp_wait_set/lib/examples_rclcpp_wait_set/wait_set_listener
[9.181s] -- Up-to-date symlink: /home/tuantran/ros2_ws/install/examples_rclcpp_wait_set/lib/libtalker.so
[9.182s] -- Up-to-date symlink: /home/tuantran/ros2_ws/install/examples_rclcpp_wait_set/lib/liblistener.so
[9.184s] -- Up-to-date symlink: /home/tuantran/ros2_ws/install/examples_rclcpp_wait_set/lib/examples_rclcpp_wait_set/wait_set
[9.185s] -- Up-to-date symlink: /home/tuantran/ros2_ws/install/examples_rclcpp_wait_set/lib/examples_rclcpp_wait_set/static_wait_set
[9.186s] -- Up-to-date symlink: /home/tuantran/ros2_ws/install/examples_rclcpp_wait_set/lib/examples_rclcpp_wait_set/thread_safe_wait_set
[9.187s] -- Up-to-date symlink: /home/tuantran/ros2_ws/install/examples_rclcpp_wait_set/lib/examples_rclcpp_wait_set/wait_set_topics_and_timer
[9.188s] -- Up-to-date symlink: /home/tuantran/ros2_ws/install/examples_rclcpp_wait_set/lib/examples_rclcpp_wait_set/wait_set_random_order
[9.190s] -- Up-to-date symlink: /home/tuantran/ros2_ws/install/examples_rclcpp_wait_set/lib/examples_rclcpp_wait_set/executor_random_order
[9.191s] -- Up-to-date symlink: /home/tuantran/ros2_ws/install/examples_rclcpp_wait_set/lib/examples_rclcpp_wait_set/wait_set_topics_with_different_rates
[9.192s] -- Up-to-date symlink: /home/tuantran/ros2_ws/install/examples_rclcpp_wait_set/lib/examples_rclcpp_wait_set/wait_set_composed
[9.193s] -- Up-to-date symlink: /home/tuantran/ros2_ws/install/examples_rclcpp_wait_set/share/ament_index/resource_index/package_run_dependencies/examples_rclcpp_wait_set
[9.194s] -- Up-to-date symlink: /home/tuantran/ros2_ws/install/examples_rclcpp_wait_set/share/ament_index/resource_index/parent_prefix_path/examples_rclcpp_wait_set
[9.195s] -- Up-to-date symlink: /home/tuantran/ros2_ws/install/examples_rclcpp_wait_set/share/examples_rclcpp_wait_set/environment/ament_prefix_path.sh
[9.198s] -- Up-to-date symlink: /home/tuantran/ros2_ws/install/examples_rclcpp_wait_set/share/examples_rclcpp_wait_set/environment/ament_prefix_path.dsv
[9.199s] -- Up-to-date symlink: /home/tuantran/ros2_ws/install/examples_rclcpp_wait_set/share/examples_rclcpp_wait_set/environment/path.sh
[9.201s] -- Up-to-date symlink: /home/tuantran/ros2_ws/install/examples_rclcpp_wait_set/share/examples_rclcpp_wait_set/environment/path.dsv
[9.202s] -- Up-to-date symlink: /home/tuantran/ros2_ws/install/examples_rclcpp_wait_set/share/examples_rclcpp_wait_set/local_setup.bash
[9.203s] -- Up-to-date symlink: /home/tuantran/ros2_ws/install/examples_rclcpp_wait_set/share/examples_rclcpp_wait_set/local_setup.sh
[9.205s] -- Up-to-date symlink: /home/tuantran/ros2_ws/install/examples_rclcpp_wait_set/share/examples_rclcpp_wait_set/local_setup.zsh
[9.206s] -- Up-to-date symlink: /home/tuantran/ros2_ws/install/examples_rclcpp_wait_set/share/examples_rclcpp_wait_set/local_setup.dsv
[9.207s] -- Symlinking: /home/tuantran/ros2_ws/install/examples_rclcpp_wait_set/share/examples_rclcpp_wait_set/package.dsv
[9.249s] -- Up-to-date symlink: /home/tuantran/ros2_ws/install/examples_rclcpp_wait_set/share/ament_index/resource_index/packages/examples_rclcpp_wait_set
[9.250s] -- Up-to-date symlink: /home/tuantran/ros2_ws/install/examples_rclcpp_wait_set/share/ament_index/resource_index/rclcpp_components/examples_rclcpp_wait_set
[9.250s] -- Up-to-date symlink: /home/tuantran/ros2_ws/install/examples_rclcpp_wait_set/share/examples_rclcpp_wait_set/cmake/examples_rclcpp_wait_setConfig.cmake
[9.258s] -- Up-to-date symlink: /home/tuantran/ros2_ws/install/examples_rclcpp_wait_set/share/examples_rclcpp_wait_set/cmake/examples_rclcpp_wait_setConfig-version.cmake
[9.259s] -- Up-to-date symlink: /home/tuantran/ros2_ws/install/examples_rclcpp_wait_set/share/examples_rclcpp_wait_set/package.xml
[9.283s] Invoked command in '/home/tuantran/ros2_ws/build/examples_rclcpp_wait_set' returned '0': CMAKE_PREFIX_PATH=${CMAKE_PREFIX_PATH}:/home/tuantran/ros2_ws/install/launch_testing_examples:/home/tuantran/ros2_ws/install/examples_rclpy_pointcloud_publisher:/home/tuantran/ros2_ws/install/examples_rclpy_minimal_subscriber:/home/tuantran/ros2_ws/install/examples_rclpy_minimal_service:/home/tuantran/ros2_ws/install/examples_rclpy_minimal_publisher:/home/tuantran/ros2_ws/install/examples_rclpy_minimal_client:/home/tuantran/ros2_ws/install/examples_rclpy_minimal_action_server:/home/tuantran/ros2_ws/install/examples_rclpy_minimal_action_client:/home/tuantran/ros2_ws/install/examples_rclpy_guard_conditions:/home/tuantran/ros2_ws/install/examples_rclpy_executors:/opt/ros/humble /usr/bin/cmake --install /home/tuantran/ros2_ws/build/examples_rclcpp_wait_set
