[4.203s] Invoking command in '/home/tuantran/ros2_ws/src/examples/rclpy/executors': PYTHONPATH=/home/tuantran/ros2_ws/build/examples_rclpy_executors/prefix_override:/home/tuantran/ros2_ws/install/examples_rclpy_executors/lib/python3.10/site-packages:${PYTHONPATH} /usr/bin/python3 setup.py egg_info --egg-base ../../../../build/examples_rclpy_executors build --build-base /home/tuantran/ros2_ws/build/examples_rclpy_executors/build install --record /home/tuantran/ros2_ws/build/examples_rclpy_executors/install.log --single-version-externally-managed
[5.368s] running egg_info
[5.371s] writing ../../../../build/examples_rclpy_executors/examples_rclpy_executors.egg-info/PKG-INFO
[5.373s] writing dependency_links to ../../../../build/examples_rclpy_executors/examples_rclpy_executors.egg-info/dependency_links.txt
[5.374s] writing entry points to ../../../../build/examples_rclpy_executors/examples_rclpy_executors.egg-info/entry_points.txt
[5.375s] writing requirements to ../../../../build/examples_rclpy_executors/examples_rclpy_executors.egg-info/requires.txt
[5.376s] writing top-level names to ../../../../build/examples_rclpy_executors/examples_rclpy_executors.egg-info/top_level.txt
[5.384s] reading manifest file '../../../../build/examples_rclpy_executors/examples_rclpy_executors.egg-info/SOURCES.txt'
[5.389s] writing manifest file '../../../../build/examples_rclpy_executors/examples_rclpy_executors.egg-info/SOURCES.txt'
[5.390s] running build
[5.390s] running build_py
[5.394s] running install
[5.395s] /usr/lib/python3/dist-packages/setuptools/command/install.py:34: SetuptoolsDeprecationWarning: setup.py install is deprecated. Use build and pip and other standards-based tools.
[5.395s]   warnings.warn(
[5.396s] running install_lib
[5.402s] running install_data
[5.404s] running install_egg_info
[5.410s] removing '/home/tuantran/ros2_ws/install/examples_rclpy_executors/lib/python3.10/site-packages/examples_rclpy_executors-0.15.1-py3.10.egg-info' (and everything under it)
[5.411s] Copying ../../../../build/examples_rclpy_executors/examples_rclpy_executors.egg-info to /home/tuantran/ros2_ws/install/examples_rclpy_executors/lib/python3.10/site-packages/examples_rclpy_executors-0.15.1-py3.10.egg-info
[5.414s] running install_scripts
[5.536s] Installing callback_group script to /home/tuantran/ros2_ws/install/examples_rclpy_executors/lib/examples_rclpy_executors
[5.537s] Installing composed script to /home/tuantran/ros2_ws/install/examples_rclpy_executors/lib/examples_rclpy_executors
[5.546s] Installing custom_callback_group script to /home/tuantran/ros2_ws/install/examples_rclpy_executors/lib/examples_rclpy_executors
[5.562s] Installing custom_executor script to /home/tuantran/ros2_ws/install/examples_rclpy_executors/lib/examples_rclpy_executors
[5.562s] Installing listener script to /home/tuantran/ros2_ws/install/examples_rclpy_executors/lib/examples_rclpy_executors
[5.563s] Installing talker script to /home/tuantran/ros2_ws/install/examples_rclpy_executors/lib/examples_rclpy_executors
[5.563s] writing list of installed files to '/home/tuantran/ros2_ws/build/examples_rclpy_executors/install.log'
[5.731s] Invoked command in '/home/tuantran/ros2_ws/src/examples/rclpy/executors' returned '0': PYTHONPATH=/home/tuantran/ros2_ws/build/examples_rclpy_executors/prefix_override:/home/tuantran/ros2_ws/install/examples_rclpy_executors/lib/python3.10/site-packages:${PYTHONPATH} /usr/bin/python3 setup.py egg_info --egg-base ../../../../build/examples_rclpy_executors build --build-base /home/tuantran/ros2_ws/build/examples_rclpy_executors/build install --record /home/tuantran/ros2_ws/build/examples_rclpy_executors/install.log --single-version-externally-managed
