[4.085s] Invoking command in '/home/tuantran/ros2_ws/build/examples_rclpy_minimal_service': PYTHONPATH=/home/tuantran/ros2_ws/build/examples_rclpy_minimal_service/prefix_override:/home/tuantran/ros2_ws/install/examples_rclpy_minimal_service/lib/python3.10/site-packages:${PYTHONPATH} /usr/bin/python3 setup.py develop --uninstall --editable --build-directory /home/tuantran/ros2_ws/build/examples_rclpy_minimal_service/build
[5.450s] running develop
[5.452s] /usr/lib/python3/dist-packages/setuptools/command/easy_install.py:158: EasyInstallDeprecationWarning: easy_install command is deprecated. Use build and pip and other standards-based tools.
[5.452s]   warnings.warn(
[5.460s] /usr/lib/python3/dist-packages/setuptools/command/install.py:34: SetuptoolsDeprecationWarning: setup.py install is deprecated. Use build and pip and other standards-based tools.
[5.461s]   warnings.warn(
[6.325s] Removing /home/tuantran/ros2_ws/install/examples_rclpy_minimal_service/lib/python3.10/site-packages/examples-rclpy-minimal-service.egg-link (link to .)
[6.421s] Invoked command in '/home/tuantran/ros2_ws/build/examples_rclpy_minimal_service' returned '0': PYTHONPATH=/home/tuantran/ros2_ws/build/examples_rclpy_minimal_service/prefix_override:/home/tuantran/ros2_ws/install/examples_rclpy_minimal_service/lib/python3.10/site-packages:${PYTHONPATH} /usr/bin/python3 setup.py develop --uninstall --editable --build-directory /home/tuantran/ros2_ws/build/examples_rclpy_minimal_service/build
[6.426s] Invoking command in '/home/tuantran/ros2_ws/src/examples/rclpy/services/minimal_service': PYTHONPATH=/home/tuantran/ros2_ws/build/examples_rclpy_minimal_service/prefix_override:/home/tuantran/ros2_ws/install/examples_rclpy_minimal_service/lib/python3.10/site-packages:${PYTHONPATH} /usr/bin/python3 setup.py egg_info --egg-base ../../../../../build/examples_rclpy_minimal_service build --build-base /home/tuantran/ros2_ws/build/examples_rclpy_minimal_service/build install --record /home/tuantran/ros2_ws/build/examples_rclpy_minimal_service/install.log --single-version-externally-managed
[7.686s] running egg_info
[7.689s] writing ../../../../../build/examples_rclpy_minimal_service/examples_rclpy_minimal_service.egg-info/PKG-INFO
[7.690s] writing dependency_links to ../../../../../build/examples_rclpy_minimal_service/examples_rclpy_minimal_service.egg-info/dependency_links.txt
[7.692s] writing entry points to ../../../../../build/examples_rclpy_minimal_service/examples_rclpy_minimal_service.egg-info/entry_points.txt
[7.693s] writing requirements to ../../../../../build/examples_rclpy_minimal_service/examples_rclpy_minimal_service.egg-info/requires.txt
[7.693s] writing top-level names to ../../../../../build/examples_rclpy_minimal_service/examples_rclpy_minimal_service.egg-info/top_level.txt
[7.699s] reading manifest file '../../../../../build/examples_rclpy_minimal_service/examples_rclpy_minimal_service.egg-info/SOURCES.txt'
[7.703s] writing manifest file '../../../../../build/examples_rclpy_minimal_service/examples_rclpy_minimal_service.egg-info/SOURCES.txt'
[7.705s] running build
[7.705s] running build_py
[7.706s] creating /home/tuantran/ros2_ws/build/examples_rclpy_minimal_service/build
[7.707s] creating /home/tuantran/ros2_ws/build/examples_rclpy_minimal_service/build/lib
[7.707s] creating /home/tuantran/ros2_ws/build/examples_rclpy_minimal_service/build/lib/examples_rclpy_minimal_service
[7.708s] copying examples_rclpy_minimal_service/service_member_function.py -> /home/tuantran/ros2_ws/build/examples_rclpy_minimal_service/build/lib/examples_rclpy_minimal_service
[7.709s] copying examples_rclpy_minimal_service/__init__.py -> /home/tuantran/ros2_ws/build/examples_rclpy_minimal_service/build/lib/examples_rclpy_minimal_service
[7.709s] copying examples_rclpy_minimal_service/service.py -> /home/tuantran/ros2_ws/build/examples_rclpy_minimal_service/build/lib/examples_rclpy_minimal_service
[7.710s] running install
[7.711s] /usr/lib/python3/dist-packages/setuptools/command/install.py:34: SetuptoolsDeprecationWarning: setup.py install is deprecated. Use build and pip and other standards-based tools.
[7.711s]   warnings.warn(
[7.713s] running install_lib
[7.715s] creating /home/tuantran/ros2_ws/install/examples_rclpy_minimal_service/lib/python3.10/site-packages/examples_rclpy_minimal_service
[7.716s] copying /home/tuantran/ros2_ws/build/examples_rclpy_minimal_service/build/lib/examples_rclpy_minimal_service/service_member_function.py -> /home/tuantran/ros2_ws/install/examples_rclpy_minimal_service/lib/python3.10/site-packages/examples_rclpy_minimal_service
[7.717s] copying /home/tuantran/ros2_ws/build/examples_rclpy_minimal_service/build/lib/examples_rclpy_minimal_service/__init__.py -> /home/tuantran/ros2_ws/install/examples_rclpy_minimal_service/lib/python3.10/site-packages/examples_rclpy_minimal_service
[7.718s] copying /home/tuantran/ros2_ws/build/examples_rclpy_minimal_service/build/lib/examples_rclpy_minimal_service/service.py -> /home/tuantran/ros2_ws/install/examples_rclpy_minimal_service/lib/python3.10/site-packages/examples_rclpy_minimal_service
[7.721s] byte-compiling /home/tuantran/ros2_ws/install/examples_rclpy_minimal_service/lib/python3.10/site-packages/examples_rclpy_minimal_service/service_member_function.py to service_member_function.cpython-310.pyc
[7.723s] byte-compiling /home/tuantran/ros2_ws/install/examples_rclpy_minimal_service/lib/python3.10/site-packages/examples_rclpy_minimal_service/__init__.py to __init__.cpython-310.pyc
[7.724s] byte-compiling /home/tuantran/ros2_ws/install/examples_rclpy_minimal_service/lib/python3.10/site-packages/examples_rclpy_minimal_service/service.py to service.cpython-310.pyc
[7.725s] running install_data
[7.728s] running install_egg_info
[7.734s] Copying ../../../../../build/examples_rclpy_minimal_service/examples_rclpy_minimal_service.egg-info to /home/tuantran/ros2_ws/install/examples_rclpy_minimal_service/lib/python3.10/site-packages/examples_rclpy_minimal_service-0.15.1-py3.10.egg-info
[7.737s] running install_scripts
[7.865s] Installing service script to /home/tuantran/ros2_ws/install/examples_rclpy_minimal_service/lib/examples_rclpy_minimal_service
[7.866s] Installing service_member_function script to /home/tuantran/ros2_ws/install/examples_rclpy_minimal_service/lib/examples_rclpy_minimal_service
[7.873s] writing list of installed files to '/home/tuantran/ros2_ws/build/examples_rclpy_minimal_service/install.log'
[7.958s] Invoked command in '/home/tuantran/ros2_ws/src/examples/rclpy/services/minimal_service' returned '0': PYTHONPATH=/home/tuantran/ros2_ws/build/examples_rclpy_minimal_service/prefix_override:/home/tuantran/ros2_ws/install/examples_rclpy_minimal_service/lib/python3.10/site-packages:${PYTHONPATH} /usr/bin/python3 setup.py egg_info --egg-base ../../../../../build/examples_rclpy_minimal_service build --build-base /home/tuantran/ros2_ws/build/examples_rclpy_minimal_service/build install --record /home/tuantran/ros2_ws/build/examples_rclpy_minimal_service/install.log --single-version-externally-managed
