[3.463s] Invoking command in '/home/tuantran/ros2_ws/build/examples_rclpy_minimal_action_server': PYTHONPATH=/home/tuantran/ros2_ws/build/examples_rclpy_minimal_action_server/prefix_override:/home/tuantran/ros2_ws/install/examples_rclpy_minimal_action_server/lib/python3.10/site-packages:${PYTHONPATH} /usr/bin/python3 setup.py develop --uninstall --editable --build-directory /home/tuantran/ros2_ws/build/examples_rclpy_minimal_action_server/build
[5.172s] running develop
[5.175s] /usr/lib/python3/dist-packages/setuptools/command/easy_install.py:158: EasyInstallDeprecationWarning: easy_install command is deprecated. Use build and pip and other standards-based tools.
[5.176s]   warnings.warn(
[5.183s] /usr/lib/python3/dist-packages/setuptools/command/install.py:34: SetuptoolsDeprecationWarning: setup.py install is deprecated. Use build and pip and other standards-based tools.
[5.183s]   warnings.warn(
[6.131s] Removing /home/tuantran/ros2_ws/install/examples_rclpy_minimal_action_server/lib/python3.10/site-packages/examples-rclpy-minimal-action-server.egg-link (link to .)
[6.235s] Invoked command in '/home/tuantran/ros2_ws/build/examples_rclpy_minimal_action_server' returned '0': PYTHONPATH=/home/tuantran/ros2_ws/build/examples_rclpy_minimal_action_server/prefix_override:/home/tuantran/ros2_ws/install/examples_rclpy_minimal_action_server/lib/python3.10/site-packages:${PYTHONPATH} /usr/bin/python3 setup.py develop --uninstall --editable --build-directory /home/tuantran/ros2_ws/build/examples_rclpy_minimal_action_server/build
[6.237s] Invoking command in '/home/tuantran/ros2_ws/src/examples/rclpy/actions/minimal_action_server': PYTHONPATH=/home/tuantran/ros2_ws/build/examples_rclpy_minimal_action_server/prefix_override:/home/tuantran/ros2_ws/install/examples_rclpy_minimal_action_server/lib/python3.10/site-packages:${PYTHONPATH} /usr/bin/python3 setup.py egg_info --egg-base ../../../../../build/examples_rclpy_minimal_action_server build --build-base /home/tuantran/ros2_ws/build/examples_rclpy_minimal_action_server/build install --record /home/tuantran/ros2_ws/build/examples_rclpy_minimal_action_server/install.log --single-version-externally-managed
[7.454s] running egg_info
[7.457s] writing ../../../../../build/examples_rclpy_minimal_action_server/examples_rclpy_minimal_action_server.egg-info/PKG-INFO
[7.459s] writing dependency_links to ../../../../../build/examples_rclpy_minimal_action_server/examples_rclpy_minimal_action_server.egg-info/dependency_links.txt
[7.461s] writing entry points to ../../../../../build/examples_rclpy_minimal_action_server/examples_rclpy_minimal_action_server.egg-info/entry_points.txt
[7.462s] writing requirements to ../../../../../build/examples_rclpy_minimal_action_server/examples_rclpy_minimal_action_server.egg-info/requires.txt
[7.463s] writing top-level names to ../../../../../build/examples_rclpy_minimal_action_server/examples_rclpy_minimal_action_server.egg-info/top_level.txt
[7.472s] reading manifest file '../../../../../build/examples_rclpy_minimal_action_server/examples_rclpy_minimal_action_server.egg-info/SOURCES.txt'
[7.477s] writing manifest file '../../../../../build/examples_rclpy_minimal_action_server/examples_rclpy_minimal_action_server.egg-info/SOURCES.txt'
[7.478s] running build
[7.478s] running build_py
[7.479s] creating /home/tuantran/ros2_ws/build/examples_rclpy_minimal_action_server/build
[7.480s] creating /home/tuantran/ros2_ws/build/examples_rclpy_minimal_action_server/build/lib
[7.480s] creating /home/tuantran/ros2_ws/build/examples_rclpy_minimal_action_server/build/lib/examples_rclpy_minimal_action_server
[7.481s] copying examples_rclpy_minimal_action_server/server_single_goal.py -> /home/tuantran/ros2_ws/build/examples_rclpy_minimal_action_server/build/lib/examples_rclpy_minimal_action_server
[7.482s] copying examples_rclpy_minimal_action_server/__init__.py -> /home/tuantran/ros2_ws/build/examples_rclpy_minimal_action_server/build/lib/examples_rclpy_minimal_action_server
[7.483s] copying examples_rclpy_minimal_action_server/server_not_composable.py -> /home/tuantran/ros2_ws/build/examples_rclpy_minimal_action_server/build/lib/examples_rclpy_minimal_action_server
[7.484s] copying examples_rclpy_minimal_action_server/server_queue_goals.py -> /home/tuantran/ros2_ws/build/examples_rclpy_minimal_action_server/build/lib/examples_rclpy_minimal_action_server
[7.485s] copying examples_rclpy_minimal_action_server/server_defer.py -> /home/tuantran/ros2_ws/build/examples_rclpy_minimal_action_server/build/lib/examples_rclpy_minimal_action_server
[7.486s] copying examples_rclpy_minimal_action_server/server.py -> /home/tuantran/ros2_ws/build/examples_rclpy_minimal_action_server/build/lib/examples_rclpy_minimal_action_server
[7.487s] running install
[7.488s] /usr/lib/python3/dist-packages/setuptools/command/install.py:34: SetuptoolsDeprecationWarning: setup.py install is deprecated. Use build and pip and other standards-based tools.
[7.488s]   warnings.warn(
[7.490s] running install_lib
[7.492s] creating /home/tuantran/ros2_ws/install/examples_rclpy_minimal_action_server/lib/python3.10/site-packages/examples_rclpy_minimal_action_server
[7.493s] copying /home/tuantran/ros2_ws/build/examples_rclpy_minimal_action_server/build/lib/examples_rclpy_minimal_action_server/server_single_goal.py -> /home/tuantran/ros2_ws/install/examples_rclpy_minimal_action_server/lib/python3.10/site-packages/examples_rclpy_minimal_action_server
[7.494s] copying /home/tuantran/ros2_ws/build/examples_rclpy_minimal_action_server/build/lib/examples_rclpy_minimal_action_server/__init__.py -> /home/tuantran/ros2_ws/install/examples_rclpy_minimal_action_server/lib/python3.10/site-packages/examples_rclpy_minimal_action_server
[7.495s] copying /home/tuantran/ros2_ws/build/examples_rclpy_minimal_action_server/build/lib/examples_rclpy_minimal_action_server/server_not_composable.py -> /home/tuantran/ros2_ws/install/examples_rclpy_minimal_action_server/lib/python3.10/site-packages/examples_rclpy_minimal_action_server
[7.495s] copying /home/tuantran/ros2_ws/build/examples_rclpy_minimal_action_server/build/lib/examples_rclpy_minimal_action_server/server_queue_goals.py -> /home/tuantran/ros2_ws/install/examples_rclpy_minimal_action_server/lib/python3.10/site-packages/examples_rclpy_minimal_action_server
[7.496s] copying /home/tuantran/ros2_ws/build/examples_rclpy_minimal_action_server/build/lib/examples_rclpy_minimal_action_server/server_defer.py -> /home/tuantran/ros2_ws/install/examples_rclpy_minimal_action_server/lib/python3.10/site-packages/examples_rclpy_minimal_action_server
[7.497s] copying /home/tuantran/ros2_ws/build/examples_rclpy_minimal_action_server/build/lib/examples_rclpy_minimal_action_server/server.py -> /home/tuantran/ros2_ws/install/examples_rclpy_minimal_action_server/lib/python3.10/site-packages/examples_rclpy_minimal_action_server
[7.500s] byte-compiling /home/tuantran/ros2_ws/install/examples_rclpy_minimal_action_server/lib/python3.10/site-packages/examples_rclpy_minimal_action_server/server_single_goal.py to server_single_goal.cpython-310.pyc
[7.503s] byte-compiling /home/tuantran/ros2_ws/install/examples_rclpy_minimal_action_server/lib/python3.10/site-packages/examples_rclpy_minimal_action_server/__init__.py to __init__.cpython-310.pyc
[7.504s] byte-compiling /home/tuantran/ros2_ws/install/examples_rclpy_minimal_action_server/lib/python3.10/site-packages/examples_rclpy_minimal_action_server/server_not_composable.py to server_not_composable.cpython-310.pyc
[7.506s] byte-compiling /home/tuantran/ros2_ws/install/examples_rclpy_minimal_action_server/lib/python3.10/site-packages/examples_rclpy_minimal_action_server/server_queue_goals.py to server_queue_goals.cpython-310.pyc
[7.509s] byte-compiling /home/tuantran/ros2_ws/install/examples_rclpy_minimal_action_server/lib/python3.10/site-packages/examples_rclpy_minimal_action_server/server_defer.py to server_defer.cpython-310.pyc
[7.511s] byte-compiling /home/tuantran/ros2_ws/install/examples_rclpy_minimal_action_server/lib/python3.10/site-packages/examples_rclpy_minimal_action_server/server.py to server.cpython-310.pyc
[7.520s] running install_data
[7.520s] running install_egg_info
[7.532s] Copying ../../../../../build/examples_rclpy_minimal_action_server/examples_rclpy_minimal_action_server.egg-info to /home/tuantran/ros2_ws/install/examples_rclpy_minimal_action_server/lib/python3.10/site-packages/examples_rclpy_minimal_action_server-0.15.1-py3.10.egg-info
[7.539s] running install_scripts
[7.636s] Installing server script to /home/tuantran/ros2_ws/install/examples_rclpy_minimal_action_server/lib/examples_rclpy_minimal_action_server
[7.637s] Installing server_defer script to /home/tuantran/ros2_ws/install/examples_rclpy_minimal_action_server/lib/examples_rclpy_minimal_action_server
[7.638s] Installing server_not_composable script to /home/tuantran/ros2_ws/install/examples_rclpy_minimal_action_server/lib/examples_rclpy_minimal_action_server
[7.639s] Installing server_queue_goals script to /home/tuantran/ros2_ws/install/examples_rclpy_minimal_action_server/lib/examples_rclpy_minimal_action_server
[7.641s] Installing server_single_goal script to /home/tuantran/ros2_ws/install/examples_rclpy_minimal_action_server/lib/examples_rclpy_minimal_action_server
[7.643s] writing list of installed files to '/home/tuantran/ros2_ws/build/examples_rclpy_minimal_action_server/install.log'
[7.741s] Invoked command in '/home/tuantran/ros2_ws/src/examples/rclpy/actions/minimal_action_server' returned '0': PYTHONPATH=/home/tuantran/ros2_ws/build/examples_rclpy_minimal_action_server/prefix_override:/home/tuantran/ros2_ws/install/examples_rclpy_minimal_action_server/lib/python3.10/site-packages:${PYTHONPATH} /usr/bin/python3 setup.py egg_info --egg-base ../../../../../build/examples_rclpy_minimal_action_server build --build-base /home/tuantran/ros2_ws/build/examples_rclpy_minimal_action_server/build install --record /home/tuantran/ros2_ws/build/examples_rclpy_minimal_action_server/install.log --single-version-externally-managed
