[2.532s] Invoking command in '/home/tuantran/ros2_ws/build/examples_rclpy_minimal_publisher': PYTHONPATH=/home/tuantran/ros2_ws/build/examples_rclpy_minimal_publisher/prefix_override:/home/tuantran/ros2_ws/install/examples_rclpy_minimal_publisher/lib/python3.10/site-packages:${PYTHONPATH} /usr/bin/python3 setup.py develop --editable --build-directory /home/tuantran/ros2_ws/build/examples_rclpy_minimal_publisher/build --no-deps install_data
[3.577s] running develop
[3.579s] /usr/lib/python3/dist-packages/setuptools/command/easy_install.py:158: EasyInstallDeprecationWarning: easy_install command is deprecated. Use build and pip and other standards-based tools.
[3.579s]   warnings.warn(
[3.584s] /usr/lib/python3/dist-packages/setuptools/command/install.py:34: SetuptoolsDeprecationWarning: setup.py install is deprecated. Use build and pip and other standards-based tools.
[3.585s]   warnings.warn(
[4.502s] running egg_info
[4.503s] creating examples_rclpy_minimal_publisher.egg-info
[4.505s] writing examples_rclpy_minimal_publisher.egg-info/PKG-INFO
[4.507s] writing dependency_links to examples_rclpy_minimal_publisher.egg-info/dependency_links.txt
[4.508s] writing entry points to examples_rclpy_minimal_publisher.egg-info/entry_points.txt
[4.509s] writing requirements to examples_rclpy_minimal_publisher.egg-info/requires.txt
[4.509s] writing top-level names to examples_rclpy_minimal_publisher.egg-info/top_level.txt
[4.511s] writing manifest file 'examples_rclpy_minimal_publisher.egg-info/SOURCES.txt'
[4.520s] reading manifest file 'examples_rclpy_minimal_publisher.egg-info/SOURCES.txt'
[4.525s] writing manifest file 'examples_rclpy_minimal_publisher.egg-info/SOURCES.txt'
[4.530s] running build_ext
[4.532s] Creating /home/tuantran/ros2_ws/install/examples_rclpy_minimal_publisher/lib/python3.10/site-packages/examples-rclpy-minimal-publisher.egg-link (link to .)
[4.536s] Installing publisher_local_function script to /home/tuantran/ros2_ws/install/examples_rclpy_minimal_publisher/lib/examples_rclpy_minimal_publisher
[4.538s] Installing publisher_member_function script to /home/tuantran/ros2_ws/install/examples_rclpy_minimal_publisher/lib/examples_rclpy_minimal_publisher
[4.540s] Installing publisher_old_school script to /home/tuantran/ros2_ws/install/examples_rclpy_minimal_publisher/lib/examples_rclpy_minimal_publisher
[4.542s] 
[4.542s] Installed /home/tuantran/ros2_ws/build/examples_rclpy_minimal_publisher
[4.543s] running install_data
[4.544s] creating /home/tuantran/ros2_ws/install/examples_rclpy_minimal_publisher/share/ament_index
[4.545s] creating /home/tuantran/ros2_ws/install/examples_rclpy_minimal_publisher/share/ament_index/resource_index
[4.546s] creating /home/tuantran/ros2_ws/install/examples_rclpy_minimal_publisher/share/ament_index/resource_index/packages
[4.547s] copying resource/examples_rclpy_minimal_publisher -> /home/tuantran/ros2_ws/install/examples_rclpy_minimal_publisher/share/ament_index/resource_index/packages
[4.548s] copying package.xml -> /home/tuantran/ros2_ws/install/examples_rclpy_minimal_publisher/share/examples_rclpy_minimal_publisher
[4.661s] Invoked command in '/home/tuantran/ros2_ws/build/examples_rclpy_minimal_publisher' returned '0': PYTHONPATH=/home/tuantran/ros2_ws/build/examples_rclpy_minimal_publisher/prefix_override:/home/tuantran/ros2_ws/install/examples_rclpy_minimal_publisher/lib/python3.10/site-packages:${PYTHONPATH} /usr/bin/python3 setup.py develop --editable --build-directory /home/tuantran/ros2_ws/build/examples_rclpy_minimal_publisher/build --no-deps install_data
