[0.293s] Invoking command in '/home/tuantran/ros2_ws/build/cpp_pubsub': CMAKE_PREFIX_PATH=${CMAKE_PREFIX_PATH}:/home/tuantran/ros2_ws/install/launch_testing_examples:/home/tuantran/ros2_ws/install/examples_rclpy_pointcloud_publisher:/home/tuantran/ros2_ws/install/examples_rclpy_minimal_subscriber:/home/tuantran/ros2_ws/install/examples_rclpy_minimal_service:/home/tuantran/ros2_ws/install/examples_rclpy_minimal_publisher:/home/tuantran/ros2_ws/install/examples_rclpy_minimal_client:/home/tuantran/ros2_ws/install/examples_rclpy_minimal_action_server:/home/tuantran/ros2_ws/install/examples_rclpy_minimal_action_client:/home/tuantran/ros2_ws/install/examples_rclpy_guard_conditions:/home/tuantran/ros2_ws/install/examples_rclpy_executors:/opt/ros/humble /usr/bin/cmake /home/tuantran/ros2_ws/src/cpp_pubsub -DCMAKE_INSTALL_PREFIX=/home/tuantran/ros2_ws/install/cpp_pubsub
[0.546s] -- The C compiler identification is GNU 11.4.0
[0.939s] -- The CXX compiler identification is GNU 11.4.0
[0.984s] -- Detecting C compiler ABI info
[1.323s] -- Detecting C compiler ABI info - done
[1.385s] -- Check for working C compiler: /usr/bin/cc - skipped
[1.389s] -- Detecting C compile features
[1.393s] -- Detecting C compile features - done
[1.413s] -- Detecting CXX compiler ABI info
[1.803s] -- Detecting CXX compiler ABI info - done
[1.871s] -- Check for working CXX compiler: /usr/bin/c++ - skipped
[1.872s] -- Detecting CXX compile features
[1.875s] -- Detecting CXX compile features - done
[1.895s] -- Found ament_cmake: 1.3.6 (/opt/ros/humble/share/ament_cmake/cmake)
[2.843s] -- Found Python3: /usr/bin/python3.10 (found version "3.10.12") found components: Interpreter 
[3.512s] -- Found rclcpp: 16.0.7 (/opt/ros/humble/share/rclcpp/cmake)
[4.013s] -- Found rosidl_generator_c: 3.1.5 (/opt/ros/humble/share/rosidl_generator_c/cmake)
[4.067s] -- Found rosidl_adapter: 3.1.5 (/opt/ros/humble/share/rosidl_adapter/cmake)
[4.155s] -- Found rosidl_generator_cpp: 3.1.5 (/opt/ros/humble/share/rosidl_generator_cpp/cmake)
[4.337s] -- Using all available rosidl_typesupport_c: rosidl_typesupport_fastrtps_c;rosidl_typesupport_introspection_c
[4.580s] -- Using all available rosidl_typesupport_cpp: rosidl_typesupport_fastrtps_cpp;rosidl_typesupport_introspection_cpp
[5.309s] -- Found rmw_implementation_cmake: 6.1.1 (/opt/ros/humble/share/rmw_implementation_cmake/cmake)
[5.358s] -- Found rmw_fastrtps_cpp: 6.2.5 (/opt/ros/humble/share/rmw_fastrtps_cpp/cmake)
[5.993s] -- Found OpenSSL: /usr/lib/x86_64-linux-gnu/libcrypto.so (found version "3.0.2")  
[6.142s] -- Found FastRTPS: /opt/ros/humble/include  
[6.454s] -- Using RMW implementation 'rmw_fastrtps_cpp' as default
[6.588s] -- Looking for pthread.h
[7.104s] -- Looking for pthread.h - found
[7.106s] -- Performing Test CMAKE_HAVE_LIBC_PTHREAD
[7.444s] -- Performing Test CMAKE_HAVE_LIBC_PTHREAD - Success
[7.458s] -- Found Threads: TRUE  
[9.287s] -- Found ament_lint_auto: 0.12.9 (/opt/ros/humble/share/ament_lint_auto/cmake)
[9.756s] [31mCMake Error at CMakeLists.txt:30 (install):
[9.756s]   install TARGETS given target "listener" which does not exist.
[9.756s] 
[9.757s] [0m
[9.773s] -- Added test 'cppcheck' to perform static code analysis on C / C++ code
[9.775s] -- Configured cppcheck include dirs: 
[9.775s] -- Configured cppcheck exclude dirs and/or files: 
[9.782s] -- Added test 'lint_cmake' to check CMake code style
[9.790s] -- Added test 'uncrustify' to check C / C++ code style
[9.790s] -- Configured uncrustify additional arguments: 
[9.796s] -- Added test 'xmllint' to check XML markup files
[9.806s] -- Configuring incomplete, errors occurred!
[9.806s] See also "/home/tuantran/ros2_ws/build/cpp_pubsub/CMakeFiles/CMakeOutput.log".
[9.845s] Invoked command in '/home/tuantran/ros2_ws/build/cpp_pubsub' returned '1': CMAKE_PREFIX_PATH=${CMAKE_PREFIX_PATH}:/home/tuantran/ros2_ws/install/launch_testing_examples:/home/tuantran/ros2_ws/install/examples_rclpy_pointcloud_publisher:/home/tuantran/ros2_ws/install/examples_rclpy_minimal_subscriber:/home/tuantran/ros2_ws/install/examples_rclpy_minimal_service:/home/tuantran/ros2_ws/install/examples_rclpy_minimal_publisher:/home/tuantran/ros2_ws/install/examples_rclpy_minimal_client:/home/tuantran/ros2_ws/install/examples_rclpy_minimal_action_server:/home/tuantran/ros2_ws/install/examples_rclpy_minimal_action_client:/home/tuantran/ros2_ws/install/examples_rclpy_guard_conditions:/home/tuantran/ros2_ws/install/examples_rclpy_executors:/opt/ros/humble /usr/bin/cmake /home/tuantran/ros2_ws/src/cpp_pubsub -DCMAKE_INSTALL_PREFIX=/home/tuantran/ros2_ws/install/cpp_pubsub
