[3.659s] Invoking command in '/home/tuantran/ros2_ws/build/examples_rclpy_minimal_publisher': PYTHONPATH=/home/tuantran/ros2_ws/build/examples_rclpy_minimal_publisher/prefix_override:/home/tuantran/ros2_ws/install/examples_rclpy_minimal_publisher/lib/python3.10/site-packages:${PYTHONPATH} /usr/bin/python3 setup.py develop --uninstall --editable --build-directory /home/tuantran/ros2_ws/build/examples_rclpy_minimal_publisher/build
[5.148s] running develop
[5.151s] /usr/lib/python3/dist-packages/setuptools/command/easy_install.py:158: EasyInstallDeprecationWarning: easy_install command is deprecated. Use build and pip and other standards-based tools.
[5.151s]   warnings.warn(
[5.155s] /usr/lib/python3/dist-packages/setuptools/command/install.py:34: SetuptoolsDeprecationWarning: setup.py install is deprecated. Use build and pip and other standards-based tools.
[5.155s]   warnings.warn(
[5.967s] Removing /home/tuantran/ros2_ws/install/examples_rclpy_minimal_publisher/lib/python3.10/site-packages/examples-rclpy-minimal-publisher.egg-link (link to .)
[6.510s] Invoked command in '/home/tuantran/ros2_ws/build/examples_rclpy_minimal_publisher' returned '0': PYTHONPATH=/home/tuantran/ros2_ws/build/examples_rclpy_minimal_publisher/prefix_override:/home/tuantran/ros2_ws/install/examples_rclpy_minimal_publisher/lib/python3.10/site-packages:${PYTHONPATH} /usr/bin/python3 setup.py develop --uninstall --editable --build-directory /home/tuantran/ros2_ws/build/examples_rclpy_minimal_publisher/build
[6.515s] Invoking command in '/home/tuantran/ros2_ws/src/examples/rclpy/topics/minimal_publisher': PYTHONPATH=/home/tuantran/ros2_ws/build/examples_rclpy_minimal_publisher/prefix_override:/home/tuantran/ros2_ws/install/examples_rclpy_minimal_publisher/lib/python3.10/site-packages:${PYTHONPATH} /usr/bin/python3 setup.py egg_info --egg-base ../../../../../build/examples_rclpy_minimal_publisher build --build-base /home/tuantran/ros2_ws/build/examples_rclpy_minimal_publisher/build install --record /home/tuantran/ros2_ws/build/examples_rclpy_minimal_publisher/install.log --single-version-externally-managed
[7.801s] running egg_info
[7.804s] writing ../../../../../build/examples_rclpy_minimal_publisher/examples_rclpy_minimal_publisher.egg-info/PKG-INFO
[7.805s] writing dependency_links to ../../../../../build/examples_rclpy_minimal_publisher/examples_rclpy_minimal_publisher.egg-info/dependency_links.txt
[7.806s] writing entry points to ../../../../../build/examples_rclpy_minimal_publisher/examples_rclpy_minimal_publisher.egg-info/entry_points.txt
[7.806s] writing requirements to ../../../../../build/examples_rclpy_minimal_publisher/examples_rclpy_minimal_publisher.egg-info/requires.txt
[7.807s] writing top-level names to ../../../../../build/examples_rclpy_minimal_publisher/examples_rclpy_minimal_publisher.egg-info/top_level.txt
[7.812s] reading manifest file '../../../../../build/examples_rclpy_minimal_publisher/examples_rclpy_minimal_publisher.egg-info/SOURCES.txt'
[7.816s] writing manifest file '../../../../../build/examples_rclpy_minimal_publisher/examples_rclpy_minimal_publisher.egg-info/SOURCES.txt'
[7.817s] running build
[7.817s] running build_py
[7.818s] creating /home/tuantran/ros2_ws/build/examples_rclpy_minimal_publisher/build
[7.818s] creating /home/tuantran/ros2_ws/build/examples_rclpy_minimal_publisher/build/lib
[7.818s] creating /home/tuantran/ros2_ws/build/examples_rclpy_minimal_publisher/build/lib/examples_rclpy_minimal_publisher
[7.819s] copying examples_rclpy_minimal_publisher/publisher_old_school.py -> /home/tuantran/ros2_ws/build/examples_rclpy_minimal_publisher/build/lib/examples_rclpy_minimal_publisher
[7.819s] copying examples_rclpy_minimal_publisher/__init__.py -> /home/tuantran/ros2_ws/build/examples_rclpy_minimal_publisher/build/lib/examples_rclpy_minimal_publisher
[7.819s] copying examples_rclpy_minimal_publisher/publisher_member_function.py -> /home/tuantran/ros2_ws/build/examples_rclpy_minimal_publisher/build/lib/examples_rclpy_minimal_publisher
[7.820s] copying examples_rclpy_minimal_publisher/publisher_local_function.py -> /home/tuantran/ros2_ws/build/examples_rclpy_minimal_publisher/build/lib/examples_rclpy_minimal_publisher
[7.820s] /usr/lib/python3/dist-packages/setuptools/command/install.py:34: SetuptoolsDeprecationWarning: setup.py install is deprecated. Use build and pip and other standards-based tools.
[7.820s]   warnings.warn(
[7.820s] running install
[7.821s] running install_lib
[7.832s] creating /home/tuantran/ros2_ws/install/examples_rclpy_minimal_publisher/lib/python3.10/site-packages/examples_rclpy_minimal_publisher
[7.847s] copying /home/tuantran/ros2_ws/build/examples_rclpy_minimal_publisher/build/lib/examples_rclpy_minimal_publisher/publisher_old_school.py -> /home/tuantran/ros2_ws/install/examples_rclpy_minimal_publisher/lib/python3.10/site-packages/examples_rclpy_minimal_publisher
[7.848s] copying /home/tuantran/ros2_ws/build/examples_rclpy_minimal_publisher/build/lib/examples_rclpy_minimal_publisher/__init__.py -> /home/tuantran/ros2_ws/install/examples_rclpy_minimal_publisher/lib/python3.10/site-packages/examples_rclpy_minimal_publisher
[7.848s] copying /home/tuantran/ros2_ws/build/examples_rclpy_minimal_publisher/build/lib/examples_rclpy_minimal_publisher/publisher_member_function.py -> /home/tuantran/ros2_ws/install/examples_rclpy_minimal_publisher/lib/python3.10/site-packages/examples_rclpy_minimal_publisher
[7.849s] copying /home/tuantran/ros2_ws/build/examples_rclpy_minimal_publisher/build/lib/examples_rclpy_minimal_publisher/publisher_local_function.py -> /home/tuantran/ros2_ws/install/examples_rclpy_minimal_publisher/lib/python3.10/site-packages/examples_rclpy_minimal_publisher
[7.849s] byte-compiling /home/tuantran/ros2_ws/install/examples_rclpy_minimal_publisher/lib/python3.10/site-packages/examples_rclpy_minimal_publisher/publisher_old_school.py to publisher_old_school.cpython-310.pyc
[7.849s] byte-compiling /home/tuantran/ros2_ws/install/examples_rclpy_minimal_publisher/lib/python3.10/site-packages/examples_rclpy_minimal_publisher/__init__.py to __init__.cpython-310.pyc
[7.850s] byte-compiling /home/tuantran/ros2_ws/install/examples_rclpy_minimal_publisher/lib/python3.10/site-packages/examples_rclpy_minimal_publisher/publisher_member_function.py to publisher_member_function.cpython-310.pyc
[7.850s] byte-compiling /home/tuantran/ros2_ws/install/examples_rclpy_minimal_publisher/lib/python3.10/site-packages/examples_rclpy_minimal_publisher/publisher_local_function.py to publisher_local_function.cpython-310.pyc
[7.850s] running install_data
[7.850s] running install_egg_info
[7.851s] Copying ../../../../../build/examples_rclpy_minimal_publisher/examples_rclpy_minimal_publisher.egg-info to /home/tuantran/ros2_ws/install/examples_rclpy_minimal_publisher/lib/python3.10/site-packages/examples_rclpy_minimal_publisher-0.15.1-py3.10.egg-info
[7.853s] running install_scripts
[7.952s] Installing publisher_local_function script to /home/tuantran/ros2_ws/install/examples_rclpy_minimal_publisher/lib/examples_rclpy_minimal_publisher
[7.953s] Installing publisher_member_function script to /home/tuantran/ros2_ws/install/examples_rclpy_minimal_publisher/lib/examples_rclpy_minimal_publisher
[7.954s] Installing publisher_old_school script to /home/tuantran/ros2_ws/install/examples_rclpy_minimal_publisher/lib/examples_rclpy_minimal_publisher
[7.954s] writing list of installed files to '/home/tuantran/ros2_ws/build/examples_rclpy_minimal_publisher/install.log'
[8.074s] Invoked command in '/home/tuantran/ros2_ws/src/examples/rclpy/topics/minimal_publisher' returned '0': PYTHONPATH=/home/tuantran/ros2_ws/build/examples_rclpy_minimal_publisher/prefix_override:/home/tuantran/ros2_ws/install/examples_rclpy_minimal_publisher/lib/python3.10/site-packages:${PYTHONPATH} /usr/bin/python3 setup.py egg_info --egg-base ../../../../../build/examples_rclpy_minimal_publisher build --build-base /home/tuantran/ros2_ws/build/examples_rclpy_minimal_publisher/build install --record /home/tuantran/ros2_ws/build/examples_rclpy_minimal_publisher/install.log --single-version-externally-managed
