[4.622s] Invoking command in '/home/tuantran/ros2_ws/src/examples/rclpy/topics/minimal_publisher': PYTHONPATH=/home/tuantran/ros2_ws/build/examples_rclpy_minimal_publisher/prefix_override:/home/tuantran/ros2_ws/install/examples_rclpy_minimal_publisher/lib/python3.10/site-packages:${PYTHONPATH} /usr/bin/python3 setup.py egg_info --egg-base ../../../../../build/examples_rclpy_minimal_publisher build --build-base /home/tuantran/ros2_ws/build/examples_rclpy_minimal_publisher/build install --record /home/tuantran/ros2_ws/build/examples_rclpy_minimal_publisher/install.log --single-version-externally-managed
[5.748s] running egg_info
[5.752s] writing ../../../../../build/examples_rclpy_minimal_publisher/examples_rclpy_minimal_publisher.egg-info/PKG-INFO
[5.753s] writing dependency_links to ../../../../../build/examples_rclpy_minimal_publisher/examples_rclpy_minimal_publisher.egg-info/dependency_links.txt
[5.755s] writing entry points to ../../../../../build/examples_rclpy_minimal_publisher/examples_rclpy_minimal_publisher.egg-info/entry_points.txt
[5.756s] writing requirements to ../../../../../build/examples_rclpy_minimal_publisher/examples_rclpy_minimal_publisher.egg-info/requires.txt
[5.757s] writing top-level names to ../../../../../build/examples_rclpy_minimal_publisher/examples_rclpy_minimal_publisher.egg-info/top_level.txt
[5.763s] reading manifest file '../../../../../build/examples_rclpy_minimal_publisher/examples_rclpy_minimal_publisher.egg-info/SOURCES.txt'
[5.768s] writing manifest file '../../../../../build/examples_rclpy_minimal_publisher/examples_rclpy_minimal_publisher.egg-info/SOURCES.txt'
[5.770s] running build
[5.770s] running build_py
[5.773s] running install
[5.774s] /usr/lib/python3/dist-packages/setuptools/command/install.py:34: SetuptoolsDeprecationWarning: setup.py install is deprecated. Use build and pip and other standards-based tools.
[5.774s]   warnings.warn(
[5.775s] running install_lib
[5.781s] running install_data
[5.786s] running install_egg_info
[5.795s] removing '/home/tuantran/ros2_ws/install/examples_rclpy_minimal_publisher/lib/python3.10/site-packages/examples_rclpy_minimal_publisher-0.15.1-py3.10.egg-info' (and everything under it)
[5.797s] Copying ../../../../../build/examples_rclpy_minimal_publisher/examples_rclpy_minimal_publisher.egg-info to /home/tuantran/ros2_ws/install/examples_rclpy_minimal_publisher/lib/python3.10/site-packages/examples_rclpy_minimal_publisher-0.15.1-py3.10.egg-info
[5.800s] running install_scripts
[5.895s] Installing publisher_local_function script to /home/tuantran/ros2_ws/install/examples_rclpy_minimal_publisher/lib/examples_rclpy_minimal_publisher
[5.896s] Installing publisher_member_function script to /home/tuantran/ros2_ws/install/examples_rclpy_minimal_publisher/lib/examples_rclpy_minimal_publisher
[5.900s] Installing publisher_old_school script to /home/tuantran/ros2_ws/install/examples_rclpy_minimal_publisher/lib/examples_rclpy_minimal_publisher
[5.900s] writing list of installed files to '/home/tuantran/ros2_ws/build/examples_rclpy_minimal_publisher/install.log'
[6.067s] Invoked command in '/home/tuantran/ros2_ws/src/examples/rclpy/topics/minimal_publisher' returned '0': PYTHONPATH=/home/tuantran/ros2_ws/build/examples_rclpy_minimal_publisher/prefix_override:/home/tuantran/ros2_ws/install/examples_rclpy_minimal_publisher/lib/python3.10/site-packages:${PYTHONPATH} /usr/bin/python3 setup.py egg_info --egg-base ../../../../../build/examples_rclpy_minimal_publisher build --build-base /home/tuantran/ros2_ws/build/examples_rclpy_minimal_publisher/build install --record /home/tuantran/ros2_ws/build/examples_rclpy_minimal_publisher/install.log --single-version-externally-managed
